[2025-01-28T14:17:53.314+0000] {local_task_job_runner.py:123} INFO - ::group::Pre task execution logs
[2025-01-28T14:17:53.366+0000] {taskinstance.py:2613} INFO - Dependencies all met for dep_context=non-requeueable deps ti=<TaskInstance: example_bash_operator.runme_1 scheduled__2025-01-27T00:00:00+00:00 [queued]>
[2025-01-28T14:17:53.384+0000] {taskinstance.py:2613} INFO - Dependencies all met for dep_context=requeueable deps ti=<TaskInstance: example_bash_operator.runme_1 scheduled__2025-01-27T00:00:00+00:00 [queued]>
[2025-01-28T14:17:53.385+0000] {taskinstance.py:2866} INFO - Starting attempt 1 of 1
[2025-01-28T14:17:53.458+0000] {taskinstance.py:2889} INFO - Executing <Task(BashOperator): runme_1> on 2025-01-27 00:00:00+00:00
[2025-01-28T14:17:53.470+0000] {warnings.py:112} WARNING - /home/***/.local/lib/python3.12/site-packages/***/task/task_runner/standard_task_runner.py:70: DeprecationWarning: This process (pid=153) is multi-threaded, use of fork() may lead to deadlocks in the child.
  pid = os.fork()

[2025-01-28T14:17:53.474+0000] {standard_task_runner.py:72} INFO - Started process 168 to run task
[2025-01-28T14:17:53.475+0000] {standard_task_runner.py:104} INFO - Running: ['***', 'tasks', 'run', 'example_bash_operator', 'runme_1', 'scheduled__2025-01-27T00:00:00+00:00', '--job-id', '9', '--raw', '--subdir', '/home/***/.local/lib/python3.12/site-packages/***/example_dags/example_bash_operator.py', '--cfg-path', '/tmp/tmpz_veq82c']
[2025-01-28T14:17:53.478+0000] {standard_task_runner.py:105} INFO - Job 9: Subtask runme_1
[2025-01-28T14:17:53.611+0000] {task_command.py:467} INFO - Running <TaskInstance: example_bash_operator.runme_1 scheduled__2025-01-27T00:00:00+00:00 [running]> on host 0d287206d23f
[2025-01-28T14:17:54.451+0000] {taskinstance.py:3132} INFO - Exporting env vars: AIRFLOW_CTX_DAG_OWNER='***' AIRFLOW_CTX_DAG_ID='example_bash_operator' AIRFLOW_CTX_TASK_ID='runme_1' AIRFLOW_CTX_EXECUTION_DATE='2025-01-27T00:00:00+00:00' AIRFLOW_CTX_TRY_NUMBER='1' AIRFLOW_CTX_DAG_RUN_ID='scheduled__2025-01-27T00:00:00+00:00'
[2025-01-28T14:17:54.457+0000] {logging_mixin.py:190} INFO - Task instance is in running state
[2025-01-28T14:17:54.458+0000] {logging_mixin.py:190} INFO -  Previous state of the Task instance: queued
[2025-01-28T14:17:54.462+0000] {logging_mixin.py:190} INFO - Current task name:runme_1 state:running start_date:2025-01-28 14:17:53.367700+00:00
[2025-01-28T14:17:54.464+0000] {logging_mixin.py:190} INFO - Dag name:example_bash_operator and current dag run status:running
[2025-01-28T14:17:54.465+0000] {taskinstance.py:731} INFO - ::endgroup::
[2025-01-28T14:17:54.467+0000] {subprocess.py:78} INFO - Tmp dir root location: /tmp
[2025-01-28T14:17:54.473+0000] {subprocess.py:88} INFO - Running command: ['/usr/bin/bash', '-c', 'echo "example_bash_operator__runme_1__20250127" && sleep 1']
[2025-01-28T14:17:54.518+0000] {subprocess.py:99} INFO - Output:
[2025-01-28T14:17:54.524+0000] {subprocess.py:106} INFO - example_bash_operator__runme_1__20250127
[2025-01-28T14:17:55.531+0000] {subprocess.py:110} INFO - Command exited with return code 0
[2025-01-28T14:17:55.588+0000] {taskinstance.py:340} INFO - ::group::Post task execution logs
[2025-01-28T14:17:55.589+0000] {taskinstance.py:352} INFO - Marking task as SUCCESS. dag_id=example_bash_operator, task_id=runme_1, run_id=scheduled__2025-01-27T00:00:00+00:00, execution_date=20250127T000000, start_date=20250128T141753, end_date=20250128T141755
[2025-01-28T14:17:55.621+0000] {logging_mixin.py:190} INFO - Task instance in success state
[2025-01-28T14:17:55.622+0000] {logging_mixin.py:190} INFO -  Previous state of the Task instance: running
[2025-01-28T14:17:55.624+0000] {logging_mixin.py:190} INFO - Dag name:example_bash_operator queued_at:2025-01-28 14:17:43.150218+00:00
[2025-01-28T14:17:55.625+0000] {logging_mixin.py:190} INFO - Task hostname:0d287206d23f operator:BashOperator
[2025-01-28T14:17:55.672+0000] {local_task_job_runner.py:266} INFO - Task exited with return code 0
[2025-01-28T14:17:55.731+0000] {taskinstance.py:3895} INFO - 1 downstream tasks scheduled from follow-on schedule check
[2025-01-28T14:17:55.736+0000] {local_task_job_runner.py:245} INFO - ::endgroup::
