[2025-01-31T10:36:58.892+0000] {processor.py:186} INFO - Started process (PID=3119) to work on /opt/airflow/dags/sales_analysis.py
[2025-01-31T10:36:58.894+0000] {processor.py:914} INFO - Processing file /opt/airflow/dags/sales_analysis.py for tasks to queue
[2025-01-31T10:36:58.900+0000] {logging_mixin.py:190} INFO - [2025-01-31T10:36:58.899+0000] {dagbag.py:588} INFO - Filling up the DagBag from /opt/airflow/dags/sales_analysis.py
[2025-01-31T10:36:58.936+0000] {processor.py:927} WARNING - No viable dags retrieved from /opt/airflow/dags/sales_analysis.py
[2025-01-31T10:36:58.960+0000] {processor.py:208} INFO - Processing /opt/airflow/dags/sales_analysis.py took 0.079 seconds
[2025-01-31T10:37:31.574+0000] {processor.py:186} INFO - Started process (PID=3184) to work on /opt/airflow/dags/sales_analysis.py
[2025-01-31T10:37:31.588+0000] {processor.py:914} INFO - Processing file /opt/airflow/dags/sales_analysis.py for tasks to queue
[2025-01-31T10:37:31.600+0000] {logging_mixin.py:190} INFO - [2025-01-31T10:37:31.599+0000] {dagbag.py:588} INFO - Filling up the DagBag from /opt/airflow/dags/sales_analysis.py
[2025-01-31T10:37:31.656+0000] {processor.py:927} WARNING - No viable dags retrieved from /opt/airflow/dags/sales_analysis.py
[2025-01-31T10:37:31.732+0000] {processor.py:208} INFO - Processing /opt/airflow/dags/sales_analysis.py took 0.197 seconds
[2025-01-31T10:38:02.139+0000] {processor.py:186} INFO - Started process (PID=3253) to work on /opt/airflow/dags/sales_analysis.py
[2025-01-31T10:38:02.143+0000] {processor.py:914} INFO - Processing file /opt/airflow/dags/sales_analysis.py for tasks to queue
[2025-01-31T10:38:02.153+0000] {logging_mixin.py:190} INFO - [2025-01-31T10:38:02.152+0000] {dagbag.py:588} INFO - Filling up the DagBag from /opt/airflow/dags/sales_analysis.py
[2025-01-31T10:38:02.184+0000] {processor.py:927} WARNING - No viable dags retrieved from /opt/airflow/dags/sales_analysis.py
[2025-01-31T10:38:02.210+0000] {processor.py:208} INFO - Processing /opt/airflow/dags/sales_analysis.py took 0.112 seconds
[2025-01-31T10:38:32.503+0000] {processor.py:186} INFO - Started process (PID=3318) to work on /opt/airflow/dags/sales_analysis.py
[2025-01-31T10:38:32.504+0000] {processor.py:914} INFO - Processing file /opt/airflow/dags/sales_analysis.py for tasks to queue
[2025-01-31T10:38:32.509+0000] {logging_mixin.py:190} INFO - [2025-01-31T10:38:32.509+0000] {dagbag.py:588} INFO - Filling up the DagBag from /opt/airflow/dags/sales_analysis.py
[2025-01-31T10:38:32.538+0000] {processor.py:927} WARNING - No viable dags retrieved from /opt/airflow/dags/sales_analysis.py
[2025-01-31T10:38:32.565+0000] {processor.py:208} INFO - Processing /opt/airflow/dags/sales_analysis.py took 0.071 seconds
[2025-01-31T10:39:03.254+0000] {processor.py:186} INFO - Started process (PID=3383) to work on /opt/airflow/dags/sales_analysis.py
[2025-01-31T10:39:03.257+0000] {processor.py:914} INFO - Processing file /opt/airflow/dags/sales_analysis.py for tasks to queue
[2025-01-31T10:39:03.263+0000] {logging_mixin.py:190} INFO - [2025-01-31T10:39:03.262+0000] {dagbag.py:588} INFO - Filling up the DagBag from /opt/airflow/dags/sales_analysis.py
[2025-01-31T10:39:03.299+0000] {processor.py:927} WARNING - No viable dags retrieved from /opt/airflow/dags/sales_analysis.py
[2025-01-31T10:39:03.329+0000] {processor.py:208} INFO - Processing /opt/airflow/dags/sales_analysis.py took 0.089 seconds
[2025-01-31T10:39:34.262+0000] {processor.py:186} INFO - Started process (PID=3448) to work on /opt/airflow/dags/sales_analysis.py
[2025-01-31T10:39:34.263+0000] {processor.py:914} INFO - Processing file /opt/airflow/dags/sales_analysis.py for tasks to queue
[2025-01-31T10:39:34.268+0000] {logging_mixin.py:190} INFO - [2025-01-31T10:39:34.267+0000] {dagbag.py:588} INFO - Filling up the DagBag from /opt/airflow/dags/sales_analysis.py
[2025-01-31T10:39:34.291+0000] {processor.py:927} WARNING - No viable dags retrieved from /opt/airflow/dags/sales_analysis.py
[2025-01-31T10:39:34.311+0000] {processor.py:208} INFO - Processing /opt/airflow/dags/sales_analysis.py took 0.058 seconds
[2025-01-31T10:40:04.604+0000] {processor.py:186} INFO - Started process (PID=3513) to work on /opt/airflow/dags/sales_analysis.py
[2025-01-31T10:40:04.607+0000] {processor.py:914} INFO - Processing file /opt/airflow/dags/sales_analysis.py for tasks to queue
[2025-01-31T10:40:04.612+0000] {logging_mixin.py:190} INFO - [2025-01-31T10:40:04.611+0000] {dagbag.py:588} INFO - Filling up the DagBag from /opt/airflow/dags/sales_analysis.py
[2025-01-31T10:40:04.646+0000] {processor.py:927} WARNING - No viable dags retrieved from /opt/airflow/dags/sales_analysis.py
[2025-01-31T10:40:04.670+0000] {processor.py:208} INFO - Processing /opt/airflow/dags/sales_analysis.py took 0.079 seconds
[2025-01-31T10:40:35.049+0000] {processor.py:186} INFO - Started process (PID=3578) to work on /opt/airflow/dags/sales_analysis.py
[2025-01-31T10:40:35.050+0000] {processor.py:914} INFO - Processing file /opt/airflow/dags/sales_analysis.py for tasks to queue
[2025-01-31T10:40:35.054+0000] {logging_mixin.py:190} INFO - [2025-01-31T10:40:35.054+0000] {dagbag.py:588} INFO - Filling up the DagBag from /opt/airflow/dags/sales_analysis.py
[2025-01-31T10:40:35.077+0000] {processor.py:927} WARNING - No viable dags retrieved from /opt/airflow/dags/sales_analysis.py
[2025-01-31T10:40:35.096+0000] {processor.py:208} INFO - Processing /opt/airflow/dags/sales_analysis.py took 0.056 seconds
[2025-01-31T10:41:05.183+0000] {processor.py:186} INFO - Started process (PID=3643) to work on /opt/airflow/dags/sales_analysis.py
[2025-01-31T10:41:05.185+0000] {processor.py:914} INFO - Processing file /opt/airflow/dags/sales_analysis.py for tasks to queue
[2025-01-31T10:41:05.189+0000] {logging_mixin.py:190} INFO - [2025-01-31T10:41:05.189+0000] {dagbag.py:588} INFO - Filling up the DagBag from /opt/airflow/dags/sales_analysis.py
[2025-01-31T10:41:05.215+0000] {processor.py:927} WARNING - No viable dags retrieved from /opt/airflow/dags/sales_analysis.py
[2025-01-31T10:41:05.235+0000] {processor.py:208} INFO - Processing /opt/airflow/dags/sales_analysis.py took 0.061 seconds
[2025-01-31T10:41:36.485+0000] {processor.py:186} INFO - Started process (PID=3709) to work on /opt/airflow/dags/sales_analysis.py
[2025-01-31T10:41:36.487+0000] {processor.py:914} INFO - Processing file /opt/airflow/dags/sales_analysis.py for tasks to queue
[2025-01-31T10:41:36.491+0000] {logging_mixin.py:190} INFO - [2025-01-31T10:41:36.491+0000] {dagbag.py:588} INFO - Filling up the DagBag from /opt/airflow/dags/sales_analysis.py
[2025-01-31T10:41:36.516+0000] {processor.py:927} WARNING - No viable dags retrieved from /opt/airflow/dags/sales_analysis.py
[2025-01-31T10:41:36.547+0000] {processor.py:208} INFO - Processing /opt/airflow/dags/sales_analysis.py took 0.076 seconds
[2025-01-31T10:42:06.928+0000] {processor.py:186} INFO - Started process (PID=3772) to work on /opt/airflow/dags/sales_analysis.py
[2025-01-31T10:42:06.930+0000] {processor.py:914} INFO - Processing file /opt/airflow/dags/sales_analysis.py for tasks to queue
[2025-01-31T10:42:06.937+0000] {logging_mixin.py:190} INFO - [2025-01-31T10:42:06.936+0000] {dagbag.py:588} INFO - Filling up the DagBag from /opt/airflow/dags/sales_analysis.py
[2025-01-31T10:42:06.969+0000] {processor.py:927} WARNING - No viable dags retrieved from /opt/airflow/dags/sales_analysis.py
[2025-01-31T10:42:07.004+0000] {processor.py:208} INFO - Processing /opt/airflow/dags/sales_analysis.py took 0.096 seconds
[2025-01-31T10:42:37.640+0000] {processor.py:186} INFO - Started process (PID=3837) to work on /opt/airflow/dags/sales_analysis.py
[2025-01-31T10:42:37.642+0000] {processor.py:914} INFO - Processing file /opt/airflow/dags/sales_analysis.py for tasks to queue
[2025-01-31T10:42:37.645+0000] {logging_mixin.py:190} INFO - [2025-01-31T10:42:37.645+0000] {dagbag.py:588} INFO - Filling up the DagBag from /opt/airflow/dags/sales_analysis.py
[2025-01-31T10:42:37.672+0000] {processor.py:927} WARNING - No viable dags retrieved from /opt/airflow/dags/sales_analysis.py
[2025-01-31T10:42:37.695+0000] {processor.py:208} INFO - Processing /opt/airflow/dags/sales_analysis.py took 0.066 seconds
[2025-01-31T10:43:08.077+0000] {processor.py:186} INFO - Started process (PID=3901) to work on /opt/airflow/dags/sales_analysis.py
[2025-01-31T10:43:08.079+0000] {processor.py:914} INFO - Processing file /opt/airflow/dags/sales_analysis.py for tasks to queue
[2025-01-31T10:43:08.083+0000] {logging_mixin.py:190} INFO - [2025-01-31T10:43:08.082+0000] {dagbag.py:588} INFO - Filling up the DagBag from /opt/airflow/dags/sales_analysis.py
[2025-01-31T10:43:08.104+0000] {processor.py:927} WARNING - No viable dags retrieved from /opt/airflow/dags/sales_analysis.py
[2025-01-31T10:43:08.134+0000] {processor.py:208} INFO - Processing /opt/airflow/dags/sales_analysis.py took 0.072 seconds
[2025-01-31T10:43:38.372+0000] {processor.py:186} INFO - Started process (PID=3966) to work on /opt/airflow/dags/sales_analysis.py
[2025-01-31T10:43:38.375+0000] {processor.py:914} INFO - Processing file /opt/airflow/dags/sales_analysis.py for tasks to queue
[2025-01-31T10:43:38.380+0000] {logging_mixin.py:190} INFO - [2025-01-31T10:43:38.379+0000] {dagbag.py:588} INFO - Filling up the DagBag from /opt/airflow/dags/sales_analysis.py
[2025-01-31T10:43:38.406+0000] {processor.py:927} WARNING - No viable dags retrieved from /opt/airflow/dags/sales_analysis.py
[2025-01-31T10:43:38.425+0000] {processor.py:208} INFO - Processing /opt/airflow/dags/sales_analysis.py took 0.071 seconds
[2025-01-31T10:44:08.548+0000] {processor.py:186} INFO - Started process (PID=4031) to work on /opt/airflow/dags/sales_analysis.py
[2025-01-31T10:44:08.550+0000] {processor.py:914} INFO - Processing file /opt/airflow/dags/sales_analysis.py for tasks to queue
[2025-01-31T10:44:08.554+0000] {logging_mixin.py:190} INFO - [2025-01-31T10:44:08.554+0000] {dagbag.py:588} INFO - Filling up the DagBag from /opt/airflow/dags/sales_analysis.py
[2025-01-31T10:44:08.586+0000] {processor.py:927} WARNING - No viable dags retrieved from /opt/airflow/dags/sales_analysis.py
[2025-01-31T10:44:08.616+0000] {processor.py:208} INFO - Processing /opt/airflow/dags/sales_analysis.py took 0.079 seconds
[2025-01-31T10:44:39.058+0000] {processor.py:186} INFO - Started process (PID=4096) to work on /opt/airflow/dags/sales_analysis.py
[2025-01-31T10:44:39.060+0000] {processor.py:914} INFO - Processing file /opt/airflow/dags/sales_analysis.py for tasks to queue
[2025-01-31T10:44:39.074+0000] {logging_mixin.py:190} INFO - [2025-01-31T10:44:39.073+0000] {dagbag.py:588} INFO - Filling up the DagBag from /opt/airflow/dags/sales_analysis.py
[2025-01-31T10:44:39.101+0000] {processor.py:927} WARNING - No viable dags retrieved from /opt/airflow/dags/sales_analysis.py
[2025-01-31T10:44:39.145+0000] {processor.py:208} INFO - Processing /opt/airflow/dags/sales_analysis.py took 0.115 seconds
[2025-01-31T10:45:09.966+0000] {processor.py:186} INFO - Started process (PID=4161) to work on /opt/airflow/dags/sales_analysis.py
[2025-01-31T10:45:09.968+0000] {processor.py:914} INFO - Processing file /opt/airflow/dags/sales_analysis.py for tasks to queue
[2025-01-31T10:45:09.972+0000] {logging_mixin.py:190} INFO - [2025-01-31T10:45:09.972+0000] {dagbag.py:588} INFO - Filling up the DagBag from /opt/airflow/dags/sales_analysis.py
[2025-01-31T10:45:10.001+0000] {processor.py:927} WARNING - No viable dags retrieved from /opt/airflow/dags/sales_analysis.py
[2025-01-31T10:45:10.027+0000] {processor.py:208} INFO - Processing /opt/airflow/dags/sales_analysis.py took 0.072 seconds
[2025-01-31T10:45:40.189+0000] {processor.py:186} INFO - Started process (PID=4226) to work on /opt/airflow/dags/sales_analysis.py
[2025-01-31T10:45:40.192+0000] {processor.py:914} INFO - Processing file /opt/airflow/dags/sales_analysis.py for tasks to queue
[2025-01-31T10:45:40.198+0000] {logging_mixin.py:190} INFO - [2025-01-31T10:45:40.197+0000] {dagbag.py:588} INFO - Filling up the DagBag from /opt/airflow/dags/sales_analysis.py
[2025-01-31T10:45:40.230+0000] {processor.py:927} WARNING - No viable dags retrieved from /opt/airflow/dags/sales_analysis.py
[2025-01-31T10:45:40.262+0000] {processor.py:208} INFO - Processing /opt/airflow/dags/sales_analysis.py took 0.090 seconds
[2025-01-31T10:46:10.651+0000] {processor.py:186} INFO - Started process (PID=4291) to work on /opt/airflow/dags/sales_analysis.py
[2025-01-31T10:46:10.653+0000] {processor.py:914} INFO - Processing file /opt/airflow/dags/sales_analysis.py for tasks to queue
[2025-01-31T10:46:10.660+0000] {logging_mixin.py:190} INFO - [2025-01-31T10:46:10.659+0000] {dagbag.py:588} INFO - Filling up the DagBag from /opt/airflow/dags/sales_analysis.py
[2025-01-31T10:46:10.695+0000] {processor.py:927} WARNING - No viable dags retrieved from /opt/airflow/dags/sales_analysis.py
[2025-01-31T10:46:10.738+0000] {processor.py:208} INFO - Processing /opt/airflow/dags/sales_analysis.py took 0.099 seconds
[2025-01-31T10:46:41.775+0000] {processor.py:186} INFO - Started process (PID=4356) to work on /opt/airflow/dags/sales_analysis.py
[2025-01-31T10:46:41.777+0000] {processor.py:914} INFO - Processing file /opt/airflow/dags/sales_analysis.py for tasks to queue
[2025-01-31T10:46:41.784+0000] {logging_mixin.py:190} INFO - [2025-01-31T10:46:41.783+0000] {dagbag.py:588} INFO - Filling up the DagBag from /opt/airflow/dags/sales_analysis.py
[2025-01-31T10:46:41.809+0000] {processor.py:927} WARNING - No viable dags retrieved from /opt/airflow/dags/sales_analysis.py
[2025-01-31T10:46:41.836+0000] {processor.py:208} INFO - Processing /opt/airflow/dags/sales_analysis.py took 0.075 seconds
[2025-01-31T10:47:11.986+0000] {processor.py:186} INFO - Started process (PID=4421) to work on /opt/airflow/dags/sales_analysis.py
[2025-01-31T10:47:11.989+0000] {processor.py:914} INFO - Processing file /opt/airflow/dags/sales_analysis.py for tasks to queue
[2025-01-31T10:47:11.995+0000] {logging_mixin.py:190} INFO - [2025-01-31T10:47:11.994+0000] {dagbag.py:588} INFO - Filling up the DagBag from /opt/airflow/dags/sales_analysis.py
[2025-01-31T10:47:12.023+0000] {processor.py:927} WARNING - No viable dags retrieved from /opt/airflow/dags/sales_analysis.py
[2025-01-31T10:47:12.053+0000] {processor.py:208} INFO - Processing /opt/airflow/dags/sales_analysis.py took 0.081 seconds
[2025-01-31T10:47:42.149+0000] {processor.py:186} INFO - Started process (PID=4486) to work on /opt/airflow/dags/sales_analysis.py
[2025-01-31T10:47:42.151+0000] {processor.py:914} INFO - Processing file /opt/airflow/dags/sales_analysis.py for tasks to queue
[2025-01-31T10:47:42.156+0000] {logging_mixin.py:190} INFO - [2025-01-31T10:47:42.155+0000] {dagbag.py:588} INFO - Filling up the DagBag from /opt/airflow/dags/sales_analysis.py
[2025-01-31T10:47:42.180+0000] {processor.py:927} WARNING - No viable dags retrieved from /opt/airflow/dags/sales_analysis.py
[2025-01-31T10:47:42.208+0000] {processor.py:208} INFO - Processing /opt/airflow/dags/sales_analysis.py took 0.088 seconds
[2025-01-31T10:48:12.585+0000] {processor.py:186} INFO - Started process (PID=4551) to work on /opt/airflow/dags/sales_analysis.py
[2025-01-31T10:48:12.587+0000] {processor.py:914} INFO - Processing file /opt/airflow/dags/sales_analysis.py for tasks to queue
[2025-01-31T10:48:12.593+0000] {logging_mixin.py:190} INFO - [2025-01-31T10:48:12.592+0000] {dagbag.py:588} INFO - Filling up the DagBag from /opt/airflow/dags/sales_analysis.py
[2025-01-31T10:48:12.621+0000] {processor.py:927} WARNING - No viable dags retrieved from /opt/airflow/dags/sales_analysis.py
[2025-01-31T10:48:12.650+0000] {processor.py:208} INFO - Processing /opt/airflow/dags/sales_analysis.py took 0.079 seconds
[2025-01-31T10:48:42.871+0000] {processor.py:186} INFO - Started process (PID=4611) to work on /opt/airflow/dags/sales_analysis.py
[2025-01-31T10:48:42.873+0000] {processor.py:914} INFO - Processing file /opt/airflow/dags/sales_analysis.py for tasks to queue
[2025-01-31T10:48:42.884+0000] {logging_mixin.py:190} INFO - [2025-01-31T10:48:42.882+0000] {dagbag.py:588} INFO - Filling up the DagBag from /opt/airflow/dags/sales_analysis.py
[2025-01-31T10:48:42.931+0000] {processor.py:927} WARNING - No viable dags retrieved from /opt/airflow/dags/sales_analysis.py
[2025-01-31T10:48:42.980+0000] {processor.py:208} INFO - Processing /opt/airflow/dags/sales_analysis.py took 0.125 seconds
[2025-01-31T10:49:14.401+0000] {processor.py:186} INFO - Started process (PID=4674) to work on /opt/airflow/dags/sales_analysis.py
[2025-01-31T10:49:14.403+0000] {processor.py:914} INFO - Processing file /opt/airflow/dags/sales_analysis.py for tasks to queue
[2025-01-31T10:49:14.407+0000] {logging_mixin.py:190} INFO - [2025-01-31T10:49:14.407+0000] {dagbag.py:588} INFO - Filling up the DagBag from /opt/airflow/dags/sales_analysis.py
[2025-01-31T10:49:14.426+0000] {processor.py:927} WARNING - No viable dags retrieved from /opt/airflow/dags/sales_analysis.py
[2025-01-31T10:49:14.454+0000] {processor.py:208} INFO - Processing /opt/airflow/dags/sales_analysis.py took 0.065 seconds
[2025-01-31T10:49:46.010+0000] {processor.py:186} INFO - Started process (PID=4736) to work on /opt/airflow/dags/sales_analysis.py
[2025-01-31T10:49:46.011+0000] {processor.py:914} INFO - Processing file /opt/airflow/dags/sales_analysis.py for tasks to queue
[2025-01-31T10:49:46.015+0000] {logging_mixin.py:190} INFO - [2025-01-31T10:49:46.015+0000] {dagbag.py:588} INFO - Filling up the DagBag from /opt/airflow/dags/sales_analysis.py
[2025-01-31T10:49:46.042+0000] {processor.py:927} WARNING - No viable dags retrieved from /opt/airflow/dags/sales_analysis.py
[2025-01-31T10:49:46.064+0000] {processor.py:208} INFO - Processing /opt/airflow/dags/sales_analysis.py took 0.065 seconds
[2025-01-31T10:50:17.395+0000] {processor.py:186} INFO - Started process (PID=4789) to work on /opt/airflow/dags/sales_analysis.py
[2025-01-31T10:50:17.400+0000] {processor.py:914} INFO - Processing file /opt/airflow/dags/sales_analysis.py for tasks to queue
[2025-01-31T10:50:17.412+0000] {logging_mixin.py:190} INFO - [2025-01-31T10:50:17.410+0000] {dagbag.py:588} INFO - Filling up the DagBag from /opt/airflow/dags/sales_analysis.py
[2025-01-31T10:50:17.475+0000] {processor.py:927} WARNING - No viable dags retrieved from /opt/airflow/dags/sales_analysis.py
[2025-01-31T10:50:17.511+0000] {processor.py:208} INFO - Processing /opt/airflow/dags/sales_analysis.py took 0.148 seconds
[2025-01-31T10:50:49.204+0000] {processor.py:186} INFO - Started process (PID=4852) to work on /opt/airflow/dags/sales_analysis.py
[2025-01-31T10:50:49.207+0000] {processor.py:914} INFO - Processing file /opt/airflow/dags/sales_analysis.py for tasks to queue
[2025-01-31T10:50:49.212+0000] {logging_mixin.py:190} INFO - [2025-01-31T10:50:49.211+0000] {dagbag.py:588} INFO - Filling up the DagBag from /opt/airflow/dags/sales_analysis.py
[2025-01-31T10:50:49.239+0000] {processor.py:927} WARNING - No viable dags retrieved from /opt/airflow/dags/sales_analysis.py
[2025-01-31T10:50:49.280+0000] {processor.py:208} INFO - Processing /opt/airflow/dags/sales_analysis.py took 0.092 seconds
[2025-01-31T10:51:20.043+0000] {processor.py:186} INFO - Started process (PID=4916) to work on /opt/airflow/dags/sales_analysis.py
[2025-01-31T10:51:20.045+0000] {processor.py:914} INFO - Processing file /opt/airflow/dags/sales_analysis.py for tasks to queue
[2025-01-31T10:51:20.048+0000] {logging_mixin.py:190} INFO - [2025-01-31T10:51:20.048+0000] {dagbag.py:588} INFO - Filling up the DagBag from /opt/airflow/dags/sales_analysis.py
[2025-01-31T10:51:20.072+0000] {processor.py:927} WARNING - No viable dags retrieved from /opt/airflow/dags/sales_analysis.py
[2025-01-31T10:51:20.095+0000] {processor.py:208} INFO - Processing /opt/airflow/dags/sales_analysis.py took 0.064 seconds
[2025-01-31T10:51:50.866+0000] {processor.py:186} INFO - Started process (PID=4976) to work on /opt/airflow/dags/sales_analysis.py
[2025-01-31T10:51:50.869+0000] {processor.py:914} INFO - Processing file /opt/airflow/dags/sales_analysis.py for tasks to queue
[2025-01-31T10:51:50.878+0000] {logging_mixin.py:190} INFO - [2025-01-31T10:51:50.877+0000] {dagbag.py:588} INFO - Filling up the DagBag from /opt/airflow/dags/sales_analysis.py
[2025-01-31T10:51:50.931+0000] {processor.py:927} WARNING - No viable dags retrieved from /opt/airflow/dags/sales_analysis.py
[2025-01-31T10:51:50.983+0000] {processor.py:208} INFO - Processing /opt/airflow/dags/sales_analysis.py took 0.141 seconds
[2025-01-31T10:52:21.855+0000] {processor.py:186} INFO - Started process (PID=5033) to work on /opt/airflow/dags/sales_analysis.py
[2025-01-31T10:52:21.858+0000] {processor.py:914} INFO - Processing file /opt/airflow/dags/sales_analysis.py for tasks to queue
[2025-01-31T10:52:21.864+0000] {logging_mixin.py:190} INFO - [2025-01-31T10:52:21.863+0000] {dagbag.py:588} INFO - Filling up the DagBag from /opt/airflow/dags/sales_analysis.py
[2025-01-31T10:52:21.887+0000] {processor.py:927} WARNING - No viable dags retrieved from /opt/airflow/dags/sales_analysis.py
[2025-01-31T10:52:21.910+0000] {processor.py:208} INFO - Processing /opt/airflow/dags/sales_analysis.py took 0.065 seconds
[2025-01-31T10:52:53.187+0000] {processor.py:186} INFO - Started process (PID=5096) to work on /opt/airflow/dags/sales_analysis.py
[2025-01-31T10:52:53.189+0000] {processor.py:914} INFO - Processing file /opt/airflow/dags/sales_analysis.py for tasks to queue
[2025-01-31T10:52:53.194+0000] {logging_mixin.py:190} INFO - [2025-01-31T10:52:53.193+0000] {dagbag.py:588} INFO - Filling up the DagBag from /opt/airflow/dags/sales_analysis.py
[2025-01-31T10:52:53.218+0000] {processor.py:927} WARNING - No viable dags retrieved from /opt/airflow/dags/sales_analysis.py
[2025-01-31T10:52:53.242+0000] {processor.py:208} INFO - Processing /opt/airflow/dags/sales_analysis.py took 0.071 seconds
[2025-01-31T10:53:24.172+0000] {processor.py:186} INFO - Started process (PID=5159) to work on /opt/airflow/dags/sales_analysis.py
[2025-01-31T10:53:24.173+0000] {processor.py:914} INFO - Processing file /opt/airflow/dags/sales_analysis.py for tasks to queue
[2025-01-31T10:53:24.177+0000] {logging_mixin.py:190} INFO - [2025-01-31T10:53:24.177+0000] {dagbag.py:588} INFO - Filling up the DagBag from /opt/airflow/dags/sales_analysis.py
[2025-01-31T10:53:24.198+0000] {processor.py:927} WARNING - No viable dags retrieved from /opt/airflow/dags/sales_analysis.py
[2025-01-31T10:53:24.220+0000] {processor.py:208} INFO - Processing /opt/airflow/dags/sales_analysis.py took 0.059 seconds
[2025-01-31T10:53:54.300+0000] {processor.py:186} INFO - Started process (PID=5222) to work on /opt/airflow/dags/sales_analysis.py
[2025-01-31T10:53:54.302+0000] {processor.py:914} INFO - Processing file /opt/airflow/dags/sales_analysis.py for tasks to queue
[2025-01-31T10:53:54.307+0000] {logging_mixin.py:190} INFO - [2025-01-31T10:53:54.307+0000] {dagbag.py:588} INFO - Filling up the DagBag from /opt/airflow/dags/sales_analysis.py
[2025-01-31T10:53:54.335+0000] {processor.py:927} WARNING - No viable dags retrieved from /opt/airflow/dags/sales_analysis.py
[2025-01-31T10:53:54.360+0000] {processor.py:208} INFO - Processing /opt/airflow/dags/sales_analysis.py took 0.072 seconds
[2025-01-31T10:54:24.562+0000] {processor.py:186} INFO - Started process (PID=5287) to work on /opt/airflow/dags/sales_analysis.py
[2025-01-31T10:54:24.564+0000] {processor.py:914} INFO - Processing file /opt/airflow/dags/sales_analysis.py for tasks to queue
[2025-01-31T10:54:24.571+0000] {logging_mixin.py:190} INFO - [2025-01-31T10:54:24.570+0000] {dagbag.py:588} INFO - Filling up the DagBag from /opt/airflow/dags/sales_analysis.py
[2025-01-31T10:54:24.606+0000] {processor.py:927} WARNING - No viable dags retrieved from /opt/airflow/dags/sales_analysis.py
[2025-01-31T10:54:24.634+0000] {processor.py:208} INFO - Processing /opt/airflow/dags/sales_analysis.py took 0.087 seconds
[2025-01-31T10:54:55.230+0000] {processor.py:186} INFO - Started process (PID=5352) to work on /opt/airflow/dags/sales_analysis.py
[2025-01-31T10:54:55.232+0000] {processor.py:914} INFO - Processing file /opt/airflow/dags/sales_analysis.py for tasks to queue
[2025-01-31T10:54:55.238+0000] {logging_mixin.py:190} INFO - [2025-01-31T10:54:55.237+0000] {dagbag.py:588} INFO - Filling up the DagBag from /opt/airflow/dags/sales_analysis.py
[2025-01-31T10:54:55.275+0000] {processor.py:927} WARNING - No viable dags retrieved from /opt/airflow/dags/sales_analysis.py
[2025-01-31T10:54:55.301+0000] {processor.py:208} INFO - Processing /opt/airflow/dags/sales_analysis.py took 0.085 seconds
[2025-01-31T10:55:26.313+0000] {processor.py:186} INFO - Started process (PID=5417) to work on /opt/airflow/dags/sales_analysis.py
[2025-01-31T10:55:26.318+0000] {processor.py:914} INFO - Processing file /opt/airflow/dags/sales_analysis.py for tasks to queue
[2025-01-31T10:55:26.334+0000] {logging_mixin.py:190} INFO - [2025-01-31T10:55:26.332+0000] {dagbag.py:588} INFO - Filling up the DagBag from /opt/airflow/dags/sales_analysis.py
[2025-01-31T10:55:26.391+0000] {processor.py:927} WARNING - No viable dags retrieved from /opt/airflow/dags/sales_analysis.py
[2025-01-31T10:55:26.451+0000] {processor.py:208} INFO - Processing /opt/airflow/dags/sales_analysis.py took 0.172 seconds
[2025-01-31T10:55:57.203+0000] {processor.py:186} INFO - Started process (PID=5482) to work on /opt/airflow/dags/sales_analysis.py
[2025-01-31T10:55:57.205+0000] {processor.py:914} INFO - Processing file /opt/airflow/dags/sales_analysis.py for tasks to queue
[2025-01-31T10:55:57.210+0000] {logging_mixin.py:190} INFO - [2025-01-31T10:55:57.209+0000] {dagbag.py:588} INFO - Filling up the DagBag from /opt/airflow/dags/sales_analysis.py
[2025-01-31T10:55:57.238+0000] {processor.py:927} WARNING - No viable dags retrieved from /opt/airflow/dags/sales_analysis.py
[2025-01-31T10:55:57.258+0000] {processor.py:208} INFO - Processing /opt/airflow/dags/sales_analysis.py took 0.074 seconds
[2025-01-31T10:56:27.697+0000] {processor.py:186} INFO - Started process (PID=5547) to work on /opt/airflow/dags/sales_analysis.py
[2025-01-31T10:56:27.700+0000] {processor.py:914} INFO - Processing file /opt/airflow/dags/sales_analysis.py for tasks to queue
[2025-01-31T10:56:27.708+0000] {logging_mixin.py:190} INFO - [2025-01-31T10:56:27.707+0000] {dagbag.py:588} INFO - Filling up the DagBag from /opt/airflow/dags/sales_analysis.py
[2025-01-31T10:56:27.743+0000] {processor.py:927} WARNING - No viable dags retrieved from /opt/airflow/dags/sales_analysis.py
[2025-01-31T10:56:27.787+0000] {processor.py:208} INFO - Processing /opt/airflow/dags/sales_analysis.py took 0.104 seconds
[2025-01-31T10:56:58.022+0000] {processor.py:186} INFO - Started process (PID=5612) to work on /opt/airflow/dags/sales_analysis.py
[2025-01-31T10:56:58.024+0000] {processor.py:914} INFO - Processing file /opt/airflow/dags/sales_analysis.py for tasks to queue
[2025-01-31T10:56:58.028+0000] {logging_mixin.py:190} INFO - [2025-01-31T10:56:58.028+0000] {dagbag.py:588} INFO - Filling up the DagBag from /opt/airflow/dags/sales_analysis.py
[2025-01-31T10:56:58.057+0000] {processor.py:927} WARNING - No viable dags retrieved from /opt/airflow/dags/sales_analysis.py
[2025-01-31T10:56:58.077+0000] {processor.py:208} INFO - Processing /opt/airflow/dags/sales_analysis.py took 0.065 seconds
[2025-01-31T10:57:28.184+0000] {processor.py:186} INFO - Started process (PID=5676) to work on /opt/airflow/dags/sales_analysis.py
[2025-01-31T10:57:28.185+0000] {processor.py:914} INFO - Processing file /opt/airflow/dags/sales_analysis.py for tasks to queue
[2025-01-31T10:57:28.190+0000] {logging_mixin.py:190} INFO - [2025-01-31T10:57:28.190+0000] {dagbag.py:588} INFO - Filling up the DagBag from /opt/airflow/dags/sales_analysis.py
[2025-01-31T10:57:28.213+0000] {processor.py:927} WARNING - No viable dags retrieved from /opt/airflow/dags/sales_analysis.py
[2025-01-31T10:57:28.235+0000] {processor.py:208} INFO - Processing /opt/airflow/dags/sales_analysis.py took 0.061 seconds
[2025-01-31T10:57:58.757+0000] {processor.py:186} INFO - Started process (PID=5741) to work on /opt/airflow/dags/sales_analysis.py
[2025-01-31T10:57:58.762+0000] {processor.py:914} INFO - Processing file /opt/airflow/dags/sales_analysis.py for tasks to queue
[2025-01-31T10:57:58.775+0000] {logging_mixin.py:190} INFO - [2025-01-31T10:57:58.773+0000] {dagbag.py:588} INFO - Filling up the DagBag from /opt/airflow/dags/sales_analysis.py
[2025-01-31T10:57:58.840+0000] {processor.py:927} WARNING - No viable dags retrieved from /opt/airflow/dags/sales_analysis.py
[2025-01-31T10:57:58.901+0000] {processor.py:208} INFO - Processing /opt/airflow/dags/sales_analysis.py took 0.176 seconds
[2025-01-31T10:58:29.764+0000] {processor.py:186} INFO - Started process (PID=5806) to work on /opt/airflow/dags/sales_analysis.py
[2025-01-31T10:58:29.769+0000] {processor.py:914} INFO - Processing file /opt/airflow/dags/sales_analysis.py for tasks to queue
[2025-01-31T10:58:29.782+0000] {logging_mixin.py:190} INFO - [2025-01-31T10:58:29.780+0000] {dagbag.py:588} INFO - Filling up the DagBag from /opt/airflow/dags/sales_analysis.py
[2025-01-31T10:58:29.818+0000] {processor.py:927} WARNING - No viable dags retrieved from /opt/airflow/dags/sales_analysis.py
[2025-01-31T10:58:29.841+0000] {processor.py:208} INFO - Processing /opt/airflow/dags/sales_analysis.py took 0.101 seconds
[2025-01-31T10:58:59.946+0000] {processor.py:186} INFO - Started process (PID=5871) to work on /opt/airflow/dags/sales_analysis.py
[2025-01-31T10:58:59.949+0000] {processor.py:914} INFO - Processing file /opt/airflow/dags/sales_analysis.py for tasks to queue
[2025-01-31T10:58:59.954+0000] {logging_mixin.py:190} INFO - [2025-01-31T10:58:59.954+0000] {dagbag.py:588} INFO - Filling up the DagBag from /opt/airflow/dags/sales_analysis.py
[2025-01-31T10:58:59.980+0000] {processor.py:927} WARNING - No viable dags retrieved from /opt/airflow/dags/sales_analysis.py
[2025-01-31T10:59:00.009+0000] {processor.py:208} INFO - Processing /opt/airflow/dags/sales_analysis.py took 0.082 seconds
[2025-01-31T10:59:30.170+0000] {processor.py:186} INFO - Started process (PID=5936) to work on /opt/airflow/dags/sales_analysis.py
[2025-01-31T10:59:30.172+0000] {processor.py:914} INFO - Processing file /opt/airflow/dags/sales_analysis.py for tasks to queue
[2025-01-31T10:59:30.176+0000] {logging_mixin.py:190} INFO - [2025-01-31T10:59:30.175+0000] {dagbag.py:588} INFO - Filling up the DagBag from /opt/airflow/dags/sales_analysis.py
[2025-01-31T10:59:30.199+0000] {processor.py:927} WARNING - No viable dags retrieved from /opt/airflow/dags/sales_analysis.py
[2025-01-31T10:59:30.231+0000] {processor.py:208} INFO - Processing /opt/airflow/dags/sales_analysis.py took 0.072 seconds
[2025-01-31T11:00:00.934+0000] {processor.py:186} INFO - Started process (PID=6000) to work on /opt/airflow/dags/sales_analysis.py
[2025-01-31T11:00:00.937+0000] {processor.py:914} INFO - Processing file /opt/airflow/dags/sales_analysis.py for tasks to queue
[2025-01-31T11:00:00.942+0000] {logging_mixin.py:190} INFO - [2025-01-31T11:00:00.941+0000] {dagbag.py:588} INFO - Filling up the DagBag from /opt/airflow/dags/sales_analysis.py
[2025-01-31T11:00:00.970+0000] {processor.py:927} WARNING - No viable dags retrieved from /opt/airflow/dags/sales_analysis.py
[2025-01-31T11:00:00.997+0000] {processor.py:208} INFO - Processing /opt/airflow/dags/sales_analysis.py took 0.075 seconds
[2025-01-31T11:00:31.545+0000] {processor.py:186} INFO - Started process (PID=6064) to work on /opt/airflow/dags/sales_analysis.py
[2025-01-31T11:00:31.551+0000] {processor.py:914} INFO - Processing file /opt/airflow/dags/sales_analysis.py for tasks to queue
[2025-01-31T11:00:31.562+0000] {logging_mixin.py:190} INFO - [2025-01-31T11:00:31.561+0000] {dagbag.py:588} INFO - Filling up the DagBag from /opt/airflow/dags/sales_analysis.py
[2025-01-31T11:00:31.594+0000] {processor.py:927} WARNING - No viable dags retrieved from /opt/airflow/dags/sales_analysis.py
[2025-01-31T11:00:31.621+0000] {processor.py:208} INFO - Processing /opt/airflow/dags/sales_analysis.py took 0.113 seconds
[2025-01-31T11:01:02.292+0000] {processor.py:186} INFO - Started process (PID=6130) to work on /opt/airflow/dags/sales_analysis.py
[2025-01-31T11:01:02.294+0000] {processor.py:914} INFO - Processing file /opt/airflow/dags/sales_analysis.py for tasks to queue
[2025-01-31T11:01:02.297+0000] {logging_mixin.py:190} INFO - [2025-01-31T11:01:02.297+0000] {dagbag.py:588} INFO - Filling up the DagBag from /opt/airflow/dags/sales_analysis.py
[2025-01-31T11:01:02.320+0000] {processor.py:927} WARNING - No viable dags retrieved from /opt/airflow/dags/sales_analysis.py
[2025-01-31T11:01:02.349+0000] {processor.py:208} INFO - Processing /opt/airflow/dags/sales_analysis.py took 0.068 seconds
[2025-01-31T11:01:33.082+0000] {processor.py:186} INFO - Started process (PID=6195) to work on /opt/airflow/dags/sales_analysis.py
[2025-01-31T11:01:33.084+0000] {processor.py:914} INFO - Processing file /opt/airflow/dags/sales_analysis.py for tasks to queue
[2025-01-31T11:01:33.088+0000] {logging_mixin.py:190} INFO - [2025-01-31T11:01:33.087+0000] {dagbag.py:588} INFO - Filling up the DagBag from /opt/airflow/dags/sales_analysis.py
[2025-01-31T11:01:33.122+0000] {processor.py:927} WARNING - No viable dags retrieved from /opt/airflow/dags/sales_analysis.py
[2025-01-31T11:01:33.150+0000] {processor.py:208} INFO - Processing /opt/airflow/dags/sales_analysis.py took 0.078 seconds
[2025-01-31T11:02:03.521+0000] {processor.py:186} INFO - Started process (PID=6260) to work on /opt/airflow/dags/sales_analysis.py
[2025-01-31T11:02:03.523+0000] {processor.py:914} INFO - Processing file /opt/airflow/dags/sales_analysis.py for tasks to queue
[2025-01-31T11:02:03.527+0000] {logging_mixin.py:190} INFO - [2025-01-31T11:02:03.526+0000] {dagbag.py:588} INFO - Filling up the DagBag from /opt/airflow/dags/sales_analysis.py
[2025-01-31T11:02:03.551+0000] {processor.py:927} WARNING - No viable dags retrieved from /opt/airflow/dags/sales_analysis.py
[2025-01-31T11:02:03.572+0000] {processor.py:208} INFO - Processing /opt/airflow/dags/sales_analysis.py took 0.059 seconds
[2025-01-31T11:02:34.384+0000] {processor.py:186} INFO - Started process (PID=6325) to work on /opt/airflow/dags/sales_analysis.py
[2025-01-31T11:02:34.386+0000] {processor.py:914} INFO - Processing file /opt/airflow/dags/sales_analysis.py for tasks to queue
[2025-01-31T11:02:34.390+0000] {logging_mixin.py:190} INFO - [2025-01-31T11:02:34.390+0000] {dagbag.py:588} INFO - Filling up the DagBag from /opt/airflow/dags/sales_analysis.py
[2025-01-31T11:02:34.416+0000] {processor.py:927} WARNING - No viable dags retrieved from /opt/airflow/dags/sales_analysis.py
[2025-01-31T11:02:34.436+0000] {processor.py:208} INFO - Processing /opt/airflow/dags/sales_analysis.py took 0.061 seconds
[2025-01-31T11:03:04.577+0000] {processor.py:186} INFO - Started process (PID=6390) to work on /opt/airflow/dags/sales_analysis.py
[2025-01-31T11:03:04.579+0000] {processor.py:914} INFO - Processing file /opt/airflow/dags/sales_analysis.py for tasks to queue
[2025-01-31T11:03:04.586+0000] {logging_mixin.py:190} INFO - [2025-01-31T11:03:04.585+0000] {dagbag.py:588} INFO - Filling up the DagBag from /opt/airflow/dags/sales_analysis.py
[2025-01-31T11:03:04.614+0000] {processor.py:927} WARNING - No viable dags retrieved from /opt/airflow/dags/sales_analysis.py
[2025-01-31T11:03:04.640+0000] {processor.py:208} INFO - Processing /opt/airflow/dags/sales_analysis.py took 0.075 seconds
[2025-01-31T11:03:35.449+0000] {processor.py:186} INFO - Started process (PID=6447) to work on /opt/airflow/dags/sales_analysis.py
[2025-01-31T11:03:35.451+0000] {processor.py:914} INFO - Processing file /opt/airflow/dags/sales_analysis.py for tasks to queue
[2025-01-31T11:03:35.455+0000] {logging_mixin.py:190} INFO - [2025-01-31T11:03:35.454+0000] {dagbag.py:588} INFO - Filling up the DagBag from /opt/airflow/dags/sales_analysis.py
[2025-01-31T11:03:35.488+0000] {processor.py:927} WARNING - No viable dags retrieved from /opt/airflow/dags/sales_analysis.py
[2025-01-31T11:03:35.518+0000] {processor.py:208} INFO - Processing /opt/airflow/dags/sales_analysis.py took 0.080 seconds
[2025-01-31T11:04:05.816+0000] {processor.py:186} INFO - Started process (PID=6505) to work on /opt/airflow/dags/sales_analysis.py
[2025-01-31T11:04:05.817+0000] {processor.py:914} INFO - Processing file /opt/airflow/dags/sales_analysis.py for tasks to queue
[2025-01-31T11:04:05.822+0000] {logging_mixin.py:190} INFO - [2025-01-31T11:04:05.821+0000] {dagbag.py:588} INFO - Filling up the DagBag from /opt/airflow/dags/sales_analysis.py
[2025-01-31T11:04:05.840+0000] {processor.py:927} WARNING - No viable dags retrieved from /opt/airflow/dags/sales_analysis.py
[2025-01-31T11:04:05.861+0000] {processor.py:208} INFO - Processing /opt/airflow/dags/sales_analysis.py took 0.058 seconds
[2025-01-31T11:04:36.196+0000] {processor.py:186} INFO - Started process (PID=6568) to work on /opt/airflow/dags/sales_analysis.py
[2025-01-31T11:04:36.197+0000] {processor.py:914} INFO - Processing file /opt/airflow/dags/sales_analysis.py for tasks to queue
[2025-01-31T11:04:36.201+0000] {logging_mixin.py:190} INFO - [2025-01-31T11:04:36.201+0000] {dagbag.py:588} INFO - Filling up the DagBag from /opt/airflow/dags/sales_analysis.py
[2025-01-31T11:04:36.226+0000] {processor.py:927} WARNING - No viable dags retrieved from /opt/airflow/dags/sales_analysis.py
[2025-01-31T11:04:36.248+0000] {processor.py:208} INFO - Processing /opt/airflow/dags/sales_analysis.py took 0.063 seconds
[2025-01-31T11:05:07.498+0000] {processor.py:186} INFO - Started process (PID=6629) to work on /opt/airflow/dags/sales_analysis.py
[2025-01-31T11:05:07.500+0000] {processor.py:914} INFO - Processing file /opt/airflow/dags/sales_analysis.py for tasks to queue
[2025-01-31T11:05:07.505+0000] {logging_mixin.py:190} INFO - [2025-01-31T11:05:07.504+0000] {dagbag.py:588} INFO - Filling up the DagBag from /opt/airflow/dags/sales_analysis.py
[2025-01-31T11:05:07.532+0000] {processor.py:927} WARNING - No viable dags retrieved from /opt/airflow/dags/sales_analysis.py
[2025-01-31T11:05:07.568+0000] {processor.py:208} INFO - Processing /opt/airflow/dags/sales_analysis.py took 0.084 seconds
[2025-01-31T11:05:38.120+0000] {processor.py:186} INFO - Started process (PID=6692) to work on /opt/airflow/dags/sales_analysis.py
[2025-01-31T11:05:38.122+0000] {processor.py:914} INFO - Processing file /opt/airflow/dags/sales_analysis.py for tasks to queue
[2025-01-31T11:05:38.126+0000] {logging_mixin.py:190} INFO - [2025-01-31T11:05:38.126+0000] {dagbag.py:588} INFO - Filling up the DagBag from /opt/airflow/dags/sales_analysis.py
[2025-01-31T11:05:38.153+0000] {processor.py:927} WARNING - No viable dags retrieved from /opt/airflow/dags/sales_analysis.py
[2025-01-31T11:05:38.182+0000] {processor.py:208} INFO - Processing /opt/airflow/dags/sales_analysis.py took 0.073 seconds
[2025-01-31T11:06:08.899+0000] {processor.py:186} INFO - Started process (PID=6760) to work on /opt/airflow/dags/sales_analysis.py
[2025-01-31T11:06:08.901+0000] {processor.py:914} INFO - Processing file /opt/airflow/dags/sales_analysis.py for tasks to queue
[2025-01-31T11:06:08.904+0000] {logging_mixin.py:190} INFO - [2025-01-31T11:06:08.904+0000] {dagbag.py:588} INFO - Filling up the DagBag from /opt/airflow/dags/sales_analysis.py
[2025-01-31T11:06:08.932+0000] {processor.py:927} WARNING - No viable dags retrieved from /opt/airflow/dags/sales_analysis.py
[2025-01-31T11:06:08.958+0000] {processor.py:208} INFO - Processing /opt/airflow/dags/sales_analysis.py took 0.069 seconds
[2025-01-31T11:06:39.537+0000] {processor.py:186} INFO - Started process (PID=6824) to work on /opt/airflow/dags/sales_analysis.py
[2025-01-31T11:06:39.540+0000] {processor.py:914} INFO - Processing file /opt/airflow/dags/sales_analysis.py for tasks to queue
[2025-01-31T11:06:39.546+0000] {logging_mixin.py:190} INFO - [2025-01-31T11:06:39.545+0000] {dagbag.py:588} INFO - Filling up the DagBag from /opt/airflow/dags/sales_analysis.py
[2025-01-31T11:06:39.576+0000] {processor.py:927} WARNING - No viable dags retrieved from /opt/airflow/dags/sales_analysis.py
[2025-01-31T11:06:39.605+0000] {processor.py:208} INFO - Processing /opt/airflow/dags/sales_analysis.py took 0.086 seconds
[2025-01-31T11:07:10.080+0000] {processor.py:186} INFO - Started process (PID=6888) to work on /opt/airflow/dags/sales_analysis.py
[2025-01-31T11:07:10.085+0000] {processor.py:914} INFO - Processing file /opt/airflow/dags/sales_analysis.py for tasks to queue
[2025-01-31T11:07:10.108+0000] {logging_mixin.py:190} INFO - [2025-01-31T11:07:10.107+0000] {dagbag.py:588} INFO - Filling up the DagBag from /opt/airflow/dags/sales_analysis.py
[2025-01-31T11:07:10.155+0000] {processor.py:927} WARNING - No viable dags retrieved from /opt/airflow/dags/sales_analysis.py
[2025-01-31T11:07:10.202+0000] {processor.py:208} INFO - Processing /opt/airflow/dags/sales_analysis.py took 0.159 seconds
[2025-01-31T11:07:40.687+0000] {processor.py:186} INFO - Started process (PID=6950) to work on /opt/airflow/dags/sales_analysis.py
[2025-01-31T11:07:40.689+0000] {processor.py:914} INFO - Processing file /opt/airflow/dags/sales_analysis.py for tasks to queue
[2025-01-31T11:07:40.695+0000] {logging_mixin.py:190} INFO - [2025-01-31T11:07:40.694+0000] {dagbag.py:588} INFO - Filling up the DagBag from /opt/airflow/dags/sales_analysis.py
[2025-01-31T11:07:40.727+0000] {processor.py:927} WARNING - No viable dags retrieved from /opt/airflow/dags/sales_analysis.py
[2025-01-31T11:07:40.774+0000] {processor.py:208} INFO - Processing /opt/airflow/dags/sales_analysis.py took 0.102 seconds
[2025-01-31T11:08:11.215+0000] {processor.py:186} INFO - Started process (PID=7013) to work on /opt/airflow/dags/sales_analysis.py
[2025-01-31T11:08:11.219+0000] {processor.py:914} INFO - Processing file /opt/airflow/dags/sales_analysis.py for tasks to queue
[2025-01-31T11:08:11.233+0000] {logging_mixin.py:190} INFO - [2025-01-31T11:08:11.231+0000] {dagbag.py:588} INFO - Filling up the DagBag from /opt/airflow/dags/sales_analysis.py
[2025-01-31T11:08:11.283+0000] {processor.py:927} WARNING - No viable dags retrieved from /opt/airflow/dags/sales_analysis.py
[2025-01-31T11:08:11.323+0000] {processor.py:208} INFO - Processing /opt/airflow/dags/sales_analysis.py took 0.142 seconds
[2025-01-31T11:08:42.008+0000] {processor.py:186} INFO - Started process (PID=7078) to work on /opt/airflow/dags/sales_analysis.py
[2025-01-31T11:08:42.010+0000] {processor.py:914} INFO - Processing file /opt/airflow/dags/sales_analysis.py for tasks to queue
[2025-01-31T11:08:42.016+0000] {logging_mixin.py:190} INFO - [2025-01-31T11:08:42.015+0000] {dagbag.py:588} INFO - Filling up the DagBag from /opt/airflow/dags/sales_analysis.py
[2025-01-31T11:08:42.046+0000] {processor.py:927} WARNING - No viable dags retrieved from /opt/airflow/dags/sales_analysis.py
[2025-01-31T11:08:42.075+0000] {processor.py:208} INFO - Processing /opt/airflow/dags/sales_analysis.py took 0.080 seconds
[2025-01-31T11:09:12.803+0000] {processor.py:186} INFO - Started process (PID=7142) to work on /opt/airflow/dags/sales_analysis.py
[2025-01-31T11:09:12.804+0000] {processor.py:914} INFO - Processing file /opt/airflow/dags/sales_analysis.py for tasks to queue
[2025-01-31T11:09:12.808+0000] {logging_mixin.py:190} INFO - [2025-01-31T11:09:12.808+0000] {dagbag.py:588} INFO - Filling up the DagBag from /opt/airflow/dags/sales_analysis.py
[2025-01-31T11:09:12.834+0000] {processor.py:927} WARNING - No viable dags retrieved from /opt/airflow/dags/sales_analysis.py
[2025-01-31T11:09:12.857+0000] {processor.py:208} INFO - Processing /opt/airflow/dags/sales_analysis.py took 0.066 seconds
[2025-01-31T11:09:43.548+0000] {processor.py:186} INFO - Started process (PID=7207) to work on /opt/airflow/dags/sales_analysis.py
[2025-01-31T11:09:43.550+0000] {processor.py:914} INFO - Processing file /opt/airflow/dags/sales_analysis.py for tasks to queue
[2025-01-31T11:09:43.556+0000] {logging_mixin.py:190} INFO - [2025-01-31T11:09:43.556+0000] {dagbag.py:588} INFO - Filling up the DagBag from /opt/airflow/dags/sales_analysis.py
[2025-01-31T11:09:43.582+0000] {processor.py:927} WARNING - No viable dags retrieved from /opt/airflow/dags/sales_analysis.py
[2025-01-31T11:09:43.607+0000] {processor.py:208} INFO - Processing /opt/airflow/dags/sales_analysis.py took 0.075 seconds
[2025-01-31T11:10:14.348+0000] {processor.py:186} INFO - Started process (PID=7272) to work on /opt/airflow/dags/sales_analysis.py
[2025-01-31T11:10:14.350+0000] {processor.py:914} INFO - Processing file /opt/airflow/dags/sales_analysis.py for tasks to queue
[2025-01-31T11:10:14.353+0000] {logging_mixin.py:190} INFO - [2025-01-31T11:10:14.353+0000] {dagbag.py:588} INFO - Filling up the DagBag from /opt/airflow/dags/sales_analysis.py
[2025-01-31T11:10:14.403+0000] {processor.py:927} WARNING - No viable dags retrieved from /opt/airflow/dags/sales_analysis.py
[2025-01-31T11:10:14.440+0000] {processor.py:208} INFO - Processing /opt/airflow/dags/sales_analysis.py took 0.103 seconds
[2025-01-31T11:10:45.110+0000] {processor.py:186} INFO - Started process (PID=7337) to work on /opt/airflow/dags/sales_analysis.py
[2025-01-31T11:10:45.112+0000] {processor.py:914} INFO - Processing file /opt/airflow/dags/sales_analysis.py for tasks to queue
[2025-01-31T11:10:45.116+0000] {logging_mixin.py:190} INFO - [2025-01-31T11:10:45.116+0000] {dagbag.py:588} INFO - Filling up the DagBag from /opt/airflow/dags/sales_analysis.py
[2025-01-31T11:10:45.138+0000] {processor.py:927} WARNING - No viable dags retrieved from /opt/airflow/dags/sales_analysis.py
[2025-01-31T11:10:45.162+0000] {processor.py:208} INFO - Processing /opt/airflow/dags/sales_analysis.py took 0.065 seconds
[2025-01-31T11:11:14.108+0000] {processor.py:186} INFO - Started process (PID=7399) to work on /opt/airflow/dags/sales_analysis.py
[2025-01-31T11:11:14.110+0000] {processor.py:914} INFO - Processing file /opt/airflow/dags/sales_analysis.py for tasks to queue
[2025-01-31T11:11:14.114+0000] {logging_mixin.py:190} INFO - [2025-01-31T11:11:14.114+0000] {dagbag.py:588} INFO - Filling up the DagBag from /opt/airflow/dags/sales_analysis.py
[2025-01-31T11:11:14.162+0000] {processor.py:927} WARNING - No viable dags retrieved from /opt/airflow/dags/sales_analysis.py
[2025-01-31T11:11:14.185+0000] {processor.py:208} INFO - Processing /opt/airflow/dags/sales_analysis.py took 0.089 seconds
[2025-01-31T11:11:44.635+0000] {processor.py:186} INFO - Started process (PID=7464) to work on /opt/airflow/dags/sales_analysis.py
[2025-01-31T11:11:44.638+0000] {processor.py:914} INFO - Processing file /opt/airflow/dags/sales_analysis.py for tasks to queue
[2025-01-31T11:11:44.644+0000] {logging_mixin.py:190} INFO - [2025-01-31T11:11:44.643+0000] {dagbag.py:588} INFO - Filling up the DagBag from /opt/airflow/dags/sales_analysis.py
[2025-01-31T11:11:44.674+0000] {processor.py:927} WARNING - No viable dags retrieved from /opt/airflow/dags/sales_analysis.py
[2025-01-31T11:11:44.703+0000] {processor.py:208} INFO - Processing /opt/airflow/dags/sales_analysis.py took 0.083 seconds
[2025-01-31T11:12:14.984+0000] {processor.py:186} INFO - Started process (PID=7528) to work on /opt/airflow/dags/sales_analysis.py
[2025-01-31T11:12:14.985+0000] {processor.py:914} INFO - Processing file /opt/airflow/dags/sales_analysis.py for tasks to queue
[2025-01-31T11:12:14.989+0000] {logging_mixin.py:190} INFO - [2025-01-31T11:12:14.988+0000] {dagbag.py:588} INFO - Filling up the DagBag from /opt/airflow/dags/sales_analysis.py
[2025-01-31T11:12:15.017+0000] {processor.py:927} WARNING - No viable dags retrieved from /opt/airflow/dags/sales_analysis.py
[2025-01-31T11:12:15.051+0000] {processor.py:208} INFO - Processing /opt/airflow/dags/sales_analysis.py took 0.076 seconds
[2025-01-31T11:12:45.155+0000] {processor.py:186} INFO - Started process (PID=7593) to work on /opt/airflow/dags/sales_analysis.py
[2025-01-31T11:12:45.157+0000] {processor.py:914} INFO - Processing file /opt/airflow/dags/sales_analysis.py for tasks to queue
[2025-01-31T11:12:45.161+0000] {logging_mixin.py:190} INFO - [2025-01-31T11:12:45.161+0000] {dagbag.py:588} INFO - Filling up the DagBag from /opt/airflow/dags/sales_analysis.py
[2025-01-31T11:12:45.188+0000] {processor.py:927} WARNING - No viable dags retrieved from /opt/airflow/dags/sales_analysis.py
[2025-01-31T11:12:45.221+0000] {processor.py:208} INFO - Processing /opt/airflow/dags/sales_analysis.py took 0.077 seconds
[2025-01-31T11:13:15.526+0000] {processor.py:186} INFO - Started process (PID=7658) to work on /opt/airflow/dags/sales_analysis.py
[2025-01-31T11:13:15.528+0000] {processor.py:914} INFO - Processing file /opt/airflow/dags/sales_analysis.py for tasks to queue
[2025-01-31T11:13:15.533+0000] {logging_mixin.py:190} INFO - [2025-01-31T11:13:15.533+0000] {dagbag.py:588} INFO - Filling up the DagBag from /opt/airflow/dags/sales_analysis.py
[2025-01-31T11:13:15.564+0000] {processor.py:927} WARNING - No viable dags retrieved from /opt/airflow/dags/sales_analysis.py
[2025-01-31T11:13:15.592+0000] {processor.py:208} INFO - Processing /opt/airflow/dags/sales_analysis.py took 0.079 seconds
[2025-01-31T11:13:46.352+0000] {processor.py:186} INFO - Started process (PID=7724) to work on /opt/airflow/dags/sales_analysis.py
[2025-01-31T11:13:46.354+0000] {processor.py:914} INFO - Processing file /opt/airflow/dags/sales_analysis.py for tasks to queue
[2025-01-31T11:13:46.362+0000] {logging_mixin.py:190} INFO - [2025-01-31T11:13:46.361+0000] {dagbag.py:588} INFO - Filling up the DagBag from /opt/airflow/dags/sales_analysis.py
[2025-01-31T11:13:46.404+0000] {processor.py:927} WARNING - No viable dags retrieved from /opt/airflow/dags/sales_analysis.py
[2025-01-31T11:13:46.444+0000] {processor.py:208} INFO - Processing /opt/airflow/dags/sales_analysis.py took 0.103 seconds
[2025-01-31T11:14:16.895+0000] {processor.py:186} INFO - Started process (PID=7788) to work on /opt/airflow/dags/sales_analysis.py
[2025-01-31T11:14:16.897+0000] {processor.py:914} INFO - Processing file /opt/airflow/dags/sales_analysis.py for tasks to queue
[2025-01-31T11:14:16.901+0000] {logging_mixin.py:190} INFO - [2025-01-31T11:14:16.901+0000] {dagbag.py:588} INFO - Filling up the DagBag from /opt/airflow/dags/sales_analysis.py
[2025-01-31T11:14:16.928+0000] {processor.py:927} WARNING - No viable dags retrieved from /opt/airflow/dags/sales_analysis.py
[2025-01-31T11:14:16.954+0000] {processor.py:208} INFO - Processing /opt/airflow/dags/sales_analysis.py took 0.072 seconds
[2025-01-31T11:14:47.675+0000] {processor.py:186} INFO - Started process (PID=7853) to work on /opt/airflow/dags/sales_analysis.py
[2025-01-31T11:14:47.678+0000] {processor.py:914} INFO - Processing file /opt/airflow/dags/sales_analysis.py for tasks to queue
[2025-01-31T11:14:47.686+0000] {logging_mixin.py:190} INFO - [2025-01-31T11:14:47.685+0000] {dagbag.py:588} INFO - Filling up the DagBag from /opt/airflow/dags/sales_analysis.py
[2025-01-31T11:14:47.714+0000] {processor.py:927} WARNING - No viable dags retrieved from /opt/airflow/dags/sales_analysis.py
[2025-01-31T11:14:47.740+0000] {processor.py:208} INFO - Processing /opt/airflow/dags/sales_analysis.py took 0.085 seconds
[2025-01-31T11:15:04.826+0000] {processor.py:186} INFO - Started process (PID=7890) to work on /opt/airflow/dags/sales_analysis.py
[2025-01-31T11:15:04.828+0000] {processor.py:914} INFO - Processing file /opt/airflow/dags/sales_analysis.py for tasks to queue
[2025-01-31T11:15:04.833+0000] {logging_mixin.py:190} INFO - [2025-01-31T11:15:04.832+0000] {dagbag.py:588} INFO - Filling up the DagBag from /opt/airflow/dags/sales_analysis.py
[2025-01-31T11:15:04.886+0000] {processor.py:927} WARNING - No viable dags retrieved from /opt/airflow/dags/sales_analysis.py
[2025-01-31T11:15:04.911+0000] {processor.py:208} INFO - Processing /opt/airflow/dags/sales_analysis.py took 0.097 seconds
[2025-01-31T11:15:35.054+0000] {processor.py:186} INFO - Started process (PID=7955) to work on /opt/airflow/dags/sales_analysis.py
[2025-01-31T11:15:35.057+0000] {processor.py:914} INFO - Processing file /opt/airflow/dags/sales_analysis.py for tasks to queue
[2025-01-31T11:15:35.062+0000] {logging_mixin.py:190} INFO - [2025-01-31T11:15:35.061+0000] {dagbag.py:588} INFO - Filling up the DagBag from /opt/airflow/dags/sales_analysis.py
[2025-01-31T11:15:35.090+0000] {processor.py:927} WARNING - No viable dags retrieved from /opt/airflow/dags/sales_analysis.py
[2025-01-31T11:15:35.123+0000] {processor.py:208} INFO - Processing /opt/airflow/dags/sales_analysis.py took 0.089 seconds
[2025-01-31T11:16:05.444+0000] {processor.py:186} INFO - Started process (PID=8019) to work on /opt/airflow/dags/sales_analysis.py
[2025-01-31T11:16:05.449+0000] {processor.py:914} INFO - Processing file /opt/airflow/dags/sales_analysis.py for tasks to queue
[2025-01-31T11:16:05.466+0000] {logging_mixin.py:190} INFO - [2025-01-31T11:16:05.463+0000] {dagbag.py:588} INFO - Filling up the DagBag from /opt/airflow/dags/sales_analysis.py
[2025-01-31T11:16:05.533+0000] {processor.py:927} WARNING - No viable dags retrieved from /opt/airflow/dags/sales_analysis.py
[2025-01-31T11:16:05.595+0000] {processor.py:208} INFO - Processing /opt/airflow/dags/sales_analysis.py took 0.185 seconds
[2025-01-31T11:16:30.220+0000] {processor.py:186} INFO - Started process (PID=8084) to work on /opt/airflow/dags/sales_analysis.py
[2025-01-31T11:16:30.222+0000] {processor.py:914} INFO - Processing file /opt/airflow/dags/sales_analysis.py for tasks to queue
[2025-01-31T11:16:30.226+0000] {logging_mixin.py:190} INFO - [2025-01-31T11:16:30.225+0000] {dagbag.py:588} INFO - Filling up the DagBag from /opt/airflow/dags/sales_analysis.py
[2025-01-31T11:16:30.282+0000] {processor.py:925} INFO - DAG(s) 'sales-analysis-dag' retrieved from /opt/airflow/dags/sales_analysis.py
[2025-01-31T11:16:30.485+0000] {logging_mixin.py:190} INFO - [2025-01-31T11:16:30.484+0000] {override.py:1911} INFO - Created Permission View: can edit on DAG:sales-analysis-dag
[2025-01-31T11:16:30.507+0000] {logging_mixin.py:190} INFO - [2025-01-31T11:16:30.507+0000] {override.py:1911} INFO - Created Permission View: can read on DAG:sales-analysis-dag
[2025-01-31T11:16:30.526+0000] {logging_mixin.py:190} INFO - [2025-01-31T11:16:30.525+0000] {override.py:1911} INFO - Created Permission View: can delete on DAG:sales-analysis-dag
[2025-01-31T11:16:30.547+0000] {logging_mixin.py:190} INFO - [2025-01-31T11:16:30.547+0000] {override.py:1911} INFO - Created Permission View: can create on DAG Run:sales-analysis-dag
[2025-01-31T11:16:30.569+0000] {logging_mixin.py:190} INFO - [2025-01-31T11:16:30.568+0000] {override.py:1911} INFO - Created Permission View: menu access on DAG Run:sales-analysis-dag
[2025-01-31T11:16:30.590+0000] {logging_mixin.py:190} INFO - [2025-01-31T11:16:30.588+0000] {override.py:1911} INFO - Created Permission View: can read on DAG Run:sales-analysis-dag
[2025-01-31T11:16:30.613+0000] {logging_mixin.py:190} INFO - [2025-01-31T11:16:30.612+0000] {override.py:1911} INFO - Created Permission View: can delete on DAG Run:sales-analysis-dag
[2025-01-31T11:16:30.614+0000] {logging_mixin.py:190} INFO - [2025-01-31T11:16:30.614+0000] {dag.py:3239} INFO - Sync 1 DAGs
[2025-01-31T11:16:30.652+0000] {logging_mixin.py:190} INFO - [2025-01-31T11:16:30.652+0000] {dag.py:3262} INFO - Creating ORM DAG for sales-analysis-dag
[2025-01-31T11:16:30.676+0000] {logging_mixin.py:190} INFO - [2025-01-31T11:16:30.676+0000] {dag.py:4180} INFO - Setting next_dagrun for sales-analysis-dag to None, run_after=None
[2025-01-31T11:16:30.708+0000] {processor.py:208} INFO - Processing /opt/airflow/dags/sales_analysis.py took 0.498 seconds
[2025-01-31T11:17:01.108+0000] {processor.py:186} INFO - Started process (PID=8148) to work on /opt/airflow/dags/sales_analysis.py
[2025-01-31T11:17:01.111+0000] {processor.py:914} INFO - Processing file /opt/airflow/dags/sales_analysis.py for tasks to queue
[2025-01-31T11:17:01.117+0000] {logging_mixin.py:190} INFO - [2025-01-31T11:17:01.115+0000] {dagbag.py:588} INFO - Filling up the DagBag from /opt/airflow/dags/sales_analysis.py
[2025-01-31T11:17:01.159+0000] {processor.py:925} INFO - DAG(s) 'sales-analysis-dag' retrieved from /opt/airflow/dags/sales_analysis.py
[2025-01-31T11:17:01.210+0000] {logging_mixin.py:190} INFO - [2025-01-31T11:17:01.209+0000] {dag.py:3239} INFO - Sync 1 DAGs
[2025-01-31T11:17:01.269+0000] {logging_mixin.py:190} INFO - [2025-01-31T11:17:01.269+0000] {dag.py:4180} INFO - Setting next_dagrun for sales-analysis-dag to None, run_after=None
[2025-01-31T11:17:01.309+0000] {processor.py:208} INFO - Processing /opt/airflow/dags/sales_analysis.py took 0.216 seconds
[2025-01-31T11:17:32.262+0000] {processor.py:186} INFO - Started process (PID=8213) to work on /opt/airflow/dags/sales_analysis.py
[2025-01-31T11:17:32.267+0000] {processor.py:914} INFO - Processing file /opt/airflow/dags/sales_analysis.py for tasks to queue
[2025-01-31T11:17:32.276+0000] {logging_mixin.py:190} INFO - [2025-01-31T11:17:32.275+0000] {dagbag.py:588} INFO - Filling up the DagBag from /opt/airflow/dags/sales_analysis.py
[2025-01-31T11:17:32.312+0000] {processor.py:925} INFO - DAG(s) 'sales-analysis-dag' retrieved from /opt/airflow/dags/sales_analysis.py
[2025-01-31T11:17:32.358+0000] {logging_mixin.py:190} INFO - [2025-01-31T11:17:32.358+0000] {dag.py:3239} INFO - Sync 1 DAGs
[2025-01-31T11:17:32.434+0000] {logging_mixin.py:190} INFO - [2025-01-31T11:17:32.433+0000] {dag.py:4180} INFO - Setting next_dagrun for sales-analysis-dag to None, run_after=None
[2025-01-31T11:17:32.476+0000] {processor.py:208} INFO - Processing /opt/airflow/dags/sales_analysis.py took 0.234 seconds
[2025-01-31T11:17:40.859+0000] {processor.py:186} INFO - Started process (PID=8215) to work on /opt/airflow/dags/sales_analysis.py
[2025-01-31T11:17:40.861+0000] {processor.py:914} INFO - Processing file /opt/airflow/dags/sales_analysis.py for tasks to queue
[2025-01-31T11:17:40.866+0000] {logging_mixin.py:190} INFO - [2025-01-31T11:17:40.865+0000] {dagbag.py:588} INFO - Filling up the DagBag from /opt/airflow/dags/sales_analysis.py
[2025-01-31T11:17:40.931+0000] {processor.py:925} INFO - DAG(s) 'sales-analysis-dag' retrieved from /opt/airflow/dags/sales_analysis.py
[2025-01-31T11:17:40.973+0000] {logging_mixin.py:190} INFO - [2025-01-31T11:17:40.972+0000] {dag.py:3239} INFO - Sync 1 DAGs
[2025-01-31T11:17:41.012+0000] {logging_mixin.py:190} INFO - [2025-01-31T11:17:41.012+0000] {dag.py:4180} INFO - Setting next_dagrun for sales-analysis-dag to None, run_after=None
[2025-01-31T11:17:41.053+0000] {processor.py:208} INFO - Processing /opt/airflow/dags/sales_analysis.py took 0.205 seconds
[2025-01-31T11:18:11.177+0000] {processor.py:186} INFO - Started process (PID=8280) to work on /opt/airflow/dags/sales_analysis.py
[2025-01-31T11:18:11.181+0000] {processor.py:914} INFO - Processing file /opt/airflow/dags/sales_analysis.py for tasks to queue
[2025-01-31T11:18:11.194+0000] {logging_mixin.py:190} INFO - [2025-01-31T11:18:11.192+0000] {dagbag.py:588} INFO - Filling up the DagBag from /opt/airflow/dags/sales_analysis.py
[2025-01-31T11:18:11.244+0000] {processor.py:925} INFO - DAG(s) 'sales-analysis-dag' retrieved from /opt/airflow/dags/sales_analysis.py
[2025-01-31T11:18:11.317+0000] {logging_mixin.py:190} INFO - [2025-01-31T11:18:11.316+0000] {dag.py:3239} INFO - Sync 1 DAGs
[2025-01-31T11:18:11.418+0000] {logging_mixin.py:190} INFO - [2025-01-31T11:18:11.417+0000] {dag.py:4180} INFO - Setting next_dagrun for sales-analysis-dag to None, run_after=None
[2025-01-31T11:18:11.480+0000] {processor.py:208} INFO - Processing /opt/airflow/dags/sales_analysis.py took 0.325 seconds
[2025-01-31T11:18:41.597+0000] {processor.py:186} INFO - Started process (PID=8345) to work on /opt/airflow/dags/sales_analysis.py
[2025-01-31T11:18:41.598+0000] {processor.py:914} INFO - Processing file /opt/airflow/dags/sales_analysis.py for tasks to queue
[2025-01-31T11:18:41.603+0000] {logging_mixin.py:190} INFO - [2025-01-31T11:18:41.602+0000] {dagbag.py:588} INFO - Filling up the DagBag from /opt/airflow/dags/sales_analysis.py
[2025-01-31T11:18:41.638+0000] {processor.py:925} INFO - DAG(s) 'sales-analysis-dag' retrieved from /opt/airflow/dags/sales_analysis.py
[2025-01-31T11:18:41.704+0000] {logging_mixin.py:190} INFO - [2025-01-31T11:18:41.703+0000] {dag.py:3239} INFO - Sync 1 DAGs
[2025-01-31T11:18:41.775+0000] {logging_mixin.py:190} INFO - [2025-01-31T11:18:41.775+0000] {dag.py:4180} INFO - Setting next_dagrun for sales-analysis-dag to None, run_after=None
[2025-01-31T11:18:41.814+0000] {processor.py:208} INFO - Processing /opt/airflow/dags/sales_analysis.py took 0.229 seconds
[2025-01-31T11:19:12.449+0000] {processor.py:186} INFO - Started process (PID=8416) to work on /opt/airflow/dags/sales_analysis.py
[2025-01-31T11:19:12.451+0000] {processor.py:914} INFO - Processing file /opt/airflow/dags/sales_analysis.py for tasks to queue
[2025-01-31T11:19:12.456+0000] {logging_mixin.py:190} INFO - [2025-01-31T11:19:12.456+0000] {dagbag.py:588} INFO - Filling up the DagBag from /opt/airflow/dags/sales_analysis.py
[2025-01-31T11:19:12.491+0000] {processor.py:925} INFO - DAG(s) 'sales-analysis-dag' retrieved from /opt/airflow/dags/sales_analysis.py
[2025-01-31T11:19:12.520+0000] {logging_mixin.py:190} INFO - [2025-01-31T11:19:12.520+0000] {dag.py:3239} INFO - Sync 1 DAGs
[2025-01-31T11:19:12.554+0000] {logging_mixin.py:190} INFO - [2025-01-31T11:19:12.554+0000] {dag.py:4180} INFO - Setting next_dagrun for sales-analysis-dag to None, run_after=None
[2025-01-31T11:19:12.595+0000] {processor.py:208} INFO - Processing /opt/airflow/dags/sales_analysis.py took 0.159 seconds
[2025-01-31T11:19:42.884+0000] {processor.py:186} INFO - Started process (PID=8481) to work on /opt/airflow/dags/sales_analysis.py
[2025-01-31T11:19:42.885+0000] {processor.py:914} INFO - Processing file /opt/airflow/dags/sales_analysis.py for tasks to queue
[2025-01-31T11:19:42.890+0000] {logging_mixin.py:190} INFO - [2025-01-31T11:19:42.889+0000] {dagbag.py:588} INFO - Filling up the DagBag from /opt/airflow/dags/sales_analysis.py
[2025-01-31T11:19:42.923+0000] {processor.py:925} INFO - DAG(s) 'sales-analysis-dag' retrieved from /opt/airflow/dags/sales_analysis.py
[2025-01-31T11:19:42.958+0000] {logging_mixin.py:190} INFO - [2025-01-31T11:19:42.957+0000] {dag.py:3239} INFO - Sync 1 DAGs
[2025-01-31T11:19:43.008+0000] {logging_mixin.py:190} INFO - [2025-01-31T11:19:43.008+0000] {dag.py:4180} INFO - Setting next_dagrun for sales-analysis-dag to None, run_after=None
[2025-01-31T11:19:43.042+0000] {processor.py:208} INFO - Processing /opt/airflow/dags/sales_analysis.py took 0.167 seconds
[2025-01-31T11:20:13.885+0000] {processor.py:186} INFO - Started process (PID=8546) to work on /opt/airflow/dags/sales_analysis.py
[2025-01-31T11:20:13.887+0000] {processor.py:914} INFO - Processing file /opt/airflow/dags/sales_analysis.py for tasks to queue
[2025-01-31T11:20:13.893+0000] {logging_mixin.py:190} INFO - [2025-01-31T11:20:13.892+0000] {dagbag.py:588} INFO - Filling up the DagBag from /opt/airflow/dags/sales_analysis.py
[2025-01-31T11:20:13.931+0000] {processor.py:925} INFO - DAG(s) 'sales-analysis-dag' retrieved from /opt/airflow/dags/sales_analysis.py
[2025-01-31T11:20:13.962+0000] {logging_mixin.py:190} INFO - [2025-01-31T11:20:13.962+0000] {dag.py:3239} INFO - Sync 1 DAGs
[2025-01-31T11:20:13.997+0000] {logging_mixin.py:190} INFO - [2025-01-31T11:20:13.997+0000] {dag.py:4180} INFO - Setting next_dagrun for sales-analysis-dag to None, run_after=None
[2025-01-31T11:20:14.026+0000] {processor.py:208} INFO - Processing /opt/airflow/dags/sales_analysis.py took 0.155 seconds
[2025-01-31T11:20:21.015+0000] {processor.py:186} INFO - Started process (PID=8554) to work on /opt/airflow/dags/sales_analysis.py
[2025-01-31T11:20:21.018+0000] {processor.py:914} INFO - Processing file /opt/airflow/dags/sales_analysis.py for tasks to queue
[2025-01-31T11:20:21.025+0000] {logging_mixin.py:190} INFO - [2025-01-31T11:20:21.024+0000] {dagbag.py:588} INFO - Filling up the DagBag from /opt/airflow/dags/sales_analysis.py
[2025-01-31T11:20:21.094+0000] {processor.py:925} INFO - DAG(s) 'sales-analysis-dag' retrieved from /opt/airflow/dags/sales_analysis.py
[2025-01-31T11:20:21.507+0000] {logging_mixin.py:190} INFO - [2025-01-31T11:20:21.506+0000] {dag.py:3239} INFO - Sync 1 DAGs
[2025-01-31T11:20:21.550+0000] {logging_mixin.py:190} INFO - [2025-01-31T11:20:21.549+0000] {dag.py:4180} INFO - Setting next_dagrun for sales-analysis-dag to 2025-01-31 00:00:00+00:00, run_after=2025-02-01 00:00:00+00:00
[2025-01-31T11:20:21.587+0000] {processor.py:208} INFO - Processing /opt/airflow/dags/sales_analysis.py took 0.594 seconds
[2025-01-31T11:20:52.420+0000] {processor.py:186} INFO - Started process (PID=8620) to work on /opt/airflow/dags/sales_analysis.py
[2025-01-31T11:20:52.422+0000] {processor.py:914} INFO - Processing file /opt/airflow/dags/sales_analysis.py for tasks to queue
[2025-01-31T11:20:52.426+0000] {logging_mixin.py:190} INFO - [2025-01-31T11:20:52.426+0000] {dagbag.py:588} INFO - Filling up the DagBag from /opt/airflow/dags/sales_analysis.py
[2025-01-31T11:20:52.458+0000] {processor.py:925} INFO - DAG(s) 'sales-analysis-dag' retrieved from /opt/airflow/dags/sales_analysis.py
[2025-01-31T11:20:52.495+0000] {logging_mixin.py:190} INFO - [2025-01-31T11:20:52.494+0000] {dag.py:3239} INFO - Sync 1 DAGs
[2025-01-31T11:20:52.540+0000] {logging_mixin.py:190} INFO - [2025-01-31T11:20:52.540+0000] {dag.py:4180} INFO - Setting next_dagrun for sales-analysis-dag to 2025-01-31 00:00:00+00:00, run_after=2025-02-01 00:00:00+00:00
[2025-01-31T11:20:52.585+0000] {processor.py:208} INFO - Processing /opt/airflow/dags/sales_analysis.py took 0.180 seconds
[2025-01-31T11:21:23.471+0000] {processor.py:186} INFO - Started process (PID=8685) to work on /opt/airflow/dags/sales_analysis.py
[2025-01-31T11:21:23.477+0000] {processor.py:914} INFO - Processing file /opt/airflow/dags/sales_analysis.py for tasks to queue
[2025-01-31T11:21:23.490+0000] {logging_mixin.py:190} INFO - [2025-01-31T11:21:23.487+0000] {dagbag.py:588} INFO - Filling up the DagBag from /opt/airflow/dags/sales_analysis.py
[2025-01-31T11:21:23.550+0000] {processor.py:925} INFO - DAG(s) 'sales-analysis-dag' retrieved from /opt/airflow/dags/sales_analysis.py
[2025-01-31T11:21:23.589+0000] {logging_mixin.py:190} INFO - [2025-01-31T11:21:23.588+0000] {dag.py:3239} INFO - Sync 1 DAGs
[2025-01-31T11:21:23.654+0000] {logging_mixin.py:190} INFO - [2025-01-31T11:21:23.654+0000] {dag.py:4180} INFO - Setting next_dagrun for sales-analysis-dag to 2025-01-31 00:00:00+00:00, run_after=2025-02-01 00:00:00+00:00
[2025-01-31T11:21:23.711+0000] {processor.py:208} INFO - Processing /opt/airflow/dags/sales_analysis.py took 0.272 seconds
[2025-01-31T11:21:53.968+0000] {processor.py:186} INFO - Started process (PID=8750) to work on /opt/airflow/dags/sales_analysis.py
[2025-01-31T11:21:53.971+0000] {processor.py:914} INFO - Processing file /opt/airflow/dags/sales_analysis.py for tasks to queue
[2025-01-31T11:21:53.978+0000] {logging_mixin.py:190} INFO - [2025-01-31T11:21:53.977+0000] {dagbag.py:588} INFO - Filling up the DagBag from /opt/airflow/dags/sales_analysis.py
[2025-01-31T11:21:54.024+0000] {processor.py:925} INFO - DAG(s) 'sales-analysis-dag' retrieved from /opt/airflow/dags/sales_analysis.py
[2025-01-31T11:21:54.069+0000] {logging_mixin.py:190} INFO - [2025-01-31T11:21:54.068+0000] {dag.py:3239} INFO - Sync 1 DAGs
[2025-01-31T11:21:54.123+0000] {logging_mixin.py:190} INFO - [2025-01-31T11:21:54.122+0000] {dag.py:4180} INFO - Setting next_dagrun for sales-analysis-dag to 2025-01-31 00:00:00+00:00, run_after=2025-02-01 00:00:00+00:00
[2025-01-31T11:21:54.168+0000] {processor.py:208} INFO - Processing /opt/airflow/dags/sales_analysis.py took 0.218 seconds
[2025-01-31T11:22:24.325+0000] {processor.py:186} INFO - Started process (PID=8815) to work on /opt/airflow/dags/sales_analysis.py
[2025-01-31T11:22:24.327+0000] {processor.py:914} INFO - Processing file /opt/airflow/dags/sales_analysis.py for tasks to queue
[2025-01-31T11:22:24.334+0000] {logging_mixin.py:190} INFO - [2025-01-31T11:22:24.333+0000] {dagbag.py:588} INFO - Filling up the DagBag from /opt/airflow/dags/sales_analysis.py
[2025-01-31T11:22:24.376+0000] {processor.py:925} INFO - DAG(s) 'sales-analysis-dag' retrieved from /opt/airflow/dags/sales_analysis.py
[2025-01-31T11:22:24.416+0000] {logging_mixin.py:190} INFO - [2025-01-31T11:22:24.416+0000] {dag.py:3239} INFO - Sync 1 DAGs
[2025-01-31T11:22:24.461+0000] {logging_mixin.py:190} INFO - [2025-01-31T11:22:24.460+0000] {dag.py:4180} INFO - Setting next_dagrun for sales-analysis-dag to 2025-01-31 00:00:00+00:00, run_after=2025-02-01 00:00:00+00:00
[2025-01-31T11:22:24.506+0000] {processor.py:208} INFO - Processing /opt/airflow/dags/sales_analysis.py took 0.196 seconds
[2025-01-31T11:22:55.056+0000] {processor.py:186} INFO - Started process (PID=8881) to work on /opt/airflow/dags/sales_analysis.py
[2025-01-31T11:22:55.058+0000] {processor.py:914} INFO - Processing file /opt/airflow/dags/sales_analysis.py for tasks to queue
[2025-01-31T11:22:55.064+0000] {logging_mixin.py:190} INFO - [2025-01-31T11:22:55.063+0000] {dagbag.py:588} INFO - Filling up the DagBag from /opt/airflow/dags/sales_analysis.py
[2025-01-31T11:22:55.091+0000] {processor.py:925} INFO - DAG(s) 'sales-analysis-dag' retrieved from /opt/airflow/dags/sales_analysis.py
[2025-01-31T11:22:55.129+0000] {logging_mixin.py:190} INFO - [2025-01-31T11:22:55.128+0000] {dag.py:3239} INFO - Sync 1 DAGs
[2025-01-31T11:22:55.171+0000] {logging_mixin.py:190} INFO - [2025-01-31T11:22:55.171+0000] {dag.py:4180} INFO - Setting next_dagrun for sales-analysis-dag to 2025-01-31 00:00:00+00:00, run_after=2025-02-01 00:00:00+00:00
[2025-01-31T11:22:55.220+0000] {processor.py:208} INFO - Processing /opt/airflow/dags/sales_analysis.py took 0.182 seconds
[2025-01-31T11:23:25.988+0000] {processor.py:186} INFO - Started process (PID=8946) to work on /opt/airflow/dags/sales_analysis.py
[2025-01-31T11:23:25.990+0000] {processor.py:914} INFO - Processing file /opt/airflow/dags/sales_analysis.py for tasks to queue
[2025-01-31T11:23:25.997+0000] {logging_mixin.py:190} INFO - [2025-01-31T11:23:25.996+0000] {dagbag.py:588} INFO - Filling up the DagBag from /opt/airflow/dags/sales_analysis.py
[2025-01-31T11:23:26.053+0000] {processor.py:925} INFO - DAG(s) 'sales-analysis-dag' retrieved from /opt/airflow/dags/sales_analysis.py
[2025-01-31T11:23:26.096+0000] {logging_mixin.py:190} INFO - [2025-01-31T11:23:26.095+0000] {dag.py:3239} INFO - Sync 1 DAGs
[2025-01-31T11:23:26.145+0000] {logging_mixin.py:190} INFO - [2025-01-31T11:23:26.145+0000] {dag.py:4180} INFO - Setting next_dagrun for sales-analysis-dag to 2025-01-31 00:00:00+00:00, run_after=2025-02-01 00:00:00+00:00
[2025-01-31T11:23:26.192+0000] {processor.py:208} INFO - Processing /opt/airflow/dags/sales_analysis.py took 0.217 seconds
[2025-01-31T11:23:32.873+0000] {processor.py:186} INFO - Started process (PID=8954) to work on /opt/airflow/dags/sales_analysis.py
[2025-01-31T11:23:32.874+0000] {processor.py:914} INFO - Processing file /opt/airflow/dags/sales_analysis.py for tasks to queue
[2025-01-31T11:23:32.878+0000] {logging_mixin.py:190} INFO - [2025-01-31T11:23:32.877+0000] {dagbag.py:588} INFO - Filling up the DagBag from /opt/airflow/dags/sales_analysis.py
[2025-01-31T11:23:32.934+0000] {processor.py:925} INFO - DAG(s) 'sales-analysis-dag' retrieved from /opt/airflow/dags/sales_analysis.py
[2025-01-31T11:23:33.177+0000] {logging_mixin.py:190} INFO - [2025-01-31T11:23:33.177+0000] {dag.py:3239} INFO - Sync 1 DAGs
[2025-01-31T11:23:33.218+0000] {logging_mixin.py:190} INFO - [2025-01-31T11:23:33.217+0000] {dag.py:4180} INFO - Setting next_dagrun for sales-analysis-dag to 2025-01-31 00:00:00+00:00, run_after=2025-02-01 00:00:00+00:00
[2025-01-31T11:23:33.266+0000] {processor.py:208} INFO - Processing /opt/airflow/dags/sales_analysis.py took 0.407 seconds
[2025-01-31T11:24:03.563+0000] {processor.py:186} INFO - Started process (PID=9019) to work on /opt/airflow/dags/sales_analysis.py
[2025-01-31T11:24:03.568+0000] {processor.py:914} INFO - Processing file /opt/airflow/dags/sales_analysis.py for tasks to queue
[2025-01-31T11:24:03.578+0000] {logging_mixin.py:190} INFO - [2025-01-31T11:24:03.577+0000] {dagbag.py:588} INFO - Filling up the DagBag from /opt/airflow/dags/sales_analysis.py
[2025-01-31T11:24:03.640+0000] {processor.py:925} INFO - DAG(s) 'sales-analysis-dag' retrieved from /opt/airflow/dags/sales_analysis.py
[2025-01-31T11:24:03.684+0000] {logging_mixin.py:190} INFO - [2025-01-31T11:24:03.683+0000] {dag.py:3239} INFO - Sync 1 DAGs
[2025-01-31T11:24:03.772+0000] {logging_mixin.py:190} INFO - [2025-01-31T11:24:03.769+0000] {dag.py:4180} INFO - Setting next_dagrun for sales-analysis-dag to 2025-01-31 00:00:00+00:00, run_after=2025-02-01 00:00:00+00:00
[2025-01-31T11:24:03.825+0000] {processor.py:208} INFO - Processing /opt/airflow/dags/sales_analysis.py took 0.297 seconds
[2025-01-31T11:24:34.627+0000] {processor.py:186} INFO - Started process (PID=9084) to work on /opt/airflow/dags/sales_analysis.py
[2025-01-31T11:24:34.629+0000] {processor.py:914} INFO - Processing file /opt/airflow/dags/sales_analysis.py for tasks to queue
[2025-01-31T11:24:34.634+0000] {logging_mixin.py:190} INFO - [2025-01-31T11:24:34.634+0000] {dagbag.py:588} INFO - Filling up the DagBag from /opt/airflow/dags/sales_analysis.py
[2025-01-31T11:24:34.680+0000] {processor.py:925} INFO - DAG(s) 'sales-analysis-dag' retrieved from /opt/airflow/dags/sales_analysis.py
[2025-01-31T11:24:34.730+0000] {logging_mixin.py:190} INFO - [2025-01-31T11:24:34.729+0000] {dag.py:3239} INFO - Sync 1 DAGs
[2025-01-31T11:24:34.798+0000] {logging_mixin.py:190} INFO - [2025-01-31T11:24:34.798+0000] {dag.py:4180} INFO - Setting next_dagrun for sales-analysis-dag to 2025-01-31 00:00:00+00:00, run_after=2025-02-01 00:00:00+00:00
[2025-01-31T11:24:34.848+0000] {processor.py:208} INFO - Processing /opt/airflow/dags/sales_analysis.py took 0.238 seconds
[2025-01-31T11:25:05.272+0000] {processor.py:186} INFO - Started process (PID=9149) to work on /opt/airflow/dags/sales_analysis.py
[2025-01-31T11:25:05.275+0000] {processor.py:914} INFO - Processing file /opt/airflow/dags/sales_analysis.py for tasks to queue
[2025-01-31T11:25:05.280+0000] {logging_mixin.py:190} INFO - [2025-01-31T11:25:05.279+0000] {dagbag.py:588} INFO - Filling up the DagBag from /opt/airflow/dags/sales_analysis.py
[2025-01-31T11:25:05.334+0000] {processor.py:925} INFO - DAG(s) 'sales-analysis-dag' retrieved from /opt/airflow/dags/sales_analysis.py
[2025-01-31T11:25:05.411+0000] {logging_mixin.py:190} INFO - [2025-01-31T11:25:05.410+0000] {dag.py:3239} INFO - Sync 1 DAGs
[2025-01-31T11:25:05.495+0000] {logging_mixin.py:190} INFO - [2025-01-31T11:25:05.495+0000] {dag.py:4180} INFO - Setting next_dagrun for sales-analysis-dag to 2025-01-31 00:00:00+00:00, run_after=2025-02-01 00:00:00+00:00
[2025-01-31T11:25:05.560+0000] {processor.py:208} INFO - Processing /opt/airflow/dags/sales_analysis.py took 0.307 seconds
[2025-01-31T11:25:36.226+0000] {processor.py:186} INFO - Started process (PID=9214) to work on /opt/airflow/dags/sales_analysis.py
[2025-01-31T11:25:36.230+0000] {processor.py:914} INFO - Processing file /opt/airflow/dags/sales_analysis.py for tasks to queue
[2025-01-31T11:25:36.241+0000] {logging_mixin.py:190} INFO - [2025-01-31T11:25:36.239+0000] {dagbag.py:588} INFO - Filling up the DagBag from /opt/airflow/dags/sales_analysis.py
[2025-01-31T11:25:36.314+0000] {processor.py:925} INFO - DAG(s) 'sales-analysis-dag' retrieved from /opt/airflow/dags/sales_analysis.py
[2025-01-31T11:25:36.370+0000] {logging_mixin.py:190} INFO - [2025-01-31T11:25:36.370+0000] {dag.py:3239} INFO - Sync 1 DAGs
[2025-01-31T11:25:36.445+0000] {logging_mixin.py:190} INFO - [2025-01-31T11:25:36.444+0000] {dag.py:4180} INFO - Setting next_dagrun for sales-analysis-dag to 2025-01-31 00:00:00+00:00, run_after=2025-02-01 00:00:00+00:00
[2025-01-31T11:25:36.511+0000] {processor.py:208} INFO - Processing /opt/airflow/dags/sales_analysis.py took 0.307 seconds
[2025-01-31T11:26:07.538+0000] {processor.py:186} INFO - Started process (PID=9279) to work on /opt/airflow/dags/sales_analysis.py
[2025-01-31T11:26:07.541+0000] {processor.py:914} INFO - Processing file /opt/airflow/dags/sales_analysis.py for tasks to queue
[2025-01-31T11:26:07.546+0000] {logging_mixin.py:190} INFO - [2025-01-31T11:26:07.545+0000] {dagbag.py:588} INFO - Filling up the DagBag from /opt/airflow/dags/sales_analysis.py
[2025-01-31T11:26:07.589+0000] {processor.py:925} INFO - DAG(s) 'sales-analysis-dag' retrieved from /opt/airflow/dags/sales_analysis.py
[2025-01-31T11:26:07.623+0000] {logging_mixin.py:190} INFO - [2025-01-31T11:26:07.622+0000] {dag.py:3239} INFO - Sync 1 DAGs
[2025-01-31T11:26:07.666+0000] {logging_mixin.py:190} INFO - [2025-01-31T11:26:07.665+0000] {dag.py:4180} INFO - Setting next_dagrun for sales-analysis-dag to 2025-01-31 00:00:00+00:00, run_after=2025-02-01 00:00:00+00:00
[2025-01-31T11:26:07.733+0000] {processor.py:208} INFO - Processing /opt/airflow/dags/sales_analysis.py took 0.208 seconds
[2025-01-31T11:26:38.516+0000] {processor.py:186} INFO - Started process (PID=9344) to work on /opt/airflow/dags/sales_analysis.py
[2025-01-31T11:26:38.517+0000] {processor.py:914} INFO - Processing file /opt/airflow/dags/sales_analysis.py for tasks to queue
[2025-01-31T11:26:38.521+0000] {logging_mixin.py:190} INFO - [2025-01-31T11:26:38.521+0000] {dagbag.py:588} INFO - Filling up the DagBag from /opt/airflow/dags/sales_analysis.py
[2025-01-31T11:26:38.556+0000] {processor.py:925} INFO - DAG(s) 'sales-analysis-dag' retrieved from /opt/airflow/dags/sales_analysis.py
[2025-01-31T11:26:38.591+0000] {logging_mixin.py:190} INFO - [2025-01-31T11:26:38.591+0000] {dag.py:3239} INFO - Sync 1 DAGs
[2025-01-31T11:26:38.638+0000] {logging_mixin.py:190} INFO - [2025-01-31T11:26:38.638+0000] {dag.py:4180} INFO - Setting next_dagrun for sales-analysis-dag to 2025-01-31 00:00:00+00:00, run_after=2025-02-01 00:00:00+00:00
[2025-01-31T11:26:38.676+0000] {processor.py:208} INFO - Processing /opt/airflow/dags/sales_analysis.py took 0.171 seconds
[2025-01-31T11:27:08.857+0000] {processor.py:186} INFO - Started process (PID=9409) to work on /opt/airflow/dags/sales_analysis.py
[2025-01-31T11:27:08.858+0000] {processor.py:914} INFO - Processing file /opt/airflow/dags/sales_analysis.py for tasks to queue
[2025-01-31T11:27:08.863+0000] {logging_mixin.py:190} INFO - [2025-01-31T11:27:08.862+0000] {dagbag.py:588} INFO - Filling up the DagBag from /opt/airflow/dags/sales_analysis.py
[2025-01-31T11:27:08.902+0000] {processor.py:925} INFO - DAG(s) 'sales-analysis-dag' retrieved from /opt/airflow/dags/sales_analysis.py
[2025-01-31T11:27:08.935+0000] {logging_mixin.py:190} INFO - [2025-01-31T11:27:08.935+0000] {dag.py:3239} INFO - Sync 1 DAGs
[2025-01-31T11:27:08.979+0000] {logging_mixin.py:190} INFO - [2025-01-31T11:27:08.979+0000] {dag.py:4180} INFO - Setting next_dagrun for sales-analysis-dag to 2025-01-31 00:00:00+00:00, run_after=2025-02-01 00:00:00+00:00
[2025-01-31T11:27:09.012+0000] {processor.py:208} INFO - Processing /opt/airflow/dags/sales_analysis.py took 0.170 seconds
[2025-01-31T11:27:39.458+0000] {processor.py:186} INFO - Started process (PID=9474) to work on /opt/airflow/dags/sales_analysis.py
[2025-01-31T11:27:39.460+0000] {processor.py:914} INFO - Processing file /opt/airflow/dags/sales_analysis.py for tasks to queue
[2025-01-31T11:27:39.464+0000] {logging_mixin.py:190} INFO - [2025-01-31T11:27:39.463+0000] {dagbag.py:588} INFO - Filling up the DagBag from /opt/airflow/dags/sales_analysis.py
[2025-01-31T11:27:39.495+0000] {processor.py:925} INFO - DAG(s) 'sales-analysis-dag' retrieved from /opt/airflow/dags/sales_analysis.py
[2025-01-31T11:27:39.532+0000] {logging_mixin.py:190} INFO - [2025-01-31T11:27:39.532+0000] {dag.py:3239} INFO - Sync 1 DAGs
[2025-01-31T11:27:39.574+0000] {logging_mixin.py:190} INFO - [2025-01-31T11:27:39.574+0000] {dag.py:4180} INFO - Setting next_dagrun for sales-analysis-dag to 2025-01-31 00:00:00+00:00, run_after=2025-02-01 00:00:00+00:00
[2025-01-31T11:27:39.617+0000] {processor.py:208} INFO - Processing /opt/airflow/dags/sales_analysis.py took 0.173 seconds
