[2025-01-31T09:58:27.737+0000] {local_task_job_runner.py:123} INFO - ::group::Pre task execution logs
[2025-01-31T09:58:27.774+0000] {taskinstance.py:2613} INFO - Dependencies all met for dep_context=non-requeueable deps ti=<TaskInstance: my-first-python-etl-dag.transform scheduled__2025-01-30T00:00:00+00:00 [queued]>
[2025-01-31T09:58:27.795+0000] {taskinstance.py:2613} INFO - Dependencies all met for dep_context=requeueable deps ti=<TaskInstance: my-first-python-etl-dag.transform scheduled__2025-01-30T00:00:00+00:00 [queued]>
[2025-01-31T09:58:27.796+0000] {taskinstance.py:2866} INFO - Starting attempt 1 of 2
[2025-01-31T09:58:28.099+0000] {taskinstance.py:2889} INFO - Executing <Task(PythonOperator): transform> on 2025-01-30 00:00:00+00:00
[2025-01-31T09:58:28.115+0000] {warnings.py:112} WARNING - /home/***/.local/lib/python3.12/site-packages/***/task/task_runner/standard_task_runner.py:70: DeprecationWarning: This process (pid=75) is multi-threaded, use of fork() may lead to deadlocks in the child.
  pid = os.fork()

[2025-01-31T09:58:28.117+0000] {standard_task_runner.py:104} INFO - Running: ['***', 'tasks', 'run', 'my-first-python-etl-dag', 'transform', 'scheduled__2025-01-30T00:00:00+00:00', '--job-id', '23', '--raw', '--subdir', 'DAGS_FOLDER/my_first_dag.py', '--cfg-path', '/tmp/tmp2y1rvqyc']
[2025-01-31T09:58:28.119+0000] {standard_task_runner.py:72} INFO - Started process 86 to run task
[2025-01-31T09:58:28.120+0000] {standard_task_runner.py:105} INFO - Job 23: Subtask transform
[2025-01-31T09:58:28.317+0000] {task_command.py:467} INFO - Running <TaskInstance: my-first-python-etl-dag.transform scheduled__2025-01-30T00:00:00+00:00 [running]> on host 0d287206d23f
[2025-01-31T09:58:28.716+0000] {taskinstance.py:3132} INFO - Exporting env vars: AIRFLOW_CTX_DAG_EMAIL='olalekanrasaq1331@gmail.com' AIRFLOW_CTX_DAG_OWNER='Akinkunmi' AIRFLOW_CTX_DAG_ID='my-first-python-etl-dag' AIRFLOW_CTX_TASK_ID='transform' AIRFLOW_CTX_EXECUTION_DATE='2025-01-30T00:00:00+00:00' AIRFLOW_CTX_TRY_NUMBER='1' AIRFLOW_CTX_DAG_RUN_ID='scheduled__2025-01-30T00:00:00+00:00'
[2025-01-31T09:58:28.719+0000] {logging_mixin.py:190} INFO - Task instance is in running state
[2025-01-31T09:58:28.720+0000] {logging_mixin.py:190} INFO -  Previous state of the Task instance: queued
[2025-01-31T09:58:28.720+0000] {logging_mixin.py:190} INFO - Current task name:transform state:running start_date:2025-01-31 09:58:27.775715+00:00
[2025-01-31T09:58:28.721+0000] {logging_mixin.py:190} INFO - Dag name:my-first-python-etl-dag and current dag run status:running
[2025-01-31T09:58:28.722+0000] {taskinstance.py:731} INFO - ::endgroup::
[2025-01-31T09:58:28.724+0000] {logging_mixin.py:190} INFO - Inside Transform
[2025-01-31T09:58:28.725+0000] {python.py:240} INFO - Done. Returned value was: None
[2025-01-31T09:58:28.746+0000] {taskinstance.py:340} INFO - ::group::Post task execution logs
[2025-01-31T09:58:28.748+0000] {taskinstance.py:352} INFO - Marking task as SUCCESS. dag_id=my-first-python-etl-dag, task_id=transform, run_id=scheduled__2025-01-30T00:00:00+00:00, execution_date=20250130T000000, start_date=20250131T095827, end_date=20250131T095828
[2025-01-31T09:58:28.770+0000] {logging_mixin.py:190} INFO - Task instance in success state
[2025-01-31T09:58:28.771+0000] {logging_mixin.py:190} INFO -  Previous state of the Task instance: running
[2025-01-31T09:58:28.772+0000] {logging_mixin.py:190} INFO - Dag name:my-first-python-etl-dag queued_at:2025-01-31 09:58:15.887300+00:00
[2025-01-31T09:58:28.772+0000] {logging_mixin.py:190} INFO - Task hostname:0d287206d23f operator:PythonOperator
[2025-01-31T09:58:28.796+0000] {local_task_job_runner.py:266} INFO - Task exited with return code 0
[2025-01-31T09:58:28.867+0000] {taskinstance.py:3895} INFO - 1 downstream tasks scheduled from follow-on schedule check
[2025-01-31T09:58:28.871+0000] {local_task_job_runner.py:245} INFO - ::endgroup::
