[2025-02-18T06:54:31.277+0000] {local_task_job_runner.py:123} INFO - ::group::Pre task execution logs
[2025-02-18T06:54:31.347+0000] {taskinstance.py:2613} INFO - Dependencies all met for dep_context=non-requeueable deps ti=<TaskInstance: fetch_cryptocurrencies_data.create_table scheduled__2025-02-03T00:00:00+00:00 [queued]>
[2025-02-18T06:54:31.387+0000] {taskinstance.py:2613} INFO - Dependencies all met for dep_context=requeueable deps ti=<TaskInstance: fetch_cryptocurrencies_data.create_table scheduled__2025-02-03T00:00:00+00:00 [queued]>
[2025-02-18T06:54:31.399+0000] {taskinstance.py:2866} INFO - Starting attempt 1 of 2
[2025-02-18T06:54:31.461+0000] {taskinstance.py:2889} INFO - Executing <Task(PostgresOperator): create_table> on 2025-02-03 00:00:00+00:00
[2025-02-18T06:54:31.492+0000] {warnings.py:112} WARNING - /home/***/.local/lib/python3.12/site-packages/***/task/task_runner/standard_task_runner.py:70: DeprecationWarning: This process (pid=101) is multi-threaded, use of fork() may lead to deadlocks in the child.
  pid = os.fork()

[2025-02-18T06:54:31.495+0000] {standard_task_runner.py:72} INFO - Started process 110 to run task
[2025-02-18T06:54:31.502+0000] {standard_task_runner.py:104} INFO - Running: ['***', 'tasks', 'run', 'fetch_cryptocurrencies_data', 'create_table', 'scheduled__2025-02-03T00:00:00+00:00', '--job-id', '84', '--raw', '--subdir', 'DAGS_FOLDER/crypto_coins_dag.py', '--cfg-path', '/tmp/tmpy29z3upj']
[2025-02-18T06:54:31.510+0000] {standard_task_runner.py:105} INFO - Job 84: Subtask create_table
[2025-02-18T06:54:31.729+0000] {task_command.py:467} INFO - Running <TaskInstance: fetch_cryptocurrencies_data.create_table scheduled__2025-02-03T00:00:00+00:00 [running]> on host df376234e961
[2025-02-18T06:54:32.216+0000] {taskinstance.py:3132} INFO - Exporting env vars: AIRFLOW_CTX_DAG_EMAIL='olalekanrasaq1331@gmail.com' AIRFLOW_CTX_DAG_OWNER='Akinkunmi' AIRFLOW_CTX_DAG_ID='fetch_cryptocurrencies_data' AIRFLOW_CTX_TASK_ID='create_table' AIRFLOW_CTX_EXECUTION_DATE='2025-02-03T00:00:00+00:00' AIRFLOW_CTX_TRY_NUMBER='1' AIRFLOW_CTX_DAG_RUN_ID='scheduled__2025-02-03T00:00:00+00:00'
[2025-02-18T06:54:32.228+0000] {logging_mixin.py:190} INFO - Task instance is in running state
[2025-02-18T06:54:32.230+0000] {logging_mixin.py:190} INFO -  Previous state of the Task instance: queued
[2025-02-18T06:54:32.231+0000] {logging_mixin.py:190} INFO - Current task name:create_table state:running start_date:2025-02-18 06:54:31.349154+00:00
[2025-02-18T06:54:32.234+0000] {logging_mixin.py:190} INFO - Dag name:fetch_cryptocurrencies_data and current dag run status:running
[2025-02-18T06:54:32.242+0000] {taskinstance.py:731} INFO - ::endgroup::
[2025-02-18T06:54:32.246+0000] {sql.py:278} INFO - Executing: 
    CREATE TABLE IF NOT EXISTS coins_data (
        id INT PRIMARY KEY,
        name TEXT NOT NULL,
        symbol TEXT,
        price NUMERIC(12,2),
        percent_change_24h NUMERIC(6,2),
        percent_change_7d NUMERIC(6,2),
        percent_change_30d NUMERIC(6,2),
        market_cap NUMERIC(20,2),
        circulating_supply BIGINT
    );
    
[2025-02-18T06:54:32.271+0000] {base.py:84} INFO - Retrieving connection 'Cryptocurrencies_connection'
[2025-02-18T06:54:32.297+0000] {base.py:84} INFO - Retrieving connection 'Cryptocurrencies_connection'
[2025-02-18T06:54:32.355+0000] {sql.py:553} INFO - Running statement: 
    CREATE TABLE IF NOT EXISTS coins_data (
        id INT PRIMARY KEY,
        name TEXT NOT NULL,
        symbol TEXT,
        price NUMERIC(12,2),
        percent_change_24h NUMERIC(6,2),
        percent_change_7d NUMERIC(6,2),
        percent_change_30d NUMERIC(6,2),
        market_cap NUMERIC(20,2),
        circulating_supply BIGINT
    );
    , parameters: None
[2025-02-18T06:54:32.405+0000] {taskinstance.py:340} INFO - ::group::Post task execution logs
[2025-02-18T06:54:32.409+0000] {taskinstance.py:352} INFO - Marking task as SUCCESS. dag_id=fetch_cryptocurrencies_data, task_id=create_table, run_id=scheduled__2025-02-03T00:00:00+00:00, execution_date=20250203T000000, start_date=20250218T065431, end_date=20250218T065432
[2025-02-18T06:54:32.434+0000] {logging_mixin.py:190} INFO - Task instance in success state
[2025-02-18T06:54:32.438+0000] {logging_mixin.py:190} INFO -  Previous state of the Task instance: running
[2025-02-18T06:54:32.439+0000] {logging_mixin.py:190} INFO - Dag name:fetch_cryptocurrencies_data queued_at:2025-02-18 06:54:13.389974+00:00
[2025-02-18T06:54:32.440+0000] {logging_mixin.py:190} INFO - Task hostname:df376234e961 operator:PostgresOperator
[2025-02-18T06:54:32.489+0000] {local_task_job_runner.py:266} INFO - Task exited with return code 0
[2025-02-18T06:54:32.531+0000] {taskinstance.py:3895} INFO - 1 downstream tasks scheduled from follow-on schedule check
[2025-02-18T06:54:32.536+0000] {local_task_job_runner.py:245} INFO - ::endgroup::
