[2025-02-03T05:46:57.544+0000] {local_task_job_runner.py:123} INFO - ::group::Pre task execution logs
[2025-02-03T05:46:57.615+0000] {taskinstance.py:2613} INFO - Dependencies all met for dep_context=non-requeueable deps ti=<TaskInstance: sales-analysis-dag.read_file scheduled__2025-02-01T00:00:00+00:00 [queued]>
[2025-02-03T05:46:57.657+0000] {taskinstance.py:2613} INFO - Dependencies all met for dep_context=requeueable deps ti=<TaskInstance: sales-analysis-dag.read_file scheduled__2025-02-01T00:00:00+00:00 [queued]>
[2025-02-03T05:46:57.659+0000] {taskinstance.py:2866} INFO - Starting attempt 1 of 2
[2025-02-03T05:46:58.174+0000] {taskinstance.py:2889} INFO - Executing <Task(PythonOperator): read_file> on 2025-02-01 00:00:00+00:00
[2025-02-03T05:46:58.194+0000] {warnings.py:112} WARNING - /home/***/.local/lib/python3.12/site-packages/***/task/task_runner/standard_task_runner.py:70: DeprecationWarning: This process (pid=70) is multi-threaded, use of fork() may lead to deadlocks in the child.
  pid = os.fork()

[2025-02-03T05:46:58.199+0000] {standard_task_runner.py:72} INFO - Started process 84 to run task
[2025-02-03T05:46:58.203+0000] {standard_task_runner.py:104} INFO - Running: ['***', 'tasks', 'run', 'sales-analysis-dag', 'read_file', 'scheduled__2025-02-01T00:00:00+00:00', '--job-id', '37', '--raw', '--subdir', 'DAGS_FOLDER/sales_analysis.py', '--cfg-path', '/tmp/tmp9w6hwubf']
[2025-02-03T05:46:58.214+0000] {standard_task_runner.py:105} INFO - Job 37: Subtask read_file
[2025-02-03T05:46:58.449+0000] {task_command.py:467} INFO - Running <TaskInstance: sales-analysis-dag.read_file scheduled__2025-02-01T00:00:00+00:00 [running]> on host df376234e961
[2025-02-03T05:46:58.907+0000] {taskinstance.py:3132} INFO - Exporting env vars: AIRFLOW_CTX_DAG_EMAIL='olalekanrasaq1331@gmail.com' AIRFLOW_CTX_DAG_OWNER='Akinkunmi' AIRFLOW_CTX_DAG_ID='sales-analysis-dag' AIRFLOW_CTX_TASK_ID='read_file' AIRFLOW_CTX_EXECUTION_DATE='2025-02-01T00:00:00+00:00' AIRFLOW_CTX_TRY_NUMBER='1' AIRFLOW_CTX_DAG_RUN_ID='scheduled__2025-02-01T00:00:00+00:00'
[2025-02-03T05:46:58.927+0000] {logging_mixin.py:190} INFO - Task instance is in running state
[2025-02-03T05:46:58.931+0000] {logging_mixin.py:190} INFO -  Previous state of the Task instance: queued
[2025-02-03T05:46:58.932+0000] {logging_mixin.py:190} INFO - Current task name:read_file state:running start_date:2025-02-03 05:46:57.622487+00:00
[2025-02-03T05:46:58.933+0000] {logging_mixin.py:190} INFO - Dag name:sales-analysis-dag and current dag run status:running
[2025-02-03T05:46:58.934+0000] {taskinstance.py:731} INFO - ::endgroup::
[2025-02-03T05:47:01.425+0000] {logging_mixin.py:190} INFO - CSV file read successfully.
[2025-02-03T05:47:01.440+0000] {python.py:240} INFO - Done. Returned value was: None
[2025-02-03T05:47:01.471+0000] {taskinstance.py:340} INFO - ::group::Post task execution logs
[2025-02-03T05:47:01.472+0000] {taskinstance.py:352} INFO - Marking task as SUCCESS. dag_id=sales-analysis-dag, task_id=read_file, run_id=scheduled__2025-02-01T00:00:00+00:00, execution_date=20250201T000000, start_date=20250203T054657, end_date=20250203T054701
[2025-02-03T05:47:01.524+0000] {logging_mixin.py:190} INFO - Task instance in success state
[2025-02-03T05:47:01.528+0000] {logging_mixin.py:190} INFO -  Previous state of the Task instance: running
[2025-02-03T05:47:01.534+0000] {logging_mixin.py:190} INFO - Dag name:sales-analysis-dag queued_at:2025-02-03 05:46:51.455514+00:00
[2025-02-03T05:47:01.535+0000] {logging_mixin.py:190} INFO - Task hostname:df376234e961 operator:PythonOperator
[2025-02-03T05:47:01.581+0000] {local_task_job_runner.py:266} INFO - Task exited with return code 0
[2025-02-03T05:47:01.652+0000] {taskinstance.py:3895} INFO - 1 downstream tasks scheduled from follow-on schedule check
[2025-02-03T05:47:01.666+0000] {local_task_job_runner.py:245} INFO - ::endgroup::
