[2025-02-18T07:00:12.429+0000] {local_task_job_runner.py:123} INFO - ::group::Pre task execution logs
[2025-02-18T07:00:12.451+0000] {taskinstance.py:2613} INFO - Dependencies all met for dep_context=non-requeueable deps ti=<TaskInstance: fetch_cryptocurrencies_data.parse_coin_data manual__2025-02-18T06:59:59.702060+00:00 [queued]>
[2025-02-18T07:00:12.460+0000] {taskinstance.py:2613} INFO - Dependencies all met for dep_context=requeueable deps ti=<TaskInstance: fetch_cryptocurrencies_data.parse_coin_data manual__2025-02-18T06:59:59.702060+00:00 [queued]>
[2025-02-18T07:00:12.462+0000] {taskinstance.py:2866} INFO - Starting attempt 1 of 2
[2025-02-18T07:00:12.479+0000] {taskinstance.py:2889} INFO - Executing <Task(PythonOperator): parse_coin_data> on 2025-02-18 06:59:59.702060+00:00
[2025-02-18T07:00:12.490+0000] {warnings.py:112} WARNING - /home/***/.local/lib/python3.12/site-packages/***/task/task_runner/standard_task_runner.py:70: DeprecationWarning: This process (pid=206) is multi-threaded, use of fork() may lead to deadlocks in the child.
  pid = os.fork()

[2025-02-18T07:00:12.492+0000] {standard_task_runner.py:72} INFO - Started process 208 to run task
[2025-02-18T07:00:12.493+0000] {standard_task_runner.py:104} INFO - Running: ['***', 'tasks', 'run', 'fetch_cryptocurrencies_data', 'parse_coin_data', 'manual__2025-02-18T06:59:59.702060+00:00', '--job-id', '92', '--raw', '--subdir', 'DAGS_FOLDER/crypto_coins_dag.py', '--cfg-path', '/tmp/tmpmhdsjlyh']
[2025-02-18T07:00:12.496+0000] {standard_task_runner.py:105} INFO - Job 92: Subtask parse_coin_data
[2025-02-18T07:00:12.551+0000] {task_command.py:467} INFO - Running <TaskInstance: fetch_cryptocurrencies_data.parse_coin_data manual__2025-02-18T06:59:59.702060+00:00 [running]> on host df376234e961
[2025-02-18T07:00:12.655+0000] {taskinstance.py:3132} INFO - Exporting env vars: AIRFLOW_CTX_DAG_EMAIL='olalekanrasaq1331@gmail.com' AIRFLOW_CTX_DAG_OWNER='Akinkunmi' AIRFLOW_CTX_DAG_ID='fetch_cryptocurrencies_data' AIRFLOW_CTX_TASK_ID='parse_coin_data' AIRFLOW_CTX_EXECUTION_DATE='2025-02-18T06:59:59.702060+00:00' AIRFLOW_CTX_TRY_NUMBER='1' AIRFLOW_CTX_DAG_RUN_ID='manual__2025-02-18T06:59:59.702060+00:00'
[2025-02-18T07:00:12.657+0000] {logging_mixin.py:190} INFO - Task instance is in running state
[2025-02-18T07:00:12.658+0000] {logging_mixin.py:190} INFO -  Previous state of the Task instance: queued
[2025-02-18T07:00:12.658+0000] {logging_mixin.py:190} INFO - Current task name:parse_coin_data state:running start_date:2025-02-18 07:00:12.452096+00:00
[2025-02-18T07:00:12.659+0000] {logging_mixin.py:190} INFO - Dag name:fetch_cryptocurrencies_data and current dag run status:running
[2025-02-18T07:00:12.659+0000] {taskinstance.py:731} INFO - ::endgroup::
[2025-02-18T07:00:12.754+0000] {python.py:240} INFO - Done. Returned value was: None
[2025-02-18T07:00:12.769+0000] {taskinstance.py:340} INFO - ::group::Post task execution logs
[2025-02-18T07:00:12.771+0000] {taskinstance.py:352} INFO - Marking task as SUCCESS. dag_id=fetch_cryptocurrencies_data, task_id=parse_coin_data, run_id=manual__2025-02-18T06:59:59.702060+00:00, execution_date=20250218T065959, start_date=20250218T070012, end_date=20250218T070012
[2025-02-18T07:00:12.788+0000] {logging_mixin.py:190} INFO - Task instance in success state
[2025-02-18T07:00:12.789+0000] {logging_mixin.py:190} INFO -  Previous state of the Task instance: running
[2025-02-18T07:00:12.790+0000] {logging_mixin.py:190} INFO - Dag name:fetch_cryptocurrencies_data queued_at:2025-02-18 06:59:59.718188+00:00
[2025-02-18T07:00:12.790+0000] {logging_mixin.py:190} INFO - Task hostname:df376234e961 operator:PythonOperator
[2025-02-18T07:00:12.831+0000] {local_task_job_runner.py:266} INFO - Task exited with return code 0
[2025-02-18T07:00:12.864+0000] {taskinstance.py:3895} INFO - 1 downstream tasks scheduled from follow-on schedule check
[2025-02-18T07:00:12.872+0000] {local_task_job_runner.py:245} INFO - ::endgroup::
