[2025-02-18T07:09:28.397+0000] {local_task_job_runner.py:123} INFO - ::group::Pre task execution logs
[2025-02-18T07:09:28.435+0000] {taskinstance.py:2613} INFO - Dependencies all met for dep_context=non-requeueable deps ti=<TaskInstance: fetch_cryptocurrencies_data.insert_coin_data_postgres manual__2025-02-18T07:09:12.350537+00:00 [queued]>
[2025-02-18T07:09:28.456+0000] {taskinstance.py:2613} INFO - Dependencies all met for dep_context=requeueable deps ti=<TaskInstance: fetch_cryptocurrencies_data.insert_coin_data_postgres manual__2025-02-18T07:09:12.350537+00:00 [queued]>
[2025-02-18T07:09:28.457+0000] {taskinstance.py:2866} INFO - Starting attempt 1 of 2
[2025-02-18T07:09:28.302+0000] {taskinstance.py:2889} INFO - Executing <Task(PythonOperator): insert_coin_data_postgres> on 2025-02-18 07:09:12.350537+00:00
[2025-02-18T07:09:28.316+0000] {warnings.py:112} WARNING - /home/***/.local/lib/python3.12/site-packages/***/task/task_runner/standard_task_runner.py:70: DeprecationWarning: This process (pid=371) is multi-threaded, use of fork() may lead to deadlocks in the child.
  pid = os.fork()

[2025-02-18T07:09:28.319+0000] {standard_task_runner.py:72} INFO - Started process 376 to run task
[2025-02-18T07:09:28.320+0000] {standard_task_runner.py:104} INFO - Running: ['***', 'tasks', 'run', 'fetch_cryptocurrencies_data', 'insert_coin_data_postgres', 'manual__2025-02-18T07:09:12.350537+00:00', '--job-id', '104', '--raw', '--subdir', 'DAGS_FOLDER/crypto_coins_dag.py', '--cfg-path', '/tmp/tmpelzd5pjm']
[2025-02-18T07:09:28.322+0000] {standard_task_runner.py:105} INFO - Job 104: Subtask insert_coin_data_postgres
[2025-02-18T07:09:28.405+0000] {task_command.py:467} INFO - Running <TaskInstance: fetch_cryptocurrencies_data.insert_coin_data_postgres manual__2025-02-18T07:09:12.350537+00:00 [running]> on host df376234e961
[2025-02-18T07:09:28.637+0000] {taskinstance.py:3132} INFO - Exporting env vars: AIRFLOW_CTX_DAG_EMAIL='olalekanrasaq1331@gmail.com' AIRFLOW_CTX_DAG_OWNER='Akinkunmi' AIRFLOW_CTX_DAG_ID='fetch_cryptocurrencies_data' AIRFLOW_CTX_TASK_ID='insert_coin_data_postgres' AIRFLOW_CTX_EXECUTION_DATE='2025-02-18T07:09:12.350537+00:00' AIRFLOW_CTX_TRY_NUMBER='1' AIRFLOW_CTX_DAG_RUN_ID='manual__2025-02-18T07:09:12.350537+00:00'
[2025-02-18T07:09:28.642+0000] {logging_mixin.py:190} INFO - Task instance is in running state
[2025-02-18T07:09:28.645+0000] {logging_mixin.py:190} INFO -  Previous state of the Task instance: queued
[2025-02-18T07:09:28.648+0000] {logging_mixin.py:190} INFO - Current task name:insert_coin_data_postgres state:running start_date:2025-02-18 07:09:28.436484+00:00
[2025-02-18T07:09:28.652+0000] {logging_mixin.py:190} INFO - Dag name:fetch_cryptocurrencies_data and current dag run status:running
[2025-02-18T07:09:28.655+0000] {taskinstance.py:731} INFO - ::endgroup::
[2025-02-18T07:09:28.735+0000] {base.py:84} INFO - Retrieving connection 'Cryptocurrencies_connection'
[2025-02-18T07:09:28.742+0000] {sql.py:553} INFO - Running statement: 
    INSERT INTO coins_data (id, name, symbol, price, percent_change_24h, percent_change_7d, percent_change_30d, market_cap, circulating_supply)
    VALUES (%s, %s, %s, %s, %s, %s, %s, %s, %s)
    , parameters: (1, 'Bitcoin', 'BTC', 95483.88, -0.97, -2.95, -9.16, 1893051416709.18, 19825875.0)
[2025-02-18T07:09:28.748+0000] {sql.py:562} INFO - Rows affected: 1
[2025-02-18T07:09:28.759+0000] {sql.py:553} INFO - Running statement: 
    INSERT INTO coins_data (id, name, symbol, price, percent_change_24h, percent_change_7d, percent_change_30d, market_cap, circulating_supply)
    VALUES (%s, %s, %s, %s, %s, %s, %s, %s, %s)
    , parameters: (1027, 'Ethereum', 'ETH', 2665.96, -1.01, -1.84, -18.76, 321399063646.7, 120556761.34774569)
[2025-02-18T07:09:28.764+0000] {sql.py:562} INFO - Rows affected: 1
[2025-02-18T07:09:28.775+0000] {sql.py:553} INFO - Running statement: 
    INSERT INTO coins_data (id, name, symbol, price, percent_change_24h, percent_change_7d, percent_change_30d, market_cap, circulating_supply)
    VALUES (%s, %s, %s, %s, %s, %s, %s, %s, %s)
    , parameters: (52, 'XRP', 'XRP', 2.56, -4.52, 1.79, -19.84, 148195181969.03, 57818864895.0)
[2025-02-18T07:09:28.778+0000] {sql.py:562} INFO - Rows affected: 1
[2025-02-18T07:09:28.791+0000] {sql.py:553} INFO - Running statement: 
    INSERT INTO coins_data (id, name, symbol, price, percent_change_24h, percent_change_7d, percent_change_30d, market_cap, circulating_supply)
    VALUES (%s, %s, %s, %s, %s, %s, %s, %s, %s)
    , parameters: (825, 'Tether USDt', 'USDT', 1.0, -0.03, -0.05, 0.12, 141729447289.31, 141762384601.69476)
[2025-02-18T07:09:28.794+0000] {sql.py:562} INFO - Rows affected: 1
[2025-02-18T07:09:28.809+0000] {sql.py:553} INFO - Running statement: 
    INSERT INTO coins_data (id, name, symbol, price, percent_change_24h, percent_change_7d, percent_change_30d, market_cap, circulating_supply)
    VALUES (%s, %s, %s, %s, %s, %s, %s, %s, %s)
    , parameters: (1839, 'BNB', 'BNB', 647.31, -4.02, 1.51, -8.46, 92227034837.51, 142477306.57999998)
[2025-02-18T07:09:28.812+0000] {sql.py:562} INFO - Rows affected: 1
[2025-02-18T07:09:28.830+0000] {sql.py:553} INFO - Running statement: 
    INSERT INTO coins_data (id, name, symbol, price, percent_change_24h, percent_change_7d, percent_change_30d, market_cap, circulating_supply)
    VALUES (%s, %s, %s, %s, %s, %s, %s, %s, %s)
    , parameters: (5426, 'Solana', 'SOL', 165.5, -9.87, -19.39, -39.56, 80847003349.73, 488507668.25000674)
[2025-02-18T07:09:28.837+0000] {sql.py:562} INFO - Rows affected: 1
[2025-02-18T07:09:28.870+0000] {sql.py:553} INFO - Running statement: 
    INSERT INTO coins_data (id, name, symbol, price, percent_change_24h, percent_change_7d, percent_change_30d, market_cap, circulating_supply)
    VALUES (%s, %s, %s, %s, %s, %s, %s, %s, %s)
    , parameters: (3408, 'USDC', 'USDC', 1.0, 0.02, 0.01, -0.01, 56506828811.81, 56502593783.393906)
[2025-02-18T07:09:28.874+0000] {sql.py:562} INFO - Rows affected: 1
[2025-02-18T07:09:28.901+0000] {sql.py:553} INFO - Running statement: 
    INSERT INTO coins_data (id, name, symbol, price, percent_change_24h, percent_change_7d, percent_change_30d, market_cap, circulating_supply)
    VALUES (%s, %s, %s, %s, %s, %s, %s, %s, %s)
    , parameters: (74, 'Dogecoin', 'DOGE', 0.25, -5.59, -7.32, -36.93, 36845642805.48, 148093336383.70523)
[2025-02-18T07:09:28.905+0000] {sql.py:562} INFO - Rows affected: 1
[2025-02-18T07:09:28.923+0000] {sql.py:553} INFO - Running statement: 
    INSERT INTO coins_data (id, name, symbol, price, percent_change_24h, percent_change_7d, percent_change_30d, market_cap, circulating_supply)
    VALUES (%s, %s, %s, %s, %s, %s, %s, %s, %s)
    , parameters: (2010, 'Cardano', 'ADA', 0.78, -3.64, -1.83, -26.97, 27493200513.58, 35201193525.86875)
[2025-02-18T07:09:28.926+0000] {sql.py:562} INFO - Rows affected: 1
[2025-02-18T07:09:28.937+0000] {sql.py:553} INFO - Running statement: 
    INSERT INTO coins_data (id, name, symbol, price, percent_change_24h, percent_change_7d, percent_change_30d, market_cap, circulating_supply)
    VALUES (%s, %s, %s, %s, %s, %s, %s, %s, %s)
    , parameters: (1958, 'TRON', 'TRX', 0.24, -2.85, -3.39, -1.74, 20472661040.62, 86093424910.81995)
[2025-02-18T07:09:28.940+0000] {sql.py:562} INFO - Rows affected: 1
[2025-02-18T07:09:28.947+0000] {sql.py:553} INFO - Running statement: 
    INSERT INTO coins_data (id, name, symbol, price, percent_change_24h, percent_change_7d, percent_change_30d, market_cap, circulating_supply)
    VALUES (%s, %s, %s, %s, %s, %s, %s, %s, %s)
    , parameters: (1975, 'Chainlink', 'LINK', 18.22, -4.72, -7.72, -22.17, 11625070294.14, 638099970.4527867)
[2025-02-18T07:09:28.951+0000] {sql.py:562} INFO - Rows affected: 1
[2025-02-18T07:09:28.958+0000] {sql.py:553} INFO - Running statement: 
    INSERT INTO coins_data (id, name, symbol, price, percent_change_24h, percent_change_7d, percent_change_30d, market_cap, circulating_supply)
    VALUES (%s, %s, %s, %s, %s, %s, %s, %s, %s)
    , parameters: (512, 'Stellar', 'XLM', 0.32, -5.18, -2.91, -32.22, 9946502313.54, 30613000056.658524)
[2025-02-18T07:09:28.961+0000] {sql.py:562} INFO - Rows affected: 1
[2025-02-18T07:09:28.971+0000] {sql.py:553} INFO - Running statement: 
    INSERT INTO coins_data (id, name, symbol, price, percent_change_24h, percent_change_7d, percent_change_30d, market_cap, circulating_supply)
    VALUES (%s, %s, %s, %s, %s, %s, %s, %s, %s)
    , parameters: (5805, 'Avalanche', 'AVAX', 23.97, -4.73, -10.35, -38.65, 9915000423.07, 413706233.24298316)
[2025-02-18T07:09:28.974+0000] {sql.py:562} INFO - Rows affected: 1
[2025-02-18T07:09:28.983+0000] {sql.py:553} INFO - Running statement: 
    INSERT INTO coins_data (id, name, symbol, price, percent_change_24h, percent_change_7d, percent_change_30d, market_cap, circulating_supply)
    VALUES (%s, %s, %s, %s, %s, %s, %s, %s, %s)
    , parameters: (20947, 'Sui', 'SUI', 3.11, -5.4, -12.11, -36.4, 9595350045.91, 3089707194.508888)
[2025-02-18T07:09:28.986+0000] {sql.py:562} INFO - Rows affected: 1
[2025-02-18T07:09:28.994+0000] {sql.py:553} INFO - Running statement: 
    INSERT INTO coins_data (id, name, symbol, price, percent_change_24h, percent_change_7d, percent_change_30d, market_cap, circulating_supply)
    VALUES (%s, %s, %s, %s, %s, %s, %s, %s, %s)
    , parameters: (2, 'Litecoin', 'LTC', 122.44, -3.77, -5.27, 1.37, 9249966307.27, 75544149.5540892)
[2025-02-18T07:09:28.996+0000] {sql.py:562} INFO - Rows affected: 1
[2025-02-18T07:09:29.006+0000] {sql.py:553} INFO - Running statement: 
    INSERT INTO coins_data (id, name, symbol, price, percent_change_24h, percent_change_7d, percent_change_30d, market_cap, circulating_supply)
    VALUES (%s, %s, %s, %s, %s, %s, %s, %s, %s)
    , parameters: (11419, 'Toncoin', 'TON', 3.63, -4.5, -6.33, -30.37, 9052889176.91, 2494546482.5063024)
[2025-02-18T07:09:29.008+0000] {sql.py:562} INFO - Rows affected: 1
[2025-02-18T07:09:29.018+0000] {sql.py:553} INFO - Running statement: 
    INSERT INTO coins_data (id, name, symbol, price, percent_change_24h, percent_change_7d, percent_change_30d, market_cap, circulating_supply)
    VALUES (%s, %s, %s, %s, %s, %s, %s, %s, %s)
    , parameters: (3957, 'UNUS SED LEO', 'LEO', 9.74, -0.04, -1.38, 2.18, 8997773158.81, 924115917.9)
[2025-02-18T07:09:29.021+0000] {sql.py:562} INFO - Rows affected: 1
[2025-02-18T07:09:29.029+0000] {sql.py:553} INFO - Running statement: 
    INSERT INTO coins_data (id, name, symbol, price, percent_change_24h, percent_change_7d, percent_change_30d, market_cap, circulating_supply)
    VALUES (%s, %s, %s, %s, %s, %s, %s, %s, %s)
    , parameters: (5994, 'Shiba Inu', 'SHIB', 0.0, -4.96, -7.54, -31.23, 8922159384.02, 589253833416921.8)
[2025-02-18T07:09:29.031+0000] {sql.py:562} INFO - Rows affected: 1
[2025-02-18T07:09:29.040+0000] {sql.py:553} INFO - Running statement: 
    INSERT INTO coins_data (id, name, symbol, price, percent_change_24h, percent_change_7d, percent_change_30d, market_cap, circulating_supply)
    VALUES (%s, %s, %s, %s, %s, %s, %s, %s, %s)
    , parameters: (4642, 'Hedera', 'HBAR', 0.2, -6.79, -17.15, -42.05, 8586673632.65, 41903956526.56971)
[2025-02-18T07:09:29.042+0000] {sql.py:562} INFO - Rows affected: 1
[2025-02-18T07:09:29.051+0000] {sql.py:553} INFO - Running statement: 
    INSERT INTO coins_data (id, name, symbol, price, percent_change_24h, percent_change_7d, percent_change_30d, market_cap, circulating_supply)
    VALUES (%s, %s, %s, %s, %s, %s, %s, %s, %s)
    , parameters: (32196, 'Hyperliquid', 'HYPE', 25.61, -1.47, 3.62, 28.19, 8551276165.72, 333928180.0)
[2025-02-18T07:09:29.053+0000] {sql.py:562} INFO - Rows affected: 1
[2025-02-18T07:09:29.061+0000] {sql.py:553} INFO - Running statement: 
    INSERT INTO coins_data (id, name, symbol, price, percent_change_24h, percent_change_7d, percent_change_30d, market_cap, circulating_supply)
    VALUES (%s, %s, %s, %s, %s, %s, %s, %s, %s)
    , parameters: (6636, 'Polkadot', 'DOT', 4.71, -4.29, -9.18, -31.3, 7299368593.23, 1549801344.7594538)
[2025-02-18T07:09:29.064+0000] {sql.py:562} INFO - Rows affected: 1
[2025-02-18T07:09:29.072+0000] {sql.py:553} INFO - Running statement: 
    INSERT INTO coins_data (id, name, symbol, price, percent_change_24h, percent_change_7d, percent_change_30d, market_cap, circulating_supply)
    VALUES (%s, %s, %s, %s, %s, %s, %s, %s, %s)
    , parameters: (6536, 'MANTRA', 'OM', 7.25, -3.41, 22.1, 88.24, 7050496307.61, 972795303.26)
[2025-02-18T07:09:29.075+0000] {sql.py:562} INFO - Rows affected: 1
[2025-02-18T07:09:29.085+0000] {sql.py:553} INFO - Running statement: 
    INSERT INTO coins_data (id, name, symbol, price, percent_change_24h, percent_change_7d, percent_change_30d, market_cap, circulating_supply)
    VALUES (%s, %s, %s, %s, %s, %s, %s, %s, %s)
    , parameters: (1831, 'Bitcoin Cash', 'BCH', 314.68, -4.31, -8.1, -31.24, 6240301006.97, 19830915.625)
[2025-02-18T07:09:29.088+0000] {sql.py:562} INFO - Rows affected: 1
[2025-02-18T07:09:29.097+0000] {sql.py:553} INFO - Running statement: 
    INSERT INTO coins_data (id, name, symbol, price, percent_change_24h, percent_change_7d, percent_change_30d, market_cap, circulating_supply)
    VALUES (%s, %s, %s, %s, %s, %s, %s, %s, %s)
    , parameters: (11092, 'Bitget Token', 'BGB', 5.05, 2.2, -21.77, -24.87, 6058242849.51, 1200000000.0)
[2025-02-18T07:09:29.101+0000] {sql.py:562} INFO - Rows affected: 1
[2025-02-18T07:09:29.111+0000] {sql.py:553} INFO - Running statement: 
    INSERT INTO coins_data (id, name, symbol, price, percent_change_24h, percent_change_7d, percent_change_30d, market_cap, circulating_supply)
    VALUES (%s, %s, %s, %s, %s, %s, %s, %s, %s)
    , parameters: (29470, 'Ethena USDe', 'USDe', 1.0, -0.04, -0.06, 0.03, 6046593282.25, 6052226457.725595)
[2025-02-18T07:09:29.117+0000] {sql.py:562} INFO - Rows affected: 1
[2025-02-18T07:09:29.135+0000] {sql.py:553} INFO - Running statement: 
    INSERT INTO coins_data (id, name, symbol, price, percent_change_24h, percent_change_7d, percent_change_30d, market_cap, circulating_supply)
    VALUES (%s, %s, %s, %s, %s, %s, %s, %s, %s)
    , parameters: (7083, 'Uniswap', 'UNI', 9.55, -2.46, -4.61, -31.99, 5734782886.46, 600518037.71)
[2025-02-18T07:09:29.137+0000] {sql.py:562} INFO - Rows affected: 1
[2025-02-18T07:09:29.149+0000] {sql.py:553} INFO - Running statement: 
    INSERT INTO coins_data (id, name, symbol, price, percent_change_24h, percent_change_7d, percent_change_30d, market_cap, circulating_supply)
    VALUES (%s, %s, %s, %s, %s, %s, %s, %s, %s)
    , parameters: (4943, 'Dai', 'DAI', 1.0, -0.02, -0.02, 0.03, 5365420307.9, 5365382702.664872)
[2025-02-18T07:09:29.151+0000] {sql.py:562} INFO - Rows affected: 1
[2025-02-18T07:09:29.160+0000] {sql.py:553} INFO - Running statement: 
    INSERT INTO coins_data (id, name, symbol, price, percent_change_24h, percent_change_7d, percent_change_30d, market_cap, circulating_supply)
    VALUES (%s, %s, %s, %s, %s, %s, %s, %s, %s)
    , parameters: (328, 'Monero', 'XMR', 234.7, 0.8, 5.86, 9.12, 4329485144.39, 18446744.07370955)
[2025-02-18T07:09:29.162+0000] {sql.py:562} INFO - Rows affected: 1
[2025-02-18T07:09:29.171+0000] {sql.py:553} INFO - Running statement: 
    INSERT INTO coins_data (id, name, symbol, price, percent_change_24h, percent_change_7d, percent_change_30d, market_cap, circulating_supply)
    VALUES (%s, %s, %s, %s, %s, %s, %s, %s, %s)
    , parameters: (24478, 'Pepe', 'PEPE', 0.0, -2.79, -9.29, -47.45, 3969912043.04, 420689899653543.56)
[2025-02-18T07:09:29.173+0000] {sql.py:562} INFO - Rows affected: 1
[2025-02-18T07:09:29.182+0000] {sql.py:553} INFO - Running statement: 
    INSERT INTO coins_data (id, name, symbol, price, percent_change_24h, percent_change_7d, percent_change_30d, market_cap, circulating_supply)
    VALUES (%s, %s, %s, %s, %s, %s, %s, %s, %s)
    , parameters: (7278, 'Aave', 'AAVE', 252.99, -2.7, -2.99, -18.12, 3813357036.99, 15073241.93825138)
[2025-02-18T07:09:29.184+0000] {sql.py:562} INFO - Rows affected: 1
[2025-02-18T07:09:29.192+0000] {sql.py:553} INFO - Running statement: 
    INSERT INTO coins_data (id, name, symbol, price, percent_change_24h, percent_change_7d, percent_change_30d, market_cap, circulating_supply)
    VALUES (%s, %s, %s, %s, %s, %s, %s, %s, %s)
    , parameters: (6535, 'NEAR Protocol', 'NEAR', 3.16, -8.28, -6.09, -40.61, 3745927148.2, 1185165436.0)
[2025-02-18T07:09:29.194+0000] {sql.py:562} INFO - Rows affected: 1
[2025-02-18T07:09:29.202+0000] {sql.py:553} INFO - Running statement: 
    INSERT INTO coins_data (id, name, symbol, price, percent_change_24h, percent_change_7d, percent_change_30d, market_cap, circulating_supply)
    VALUES (%s, %s, %s, %s, %s, %s, %s, %s, %s)
    , parameters: (21159, 'Ondo', 'ONDO', 1.18, -6.32, -15.66, -12.77, 3740729015.67, 3159107529.0)
[2025-02-18T07:09:29.204+0000] {sql.py:562} INFO - Rows affected: 1
[2025-02-18T07:09:29.212+0000] {sql.py:553} INFO - Running statement: 
    INSERT INTO coins_data (id, name, symbol, price, percent_change_24h, percent_change_7d, percent_change_30d, market_cap, circulating_supply)
    VALUES (%s, %s, %s, %s, %s, %s, %s, %s, %s)
    , parameters: (27075, 'Mantle', 'MNT', 1.06, 3.48, -0.55, -0.75, 3560195110.53, 3364694382.8368406)
[2025-02-18T07:09:29.214+0000] {sql.py:562} INFO - Rows affected: 1
[2025-02-18T07:09:29.222+0000] {sql.py:553} INFO - Running statement: 
    INSERT INTO coins_data (id, name, symbol, price, percent_change_24h, percent_change_7d, percent_change_30d, market_cap, circulating_supply)
    VALUES (%s, %s, %s, %s, %s, %s, %s, %s, %s)
    , parameters: (35336, 'OFFICIAL TRUMP', 'TRUMP', 16.39, -8.11, -1.6, -61.83, 3277827273.89, 199999606.645891)
[2025-02-18T07:09:29.224+0000] {sql.py:562} INFO - Rows affected: 1
[2025-02-18T07:09:29.233+0000] {sql.py:553} INFO - Running statement: 
    INSERT INTO coins_data (id, name, symbol, price, percent_change_24h, percent_change_7d, percent_change_30d, market_cap, circulating_supply)
    VALUES (%s, %s, %s, %s, %s, %s, %s, %s, %s)
    , parameters: (21794, 'Aptos', 'APT', 5.55, -6.12, -12.21, -40.66, 3260138302.37, 587251652.2048124)
[2025-02-18T07:09:29.235+0000] {sql.py:562} INFO - Rows affected: 1
[2025-02-18T07:09:29.243+0000] {sql.py:553} INFO - Running statement: 
    INSERT INTO coins_data (id, name, symbol, price, percent_change_24h, percent_change_7d, percent_change_30d, market_cap, circulating_supply)
    VALUES (%s, %s, %s, %s, %s, %s, %s, %s, %s)
    , parameters: (8916, 'Internet Computer', 'ICP', 6.73, -4.57, -8.67, -35.68, 3238294342.58, 480960860.21625334)
[2025-02-18T07:09:29.246+0000] {sql.py:562} INFO - Rows affected: 1
[2025-02-18T07:09:29.254+0000] {sql.py:553} INFO - Running statement: 
    INSERT INTO coins_data (id, name, symbol, price, percent_change_24h, percent_change_7d, percent_change_30d, market_cap, circulating_supply)
    VALUES (%s, %s, %s, %s, %s, %s, %s, %s, %s)
    , parameters: (1321, 'Ethereum Classic', 'ETC', 19.99, -2.8, -6.02, -24.44, 3014338149.73, 150796896.24992058)
[2025-02-18T07:09:29.256+0000] {sql.py:562} INFO - Rows affected: 1
[2025-02-18T07:09:29.265+0000] {sql.py:553} INFO - Running statement: 
    INSERT INTO coins_data (id, name, symbol, price, percent_change_24h, percent_change_7d, percent_change_30d, market_cap, circulating_supply)
    VALUES (%s, %s, %s, %s, %s, %s, %s, %s, %s)
    , parameters: (22974, 'Bittensor', 'TAO', 352.57, -1.55, -18.51, -19.9, 2954290555.55, 8379414.0)
[2025-02-18T07:09:29.268+0000] {sql.py:562} INFO - Rows affected: 1
[2025-02-18T07:09:29.277+0000] {sql.py:553} INFO - Running statement: 
    INSERT INTO coins_data (id, name, symbol, price, percent_change_24h, percent_change_7d, percent_change_30d, market_cap, circulating_supply)
    VALUES (%s, %s, %s, %s, %s, %s, %s, %s, %s)
    , parameters: (3897, 'OKB', 'OKB', 49.17, -3.4, -1.67, -14.09, 2950062894.56, 60000000.0)
[2025-02-18T07:09:29.280+0000] {sql.py:562} INFO - Rows affected: 1
[2025-02-18T07:09:29.289+0000] {sql.py:553} INFO - Running statement: 
    INSERT INTO coins_data (id, name, symbol, price, percent_change_24h, percent_change_7d, percent_change_30d, market_cap, circulating_supply)
    VALUES (%s, %s, %s, %s, %s, %s, %s, %s, %s)
    , parameters: (20396, 'Kaspa', 'KAS', 0.1, -5.85, -0.7, -22.89, 2625856583.12, 25735966390.051052)
[2025-02-18T07:09:29.291+0000] {sql.py:562} INFO - Rows affected: 1
[2025-02-18T07:09:29.301+0000] {sql.py:553} INFO - Running statement: 
    INSERT INTO coins_data (id, name, symbol, price, percent_change_24h, percent_change_7d, percent_change_30d, market_cap, circulating_supply)
    VALUES (%s, %s, %s, %s, %s, %s, %s, %s, %s)
    , parameters: (28321, 'POL (prev. MATIC)', 'POL', 0.3, -6.25, -7.23, -35.66, 2607883915.9, 8563986681.748162)
[2025-02-18T07:09:29.304+0000] {sql.py:562} INFO - Rows affected: 1
[2025-02-18T07:09:29.312+0000] {sql.py:553} INFO - Running statement: 
    INSERT INTO coins_data (id, name, symbol, price, percent_change_24h, percent_change_7d, percent_change_30d, market_cap, circulating_supply)
    VALUES (%s, %s, %s, %s, %s, %s, %s, %s, %s)
    , parameters: (3077, 'VeChain', 'VET', 0.03, -5.09, -10.61, -38.05, 2572673935.91, 80985041177.0)
[2025-02-18T07:09:29.314+0000] {sql.py:562} INFO - Rows affected: 1
[2025-02-18T07:09:29.322+0000] {sql.py:553} INFO - Running statement: 
    INSERT INTO coins_data (id, name, symbol, price, percent_change_24h, percent_change_7d, percent_change_30d, market_cap, circulating_supply)
    VALUES (%s, %s, %s, %s, %s, %s, %s, %s, %s)
    , parameters: (3635, 'Cronos', 'CRO', 0.09, 0.02, -11.93, -33.51, 2306142119.3, 26571560696.0)
[2025-02-18T07:09:29.324+0000] {sql.py:562} INFO - Rows affected: 1
[2025-02-18T07:09:29.331+0000] {sql.py:553} INFO - Running statement: 
    INSERT INTO coins_data (id, name, symbol, price, percent_change_24h, percent_change_7d, percent_change_30d, market_cap, circulating_supply)
    VALUES (%s, %s, %s, %s, %s, %s, %s, %s, %s)
    , parameters: (4030, 'Algorand', 'ALGO', 0.26, -6.33, -16.76, -40.42, 2190518509.77, 8446757482.898575)
[2025-02-18T07:09:29.333+0000] {sql.py:562} INFO - Rows affected: 1
[2025-02-18T07:09:29.340+0000] {sql.py:553} INFO - Running statement: 
    INSERT INTO coins_data (id, name, symbol, price, percent_change_24h, percent_change_7d, percent_change_30d, market_cap, circulating_supply)
    VALUES (%s, %s, %s, %s, %s, %s, %s, %s, %s)
    , parameters: (5690, 'Render', 'RENDER', 4.16, -6.75, -12.47, -42.91, 2152063350.79, 517716590.05628264)
[2025-02-18T07:09:29.342+0000] {sql.py:562} INFO - Rows affected: 1
[2025-02-18T07:09:29.350+0000] {sql.py:553} INFO - Running statement: 
    INSERT INTO coins_data (id, name, symbol, price, percent_change_24h, percent_change_7d, percent_change_30d, market_cap, circulating_supply)
    VALUES (%s, %s, %s, %s, %s, %s, %s, %s, %s)
    , parameters: (26081, 'First Digital USD', 'FDUSD', 1.0, -0.05, -0.1, 0.03, 2084285788.16, 2087515488.466722)
[2025-02-18T07:09:29.352+0000] {sql.py:562} INFO - Rows affected: 1
[2025-02-18T07:09:29.359+0000] {sql.py:553} INFO - Running statement: 
    INSERT INTO coins_data (id, name, symbol, price, percent_change_24h, percent_change_7d, percent_change_30d, market_cap, circulating_supply)
    VALUES (%s, %s, %s, %s, %s, %s, %s, %s, %s)
    , parameters: (2280, 'Filecoin', 'FIL', 3.25, -4.75, -7.82, -39.8, 2056185165.76, 633634393.0)
[2025-02-18T07:09:29.361+0000] {sql.py:562} INFO - Rows affected: 1
[2025-02-18T07:09:29.368+0000] {sql.py:553} INFO - Running statement: 
    INSERT INTO coins_data (id, name, symbol, price, percent_change_24h, percent_change_7d, percent_change_30d, market_cap, circulating_supply)
    VALUES (%s, %s, %s, %s, %s, %s, %s, %s, %s)
    , parameters: (11841, 'Arbitrum', 'ARB', 0.47, -3.31, -5.2, -38.45, 2055017580.58, 4419312625.0)
[2025-02-18T07:09:29.370+0000] {sql.py:562} INFO - Rows affected: 1
[2025-02-18T07:09:29.378+0000] {sql.py:553} INFO - Running statement: 
    INSERT INTO coins_data (id, name, symbol, price, percent_change_24h, percent_change_7d, percent_change_30d, market_cap, circulating_supply)
    VALUES (%s, %s, %s, %s, %s, %s, %s, %s, %s)
    , parameters: (4269, 'GateToken', 'GT', 22.51, -3.08, -0.02, 9.27, 1997265835.76, 88726979.22797932)
[2025-02-18T07:09:29.379+0000] {sql.py:562} INFO - Rows affected: 1
[2025-02-18T07:09:29.386+0000] {sql.py:553} INFO - Running statement: 
    INSERT INTO coins_data (id, name, symbol, price, percent_change_24h, percent_change_7d, percent_change_30d, market_cap, circulating_supply)
    VALUES (%s, %s, %s, %s, %s, %s, %s, %s, %s)
    , parameters: (29210, 'Jupiter', 'JUP', 0.72, -13.99, -16.95, -38.5, 1904767949.94, 2637438888.89)
[2025-02-18T07:09:29.389+0000] {sql.py:562} INFO - Rows affected: 1
[2025-02-18T07:09:29.398+0000] {sql.py:553} INFO - Running statement: 
    INSERT INTO coins_data (id, name, symbol, price, percent_change_24h, percent_change_7d, percent_change_30d, market_cap, circulating_supply)
    VALUES (%s, %s, %s, %s, %s, %s, %s, %s, %s)
    , parameters: (11840, 'Optimism', 'OP', 1.12, -2.05, -1.49, -39.79, 1818456439.04, 1630705846.0)
[2025-02-18T07:09:29.400+0000] {sql.py:562} INFO - Rows affected: 1
[2025-02-18T07:09:29.408+0000] {sql.py:553} INFO - Running statement: 
    INSERT INTO coins_data (id, name, symbol, price, percent_change_24h, percent_change_7d, percent_change_30d, market_cap, circulating_supply)
    VALUES (%s, %s, %s, %s, %s, %s, %s, %s, %s)
    , parameters: (3794, 'Cosmos', 'ATOM', 4.61, -3.85, -7.14, -28.85, 1803703172.53, 390934204.0)
[2025-02-18T07:09:29.410+0000] {sql.py:562} INFO - Rows affected: 1
[2025-02-18T07:09:29.418+0000] {sql.py:553} INFO - Running statement: 
    INSERT INTO coins_data (id, name, symbol, price, percent_change_24h, percent_change_7d, percent_change_30d, market_cap, circulating_supply)
    VALUES (%s, %s, %s, %s, %s, %s, %s, %s, %s)
    , parameters: (3773, 'Artificial Superintelligence Alliance', 'FET', 0.74, -6.4, -9.72, -42.03, 1757291392.25, 2389639377.3587685)
[2025-02-18T07:09:29.419+0000] {sql.py:562} INFO - Rows affected: 1
[2025-02-18T07:09:29.427+0000] {sql.py:553} INFO - Running statement: 
    INSERT INTO coins_data (id, name, symbol, price, percent_change_24h, percent_change_7d, percent_change_30d, market_cap, circulating_supply)
    VALUES (%s, %s, %s, %s, %s, %s, %s, %s, %s)
    , parameters: (32684, 'Sonic (prev. FTM)', 'S', 0.59, 8.36, 27.11, -9.38, 1694970230.04, 2880000000.0)
[2025-02-18T07:09:29.428+0000] {sql.py:562} INFO - Rows affected: 1
[2025-02-18T07:09:29.435+0000] {sql.py:553} INFO - Running statement: 
    INSERT INTO coins_data (id, name, symbol, price, percent_change_24h, percent_change_7d, percent_change_30d, market_cap, circulating_supply)
    VALUES (%s, %s, %s, %s, %s, %s, %s, %s, %s)
    , parameters: (22861, 'Celestia', 'TIA', 3.03, -2.42, -13.87, -36.05, 1610357355.81, 531197259.687873)
[2025-02-18T07:09:29.437+0000] {sql.py:562} INFO - Rows affected: 1
[2025-02-18T07:09:29.448+0000] {sql.py:553} INFO - Running statement: 
    INSERT INTO coins_data (id, name, symbol, price, percent_change_24h, percent_change_7d, percent_change_30d, market_cap, circulating_supply)
    VALUES (%s, %s, %s, %s, %s, %s, %s, %s, %s)
    , parameters: (8000, 'Lido DAO', 'LDO', 1.79, -3.15, 6.24, 3.49, 1601250520.49, 896838471.87191)
[2025-02-18T07:09:29.450+0000] {sql.py:562} INFO - Rows affected: 1
[2025-02-18T07:09:29.457+0000] {sql.py:553} INFO - Running statement: 
    INSERT INTO coins_data (id, name, symbol, price, percent_change_24h, percent_change_7d, percent_change_30d, market_cap, circulating_supply)
    VALUES (%s, %s, %s, %s, %s, %s, %s, %s, %s)
    , parameters: (7326, 'DeXe', 'DEXE', 17.84, 1.03, -7.88, 5.09, 1493827885.81, 83733347.49799643)
[2025-02-18T07:09:29.460+0000] {sql.py:562} INFO - Rows affected: 1
[2025-02-18T07:09:29.467+0000] {sql.py:553} INFO - Running statement: 
    INSERT INTO coins_data (id, name, symbol, price, percent_change_24h, percent_change_7d, percent_change_30d, market_cap, circulating_supply)
    VALUES (%s, %s, %s, %s, %s, %s, %s, %s, %s)
    , parameters: (2087, 'KuCoin Token', 'KCS', 12.0, -1.22, -3.04, 10.07, 1471131055.75, 122606967.85133564)
[2025-02-18T07:09:29.469+0000] {sql.py:562} INFO - Rows affected: 1
[2025-02-18T07:09:29.477+0000] {sql.py:553} INFO - Running statement: 
    INSERT INTO coins_data (id, name, symbol, price, percent_change_24h, percent_change_7d, percent_change_30d, market_cap, circulating_supply)
    VALUES (%s, %s, %s, %s, %s, %s, %s, %s, %s)
    , parameters: (2634, 'XDC Network', 'XDC', 0.09, -3.78, 0.06, -32.88, 1403118279.75, 14932919359.85)
[2025-02-18T07:09:29.478+0000] {sql.py:562} INFO - Rows affected: 1
[2025-02-18T07:09:29.485+0000] {sql.py:553} INFO - Running statement: 
    INSERT INTO coins_data (id, name, symbol, price, percent_change_24h, percent_change_7d, percent_change_30d, market_cap, circulating_supply)
    VALUES (%s, %s, %s, %s, %s, %s, %s, %s, %s)
    , parameters: (7226, 'Injective', 'INJ', 14.08, -7.62, -7.68, -38.93, 1393601071.4, 98970935.41)
[2025-02-18T07:09:29.487+0000] {sql.py:562} INFO - Rows affected: 1
[2025-02-18T07:09:29.494+0000] {sql.py:553} INFO - Running statement: 
    INSERT INTO coins_data (id, name, symbol, price, percent_change_24h, percent_change_7d, percent_change_30d, market_cap, circulating_supply)
    VALUES (%s, %s, %s, %s, %s, %s, %s, %s, %s)
    , parameters: (30171, 'Ethena', 'ENA', 0.43, -4.77, -14.12, -50.67, 1352445799.36, 3128125000.0)
[2025-02-18T07:09:29.496+0000] {sql.py:562} INFO - Rows affected: 1
[2025-02-18T07:09:29.504+0000] {sql.py:553} INFO - Running statement: 
    INSERT INTO coins_data (id, name, symbol, price, percent_change_24h, percent_change_7d, percent_change_30d, market_cap, circulating_supply)
    VALUES (%s, %s, %s, %s, %s, %s, %s, %s, %s)
    , parameters: (4847, 'Stacks', 'STX', 0.88, -5.71, -12.92, -42.8, 1328427521.65, 1513584068.34431)
[2025-02-18T07:09:29.507+0000] {sql.py:562} INFO - Rows affected: 1
[2025-02-18T07:09:29.513+0000] {sql.py:553} INFO - Running statement: 
    INSERT INTO coins_data (id, name, symbol, price, percent_change_24h, percent_change_7d, percent_change_30d, market_cap, circulating_supply)
    VALUES (%s, %s, %s, %s, %s, %s, %s, %s, %s)
    , parameters: (10603, 'Immutable', 'IMX', 0.75, -5.96, -13.08, -41.42, 1315654810.76, 1743800322.3898141)
[2025-02-18T07:09:29.515+0000] {sql.py:562} INFO - Rows affected: 1
[2025-02-18T07:09:29.524+0000] {sql.py:553} INFO - Running statement: 
    INSERT INTO coins_data (id, name, symbol, price, percent_change_24h, percent_change_7d, percent_change_30d, market_cap, circulating_supply)
    VALUES (%s, %s, %s, %s, %s, %s, %s, %s, %s)
    , parameters: (6719, 'The Graph', 'GRT', 0.14, -4.99, -7.58, -36.12, 1297228377.98, 9548531509.165474)
[2025-02-18T07:09:29.526+0000] {sql.py:562} INFO - Rows affected: 1
[2025-02-18T07:09:29.532+0000] {sql.py:553} INFO - Running statement: 
    INSERT INTO coins_data (id, name, symbol, price, percent_change_24h, percent_change_7d, percent_change_30d, market_cap, circulating_supply)
    VALUES (%s, %s, %s, %s, %s, %s, %s, %s, %s)
    , parameters: (8526, 'Raydium', 'RAY', 4.37, -10.45, -23.14, -41.58, 1270378013.22, 290865965.95934)
[2025-02-18T07:09:29.534+0000] {sql.py:562} INFO - Rows affected: 1
[2025-02-18T07:09:29.541+0000] {sql.py:553} INFO - Running statement: 
    INSERT INTO coins_data (id, name, symbol, price, percent_change_24h, percent_change_7d, percent_change_30d, market_cap, circulating_supply)
    VALUES (%s, %s, %s, %s, %s, %s, %s, %s, %s)
    , parameters: (2416, 'Theta Network', 'THETA', 1.27, -5.01, -12.91, -42.85, 1266427002.22, 1000000000.0)
[2025-02-18T07:09:29.543+0000] {sql.py:562} INFO - Rows affected: 1
[2025-02-18T07:09:29.550+0000] {sql.py:553} INFO - Running statement: 
    INSERT INTO coins_data (id, name, symbol, price, percent_change_24h, percent_change_7d, percent_change_30d, market_cap, circulating_supply)
    VALUES (%s, %s, %s, %s, %s, %s, %s, %s, %s)
    , parameters: (32452, 'Movement', 'MOVE', 0.52, -4.81, -9.47, -32.56, 1244047169.84, 2400000000.0)
[2025-02-18T07:09:29.552+0000] {sql.py:562} INFO - Rows affected: 1
[2025-02-18T07:09:29.560+0000] {sql.py:553} INFO - Running statement: 
    INSERT INTO coins_data (id, name, symbol, price, percent_change_24h, percent_change_7d, percent_change_30d, market_cap, circulating_supply)
    VALUES (%s, %s, %s, %s, %s, %s, %s, %s, %s)
    , parameters: (23095, 'Bonk', 'BONK', 0.0, -10.06, -16.0, -56.77, 1199792175.52, 77283768789221.56)
[2025-02-18T07:09:29.562+0000] {sql.py:562} INFO - Rows affected: 1
[2025-02-18T07:09:29.569+0000] {sql.py:553} INFO - Running statement: 
    INSERT INTO coins_data (id, name, symbol, price, percent_change_24h, percent_change_7d, percent_change_30d, market_cap, circulating_supply)
    VALUES (%s, %s, %s, %s, %s, %s, %s, %s, %s)
    , parameters: (7950, 'Flare', 'FLR', 0.02, -4.43, -8.13, -32.43, 1194916696.03, 59045048025.88888)
[2025-02-18T07:09:29.571+0000] {sql.py:562} INFO - Rows affected: 1
[2025-02-18T07:09:29.578+0000] {sql.py:553} INFO - Running statement: 
    INSERT INTO coins_data (id, name, symbol, price, percent_change_24h, percent_change_7d, percent_change_30d, market_cap, circulating_supply)
    VALUES (%s, %s, %s, %s, %s, %s, %s, %s, %s)
    , parameters: (13502, 'Worldcoin', 'WLD', 1.15, -6.09, -13.14, -46.76, 1188510029.82, 1032522360.7589512)
[2025-02-18T07:09:29.580+0000] {sql.py:562} INFO - Rows affected: 1
[2025-02-18T07:09:29.588+0000] {sql.py:553} INFO - Running statement: 
    INSERT INTO coins_data (id, name, symbol, price, percent_change_24h, percent_change_7d, percent_change_30d, market_cap, circulating_supply)
    VALUES (%s, %s, %s, %s, %s, %s, %s, %s, %s)
    , parameters: (3155, 'Quant', 'QNT', 94.61, -2.51, 2.63, -14.76, 1142155071.08, 12072738.0)
[2025-02-18T07:09:29.590+0000] {sql.py:562} INFO - Rows affected: 1
[2025-02-18T07:09:29.597+0000] {sql.py:553} INFO - Running statement: 
    INSERT INTO coins_data (id, name, symbol, price, percent_change_24h, percent_change_7d, percent_change_30d, market_cap, circulating_supply)
    VALUES (%s, %s, %s, %s, %s, %s, %s, %s, %s)
    , parameters: (8425, 'JasmyCoin', 'JASMY', 0.02, -4.58, -13.81, -30.51, 1045787285.57, 49444999677.16958)
[2025-02-18T07:09:29.599+0000] {sql.py:562} INFO - Rows affected: 1
[2025-02-18T07:09:29.607+0000] {sql.py:553} INFO - Running statement: 
    INSERT INTO coins_data (id, name, symbol, price, percent_change_24h, percent_change_7d, percent_change_30d, market_cap, circulating_supply)
    VALUES (%s, %s, %s, %s, %s, %s, %s, %s, %s)
    , parameters: (23149, 'Sei', 'SEI', 0.22, -4.79, -9.28, -42.09, 1033329164.08, 4657499999.0)
[2025-02-18T07:09:29.608+0000] {sql.py:562} INFO - Rows affected: 1
[2025-02-18T07:09:29.615+0000] {sql.py:553} INFO - Running statement: 
    INSERT INTO coins_data (id, name, symbol, price, percent_change_24h, percent_change_7d, percent_change_30d, market_cap, circulating_supply)
    VALUES (%s, %s, %s, %s, %s, %s, %s, %s, %s)
    , parameters: (1765, 'EOS', 'EOS', 0.61, -3.94, -7.1, -31.69, 946174916.82, 1547297971.9329)
[2025-02-18T07:09:29.617+0000] {sql.py:562} INFO - Rows affected: 1
[2025-02-18T07:09:29.624+0000] {sql.py:553} INFO - Running statement: 
    INSERT INTO coins_data (id, name, symbol, price, percent_change_24h, percent_change_7d, percent_change_30d, market_cap, circulating_supply)
    VALUES (%s, %s, %s, %s, %s, %s, %s, %s, %s)
    , parameters: (13855, 'Ethereum Name Service', 'ENS', 25.98, -2.89, -2.91, -22.5, 923750114.74, 35549635.87967307)
[2025-02-18T07:09:29.626+0000] {sql.py:562} INFO - Rows affected: 1
[2025-02-18T07:09:29.633+0000] {sql.py:553} INFO - Running statement: 
    INSERT INTO coins_data (id, name, symbol, price, percent_change_24h, percent_change_7d, percent_change_30d, market_cap, circulating_supply)
    VALUES (%s, %s, %s, %s, %s, %s, %s, %s, %s)
    , parameters: (6210, 'The Sandbox', 'SAND', 0.37, -5.41, -10.12, -38.92, 917687963.17, 2464357126.2233224)
[2025-02-18T07:09:29.636+0000] {sql.py:562} INFO - Rows affected: 1
[2025-02-18T07:09:29.650+0000] {sql.py:553} INFO - Running statement: 
    INSERT INTO coins_data (id, name, symbol, price, percent_change_24h, percent_change_7d, percent_change_30d, market_cap, circulating_supply)
    VALUES (%s, %s, %s, %s, %s, %s, %s, %s, %s)
    , parameters: (1518, 'Maker', 'MKR', 1088.03, 7.07, 9.73, -20.06, 909256744.42, 835692.50689554)
[2025-02-18T07:09:29.653+0000] {sql.py:562} INFO - Rows affected: 1
[2025-02-18T07:09:29.660+0000] {sql.py:553} INFO - Running statement: 
    INSERT INTO coins_data (id, name, symbol, price, percent_change_24h, percent_change_7d, percent_change_30d, market_cap, circulating_supply)
    VALUES (%s, %s, %s, %s, %s, %s, %s, %s, %s)
    , parameters: (2011, 'Tezos', 'XTZ', 0.85, -4.85, -7.34, -34.45, 881027965.98, 1030645850.363315)
[2025-02-18T07:09:29.662+0000] {sql.py:562} INFO - Rows affected: 1
[2025-02-18T07:09:29.672+0000] {sql.py:553} INFO - Running statement: 
    INSERT INTO coins_data (id, name, symbol, price, percent_change_24h, percent_change_7d, percent_change_30d, market_cap, circulating_supply)
    VALUES (%s, %s, %s, %s, %s, %s, %s, %s, %s)
    , parameters: (10804, 'FLOKI', 'FLOKI', 0.0, -5.57, -9.82, -45.22, 869383971.26, 9613931882567.04)
[2025-02-18T07:09:29.675+0000] {sql.py:562} INFO - Rows affected: 1
[2025-02-18T07:09:29.685+0000] {sql.py:553} INFO - Running statement: 
    INSERT INTO coins_data (id, name, symbol, price, percent_change_24h, percent_change_7d, percent_change_30d, market_cap, circulating_supply)
    VALUES (%s, %s, %s, %s, %s, %s, %s, %s, %s)
    , parameters: (2694, 'Nexo', 'NEXO', 1.33, -0.35, -0.75, -2.12, 858381076.46, 646145839.5746847)
[2025-02-18T07:09:29.688+0000] {sql.py:562} INFO - Rows affected: 1
[2025-02-18T07:09:29.700+0000] {sql.py:553} INFO - Running statement: 
    INSERT INTO coins_data (id, name, symbol, price, percent_change_24h, percent_change_7d, percent_change_30d, market_cap, circulating_supply)
    VALUES (%s, %s, %s, %s, %s, %s, %s, %s, %s)
    , parameters: (16086, 'BitTorrent [New]', 'BTT', 0.0, -2.73, -5.46, -24.64, 837017812.2, 986061142857000.0)
[2025-02-18T07:09:29.704+0000] {sql.py:562} INFO - Rows affected: 1
[2025-02-18T07:09:29.713+0000] {sql.py:553} INFO - Running statement: 
    INSERT INTO coins_data (id, name, symbol, price, percent_change_24h, percent_change_7d, percent_change_30d, market_cap, circulating_supply)
    VALUES (%s, %s, %s, %s, %s, %s, %s, %s, %s)
    , parameters: (7080, 'Gala', 'GALA', 0.02, -4.95, -12.36, -42.3, 791116174.86, 36954560310.99874)
[2025-02-18T07:09:29.716+0000] {sql.py:562} INFO - Rows affected: 1
[2025-02-18T07:09:29.724+0000] {sql.py:553} INFO - Running statement: 
    INSERT INTO coins_data (id, name, symbol, price, percent_change_24h, percent_change_7d, percent_change_30d, market_cap, circulating_supply)
    VALUES (%s, %s, %s, %s, %s, %s, %s, %s, %s)
    , parameters: (1720, 'IOTA', 'IOTA', 0.22, -5.95, -12.74, -40.55, 790088494.19, 3631397410.0)
[2025-02-18T07:09:29.727+0000] {sql.py:562} INFO - Rows affected: 1
[2025-02-18T07:09:29.738+0000] {sql.py:553} INFO - Running statement: 
    INSERT INTO coins_data (id, name, symbol, price, percent_change_24h, percent_change_7d, percent_change_30d, market_cap, circulating_supply)
    VALUES (%s, %s, %s, %s, %s, %s, %s, %s, %s)
    , parameters: (4558, 'Flow', 'FLOW', 0.5, -3.24, -6.03, -31.66, 784174531.62, 1563712953.4840126)
[2025-02-18T07:09:29.741+0000] {sql.py:562} INFO - Rows affected: 1
[2025-02-18T07:09:29.750+0000] {sql.py:553} INFO - Running statement: 
    INSERT INTO coins_data (id, name, symbol, price, percent_change_24h, percent_change_7d, percent_change_30d, market_cap, circulating_supply)
    VALUES (%s, %s, %s, %s, %s, %s, %s, %s, %s)
    , parameters: (28541, 'Jito', 'JTO', 2.64, -13.05, -0.24, -20.6, 780908307.77, 295381505.8)
[2025-02-18T07:09:29.753+0000] {sql.py:562} INFO - Rows affected: 1
[2025-02-18T07:09:29.767+0000] {sql.py:553} INFO - Running statement: 
    INSERT INTO coins_data (id, name, symbol, price, percent_change_24h, percent_change_7d, percent_change_30d, market_cap, circulating_supply)
    VALUES (%s, %s, %s, %s, %s, %s, %s, %s, %s)
    , parameters: (14101, 'Ronin', 'RON', 1.22, -6.23, 2.15, -30.14, 757240350.43, 619389698.9641546)
[2025-02-18T07:09:29.770+0000] {sql.py:562} INFO - Rows affected: 1
[2025-02-18T07:09:29.779+0000] {sql.py:553} INFO - Running statement: 
    INSERT INTO coins_data (id, name, symbol, price, percent_change_24h, percent_change_7d, percent_change_30d, market_cap, circulating_supply)
    VALUES (%s, %s, %s, %s, %s, %s, %s, %s, %s)
    , parameters: (32880, 'Kaia', 'KAIA', 0.13, -2.22, -7.37, -44.82, 757506302.46, 5947629019.024311)
[2025-02-18T07:09:29.782+0000] {sql.py:562} INFO - Rows affected: 1
[2025-02-18T07:09:29.791+0000] {sql.py:553} INFO - Running statement: 
    INSERT INTO coins_data (id, name, symbol, price, percent_change_24h, percent_change_7d, percent_change_30d, market_cap, circulating_supply)
    VALUES (%s, %s, %s, %s, %s, %s, %s, %s, %s)
    , parameters: (7186, 'PancakeSwap', 'CAKE', 2.6, -7.61, 32.74, 11.83, 754979902.76, 290470070.87844753)
[2025-02-18T07:09:29.794+0000] {sql.py:562} INFO - Rows affected: 1
[2025-02-18T07:09:29.803+0000] {sql.py:553} INFO - Running statement: 
    INSERT INTO coins_data (id, name, symbol, price, percent_change_24h, percent_change_7d, percent_change_30d, market_cap, circulating_supply)
    VALUES (%s, %s, %s, %s, %s, %s, %s, %s, %s)
    , parameters: (3602, 'Bitcoin SV', 'BSV', 37.92, -5.38, -7.58, -30.87, 751908773.76, 19826650.0)
[2025-02-18T07:09:29.806+0000] {sql.py:562} INFO - Rows affected: 1
[2025-02-18T07:09:29.814+0000] {sql.py:553} INFO - Running statement: 
    INSERT INTO coins_data (id, name, symbol, price, percent_change_24h, percent_change_7d, percent_change_30d, market_cap, circulating_supply)
    VALUES (%s, %s, %s, %s, %s, %s, %s, %s, %s)
    , parameters: (1376, 'Neo', 'NEO', 10.45, -4.03, -9.48, -31.93, 737428067.83, 70538831.0)
[2025-02-18T07:09:29.817+0000] {sql.py:562} INFO - Rows affected: 1
[2025-02-18T07:09:29.825+0000] {sql.py:553} INFO - Running statement: 
    INSERT INTO coins_data (id, name, symbol, price, percent_change_24h, percent_change_7d, percent_change_30d, market_cap, circulating_supply)
    VALUES (%s, %s, %s, %s, %s, %s, %s, %s, %s)
    , parameters: (28177, 'Pyth Network', 'PYTH', 0.2, -6.53, -6.22, -43.44, 721038190.84, 3624987991.406936)
[2025-02-18T07:09:29.827+0000] {sql.py:562} INFO - Rows affected: 1
[2025-02-18T07:09:29.836+0000] {sql.py:553} INFO - Running statement: 
    INSERT INTO coins_data (id, name, symbol, price, percent_change_24h, percent_change_7d, percent_change_30d, market_cap, circulating_supply)
    VALUES (%s, %s, %s, %s, %s, %s, %s, %s, %s)
    , parameters: (5176, 'Tether Gold', 'XAUt', 2910.39, 0.46, -0.09, 8.13, 717479779.77, 246524.0)
[2025-02-18T07:09:29.838+0000] {sql.py:562} INFO - Rows affected: 1
[2025-02-18T07:09:29.847+0000] {sql.py:553} INFO - Running statement: 
    INSERT INTO coins_data (id, name, symbol, price, percent_change_24h, percent_change_7d, percent_change_30d, market_cap, circulating_supply)
    VALUES (%s, %s, %s, %s, %s, %s, %s, %s, %s)
    , parameters: (29420, 'Virtuals Protocol', 'VIRTUAL', 1.1, -9.06, -17.79, -61.42, 712906359.83, 648073663.0503865)
[2025-02-18T07:09:29.849+0000] {sql.py:562} INFO - Rows affected: 1
[2025-02-18T07:09:29.858+0000] {sql.py:553} INFO - Running statement: 
    INSERT INTO coins_data (id, name, symbol, price, percent_change_24h, percent_change_7d, percent_change_30d, market_cap, circulating_supply)
    VALUES (%s, %s, %s, %s, %s, %s, %s, %s, %s)
    , parameters: (4195, 'FTX Token', 'FTT', 2.15, -3.07, 7.17, -9.46, 705806564.82, 328895103.813207)
[2025-02-18T07:09:29.860+0000] {sql.py:562} INFO - Rows affected: 1
[2025-02-18T07:09:29.869+0000] {sql.py:553} INFO - Running statement: 
    INSERT INTO coins_data (id, name, symbol, price, percent_change_24h, percent_change_7d, percent_change_30d, market_cap, circulating_supply)
    VALUES (%s, %s, %s, %s, %s, %s, %s, %s, %s)
    , parameters: (18679, 'Onyxcoin', 'XCN', 0.02, -7.01, -10.93, 101.26, 675115528.11, 32592684478.0)
[2025-02-18T07:09:29.871+0000] {sql.py:562} INFO - Rows affected: 1
[2025-02-18T07:09:29.879+0000] {sql.py:553} INFO - Running statement: 
    INSERT INTO coins_data (id, name, symbol, price, percent_change_24h, percent_change_7d, percent_change_30d, market_cap, circulating_supply)
    VALUES (%s, %s, %s, %s, %s, %s, %s, %s, %s)
    , parameters: (35347, 'Official Melania Meme', 'MELANIA', 1.25, -1.84, -16.27, -82.99, 669576022.72, 537313538.409127)
[2025-02-18T07:09:29.881+0000] {sql.py:562} INFO - Rows affected: 1
[2025-02-18T07:09:29.893+0000] {sql.py:553} INFO - Running statement: 
    INSERT INTO coins_data (id, name, symbol, price, percent_change_24h, percent_change_7d, percent_change_30d, market_cap, circulating_supply)
    VALUES (%s, %s, %s, %s, %s, %s, %s, %s, %s)
    , parameters: (6783, 'Axie Infinity', 'AXS', 4.19, -4.53, -7.23, -32.11, 664769683.39, 158717886.035092)
[2025-02-18T07:09:29.896+0000] {sql.py:562} INFO - Rows affected: 1
[2025-02-18T07:09:29.904+0000] {sql.py:553} INFO - Running statement: 
    INSERT INTO coins_data (id, name, symbol, price, percent_change_24h, percent_change_7d, percent_change_30d, market_cap, circulating_supply)
    VALUES (%s, %s, %s, %s, %s, %s, %s, %s, %s)
    , parameters: (27772, 'PayPal USD', 'PYUSD', 1.0, 0.01, 0.07, 0.14, 646437319.27, 646370555.194036)
[2025-02-18T07:09:29.906+0000] {sql.py:562} INFO - Rows affected: 1
[2025-02-18T07:09:29.915+0000] {sql.py:553} INFO - Running statement: 
    INSERT INTO coins_data (id, name, symbol, price, percent_change_24h, percent_change_7d, percent_change_30d, market_cap, circulating_supply)
    VALUES (%s, %s, %s, %s, %s, %s, %s, %s, %s)
    , parameters: (6538, 'Curve DAO Token', 'CRV', 0.49, -5.42, -17.32, -45.44, 631618182.83, 1284636283.0)
[2025-02-18T07:09:29.918+0000] {sql.py:562} INFO - Rows affected: 1
[2025-02-18T07:09:29.927+0000] {sql.py:553} INFO - Running statement: 
    INSERT INTO coins_data (id, name, symbol, price, percent_change_24h, percent_change_7d, percent_change_30d, market_cap, circulating_supply)
    VALUES (%s, %s, %s, %s, %s, %s, %s, %s, %s)
    , parameters: (24647, 'Berachain', 'BERA', 5.81, -0.03, -2.0, 480.74, 624183298.4, 107480000.0)
[2025-02-18T07:09:29.936+0000] {sql.py:562} INFO - Rows affected: 1
[2025-02-18T07:09:29.958+0000] {sql.py:553} INFO - Running statement: 
    INSERT INTO coins_data (id, name, symbol, price, percent_change_24h, percent_change_7d, percent_change_30d, market_cap, circulating_supply)
    VALUES (%s, %s, %s, %s, %s, %s, %s, %s, %s)
    , parameters: (5665, 'Helium', 'HNT', 3.46, -7.11, -15.64, -34.05, 613780856.49, 177394590.46004692)
[2025-02-18T07:09:29.970+0000] {sql.py:562} INFO - Rows affected: 1
[2025-02-18T07:09:29.985+0000] {sql.py:553} INFO - Running statement: 
    INSERT INTO coins_data (id, name, symbol, price, percent_change_24h, percent_change_7d, percent_change_30d, market_cap, circulating_supply)
    VALUES (%s, %s, %s, %s, %s, %s, %s, %s, %s)
    , parameters: (1966, 'Decentraland', 'MANA', 0.31, -5.46, -9.79, -38.47, 610740976.44, 1942255184.1130493)
[2025-02-18T07:09:29.994+0000] {sql.py:562} INFO - Rows affected: 1
[2025-02-18T07:09:30.008+0000] {sql.py:553} INFO - Running statement: 
    INSERT INTO coins_data (id, name, symbol, price, percent_change_24h, percent_change_7d, percent_change_30d, market_cap, circulating_supply)
    VALUES (%s, %s, %s, %s, %s, %s, %s, %s, %s)
    , parameters: (28752, 'dogwifhat', 'WIF', 0.61, -8.92, -11.38, -65.65, 608754112.99, 998841343.297069)
[2025-02-18T07:09:30.012+0000] {sql.py:562} INFO - Rows affected: 1
[2025-02-18T07:09:30.027+0000] {sql.py:553} INFO - Running statement: 
    INSERT INTO coins_data (id, name, symbol, price, percent_change_24h, percent_change_7d, percent_change_30d, market_cap, circulating_supply)
    VALUES (%s, %s, %s, %s, %s, %s, %s, %s, %s)
    , parameters: (28081, 'SPX6900', 'SPX', 0.65, -5.62, -16.35, -53.12, 608461741.08, 930993090.07)
[2025-02-18T07:09:30.030+0000] {sql.py:562} INFO - Rows affected: 1
[2025-02-18T07:09:30.039+0000] {sql.py:553} INFO - Running statement: 
    INSERT INTO coins_data (id, name, symbol, price, percent_change_24h, percent_change_7d, percent_change_30d, market_cap, circulating_supply)
    VALUES (%s, %s, %s, %s, %s, %s, %s, %s, %s)
    , parameters: (29270, 'Aerodrome Finance', 'AERO', 0.78, -4.41, -7.93, -35.9, 603371152.97, 770589652.7298648)
[2025-02-18T07:09:30.043+0000] {sql.py:562} INFO - Rows affected: 1
[2025-02-18T07:09:30.051+0000] {sql.py:553} INFO - Running statement: 
    INSERT INTO coins_data (id, name, symbol, price, percent_change_24h, percent_change_7d, percent_change_30d, market_cap, circulating_supply)
    VALUES (%s, %s, %s, %s, %s, %s, %s, %s, %s)
    , parameters: (4705, 'PAX Gold', 'PAXG', 2925.86, 0.41, -0.36, 8.75, 602478651.43, 205914.878)
[2025-02-18T07:09:30.053+0000] {sql.py:562} INFO - Rows affected: 1
[2025-02-18T07:09:30.062+0000] {sql.py:553} INFO - Running statement: 
    INSERT INTO coins_data (id, name, symbol, price, percent_change_24h, percent_change_7d, percent_change_30d, market_cap, circulating_supply)
    VALUES (%s, %s, %s, %s, %s, %s, %s, %s, %s)
    , parameters: (6892, 'MultiversX', 'EGLD', 21.55, -4.51, -9.05, -38.12, 601110520.8, 27889761.79275668)
[2025-02-18T07:09:30.064+0000] {sql.py:562} INFO - Rows affected: 1
[2025-02-18T07:09:30.077+0000] {sql.py:553} INFO - Running statement: 
    INSERT INTO coins_data (id, name, symbol, price, percent_change_24h, percent_change_7d, percent_change_30d, market_cap, circulating_supply)
    VALUES (%s, %s, %s, %s, %s, %s, %s, %s, %s)
    , parameters: (3890, 'Polygon', 'MATIC', 0.3, -6.26, -7.07, -35.51, 582865010.15, 1913783718.0)
[2025-02-18T07:09:30.080+0000] {sql.py:562} INFO - Rows affected: 1
[2025-02-18T07:09:30.089+0000] {sql.py:553} INFO - Running statement: 
    INSERT INTO coins_data (id, name, symbol, price, percent_change_24h, percent_change_7d, percent_change_30d, market_cap, circulating_supply)
    VALUES (%s, %s, %s, %s, %s, %s, %s, %s, %s)
    , parameters: (5632, 'Arweave', 'AR', 8.86, -5.31, -7.15, -45.86, 581732257.49, 65652466.0)
[2025-02-18T07:09:30.092+0000] {sql.py:562} INFO - Rows affected: 1
[2025-02-18T07:09:30.101+0000] {sql.py:553} INFO - Running statement: 
    INSERT INTO coins_data (id, name, symbol, price, percent_change_24h, percent_change_7d, percent_change_30d, market_cap, circulating_supply)
    VALUES (%s, %s, %s, %s, %s, %s, %s, %s, %s)
    , parameters: (7334, 'Conflux', 'CFX', 0.12, -2.65, -1.94, -29.45, 570407723.68, 4923738731.5)
[2025-02-18T07:09:30.104+0000] {sql.py:562} INFO - Rows affected: 1
[2025-02-18T07:09:30.116+0000] {sql.py:553} INFO - Running statement: 
    INSERT INTO coins_data (id, name, symbol, price, percent_change_24h, percent_change_7d, percent_change_30d, market_cap, circulating_supply)
    VALUES (%s, %s, %s, %s, %s, %s, %s, %s, %s)
    , parameters: (22691, 'Starknet', 'STRK', 0.22, -5.15, -13.66, -47.25, 569319670.08, 2582076157.577993)
[2025-02-18T07:09:30.118+0000] {sql.py:562} INFO - Rows affected: 1
[2025-02-18T07:09:30.133+0000] {sql.py:553} INFO - Running statement: 
    INSERT INTO coins_data (id, name, symbol, price, percent_change_24h, percent_change_7d, percent_change_30d, market_cap, circulating_supply)
    VALUES (%s, %s, %s, %s, %s, %s, %s, %s, %s)
    , parameters: (1437, 'Zcash', 'ZEC', 34.44, -1.75, 0.59, -30.89, 562411252.29, 16328268.75)
[2025-02-18T07:09:30.137+0000] {sql.py:562} INFO - Rows affected: 1
[2025-02-18T07:09:30.146+0000] {sql.py:553} INFO - Running statement: 
    INSERT INTO coins_data (id, name, symbol, price, percent_change_24h, percent_change_7d, percent_change_30d, market_cap, circulating_supply)
    VALUES (%s, %s, %s, %s, %s, %s, %s, %s, %s)
    , parameters: (34466, 'Pudgy Penguins', 'PENGU', 0.01, -9.59, -20.13, -68.22, 548667350.81, 62860396090.04)
[2025-02-18T07:09:30.148+0000] {sql.py:562} INFO - Rows affected: 1
[2025-02-18T07:09:30.161+0000] {sql.py:553} INFO - Running statement: 
    INSERT INTO coins_data (id, name, symbol, price, percent_change_24h, percent_change_7d, percent_change_30d, market_cap, circulating_supply)
    VALUES (%s, %s, %s, %s, %s, %s, %s, %s, %s)
    , parameters: (28324, 'dYdX', 'DYDX', 0.74, -5.77, -6.6, -42.67, 542902077.84, 732906722.1219723)
[2025-02-18T07:09:30.164+0000] {sql.py:562} INFO - Rows affected: 1
[2025-02-18T07:09:30.173+0000] {sql.py:553} INFO - Running statement: 
    INSERT INTO coins_data (id, name, symbol, price, percent_change_24h, percent_change_7d, percent_change_30d, market_cap, circulating_supply)
    VALUES (%s, %s, %s, %s, %s, %s, %s, %s, %s)
    , parameters: (4066, 'Chiliz', 'CHZ', 0.06, -5.15, -8.14, -30.52, 536313970.4, 9413900365.0)
[2025-02-18T07:09:30.176+0000] {sql.py:562} INFO - Rows affected: 1
[2025-02-18T07:09:30.183+0000] {sql.py:553} INFO - Running statement: 
    INSERT INTO coins_data (id, name, symbol, price, percent_change_24h, percent_change_7d, percent_change_30d, market_cap, circulating_supply)
    VALUES (%s, %s, %s, %s, %s, %s, %s, %s, %s)
    , parameters: (9481, 'Pendle', 'PENDLE', 3.23, -7.42, -12.1, -18.2, 530395593.04, 164356520.76163632)
[2025-02-18T07:09:30.186+0000] {sql.py:562} INFO - Rows affected: 1
[2025-02-18T07:09:30.195+0000] {sql.py:553} INFO - Running statement: 
    INSERT INTO coins_data (id, name, symbol, price, percent_change_24h, percent_change_7d, percent_change_30d, market_cap, circulating_supply)
    VALUES (%s, %s, %s, %s, %s, %s, %s, %s, %s)
    , parameters: (18876, 'ApeCoin', 'APE', 0.68, -6.01, -11.27, -37.24, 510924838.47, 752651515.0)
[2025-02-18T07:09:30.198+0000] {sql.py:562} INFO - Rows affected: 1
[2025-02-18T07:09:30.206+0000] {sql.py:553} INFO - Running statement: 
    INSERT INTO coins_data (id, name, symbol, price, percent_change_24h, percent_change_7d, percent_change_30d, market_cap, circulating_supply)
    VALUES (%s, %s, %s, %s, %s, %s, %s, %s, %s)
    , parameters: (23254, 'Core', 'CORE', 0.51, -4.35, -9.17, -44.48, 510860059.24, 995100047.2040975)
[2025-02-18T07:09:30.209+0000] {sql.py:562} INFO - Rows affected: 1
[2025-02-18T07:09:30.222+0000] {sql.py:553} INFO - Running statement: 
    INSERT INTO coins_data (id, name, symbol, price, percent_change_24h, percent_change_7d, percent_change_30d, market_cap, circulating_supply)
    VALUES (%s, %s, %s, %s, %s, %s, %s, %s, %s)
    , parameters: (10791, 'eCash', 'XEC', 0.0, -4.33, -7.03, -27.21, 502927514.5, 19826673422583.0)
[2025-02-18T07:09:30.225+0000] {sql.py:562} INFO - Rows affected: 1
[2025-02-18T07:09:30.234+0000] {sql.py:553} INFO - Running statement: 
    INSERT INTO coins_data (id, name, symbol, price, percent_change_24h, percent_change_7d, percent_change_30d, market_cap, circulating_supply)
    VALUES (%s, %s, %s, %s, %s, %s, %s, %s, %s)
    , parameters: (2563, 'TrueUSD', 'TUSD', 1.0, -0.06, 0.07, -0.09, 494428473.62, 495516083.0)
[2025-02-18T07:09:30.237+0000] {sql.py:562} INFO - Rows affected: 1
[2025-02-18T07:09:30.244+0000] {sql.py:553} INFO - Running statement: 
    INSERT INTO coins_data (id, name, symbol, price, percent_change_24h, percent_change_7d, percent_change_30d, market_cap, circulating_supply)
    VALUES (%s, %s, %s, %s, %s, %s, %s, %s, %s)
    , parameters: (28298, 'Beam', 'BEAM', 0.01, -6.35, -9.18, -56.34, 494618939.28, 49466004168.0)
[2025-02-18T07:09:30.247+0000] {sql.py:562} INFO - Rows affected: 1
[2025-02-18T07:09:30.255+0000] {sql.py:553} INFO - Running statement: 
    INSERT INTO coins_data (id, name, symbol, price, percent_change_24h, percent_change_7d, percent_change_30d, market_cap, circulating_supply)
    VALUES (%s, %s, %s, %s, %s, %s, %s, %s, %s)
    , parameters: (35626, 'Story', 'IP', 1.95, 16.94, -32.42, -32.42, 488116961.24, 250000000.0)
[2025-02-18T07:09:30.257+0000] {sql.py:562} INFO - Rows affected: 1
[2025-02-18T07:09:30.271+0000] {sql.py:553} INFO - Running statement: 
    INSERT INTO coins_data (id, name, symbol, price, percent_change_24h, percent_change_7d, percent_change_30d, market_cap, circulating_supply)
    VALUES (%s, %s, %s, %s, %s, %s, %s, %s, %s)
    , parameters: (4846, 'Kava', 'KAVA', 0.45, -2.61, -4.96, -5.13, 486647903.46, 1072916309.0)
[2025-02-18T07:09:30.273+0000] {sql.py:562} INFO - Rows affected: 1
[2025-02-18T07:09:30.281+0000] {sql.py:553} INFO - Running statement: 
    INSERT INTO coins_data (id, name, symbol, price, percent_change_24h, percent_change_7d, percent_change_30d, market_cap, circulating_supply)
    VALUES (%s, %s, %s, %s, %s, %s, %s, %s, %s)
    , parameters: (9104, 'AIOZ Network', 'AIOZ', 0.41, -3.6, -9.13, -55.57, 476841482.62, 1157698660.0646741)
[2025-02-18T07:09:30.283+0000] {sql.py:562} INFO - Rows affected: 1
[2025-02-18T07:09:30.295+0000] {sql.py:553} INFO - Running statement: 
    INSERT INTO coins_data (id, name, symbol, price, percent_change_24h, percent_change_7d, percent_change_30d, market_cap, circulating_supply)
    VALUES (%s, %s, %s, %s, %s, %s, %s, %s, %s)
    , parameters: (5692, 'Compound', 'COMP', 53.75, -3.84, -8.74, -35.0, 476754745.59, 8869887.35560698)
[2025-02-18T07:09:30.299+0000] {sql.py:562} INFO - Rows affected: 1
[2025-02-18T07:09:30.308+0000] {sql.py:553} INFO - Running statement: 
    INSERT INTO coins_data (id, name, symbol, price, percent_change_24h, percent_change_7d, percent_change_30d, market_cap, circulating_supply)
    VALUES (%s, %s, %s, %s, %s, %s, %s, %s, %s)
    , parameters: (29587, 'Wormhole', 'W', 0.16, -6.87, -10.66, -33.73, 473218800.41, 2868436163.0)
[2025-02-18T07:09:30.310+0000] {sql.py:562} INFO - Rows affected: 1
[2025-02-18T07:09:30.318+0000] {sql.py:553} INFO - Running statement: 
    INSERT INTO coins_data (id, name, symbol, price, percent_change_24h, percent_change_7d, percent_change_30d, market_cap, circulating_supply)
    VALUES (%s, %s, %s, %s, %s, %s, %s, %s, %s)
    , parameters: (6945, 'Amp', 'AMP', 0.01, -4.49, -9.3, -33.53, 453539577.95, 84231565354.4628)
[2025-02-18T07:09:30.321+0000] {sql.py:562} INFO - Rows affected: 1
[2025-02-18T07:09:30.328+0000] {sql.py:553} INFO - Running statement: 
    INSERT INTO coins_data (id, name, symbol, price, percent_change_24h, percent_change_7d, percent_change_30d, market_cap, circulating_supply)
    VALUES (%s, %s, %s, %s, %s, %s, %s, %s, %s)
    , parameters: (34104, 'Morpho', 'MORPHO', 2.02, -7.11, -7.95, -45.87, 453272181.57, 224490763.59737623)
[2025-02-18T07:09:30.332+0000] {sql.py:562} INFO - Rows affected: 1
[2025-02-18T07:09:30.344+0000] {sql.py:553} INFO - Running statement: 
    INSERT INTO coins_data (id, name, symbol, price, percent_change_24h, percent_change_7d, percent_change_30d, market_cap, circulating_supply)
    VALUES (%s, %s, %s, %s, %s, %s, %s, %s, %s)
    , parameters: (9816, 'APENFT', 'NFT', 0.0, -1.77, -2.81, -10.63, 447020865.06, 999990000000000.0)
[2025-02-18T07:09:30.347+0000] {sql.py:562} INFO - Rows affected: 1
[2025-02-18T07:09:30.356+0000] {sql.py:553} INFO - Running statement: 
    INSERT INTO coins_data (id, name, symbol, price, percent_change_24h, percent_change_7d, percent_change_30d, market_cap, circulating_supply)
    VALUES (%s, %s, %s, %s, %s, %s, %s, %s, %s)
    , parameters: (7431, 'Akash Network', 'AKT', 1.78, -5.12, -12.09, -41.0, 441013488.98, 248285794.661141)
[2025-02-18T07:09:30.359+0000] {sql.py:562} INFO - Rows affected: 1
[2025-02-18T07:09:30.370+0000] {sql.py:553} INFO - Running statement: 
    INSERT INTO coins_data (id, name, symbol, price, percent_change_24h, percent_change_7d, percent_change_30d, market_cap, circulating_supply)
    VALUES (%s, %s, %s, %s, %s, %s, %s, %s, %s)
    , parameters: (1659, 'Gnosis', 'GNO', 168.29, -1.65, -6.45, -28.91, 435431339.54, 2587418.38844565)
[2025-02-18T07:09:30.372+0000] {sql.py:562} INFO - Rows affected: 1
[2025-02-18T07:09:30.384+0000] {sql.py:553} INFO - Running statement: 
    INSERT INTO coins_data (id, name, symbol, price, percent_change_24h, percent_change_7d, percent_change_30d, market_cap, circulating_supply)
    VALUES (%s, %s, %s, %s, %s, %s, %s, %s, %s)
    , parameters: (3964, 'Reserve Rights', 'RSR', 0.01, -6.79, -16.61, -47.34, 430615610.99, 55382047907.0)
[2025-02-18T07:09:30.386+0000] {sql.py:562} INFO - Rows affected: 1
[2025-02-18T07:09:30.395+0000] {sql.py:553} INFO - Running statement: 
    INSERT INTO coins_data (id, name, symbol, price, percent_change_24h, percent_change_7d, percent_change_30d, market_cap, circulating_supply)
    VALUES (%s, %s, %s, %s, %s, %s, %s, %s, %s)
    , parameters: (5964, 'Trust Wallet Token', 'TWT', 1.01, -2.19, 7.11, -13.05, 421090594.09, 416649900.0)
[2025-02-18T07:09:30.398+0000] {sql.py:562} INFO - Rows affected: 1
[2025-02-18T07:09:30.407+0000] {sql.py:553} INFO - Running statement: 
    INSERT INTO coins_data (id, name, symbol, price, percent_change_24h, percent_change_7d, percent_change_30d, market_cap, circulating_supply)
    VALUES (%s, %s, %s, %s, %s, %s, %s, %s, %s)
    , parameters: (4157, 'THORChain', 'RUNE', 1.17, -6.48, -18.39, -68.03, 412373611.44, 352064904.0)
[2025-02-18T07:09:30.410+0000] {sql.py:562} INFO - Rows affected: 1
[2025-02-18T07:09:30.419+0000] {sql.py:553} INFO - Running statement: 
    INSERT INTO coins_data (id, name, symbol, price, percent_change_24h, percent_change_7d, percent_change_30d, market_cap, circulating_supply)
    VALUES (%s, %s, %s, %s, %s, %s, %s, %s, %s)
    , parameters: (8646, 'Mina', 'MINA', 0.34, -3.85, -7.36, -39.92, 411231746.68, 1215368314.8400393)
[2025-02-18T07:09:30.421+0000] {sql.py:562} INFO - Rows affected: 1
[2025-02-18T07:09:30.429+0000] {sql.py:553} INFO - Running statement: 
    INSERT INTO coins_data (id, name, symbol, price, percent_change_24h, percent_change_7d, percent_change_30d, market_cap, circulating_supply)
    VALUES (%s, %s, %s, %s, %s, %s, %s, %s, %s)
    , parameters: (30494, 'EigenLayer', 'EIGEN', 1.72, -0.3, -4.07, -39.4, 405267942.2, 234977760.92)
[2025-02-18T07:09:30.433+0000] {sql.py:562} INFO - Rows affected: 1
[2025-02-18T07:09:30.440+0000] {sql.py:553} INFO - Running statement: 
    INSERT INTO coins_data (id, name, symbol, price, percent_change_24h, percent_change_7d, percent_change_30d, market_cap, circulating_supply)
    VALUES (%s, %s, %s, %s, %s, %s, %s, %s, %s)
    , parameters: (4172, 'Terra Classic', 'LUNC', 0.0, -6.56, -2.54, -22.63, 401708089.93, 5489060827144.599)
[2025-02-18T07:09:30.442+0000] {sql.py:562} INFO - Rows affected: 1
[2025-02-18T07:09:30.450+0000] {sql.py:553} INFO - Running statement: 
    INSERT INTO coins_data (id, name, symbol, price, percent_change_24h, percent_change_7d, percent_change_30d, market_cap, circulating_supply)
    VALUES (%s, %s, %s, %s, %s, %s, %s, %s, %s)
    , parameters: (17799, 'Axelar', 'AXL', 0.44, -6.63, -7.6, -30.52, 400624383.44, 917584141.1540251)
[2025-02-18T07:09:30.452+0000] {sql.py:562} INFO - Rows affected: 1
[2025-02-18T07:09:30.460+0000] {sql.py:553} INFO - Running statement: 
    INSERT INTO coins_data (id, name, symbol, price, percent_change_24h, percent_change_7d, percent_change_30d, market_cap, circulating_supply)
    VALUES (%s, %s, %s, %s, %s, %s, %s, %s, %s)
    , parameters: (29743, 'Brett (Based)', 'BRETT', 0.04, -7.29, -14.43, -63.4, 401570505.32, 9910236395.0)
[2025-02-18T07:09:30.463+0000] {sql.py:562} INFO - Rows affected: 1
[2025-02-18T07:09:30.471+0000] {sql.py:553} INFO - Running statement: 
    INSERT INTO coins_data (id, name, symbol, price, percent_change_24h, percent_change_7d, percent_change_30d, market_cap, circulating_supply)
    VALUES (%s, %s, %s, %s, %s, %s, %s, %s, %s)
    , parameters: (32956, 'Grass', 'GRASS', 1.6, 0.96, 5.4, -35.99, 390280819.44, 243905091.0)
[2025-02-18T07:09:30.473+0000] {sql.py:562} INFO - Rows affected: 1
[2025-02-18T07:09:30.483+0000] {sql.py:553} INFO - Running statement: 
    INSERT INTO coins_data (id, name, symbol, price, percent_change_24h, percent_change_7d, percent_change_30d, market_cap, circulating_supply)
    VALUES (%s, %s, %s, %s, %s, %s, %s, %s, %s)
    , parameters: (24091, 'ZKsync', 'ZK', 0.1, -6.02, -8.9, -39.75, 381480651.58, 3675000000.0)
[2025-02-18T07:09:30.485+0000] {sql.py:562} INFO - Rows affected: 1
[2025-02-18T07:09:30.493+0000] {sql.py:553} INFO - Running statement: 
    INSERT INTO coins_data (id, name, symbol, price, percent_change_24h, percent_change_7d, percent_change_30d, market_cap, circulating_supply)
    VALUES (%s, %s, %s, %s, %s, %s, %s, %s, %s)
    , parameters: (33391, 'DeepBook Protocol', 'DEEP', 0.13, -5.17, -35.51, -54.87, 378416838.06, 2872000000.0)
[2025-02-18T07:09:30.496+0000] {sql.py:562} INFO - Rows affected: 1
[2025-02-18T07:09:30.504+0000] {sql.py:553} INFO - Running statement: 
    INSERT INTO coins_data (id, name, symbol, price, percent_change_24h, percent_change_7d, percent_change_30d, market_cap, circulating_supply)
    VALUES (%s, %s, %s, %s, %s, %s, %s, %s, %s)
    , parameters: (8104, '1inch Network', '1INCH', 0.26, -3.42, -4.42, -28.66, 364854893.44, 1399644443.3760455)
[2025-02-18T07:09:30.507+0000] {sql.py:562} INFO - Rows affected: 1
[2025-02-18T07:09:30.516+0000] {sql.py:553} INFO - Running statement: 
    INSERT INTO coins_data (id, name, symbol, price, percent_change_24h, percent_change_7d, percent_change_30d, market_cap, circulating_supply)
    VALUES (%s, %s, %s, %s, %s, %s, %s, %s, %s)
    , parameters: (34026, 'ai16z', 'AI16Z', 0.33, -13.58, -41.9, -66.87, 358837578.39, 1099999178.3229916)
[2025-02-18T07:09:30.519+0000] {sql.py:562} INFO - Rows affected: 1
[2025-02-18T07:09:30.534+0000] {sql.py:553} INFO - Running statement: 
    INSERT INTO coins_data (id, name, symbol, price, percent_change_24h, percent_change_7d, percent_change_30d, market_cap, circulating_supply)
    VALUES (%s, %s, %s, %s, %s, %s, %s, %s, %s)
    , parameters: (23635, 'BinaryX', 'BNX', 0.96, 0.7, 37.68, 172.94, 358040440.46, 374070811.3316256)
[2025-02-18T07:09:30.537+0000] {sql.py:562} INFO - Rows affected: 1
[2025-02-18T07:09:30.551+0000] {sql.py:553} INFO - Running statement: 
    INSERT INTO coins_data (id, name, symbol, price, percent_change_24h, percent_change_7d, percent_change_30d, market_cap, circulating_supply)
    VALUES (%s, %s, %s, %s, %s, %s, %s, %s, %s)
    , parameters: (1684, 'Qtum', 'QTUM', 3.29, 1.01, -6.85, 2.94, 347293867.1, 105527493.0)
[2025-02-18T07:09:30.554+0000] {sql.py:562} INFO - Rows affected: 1
[2025-02-18T07:09:30.565+0000] {sql.py:553} INFO - Running statement: 
    INSERT INTO coins_data (id, name, symbol, price, percent_change_24h, percent_change_7d, percent_change_30d, market_cap, circulating_supply)
    VALUES (%s, %s, %s, %s, %s, %s, %s, %s, %s)
    , parameters: (5198, 'Creditcoin', 'CTC', 0.78, -2.43, -11.78, -29.17, 333026605.07, 429416053.0)
[2025-02-18T07:09:30.567+0000] {sql.py:562} INFO - Rows affected: 1
[2025-02-18T07:09:30.575+0000] {sql.py:553} INFO - Running statement: 
    INSERT INTO coins_data (id, name, symbol, price, percent_change_24h, percent_change_7d, percent_change_30d, market_cap, circulating_supply)
    VALUES (%s, %s, %s, %s, %s, %s, %s, %s, %s)
    , parameters: (8290, 'SuperVerse', 'SUPER', 0.66, -7.02, -15.59, -45.47, 331242015.24, 502860934.41691726)
[2025-02-18T07:09:30.578+0000] {sql.py:562} INFO - Rows affected: 1
[2025-02-18T07:09:30.588+0000] {sql.py:553} INFO - Running statement: 
    INSERT INTO coins_data (id, name, symbol, price, percent_change_24h, percent_change_7d, percent_change_30d, market_cap, circulating_supply)
    VALUES (%s, %s, %s, %s, %s, %s, %s, %s, %s)
    , parameters: (5488, 'JUST', 'JST', 0.03, -2.2, -3.98, -13.51, 331762783.72, 9900000000.0)
[2025-02-18T07:09:30.591+0000] {sql.py:562} INFO - Rows affected: 1
[2025-02-18T07:09:30.600+0000] {sql.py:553} INFO - Running statement: 
    INSERT INTO coins_data (id, name, symbol, price, percent_change_24h, percent_change_7d, percent_change_30d, market_cap, circulating_supply)
    VALUES (%s, %s, %s, %s, %s, %s, %s, %s, %s)
    , parameters: (33597, 'Fartcoin', 'FARTCOIN', 0.33, -23.93, -50.68, -81.4, 329111231.03, 999998256.0)
[2025-02-18T07:09:30.603+0000] {sql.py:562} INFO - Rows affected: 1
[2025-02-18T07:09:30.610+0000] {sql.py:553} INFO - Running statement: 
    INSERT INTO coins_data (id, name, symbol, price, percent_change_24h, percent_change_7d, percent_change_30d, market_cap, circulating_supply)
    VALUES (%s, %s, %s, %s, %s, %s, %s, %s, %s)
    , parameters: (2586, 'Synthetix', 'SNX', 0.96, -3.67, -9.28, -46.67, 324676983.36, 339466216.9903987)
[2025-02-18T07:09:30.613+0000] {sql.py:562} INFO - Rows affected: 1
[2025-02-18T07:09:30.620+0000] {sql.py:553} INFO - Running statement: 
    INSERT INTO coins_data (id, name, symbol, price, percent_change_24h, percent_change_7d, percent_change_30d, market_cap, circulating_supply)
    VALUES (%s, %s, %s, %s, %s, %s, %s, %s, %s)
    , parameters: (4041, 'MX Token', 'MX', 3.41, -1.17, -2.31, -7.76, 323955545.31, 94954334.0)
[2025-02-18T07:09:30.622+0000] {sql.py:562} INFO - Rows affected: 1
[2025-02-18T07:09:30.631+0000] {sql.py:553} INFO - Running statement: 
    INSERT INTO coins_data (id, name, symbol, price, percent_change_24h, percent_change_7d, percent_change_30d, market_cap, circulating_supply)
    VALUES (%s, %s, %s, %s, %s, %s, %s, %s, %s)
    , parameters: (7548, 'WEMIX', 'WEMIX', 0.77, -4.33, 0.1, -6.74, 322025420.9, 417288352.1551715)
[2025-02-18T07:09:30.634+0000] {sql.py:562} INFO - Rows affected: 1
[2025-02-18T07:09:30.641+0000] {sql.py:553} INFO - Running statement: 
    INSERT INTO coins_data (id, name, symbol, price, percent_change_24h, percent_change_7d, percent_change_30d, market_cap, circulating_supply)
    VALUES (%s, %s, %s, %s, %s, %s, %s, %s, %s)
    , parameters: (3822, 'Theta Fuel', 'TFUEL', 0.05, -3.02, -14.65, -28.34, 321549817.07, 6847684973.0)
[2025-02-18T07:09:30.645+0000] {sql.py:562} INFO - Rows affected: 1
[2025-02-18T07:09:30.661+0000] {sql.py:553} INFO - Running statement: 
    INSERT INTO coins_data (id, name, symbol, price, percent_change_24h, percent_change_7d, percent_change_30d, market_cap, circulating_supply)
    VALUES (%s, %s, %s, %s, %s, %s, %s, %s, %s)
    , parameters: (8119, 'SafePal', 'SFP', 0.64, -4.64, -1.07, -8.8, 319344873.06, 500000000.0)
[2025-02-18T07:09:30.663+0000] {sql.py:562} INFO - Rows affected: 1
[2025-02-18T07:09:30.672+0000] {sql.py:553} INFO - Running statement: 
    INSERT INTO coins_data (id, name, symbol, price, percent_change_24h, percent_change_7d, percent_change_30d, market_cap, circulating_supply)
    VALUES (%s, %s, %s, %s, %s, %s, %s, %s, %s)
    , parameters: (131, 'Dash', 'DASH', 25.51, -5.16, -9.44, -33.98, 309866826.44, 12147464.21570854)
[2025-02-18T07:09:30.675+0000] {sql.py:562} INFO - Rows affected: 1
[2025-02-18T07:09:30.682+0000] {sql.py:553} INFO - Running statement: 
    INSERT INTO coins_data (id, name, symbol, price, percent_change_24h, percent_change_7d, percent_change_30d, market_cap, circulating_supply)
    VALUES (%s, %s, %s, %s, %s, %s, %s, %s, %s)
    , parameters: (5034, 'Kusama', 'KSM', 19.13, -5.09, -9.2, -37.71, 308530711.54, 16125057.21307827)
[2025-02-18T07:09:30.685+0000] {sql.py:562} INFO - Rows affected: 1
[2025-02-18T07:09:30.693+0000] {sql.py:553} INFO - Running statement: 
    INSERT INTO coins_data (id, name, symbol, price, percent_change_24h, percent_change_7d, percent_change_30d, market_cap, circulating_supply)
    VALUES (%s, %s, %s, %s, %s, %s, %s, %s, %s)
    , parameters: (27659, 'Mog Coin', 'MOG', 0.0, -2.76, -18.33, -54.63, 307619615.95, 390567526433216.7)
[2025-02-18T07:09:30.696+0000] {sql.py:562} INFO - Rows affected: 1
[2025-02-18T07:09:30.710+0000] {sql.py:553} INFO - Running statement: 
    INSERT INTO coins_data (id, name, symbol, price, percent_change_24h, percent_change_7d, percent_change_30d, market_cap, circulating_supply)
    VALUES (%s, %s, %s, %s, %s, %s, %s, %s, %s)
    , parameters: (26997, 'LayerZero', 'ZRO', 2.8, -3.34, -6.58, -37.39, 307550492.09, 110000000.0)
[2025-02-18T07:09:30.713+0000] {sql.py:562} INFO - Rows affected: 1
[2025-02-18T07:09:30.721+0000] {sql.py:553} INFO - Running statement: 
    INSERT INTO coins_data (id, name, symbol, price, percent_change_24h, percent_change_7d, percent_change_30d, market_cap, circulating_supply)
    VALUES (%s, %s, %s, %s, %s, %s, %s, %s, %s)
    , parameters: (21585, 'Safe', 'SAFE', 0.58, -4.65, -5.78, -35.48, 305475321.4, 527419089.0)
[2025-02-18T07:09:30.725+0000] {sql.py:562} INFO - Rows affected: 1
[2025-02-18T07:09:30.732+0000] {sql.py:553} INFO - Running statement: 
    INSERT INTO coins_data (id, name, symbol, price, percent_change_24h, percent_change_7d, percent_change_30d, market_cap, circulating_supply)
    VALUES (%s, %s, %s, %s, %s, %s, %s, %s, %s)
    , parameters: (23121, 'Blur', 'BLUR', 0.13, -5.83, -8.37, -38.11, 295527739.65, 2210119807.791096)
[2025-02-18T07:09:30.734+0000] {sql.py:562} INFO - Rows affected: 1
[2025-02-18T07:09:30.746+0000] {sql.py:553} INFO - Running statement: 
    INSERT INTO coins_data (id, name, symbol, price, percent_change_24h, percent_change_7d, percent_change_30d, market_cap, circulating_supply)
    VALUES (%s, %s, %s, %s, %s, %s, %s, %s, %s)
    , parameters: (4948, 'Nervos Network', 'CKB', 0.01, -1.51, -7.43, -39.14, 287530188.93, 45973650099.95927)
[2025-02-18T07:09:30.748+0000] {sql.py:562} INFO - Rows affected: 1
[2025-02-18T07:09:30.755+0000] {sql.py:553} INFO - Running statement: 
    INSERT INTO coins_data (id, name, symbol, price, percent_change_24h, percent_change_7d, percent_change_30d, market_cap, circulating_supply)
    VALUES (%s, %s, %s, %s, %s, %s, %s, %s, %s)
    , parameters: (7653, 'Oasis', 'ROSE', 0.04, -7.24, -13.69, -46.57, 286149876.92, 7064132681.0)
[2025-02-18T07:09:30.758+0000] {sql.py:562} INFO - Rows affected: 1
[2025-02-18T07:09:30.766+0000] {sql.py:553} INFO - Running statement: 
    INSERT INTO coins_data (id, name, symbol, price, percent_change_24h, percent_change_7d, percent_change_30d, market_cap, circulating_supply)
    VALUES (%s, %s, %s, %s, %s, %s, %s, %s, %s)
    , parameters: (3012, 'VeThor Token', 'VTHO', 0.0, -4.62, -21.77, 29.15, 285814318.53, 86350074660.0)
[2025-02-18T07:09:30.768+0000] {sql.py:562} INFO - Rows affected: 1
[2025-02-18T07:09:30.776+0000] {sql.py:553} INFO - Running statement: 
    INSERT INTO coins_data (id, name, symbol, price, percent_change_24h, percent_change_7d, percent_change_30d, market_cap, circulating_supply)
    VALUES (%s, %s, %s, %s, %s, %s, %s, %s, %s)
    , parameters: (12885, 'Astar', 'ASTR', 0.04, -6.59, -8.75, -34.84, 286028079.76, 7580039967.0)
[2025-02-18T07:09:30.778+0000] {sql.py:562} INFO - Rows affected: 1
[2025-02-18T07:09:30.790+0000] {sql.py:553} INFO - Running statement: 
    INSERT INTO coins_data (id, name, symbol, price, percent_change_24h, percent_change_7d, percent_change_30d, market_cap, circulating_supply)
    VALUES (%s, %s, %s, %s, %s, %s, %s, %s, %s)
    , parameters: (28850, 'Notcoin', 'NOT', 0.0, -8.15, -6.66, -52.07, 285727568.18, 102456957077.5639)
[2025-02-18T07:09:30.793+0000] {sql.py:562} INFO - Rows affected: 1
[2025-02-18T07:09:30.800+0000] {sql.py:553} INFO - Running statement: 
    INSERT INTO coins_data (id, name, symbol, price, percent_change_24h, percent_change_7d, percent_change_30d, market_cap, circulating_supply)
    VALUES (%s, %s, %s, %s, %s, %s, %s, %s, %s)
    , parameters: (1455, 'Golem', 'GLM', 0.29, -16.39, 6.67, -22.95, 285388033.45, 1000000000.0)
[2025-02-18T07:09:30.802+0000] {sql.py:562} INFO - Rows affected: 1
[2025-02-18T07:09:30.810+0000] {sql.py:553} INFO - Running statement: 
    INSERT INTO coins_data (id, name, symbol, price, percent_change_24h, percent_change_7d, percent_change_30d, market_cap, circulating_supply)
    VALUES (%s, %s, %s, %s, %s, %s, %s, %s, %s)
    , parameters: (6958, 'Alchemy Pay', 'ACH', 0.03, 23.72, 8.35, 43.48, 283521092.03, 8709209268.918858)
[2025-02-18T07:09:30.812+0000] {sql.py:562} INFO - Rows affected: 1
[2025-02-18T07:09:30.820+0000] {sql.py:553} INFO - Running statement: 
    INSERT INTO coins_data (id, name, symbol, price, percent_change_24h, percent_change_7d, percent_change_30d, market_cap, circulating_supply)
    VALUES (%s, %s, %s, %s, %s, %s, %s, %s, %s)
    , parameters: (27750, 'Toshi', 'TOSHI', 0.0, -6.05, -0.52, 78.23, 281671894.05, 408069300000.0)
[2025-02-18T07:09:30.823+0000] {sql.py:562} INFO - Rows affected: 1
[2025-02-18T07:09:30.831+0000] {sql.py:553} INFO - Running statement: 
    INSERT INTO coins_data (id, name, symbol, price, percent_change_24h, percent_change_7d, percent_change_30d, market_cap, circulating_supply)
    VALUES (%s, %s, %s, %s, %s, %s, %s, %s, %s)
    , parameters: (3640, 'Livepeer', 'LPT', 7.32, -8.33, -13.03, -45.35, 279516455.02, 38171181.58065356)
[2025-02-18T07:09:30.834+0000] {sql.py:562} INFO - Rows affected: 1
[2025-02-18T07:09:30.848+0000] {sql.py:553} INFO - Running statement: 
    INSERT INTO coins_data (id, name, symbol, price, percent_change_24h, percent_change_7d, percent_change_30d, market_cap, circulating_supply)
    VALUES (%s, %s, %s, %s, %s, %s, %s, %s, %s)
    , parameters: (2469, 'Zilliqa', 'ZIL', 0.01, -3.93, -7.56, -33.86, 276469493.35, 19544918967.820404)
[2025-02-18T07:09:30.851+0000] {sql.py:562} INFO - Rows affected: 1
[2025-02-18T07:09:30.859+0000] {sql.py:553} INFO - Running statement: 
    INSERT INTO coins_data (id, name, symbol, price, percent_change_24h, percent_change_7d, percent_change_30d, market_cap, circulating_supply)
    VALUES (%s, %s, %s, %s, %s, %s, %s, %s, %s)
    , parameters: (2682, 'Holo', 'HOT', 0.0, -6.84, -11.87, -37.28, 267862112.22, 174967605792.44778)
[2025-02-18T07:09:30.861+0000] {sql.py:562} INFO - Rows affected: 1
[2025-02-18T07:09:30.870+0000] {sql.py:553} INFO - Running statement: 
    INSERT INTO coins_data (id, name, symbol, price, percent_change_24h, percent_change_7d, percent_change_30d, market_cap, circulating_supply)
    VALUES (%s, %s, %s, %s, %s, %s, %s, %s, %s)
    , parameters: (1697, 'Basic Attention Token', 'BAT', 0.18, -4.54, -7.48, -27.37, 265299629.0, 1495668356.9526057)
[2025-02-18T07:09:30.873+0000] {sql.py:562} INFO - Rows affected: 1
[2025-02-18T07:09:30.881+0000] {sql.py:553} INFO - Running statement: 
    INSERT INTO coins_data (id, name, symbol, price, percent_change_24h, percent_change_7d, percent_change_30d, market_cap, circulating_supply)
    VALUES (%s, %s, %s, %s, %s, %s, %s, %s, %s)
    , parameters: (1896, '0x Protocol', 'ZRX', 0.31, -9.95, -6.29, -37.22, 262273401.99, 848396562.8973439)
[2025-02-18T07:09:30.883+0000] {sql.py:562} INFO - Rows affected: 1
[2025-02-18T07:09:30.892+0000] {sql.py:553} INFO - Running statement: 
    INSERT INTO coins_data (id, name, symbol, price, percent_change_24h, percent_change_7d, percent_change_30d, market_cap, circulating_supply)
    VALUES (%s, %s, %s, %s, %s, %s, %s, %s, %s)
    , parameters: (28194, 'SATS (Ordinals)', 'SATS', 0.0, -1.3, -2.92, -3.89, 257746661.1, 2100000000000000.0)
[2025-02-18T07:09:30.894+0000] {sql.py:562} INFO - Rows affected: 1
[2025-02-18T07:09:30.902+0000] {sql.py:553} INFO - Running statement: 
    INSERT INTO coins_data (id, name, symbol, price, percent_change_24h, percent_change_7d, percent_change_30d, market_cap, circulating_supply)
    VALUES (%s, %s, %s, %s, %s, %s, %s, %s, %s)
    , parameters: (10407, 'Baby Doge Coin', 'BabyDoge', 0.0, -8.11, -5.2, -40.05, 256312303.8, 1.637122541710197e+17)
[2025-02-18T07:09:30.905+0000] {sql.py:562} INFO - Rows affected: 1
[2025-02-18T07:09:30.915+0000] {sql.py:553} INFO - Running statement: 
    INSERT INTO coins_data (id, name, symbol, price, percent_change_24h, percent_change_7d, percent_change_30d, market_cap, circulating_supply)
    VALUES (%s, %s, %s, %s, %s, %s, %s, %s, %s)
    , parameters: (21846, 'SPACE ID', 'ID', 0.29, -9.07, 1.78, -31.8, 256212677.76, 879627042.1744398)
[2025-02-18T07:09:30.917+0000] {sql.py:562} INFO - Rows affected: 1
[2025-02-18T07:09:30.928+0000] {sql.py:553} INFO - Running statement: 
    INSERT INTO coins_data (id, name, symbol, price, percent_change_24h, percent_change_7d, percent_change_30d, market_cap, circulating_supply)
    VALUES (%s, %s, %s, %s, %s, %s, %s, %s, %s)
    , parameters: (29814, 'ether.fi', 'ETHFI', 1.09, -3.89, -8.95, -42.07, 251740816.41, 231666217.0)
[2025-02-18T07:09:30.931+0000] {sql.py:562} INFO - Rows affected: 1
[2025-02-18T07:09:30.944+0000] {sql.py:553} INFO - Running statement: 
    INSERT INTO coins_data (id, name, symbol, price, percent_change_24h, percent_change_7d, percent_change_30d, market_cap, circulating_supply)
    VALUES (%s, %s, %s, %s, %s, %s, %s, %s, %s)
    , parameters: (30126, 'cat in a dogs world', 'MEW', 0.0, -6.55, -13.66, -56.59, 246671156.28, 88888888888.0)
[2025-02-18T07:09:30.947+0000] {sql.py:562} INFO - Rows affected: 1
[2025-02-18T07:09:30.956+0000] {sql.py:553} INFO - Running statement: 
    INSERT INTO coins_data (id, name, symbol, price, percent_change_24h, percent_change_7d, percent_change_30d, market_cap, circulating_supply)
    VALUES (%s, %s, %s, %s, %s, %s, %s, %s, %s)
    , parameters: (2467, 'OriginTrail', 'TRAC', 0.49, -0.59, -3.04, -29.66, 245363569.96, 499995032.602)
[2025-02-18T07:09:30.958+0000] {sql.py:562} INFO - Rows affected: 1
[2025-02-18T07:09:30.969+0000] {sql.py:553} INFO - Running statement: 
    INSERT INTO coins_data (id, name, symbol, price, percent_change_24h, percent_change_7d, percent_change_30d, market_cap, circulating_supply)
    VALUES (%s, %s, %s, %s, %s, %s, %s, %s, %s)
    , parameters: (1785, 'Gas', 'GAS', 3.76, -7.09, -8.0, -24.61, 244657601.09, 64992331.0)
[2025-02-18T07:09:30.972+0000] {sql.py:562} INFO - Rows affected: 1
[2025-02-18T07:09:30.982+0000] {sql.py:553} INFO - Running statement: 
    INSERT INTO coins_data (id, name, symbol, price, percent_change_24h, percent_change_7d, percent_change_30d, market_cap, circulating_supply)
    VALUES (%s, %s, %s, %s, %s, %s, %s, %s, %s)
    , parameters: (28782, 'Popcat (SOL)', 'POPCAT', 0.25, -12.13, -16.84, -59.02, 244231725.52, 979973184.6)
[2025-02-18T07:09:30.985+0000] {sql.py:562} INFO - Rows affected: 1
[2025-02-18T07:09:30.996+0000] {sql.py:553} INFO - Running statement: 
    INSERT INTO coins_data (id, name, symbol, price, percent_change_24h, percent_change_7d, percent_change_30d, market_cap, circulating_supply)
    VALUES (%s, %s, %s, %s, %s, %s, %s, %s, %s)
    , parameters: (30063, 'Gigachad', 'GIGA', 0.03, -16.06, -34.12, -62.97, 243124130.89, 9302411888.0)
[2025-02-18T07:09:30.998+0000] {sql.py:562} INFO - Rows affected: 1
[2025-02-18T07:09:31.008+0000] {sql.py:553} INFO - Running statement: 
    INSERT INTO coins_data (id, name, symbol, price, percent_change_24h, percent_change_7d, percent_change_30d, market_cap, circulating_supply)
    VALUES (%s, %s, %s, %s, %s, %s, %s, %s, %s)
    , parameters: (31526, 'Moca Network', 'MOCA', 0.13, -4.27, -16.08, -35.53, 243188400.32, 1877551362.43)
[2025-02-18T07:09:31.010+0000] {sql.py:562} INFO - Rows affected: 1
[2025-02-18T07:09:31.020+0000] {sql.py:553} INFO - Running statement: 
    INSERT INTO coins_data (id, name, symbol, price, percent_change_24h, percent_change_7d, percent_change_30d, market_cap, circulating_supply)
    VALUES (%s, %s, %s, %s, %s, %s, %s, %s, %s)
    , parameters: (25028, 'ORDI', 'ORDI', 11.47, -6.46, -7.15, -52.45, 240766860.04, 21000000.0)
[2025-02-18T07:09:31.022+0000] {sql.py:562} INFO - Rows affected: 1
[2025-02-18T07:09:31.029+0000] {sql.py:553} INFO - Running statement: 
    INSERT INTO coins_data (id, name, symbol, price, percent_change_24h, percent_change_7d, percent_change_30d, market_cap, circulating_supply)
    VALUES (%s, %s, %s, %s, %s, %s, %s, %s, %s)
    , parameters: (5567, 'Celo', 'CELO', 0.42, -6.12, -7.1, -33.51, 236254122.45, 562409366.0)
[2025-02-18T07:09:31.031+0000] {sql.py:562} INFO - Rows affected: 1
[2025-02-18T07:09:31.039+0000] {sql.py:553} INFO - Running statement: 
    INSERT INTO coins_data (id, name, symbol, price, percent_change_24h, percent_change_7d, percent_change_30d, market_cap, circulating_supply)
    VALUES (%s, %s, %s, %s, %s, %s, %s, %s, %s)
    , parameters: (30083, 'Aethir', 'ATH', 0.04, -4.37, -11.12, -42.52, 235499067.62, 6697646536.0)
[2025-02-18T07:09:31.041+0000] {sql.py:562} INFO - Rows affected: 1
[2025-02-18T07:09:31.048+0000] {sql.py:553} INFO - Running statement: 
    INSERT INTO coins_data (id, name, symbol, price, percent_change_24h, percent_change_7d, percent_change_30d, market_cap, circulating_supply)
    VALUES (%s, %s, %s, %s, %s, %s, %s, %s, %s)
    , parameters: (24911, 'Turbo', 'TURBO', 0.0, -6.51, -15.03, -54.7, 234165708.74, 69000000000.0)
[2025-02-18T07:09:31.051+0000] {sql.py:562} INFO - Rows affected: 1
[2025-02-18T07:09:31.064+0000] {sql.py:553} INFO - Running statement: 
    INSERT INTO coins_data (id, name, symbol, price, percent_change_24h, percent_change_7d, percent_change_30d, market_cap, circulating_supply)
    VALUES (%s, %s, %s, %s, %s, %s, %s, %s, %s)
    , parameters: (1042, 'Siacoin', 'SC', 0.0, -4.66, 0.97, -27.46, 231979146.29, 56025636522.075195)
[2025-02-18T07:09:31.068+0000] {sql.py:562} INFO - Rows affected: 1
[2025-02-18T07:09:31.076+0000] {sql.py:553} INFO - Running statement: 
    INSERT INTO coins_data (id, name, symbol, price, percent_change_24h, percent_change_7d, percent_change_30d, market_cap, circulating_supply)
    VALUES (%s, %s, %s, %s, %s, %s, %s, %s, %s)
    , parameters: (29779, 'Polyhedra Network', 'ZKJ', 2.06, -1.03, 0.15, 7.33, 231866187.01, 112502998.79)
[2025-02-18T07:09:31.079+0000] {sql.py:562} INFO - Rows affected: 1
[2025-02-18T07:09:31.088+0000] {sql.py:553} INFO - Running statement: 
    INSERT INTO coins_data (id, name, symbol, price, percent_change_24h, percent_change_7d, percent_change_30d, market_cap, circulating_supply)
    VALUES (%s, %s, %s, %s, %s, %s, %s, %s, %s)
    , parameters: (873, 'NEM', 'XEM', 0.02, 11.93, 19.76, -1.69, 221978926.01, 8999999999.0)
[2025-02-18T07:09:31.090+0000] {sql.py:562} INFO - Rows affected: 1
[2025-02-18T07:09:31.098+0000] {sql.py:553} INFO - Running statement: 
    INSERT INTO coins_data (id, name, symbol, price, percent_change_24h, percent_change_7d, percent_change_30d, market_cap, circulating_supply)
    VALUES (%s, %s, %s, %s, %s, %s, %s, %s, %s)
    , parameters: (6758, 'SushiSwap', 'SUSHI', 0.85, -5.22, -8.51, -42.61, 225709496.96, 264034966.40750432)
[2025-02-18T07:09:31.103+0000] {sql.py:562} INFO - Rows affected: 1
[2025-02-18T07:09:31.111+0000] {sql.py:553} INFO - Running statement: 
    INSERT INTO coins_data (id, name, symbol, price, percent_change_24h, percent_change_7d, percent_change_30d, market_cap, circulating_supply)
    VALUES (%s, %s, %s, %s, %s, %s, %s, %s, %s)
    , parameters: (3783, 'Ankr', 'ANKR', 0.02, -4.56, -7.37, -34.14, 225174032.35, 10000000000.0)
[2025-02-18T07:09:31.114+0000] {sql.py:562} INFO - Rows affected: 1
[2025-02-18T07:09:31.125+0000] {sql.py:553} INFO - Running statement: 
    INSERT INTO coins_data (id, name, symbol, price, percent_change_24h, percent_change_7d, percent_change_30d, market_cap, circulating_supply)
    VALUES (%s, %s, %s, %s, %s, %s, %s, %s, %s)
    , parameters: (12220, 'Osmosis', 'OSMO', 0.31, -3.42, -2.7, -30.38, 221534338.82, 711309382.590777)
[2025-02-18T07:09:31.127+0000] {sql.py:562} INFO - Rows affected: 1
[2025-02-18T07:09:31.136+0000] {sql.py:553} INFO - Running statement: 
    INSERT INTO coins_data (id, name, symbol, price, percent_change_24h, percent_change_7d, percent_change_30d, market_cap, circulating_supply)
    VALUES (%s, %s, %s, %s, %s, %s, %s, %s, %s)
    , parameters: (1168, 'Decred', 'DCR', 13.28, -3.66, 1.93, -6.63, 220912719.53, 16631626.64419505)
[2025-02-18T07:09:31.138+0000] {sql.py:562} INFO - Rows affected: 1
[2025-02-18T07:09:31.146+0000] {sql.py:553} INFO - Running statement: 
    INSERT INTO coins_data (id, name, symbol, price, percent_change_24h, percent_change_7d, percent_change_30d, market_cap, circulating_supply)
    VALUES (%s, %s, %s, %s, %s, %s, %s, %s, %s)
    , parameters: (2765, 'XYO', 'XYO', 0.02, 0.12, -12.3, -5.59, 220101769.64, 13476747692.0)
[2025-02-18T07:09:31.148+0000] {sql.py:562} INFO - Rows affected: 1
[2025-02-18T07:09:31.156+0000] {sql.py:553} INFO - Running statement: 
    INSERT INTO coins_data (id, name, symbol, price, percent_change_24h, percent_change_7d, percent_change_30d, market_cap, circulating_supply)
    VALUES (%s, %s, %s, %s, %s, %s, %s, %s, %s)
    , parameters: (8536, 'Mask Network', 'MASK', 2.18, -1.91, -6.1, -20.42, 218186672.11, 100000000.0)
[2025-02-18T07:09:31.158+0000] {sql.py:562} INFO - Rows affected: 1
[2025-02-18T07:09:31.167+0000] {sql.py:553} INFO - Running statement: 
    INSERT INTO coins_data (id, name, symbol, price, percent_change_24h, percent_change_7d, percent_change_30d, market_cap, circulating_supply)
    VALUES (%s, %s, %s, %s, %s, %s, %s, %s, %s)
    , parameters: (7501, 'WOO', 'WOO', 0.12, -6.46, -6.95, -41.25, 217859384.45, 1863507196.0597656)
[2025-02-18T07:09:31.169+0000] {sql.py:562} INFO - Rows affected: 1
[2025-02-18T07:09:31.177+0000] {sql.py:553} INFO - Running statement: 
    INSERT INTO coins_data (id, name, symbol, price, percent_change_24h, percent_change_7d, percent_change_30d, market_cap, circulating_supply)
    VALUES (%s, %s, %s, %s, %s, %s, %s, %s, %s)
    , parameters: (23711, 'Echelon Prime', 'PRIME', 6.05, -5.87, -23.75, -56.69, 216418420.54, 35773841.0)
[2025-02-18T07:09:31.179+0000] {sql.py:562} INFO - Rows affected: 1
[2025-02-18T07:09:31.189+0000] {sql.py:553} INFO - Running statement: 
    INSERT INTO coins_data (id, name, symbol, price, percent_change_24h, percent_change_7d, percent_change_30d, market_cap, circulating_supply)
    VALUES (%s, %s, %s, %s, %s, %s, %s, %s, %s)
    , parameters: (1698, 'Horizen', 'ZEN', 13.6, -7.12, 6.37, -43.76, 215828005.13, 15870543.75)
[2025-02-18T07:09:31.191+0000] {sql.py:562} INFO - Rows affected: 1
[2025-02-18T07:09:31.195+0000] {python.py:240} INFO - Done. Returned value was: None
[2025-02-18T07:09:31.215+0000] {taskinstance.py:340} INFO - ::group::Post task execution logs
[2025-02-18T07:09:31.216+0000] {taskinstance.py:352} INFO - Marking task as SUCCESS. dag_id=fetch_cryptocurrencies_data, task_id=insert_coin_data_postgres, run_id=manual__2025-02-18T07:09:12.350537+00:00, execution_date=20250218T070912, start_date=20250218T070928, end_date=20250218T070931
[2025-02-18T07:09:31.236+0000] {logging_mixin.py:190} INFO - Task instance in success state
[2025-02-18T07:09:31.237+0000] {logging_mixin.py:190} INFO -  Previous state of the Task instance: running
[2025-02-18T07:09:31.238+0000] {logging_mixin.py:190} INFO - Dag name:fetch_cryptocurrencies_data queued_at:2025-02-18 07:09:12.371374+00:00
[2025-02-18T07:09:31.239+0000] {logging_mixin.py:190} INFO - Task hostname:df376234e961 operator:PythonOperator
[2025-02-18T07:09:31.274+0000] {local_task_job_runner.py:266} INFO - Task exited with return code 0
[2025-02-18T07:09:31.320+0000] {taskinstance.py:3895} INFO - 0 downstream tasks scheduled from follow-on schedule check
[2025-02-18T07:09:31.325+0000] {local_task_job_runner.py:245} INFO - ::endgroup::
