[2025-02-19T10:09:13.800+0000] {local_task_job_runner.py:123} INFO - ::group::Pre task execution logs
[2025-02-19T10:09:13.828+0000] {taskinstance.py:2613} INFO - Dependencies all met for dep_context=non-requeueable deps ti=<TaskInstance: sales-analysis-dag.transform scheduled__2025-02-18T00:00:00+00:00 [queued]>
[2025-02-19T10:09:13.843+0000] {taskinstance.py:2613} INFO - Dependencies all met for dep_context=requeueable deps ti=<TaskInstance: sales-analysis-dag.transform scheduled__2025-02-18T00:00:00+00:00 [queued]>
[2025-02-19T10:09:13.843+0000] {taskinstance.py:2866} INFO - Starting attempt 1 of 2
[2025-02-19T10:09:14.033+0000] {taskinstance.py:2889} INFO - Executing <Task(PythonOperator): transform> on 2025-02-18 00:00:00+00:00
[2025-02-19T10:09:14.041+0000] {warnings.py:112} WARNING - /home/***/.local/lib/python3.12/site-packages/***/task/task_runner/standard_task_runner.py:70: DeprecationWarning: This process (pid=76) is multi-threaded, use of fork() may lead to deadlocks in the child.
  pid = os.fork()

[2025-02-19T10:09:14.043+0000] {standard_task_runner.py:72} INFO - Started process 80 to run task
[2025-02-19T10:09:14.045+0000] {standard_task_runner.py:104} INFO - Running: ['***', 'tasks', 'run', 'sales-analysis-dag', 'transform', 'scheduled__2025-02-18T00:00:00+00:00', '--job-id', '109', '--raw', '--subdir', 'DAGS_FOLDER/sales_analysis.py', '--cfg-path', '/tmp/tmpr3h8afu4']
[2025-02-19T10:09:14.047+0000] {standard_task_runner.py:105} INFO - Job 109: Subtask transform
[2025-02-19T10:09:14.107+0000] {task_command.py:467} INFO - Running <TaskInstance: sales-analysis-dag.transform scheduled__2025-02-18T00:00:00+00:00 [running]> on host df376234e961
[2025-02-19T10:09:14.242+0000] {taskinstance.py:3132} INFO - Exporting env vars: AIRFLOW_CTX_DAG_EMAIL='olalekanrasaq1331@gmail.com' AIRFLOW_CTX_DAG_OWNER='Akinkunmi' AIRFLOW_CTX_DAG_ID='sales-analysis-dag' AIRFLOW_CTX_TASK_ID='transform' AIRFLOW_CTX_EXECUTION_DATE='2025-02-18T00:00:00+00:00' AIRFLOW_CTX_TRY_NUMBER='1' AIRFLOW_CTX_DAG_RUN_ID='scheduled__2025-02-18T00:00:00+00:00'
[2025-02-19T10:09:14.244+0000] {logging_mixin.py:190} INFO - Task instance is in running state
[2025-02-19T10:09:14.245+0000] {logging_mixin.py:190} INFO -  Previous state of the Task instance: queued
[2025-02-19T10:09:14.245+0000] {logging_mixin.py:190} INFO - Current task name:transform state:running start_date:2025-02-19 10:09:13.829494+00:00
[2025-02-19T10:09:14.246+0000] {logging_mixin.py:190} INFO - Dag name:sales-analysis-dag and current dag run status:running
[2025-02-19T10:09:14.247+0000] {taskinstance.py:731} INFO - ::endgroup::
[2025-02-19T10:09:15.880+0000] {python.py:240} INFO - Done. Returned value was: None
[2025-02-19T10:09:15.895+0000] {taskinstance.py:340} INFO - ::group::Post task execution logs
[2025-02-19T10:09:15.897+0000] {taskinstance.py:352} INFO - Marking task as SUCCESS. dag_id=sales-analysis-dag, task_id=transform, run_id=scheduled__2025-02-18T00:00:00+00:00, execution_date=20250218T000000, start_date=20250219T100913, end_date=20250219T100915
[2025-02-19T10:09:15.925+0000] {logging_mixin.py:190} INFO - Task instance in success state
[2025-02-19T10:09:15.926+0000] {logging_mixin.py:190} INFO -  Previous state of the Task instance: running
[2025-02-19T10:09:15.927+0000] {logging_mixin.py:190} INFO - Dag name:sales-analysis-dag queued_at:2025-02-19 10:09:06.481655+00:00
[2025-02-19T10:09:15.928+0000] {logging_mixin.py:190} INFO - Task hostname:df376234e961 operator:PythonOperator
[2025-02-19T10:09:15.945+0000] {local_task_job_runner.py:266} INFO - Task exited with return code 0
[2025-02-19T10:09:15.972+0000] {taskinstance.py:3895} INFO - 1 downstream tasks scheduled from follow-on schedule check
[2025-02-19T10:09:15.975+0000] {local_task_job_runner.py:245} INFO - ::endgroup::
