[2025-01-28T14:17:59.769+0000] {local_task_job_runner.py:123} INFO - ::group::Pre task execution logs
[2025-01-28T14:17:59.803+0000] {taskinstance.py:2613} INFO - Dependencies all met for dep_context=non-requeueable deps ti=<TaskInstance: example_bash_operator.run_after_loop scheduled__2025-01-27T00:00:00+00:00 [queued]>
[2025-01-28T14:17:59.824+0000] {taskinstance.py:2613} INFO - Dependencies all met for dep_context=requeueable deps ti=<TaskInstance: example_bash_operator.run_after_loop scheduled__2025-01-27T00:00:00+00:00 [queued]>
[2025-01-28T14:17:59.825+0000] {taskinstance.py:2866} INFO - Starting attempt 1 of 1
[2025-01-28T14:17:59.852+0000] {taskinstance.py:2889} INFO - Executing <Task(BashOperator): run_after_loop> on 2025-01-27 00:00:00+00:00
[2025-01-28T14:17:59.866+0000] {warnings.py:112} WARNING - /home/***/.local/lib/python3.12/site-packages/***/task/task_runner/standard_task_runner.py:70: DeprecationWarning: This process (pid=175) is multi-threaded, use of fork() may lead to deadlocks in the child.
  pid = os.fork()

[2025-01-28T14:17:59.870+0000] {standard_task_runner.py:72} INFO - Started process 177 to run task
[2025-01-28T14:17:59.870+0000] {standard_task_runner.py:104} INFO - Running: ['***', 'tasks', 'run', 'example_bash_operator', 'run_after_loop', 'scheduled__2025-01-27T00:00:00+00:00', '--job-id', '10', '--raw', '--subdir', '/home/***/.local/lib/python3.12/site-packages/***/example_dags/example_bash_operator.py', '--cfg-path', '/tmp/tmphom31ass']
[2025-01-28T14:17:59.872+0000] {standard_task_runner.py:105} INFO - Job 10: Subtask run_after_loop
[2025-01-28T14:17:59.967+0000] {task_command.py:467} INFO - Running <TaskInstance: example_bash_operator.run_after_loop scheduled__2025-01-27T00:00:00+00:00 [running]> on host 0d287206d23f
[2025-01-28T14:18:00.433+0000] {taskinstance.py:3132} INFO - Exporting env vars: AIRFLOW_CTX_DAG_OWNER='***' AIRFLOW_CTX_DAG_ID='example_bash_operator' AIRFLOW_CTX_TASK_ID='run_after_loop' AIRFLOW_CTX_EXECUTION_DATE='2025-01-27T00:00:00+00:00' AIRFLOW_CTX_TRY_NUMBER='1' AIRFLOW_CTX_DAG_RUN_ID='scheduled__2025-01-27T00:00:00+00:00'
[2025-01-28T14:18:00.435+0000] {logging_mixin.py:190} INFO - Task instance is in running state
[2025-01-28T14:18:00.435+0000] {logging_mixin.py:190} INFO -  Previous state of the Task instance: queued
[2025-01-28T14:18:00.436+0000] {logging_mixin.py:190} INFO - Current task name:run_after_loop state:running start_date:2025-01-28 14:17:59.804342+00:00
[2025-01-28T14:18:00.436+0000] {logging_mixin.py:190} INFO - Dag name:example_bash_operator and current dag run status:running
[2025-01-28T14:18:00.437+0000] {taskinstance.py:731} INFO - ::endgroup::
[2025-01-28T14:18:00.438+0000] {subprocess.py:78} INFO - Tmp dir root location: /tmp
[2025-01-28T14:18:00.440+0000] {subprocess.py:88} INFO - Running command: ['/usr/bin/bash', '-c', 'echo https://***.apache.org/']
[2025-01-28T14:18:00.459+0000] {subprocess.py:99} INFO - Output:
[2025-01-28T14:18:00.464+0000] {subprocess.py:106} INFO - https://***.apache.org/
[2025-01-28T14:18:00.465+0000] {subprocess.py:110} INFO - Command exited with return code 0
[2025-01-28T14:18:00.507+0000] {taskinstance.py:340} INFO - ::group::Post task execution logs
[2025-01-28T14:18:00.509+0000] {taskinstance.py:352} INFO - Marking task as SUCCESS. dag_id=example_bash_operator, task_id=run_after_loop, run_id=scheduled__2025-01-27T00:00:00+00:00, execution_date=20250127T000000, start_date=20250128T141759, end_date=20250128T141800
[2025-01-28T14:18:00.530+0000] {logging_mixin.py:190} INFO - Task instance in success state
[2025-01-28T14:18:00.531+0000] {logging_mixin.py:190} INFO -  Previous state of the Task instance: running
[2025-01-28T14:18:00.532+0000] {logging_mixin.py:190} INFO - Dag name:example_bash_operator queued_at:2025-01-28 14:17:43.150218+00:00
[2025-01-28T14:18:00.533+0000] {logging_mixin.py:190} INFO - Task hostname:0d287206d23f operator:BashOperator
[2025-01-28T14:18:00.572+0000] {local_task_job_runner.py:266} INFO - Task exited with return code 0
[2025-01-28T14:18:00.602+0000] {taskinstance.py:3895} INFO - 0 downstream tasks scheduled from follow-on schedule check
[2025-01-28T14:18:00.606+0000] {local_task_job_runner.py:245} INFO - ::endgroup::
