[2025-02-03T09:39:26.498+0000] {local_task_job_runner.py:123} INFO - ::group::Pre task execution logs
[2025-02-03T09:39:26.522+0000] {taskinstance.py:2613} INFO - Dependencies all met for dep_context=non-requeueable deps ti=<TaskInstance: fetch_cryptocurrencies_data.fetch_crypto_data manual__2025-02-03T09:39:23.370784+00:00 [queued]>
[2025-02-03T09:39:26.534+0000] {taskinstance.py:2613} INFO - Dependencies all met for dep_context=requeueable deps ti=<TaskInstance: fetch_cryptocurrencies_data.fetch_crypto_data manual__2025-02-03T09:39:23.370784+00:00 [queued]>
[2025-02-03T09:39:26.536+0000] {taskinstance.py:2866} INFO - Starting attempt 1 of 2
[2025-02-03T09:39:26.554+0000] {taskinstance.py:2889} INFO - Executing <Task(PythonOperator): fetch_crypto_data> on 2025-02-03 09:39:23.370784+00:00
[2025-02-03T09:39:26.562+0000] {warnings.py:112} WARNING - /home/***/.local/lib/python3.12/site-packages/***/task/task_runner/standard_task_runner.py:70: DeprecationWarning: This process (pid=730) is multi-threaded, use of fork() may lead to deadlocks in the child.
  pid = os.fork()

[2025-02-03T09:39:26.564+0000] {standard_task_runner.py:72} INFO - Started process 732 to run task
[2025-02-03T09:39:26.565+0000] {standard_task_runner.py:104} INFO - Running: ['***', 'tasks', 'run', 'fetch_cryptocurrencies_data', 'fetch_crypto_data', 'manual__2025-02-03T09:39:23.370784+00:00', '--job-id', '57', '--raw', '--subdir', 'DAGS_FOLDER/crypto_coins_dag.py', '--cfg-path', '/tmp/tmpdtl1s2ui']
[2025-02-03T09:39:26.566+0000] {standard_task_runner.py:105} INFO - Job 57: Subtask fetch_crypto_data
[2025-02-03T09:39:26.619+0000] {task_command.py:467} INFO - Running <TaskInstance: fetch_cryptocurrencies_data.fetch_crypto_data manual__2025-02-03T09:39:23.370784+00:00 [running]> on host df376234e961
[2025-02-03T09:39:26.711+0000] {taskinstance.py:3132} INFO - Exporting env vars: AIRFLOW_CTX_DAG_EMAIL='olalekanrasaq1331@gmail.com' AIRFLOW_CTX_DAG_OWNER='Akinkunmi' AIRFLOW_CTX_DAG_ID='fetch_cryptocurrencies_data' AIRFLOW_CTX_TASK_ID='fetch_crypto_data' AIRFLOW_CTX_EXECUTION_DATE='2025-02-03T09:39:23.370784+00:00' AIRFLOW_CTX_TRY_NUMBER='1' AIRFLOW_CTX_DAG_RUN_ID='manual__2025-02-03T09:39:23.370784+00:00'
[2025-02-03T09:39:26.713+0000] {logging_mixin.py:190} INFO - Task instance is in running state
[2025-02-03T09:39:26.713+0000] {logging_mixin.py:190} INFO -  Previous state of the Task instance: queued
[2025-02-03T09:39:26.714+0000] {logging_mixin.py:190} INFO - Current task name:fetch_crypto_data state:running start_date:2025-02-03 09:39:26.524040+00:00
[2025-02-03T09:39:26.714+0000] {logging_mixin.py:190} INFO - Dag name:fetch_cryptocurrencies_data and current dag run status:running
[2025-02-03T09:39:26.715+0000] {taskinstance.py:731} INFO - ::endgroup::
[2025-02-03T09:39:32.404+0000] {logging_mixin.py:190} INFO - {'id': 1, 'name': 'Bitcoin', 'symbol': 'BTC', 'slug': 'bitcoin', 'num_market_pairs': 11888, 'date_added': '2010-07-13T00:00:00.000Z', 'tags': ['mineable', 'pow', 'sha-256', 'store-of-value', 'state-channel', 'coinbase-ventures-portfolio', 'three-arrows-capital-portfolio', 'polychain-capital-portfolio', 'binance-labs-portfolio', 'blockchain-capital-portfolio', 'boostvc-portfolio', 'cms-holdings-portfolio', 'dcg-portfolio', 'dragonfly-capital-portfolio', 'electric-capital-portfolio', 'fabric-ventures-portfolio', 'framework-ventures-portfolio', 'galaxy-digital-portfolio', 'huobi-capital-portfolio', 'alameda-research-portfolio', 'a16z-portfolio', '1confirmation-portfolio', 'winklevoss-capital-portfolio', 'usv-portfolio', 'placeholder-ventures-portfolio', 'pantera-capital-portfolio', 'multicoin-capital-portfolio', 'paradigm-portfolio', 'bitcoin-ecosystem', 'ftx-bankruptcy-estate', '2017-2018-alt-season'], 'max_supply': 21000000, 'circulating_supply': 19819053, 'total_supply': 19819053, 'infinite_supply': False, 'platform': None, 'cmc_rank': 1, 'self_reported_circulating_supply': None, 'self_reported_market_cap': None, 'tvl_ratio': None, 'last_updated': '2025-02-03T09:37:00.000Z', 'quote': {'USD': {'price': 95821.791829817, 'volume_24h': 101289330025.68259, 'volume_change_24h': 176.7007, 'percent_change_1h': 0.68823258, 'percent_change_24h': -3.83890986, 'percent_change_7d': -3.36495466, 'percent_change_30d': -2.0144768, 'percent_change_60d': -6.69315242, 'percent_change_90d': 39.20211316, 'market_cap': 1899097170830.11, 'market_cap_dominance': 60.8555, 'fully_diluted_market_cap': 2012257628426.16, 'tvl': None, 'last_updated': '2025-02-03T09:37:00.000Z'}}}
[2025-02-03T09:39:32.405+0000] {logging_mixin.py:190} INFO - Cryptocurrencies data extracted successfully
[2025-02-03T09:39:32.407+0000] {python.py:240} INFO - Done. Returned value was: None
[2025-02-03T09:39:32.419+0000] {taskinstance.py:340} INFO - ::group::Post task execution logs
[2025-02-03T09:39:32.420+0000] {taskinstance.py:352} INFO - Marking task as SUCCESS. dag_id=fetch_cryptocurrencies_data, task_id=fetch_crypto_data, run_id=manual__2025-02-03T09:39:23.370784+00:00, execution_date=20250203T093923, start_date=20250203T093926, end_date=20250203T093932
[2025-02-03T09:39:32.433+0000] {logging_mixin.py:190} INFO - Task instance in success state
[2025-02-03T09:39:32.434+0000] {logging_mixin.py:190} INFO -  Previous state of the Task instance: running
[2025-02-03T09:39:32.435+0000] {logging_mixin.py:190} INFO - Dag name:fetch_cryptocurrencies_data queued_at:2025-02-03 09:39:23.383554+00:00
[2025-02-03T09:39:32.435+0000] {logging_mixin.py:190} INFO - Task hostname:df376234e961 operator:PythonOperator
[2025-02-03T09:39:32.457+0000] {local_task_job_runner.py:266} INFO - Task exited with return code 0
[2025-02-03T09:39:32.488+0000] {taskinstance.py:3895} INFO - 1 downstream tasks scheduled from follow-on schedule check
[2025-02-03T09:39:32.491+0000] {local_task_job_runner.py:245} INFO - ::endgroup::
