[2025-02-18T06:54:24.603+0000] {local_task_job_runner.py:123} INFO - ::group::Pre task execution logs
[2025-02-18T06:54:24.638+0000] {taskinstance.py:2613} INFO - Dependencies all met for dep_context=non-requeueable deps ti=<TaskInstance: fetch_cryptocurrencies_data.parse_coin_data scheduled__2025-02-04T00:00:00+00:00 [queued]>
[2025-02-18T06:54:24.652+0000] {taskinstance.py:2613} INFO - Dependencies all met for dep_context=requeueable deps ti=<TaskInstance: fetch_cryptocurrencies_data.parse_coin_data scheduled__2025-02-04T00:00:00+00:00 [queued]>
[2025-02-18T06:54:24.653+0000] {taskinstance.py:2866} INFO - Starting attempt 1 of 2
[2025-02-18T06:54:24.677+0000] {taskinstance.py:2889} INFO - Executing <Task(PythonOperator): parse_coin_data> on 2025-02-04 00:00:00+00:00
[2025-02-18T06:54:24.687+0000] {warnings.py:112} WARNING - /home/***/.local/lib/python3.12/site-packages/***/task/task_runner/standard_task_runner.py:70: DeprecationWarning: This process (pid=89) is multi-threaded, use of fork() may lead to deadlocks in the child.
  pid = os.fork()

[2025-02-18T06:54:24.689+0000] {standard_task_runner.py:72} INFO - Started process 96 to run task
[2025-02-18T06:54:24.691+0000] {standard_task_runner.py:104} INFO - Running: ['***', 'tasks', 'run', 'fetch_cryptocurrencies_data', 'parse_coin_data', 'scheduled__2025-02-04T00:00:00+00:00', '--job-id', '82', '--raw', '--subdir', 'DAGS_FOLDER/crypto_coins_dag.py', '--cfg-path', '/tmp/tmpznkd6kj0']
[2025-02-18T06:54:24.693+0000] {standard_task_runner.py:105} INFO - Job 82: Subtask parse_coin_data
[2025-02-18T06:54:24.772+0000] {task_command.py:467} INFO - Running <TaskInstance: fetch_cryptocurrencies_data.parse_coin_data scheduled__2025-02-04T00:00:00+00:00 [running]> on host df376234e961
[2025-02-18T06:54:24.900+0000] {taskinstance.py:3132} INFO - Exporting env vars: AIRFLOW_CTX_DAG_EMAIL='olalekanrasaq1331@gmail.com' AIRFLOW_CTX_DAG_OWNER='Akinkunmi' AIRFLOW_CTX_DAG_ID='fetch_cryptocurrencies_data' AIRFLOW_CTX_TASK_ID='parse_coin_data' AIRFLOW_CTX_EXECUTION_DATE='2025-02-04T00:00:00+00:00' AIRFLOW_CTX_TRY_NUMBER='1' AIRFLOW_CTX_DAG_RUN_ID='scheduled__2025-02-04T00:00:00+00:00'
[2025-02-18T06:54:24.901+0000] {logging_mixin.py:190} INFO - Task instance is in running state
[2025-02-18T06:54:24.902+0000] {logging_mixin.py:190} INFO -  Previous state of the Task instance: queued
[2025-02-18T06:54:24.902+0000] {logging_mixin.py:190} INFO - Current task name:parse_coin_data state:running start_date:2025-02-18 06:54:24.639052+00:00
[2025-02-18T06:54:24.903+0000] {logging_mixin.py:190} INFO - Dag name:fetch_cryptocurrencies_data and current dag run status:running
[2025-02-18T06:54:24.903+0000] {taskinstance.py:731} INFO - ::endgroup::
[2025-02-18T06:54:24.991+0000] {python.py:240} INFO - Done. Returned value was: None
[2025-02-18T06:54:25.005+0000] {taskinstance.py:340} INFO - ::group::Post task execution logs
[2025-02-18T06:54:25.006+0000] {taskinstance.py:352} INFO - Marking task as SUCCESS. dag_id=fetch_cryptocurrencies_data, task_id=parse_coin_data, run_id=scheduled__2025-02-04T00:00:00+00:00, execution_date=20250204T000000, start_date=20250218T065424, end_date=20250218T065425
[2025-02-18T06:54:25.021+0000] {logging_mixin.py:190} INFO - Task instance in success state
[2025-02-18T06:54:25.022+0000] {logging_mixin.py:190} INFO -  Previous state of the Task instance: running
[2025-02-18T06:54:25.022+0000] {logging_mixin.py:190} INFO - Dag name:fetch_cryptocurrencies_data queued_at:2025-02-18 06:54:13.670759+00:00
[2025-02-18T06:54:25.023+0000] {logging_mixin.py:190} INFO - Task hostname:df376234e961 operator:PythonOperator
[2025-02-18T06:54:25.068+0000] {local_task_job_runner.py:266} INFO - Task exited with return code 0
[2025-02-18T06:54:25.125+0000] {taskinstance.py:3895} INFO - 1 downstream tasks scheduled from follow-on schedule check
[2025-02-18T06:54:25.131+0000] {local_task_job_runner.py:245} INFO - ::endgroup::
