[2025-02-03T05:47:06.830+0000] {local_task_job_runner.py:123} INFO - ::group::Pre task execution logs
[2025-02-03T05:47:06.875+0000] {taskinstance.py:2613} INFO - Dependencies all met for dep_context=non-requeueable deps ti=<TaskInstance: sales-analysis-dag.transform scheduled__2025-01-31T00:00:00+00:00 [queued]>
[2025-02-03T05:47:06.900+0000] {taskinstance.py:2613} INFO - Dependencies all met for dep_context=requeueable deps ti=<TaskInstance: sales-analysis-dag.transform scheduled__2025-01-31T00:00:00+00:00 [queued]>
[2025-02-03T05:47:06.901+0000] {taskinstance.py:2866} INFO - Starting attempt 1 of 2
[2025-02-03T05:47:06.953+0000] {taskinstance.py:2889} INFO - Executing <Task(PythonOperator): transform> on 2025-01-31 00:00:00+00:00
[2025-02-03T05:47:06.966+0000] {warnings.py:112} WARNING - /home/***/.local/lib/python3.12/site-packages/***/task/task_runner/standard_task_runner.py:70: DeprecationWarning: This process (pid=91) is multi-threaded, use of fork() may lead to deadlocks in the child.
  pid = os.fork()

[2025-02-03T05:47:06.970+0000] {standard_task_runner.py:72} INFO - Started process 94 to run task
[2025-02-03T05:47:06.998+0000] {standard_task_runner.py:104} INFO - Running: ['***', 'tasks', 'run', 'sales-analysis-dag', 'transform', 'scheduled__2025-01-31T00:00:00+00:00', '--job-id', '42', '--raw', '--subdir', 'DAGS_FOLDER/sales_analysis.py', '--cfg-path', '/tmp/tmp6u5h6ekk']
[2025-02-03T05:47:07.001+0000] {standard_task_runner.py:105} INFO - Job 42: Subtask transform
[2025-02-03T05:47:07.508+0000] {task_command.py:467} INFO - Running <TaskInstance: sales-analysis-dag.transform scheduled__2025-01-31T00:00:00+00:00 [running]> on host df376234e961
[2025-02-03T05:47:07.655+0000] {taskinstance.py:3132} INFO - Exporting env vars: AIRFLOW_CTX_DAG_EMAIL='olalekanrasaq1331@gmail.com' AIRFLOW_CTX_DAG_OWNER='Akinkunmi' AIRFLOW_CTX_DAG_ID='sales-analysis-dag' AIRFLOW_CTX_TASK_ID='transform' AIRFLOW_CTX_EXECUTION_DATE='2025-01-31T00:00:00+00:00' AIRFLOW_CTX_TRY_NUMBER='1' AIRFLOW_CTX_DAG_RUN_ID='scheduled__2025-01-31T00:00:00+00:00'
[2025-02-03T05:47:07.657+0000] {logging_mixin.py:190} INFO - Task instance is in running state
[2025-02-03T05:47:07.658+0000] {logging_mixin.py:190} INFO -  Previous state of the Task instance: queued
[2025-02-03T05:47:07.658+0000] {logging_mixin.py:190} INFO - Current task name:transform state:running start_date:2025-02-03 05:47:06.877708+00:00
[2025-02-03T05:47:07.659+0000] {logging_mixin.py:190} INFO - Dag name:sales-analysis-dag and current dag run status:running
[2025-02-03T05:47:07.659+0000] {taskinstance.py:731} INFO - ::endgroup::
[2025-02-03T05:47:09.755+0000] {python.py:240} INFO - Done. Returned value was: None
[2025-02-03T05:47:09.774+0000] {taskinstance.py:340} INFO - ::group::Post task execution logs
[2025-02-03T05:47:09.774+0000] {taskinstance.py:352} INFO - Marking task as SUCCESS. dag_id=sales-analysis-dag, task_id=transform, run_id=scheduled__2025-01-31T00:00:00+00:00, execution_date=20250131T000000, start_date=20250203T054706, end_date=20250203T054709
[2025-02-03T05:47:09.790+0000] {logging_mixin.py:190} INFO - Task instance in success state
[2025-02-03T05:47:09.791+0000] {logging_mixin.py:190} INFO -  Previous state of the Task instance: running
[2025-02-03T05:47:09.791+0000] {logging_mixin.py:190} INFO - Dag name:sales-analysis-dag queued_at:2025-02-03 05:46:50.560789+00:00
[2025-02-03T05:47:09.792+0000] {logging_mixin.py:190} INFO - Task hostname:df376234e961 operator:PythonOperator
[2025-02-03T05:47:09.852+0000] {local_task_job_runner.py:266} INFO - Task exited with return code 0
[2025-02-03T05:47:10.040+0000] {taskinstance.py:3895} INFO - 1 downstream tasks scheduled from follow-on schedule check
[2025-02-03T05:47:10.043+0000] {local_task_job_runner.py:245} INFO - ::endgroup::
