[2025-02-18T06:54:16.868+0000] {local_task_job_runner.py:123} INFO - ::group::Pre task execution logs
[2025-02-18T06:54:16.918+0000] {taskinstance.py:2613} INFO - Dependencies all met for dep_context=non-requeueable deps ti=<TaskInstance: sales-analysis-dag.read_file scheduled__2025-02-04T00:00:00+00:00 [queued]>
[2025-02-18T06:54:16.938+0000] {taskinstance.py:2613} INFO - Dependencies all met for dep_context=requeueable deps ti=<TaskInstance: sales-analysis-dag.read_file scheduled__2025-02-04T00:00:00+00:00 [queued]>
[2025-02-18T06:54:16.939+0000] {taskinstance.py:2866} INFO - Starting attempt 1 of 2
[2025-02-18T06:54:17.246+0000] {taskinstance.py:2889} INFO - Executing <Task(PythonOperator): read_file> on 2025-02-04 00:00:00+00:00
[2025-02-18T06:54:17.258+0000] {warnings.py:112} WARNING - /home/***/.local/lib/python3.12/site-packages/***/task/task_runner/standard_task_runner.py:70: DeprecationWarning: This process (pid=72) is multi-threaded, use of fork() may lead to deadlocks in the child.
  pid = os.fork()

[2025-02-18T06:54:17.262+0000] {standard_task_runner.py:72} INFO - Started process 78 to run task
[2025-02-18T06:54:17.263+0000] {standard_task_runner.py:104} INFO - Running: ['***', 'tasks', 'run', 'sales-analysis-dag', 'read_file', 'scheduled__2025-02-04T00:00:00+00:00', '--job-id', '76', '--raw', '--subdir', 'DAGS_FOLDER/sales_analysis.py', '--cfg-path', '/tmp/tmp6vg9tzaz']
[2025-02-18T06:54:17.265+0000] {standard_task_runner.py:105} INFO - Job 76: Subtask read_file
[2025-02-18T06:54:17.381+0000] {task_command.py:467} INFO - Running <TaskInstance: sales-analysis-dag.read_file scheduled__2025-02-04T00:00:00+00:00 [running]> on host df376234e961
[2025-02-18T06:54:17.534+0000] {taskinstance.py:3132} INFO - Exporting env vars: AIRFLOW_CTX_DAG_EMAIL='olalekanrasaq1331@gmail.com' AIRFLOW_CTX_DAG_OWNER='Akinkunmi' AIRFLOW_CTX_DAG_ID='sales-analysis-dag' AIRFLOW_CTX_TASK_ID='read_file' AIRFLOW_CTX_EXECUTION_DATE='2025-02-04T00:00:00+00:00' AIRFLOW_CTX_TRY_NUMBER='1' AIRFLOW_CTX_DAG_RUN_ID='scheduled__2025-02-04T00:00:00+00:00'
[2025-02-18T06:54:17.536+0000] {logging_mixin.py:190} INFO - Task instance is in running state
[2025-02-18T06:54:17.537+0000] {logging_mixin.py:190} INFO -  Previous state of the Task instance: queued
[2025-02-18T06:54:17.538+0000] {logging_mixin.py:190} INFO - Current task name:read_file state:running start_date:2025-02-18 06:54:16.919667+00:00
[2025-02-18T06:54:17.539+0000] {logging_mixin.py:190} INFO - Dag name:sales-analysis-dag and current dag run status:running
[2025-02-18T06:54:17.539+0000] {taskinstance.py:731} INFO - ::endgroup::
[2025-02-18T06:54:19.009+0000] {logging_mixin.py:190} INFO - CSV file read successfully.
[2025-02-18T06:54:19.012+0000] {python.py:240} INFO - Done. Returned value was: None
[2025-02-18T06:54:19.030+0000] {taskinstance.py:340} INFO - ::group::Post task execution logs
[2025-02-18T06:54:19.031+0000] {taskinstance.py:352} INFO - Marking task as SUCCESS. dag_id=sales-analysis-dag, task_id=read_file, run_id=scheduled__2025-02-04T00:00:00+00:00, execution_date=20250204T000000, start_date=20250218T065416, end_date=20250218T065419
[2025-02-18T06:54:19.051+0000] {logging_mixin.py:190} INFO - Task instance in success state
[2025-02-18T06:54:19.052+0000] {logging_mixin.py:190} INFO -  Previous state of the Task instance: running
[2025-02-18T06:54:19.052+0000] {logging_mixin.py:190} INFO - Dag name:sales-analysis-dag queued_at:2025-02-18 06:54:13.663072+00:00
[2025-02-18T06:54:19.053+0000] {logging_mixin.py:190} INFO - Task hostname:df376234e961 operator:PythonOperator
[2025-02-18T06:54:19.090+0000] {local_task_job_runner.py:266} INFO - Task exited with return code 0
[2025-02-18T06:54:19.133+0000] {taskinstance.py:3895} INFO - 1 downstream tasks scheduled from follow-on schedule check
[2025-02-18T06:54:19.137+0000] {local_task_job_runner.py:245} INFO - ::endgroup::
