[2025-02-19T10:09:16.012+0000] {local_task_job_runner.py:123} INFO - ::group::Pre task execution logs
[2025-02-19T10:09:16.033+0000] {taskinstance.py:2613} INFO - Dependencies all met for dep_context=non-requeueable deps ti=<TaskInstance: fetch_cryptocurrencies_data.parse_coin_data scheduled__2025-02-18T00:00:00+00:00 [queued]>
[2025-02-19T10:09:16.043+0000] {taskinstance.py:2613} INFO - Dependencies all met for dep_context=requeueable deps ti=<TaskInstance: fetch_cryptocurrencies_data.parse_coin_data scheduled__2025-02-18T00:00:00+00:00 [queued]>
[2025-02-19T10:09:16.045+0000] {taskinstance.py:2866} INFO - Starting attempt 1 of 2
[2025-02-19T10:09:16.063+0000] {taskinstance.py:2889} INFO - Executing <Task(PythonOperator): parse_coin_data> on 2025-02-18 00:00:00+00:00
[2025-02-19T10:09:16.071+0000] {warnings.py:112} WARNING - /home/***/.local/lib/python3.12/site-packages/***/task/task_runner/standard_task_runner.py:70: DeprecationWarning: This process (pid=78) is multi-threaded, use of fork() may lead to deadlocks in the child.
  pid = os.fork()

[2025-02-19T10:09:16.074+0000] {standard_task_runner.py:72} INFO - Started process 82 to run task
[2025-02-19T10:09:16.074+0000] {standard_task_runner.py:104} INFO - Running: ['***', 'tasks', 'run', 'fetch_cryptocurrencies_data', 'parse_coin_data', 'scheduled__2025-02-18T00:00:00+00:00', '--job-id', '110', '--raw', '--subdir', 'DAGS_FOLDER/crypto_coins_dag.py', '--cfg-path', '/tmp/tmpny1h6hm5']
[2025-02-19T10:09:16.076+0000] {standard_task_runner.py:105} INFO - Job 110: Subtask parse_coin_data
[2025-02-19T10:09:16.131+0000] {task_command.py:467} INFO - Running <TaskInstance: fetch_cryptocurrencies_data.parse_coin_data scheduled__2025-02-18T00:00:00+00:00 [running]> on host df376234e961
[2025-02-19T10:09:16.233+0000] {taskinstance.py:3132} INFO - Exporting env vars: AIRFLOW_CTX_DAG_EMAIL='olalekanrasaq1331@gmail.com' AIRFLOW_CTX_DAG_OWNER='Akinkunmi' AIRFLOW_CTX_DAG_ID='fetch_cryptocurrencies_data' AIRFLOW_CTX_TASK_ID='parse_coin_data' AIRFLOW_CTX_EXECUTION_DATE='2025-02-18T00:00:00+00:00' AIRFLOW_CTX_TRY_NUMBER='1' AIRFLOW_CTX_DAG_RUN_ID='scheduled__2025-02-18T00:00:00+00:00'
[2025-02-19T10:09:16.235+0000] {logging_mixin.py:190} INFO - Task instance is in running state
[2025-02-19T10:09:16.236+0000] {logging_mixin.py:190} INFO -  Previous state of the Task instance: queued
[2025-02-19T10:09:16.237+0000] {logging_mixin.py:190} INFO - Current task name:parse_coin_data state:running start_date:2025-02-19 10:09:16.034204+00:00
[2025-02-19T10:09:16.237+0000] {logging_mixin.py:190} INFO - Dag name:fetch_cryptocurrencies_data and current dag run status:running
[2025-02-19T10:09:16.238+0000] {taskinstance.py:731} INFO - ::endgroup::
[2025-02-19T10:09:16.311+0000] {python.py:240} INFO - Done. Returned value was: None
[2025-02-19T10:09:16.320+0000] {taskinstance.py:340} INFO - ::group::Post task execution logs
[2025-02-19T10:09:16.321+0000] {taskinstance.py:352} INFO - Marking task as SUCCESS. dag_id=fetch_cryptocurrencies_data, task_id=parse_coin_data, run_id=scheduled__2025-02-18T00:00:00+00:00, execution_date=20250218T000000, start_date=20250219T100916, end_date=20250219T100916
[2025-02-19T10:09:16.333+0000] {logging_mixin.py:190} INFO - Task instance in success state
[2025-02-19T10:09:16.334+0000] {logging_mixin.py:190} INFO -  Previous state of the Task instance: running
[2025-02-19T10:09:16.334+0000] {logging_mixin.py:190} INFO - Dag name:fetch_cryptocurrencies_data queued_at:2025-02-19 10:09:06.507113+00:00
[2025-02-19T10:09:16.335+0000] {logging_mixin.py:190} INFO - Task hostname:df376234e961 operator:PythonOperator
[2025-02-19T10:09:16.373+0000] {local_task_job_runner.py:266} INFO - Task exited with return code 0
[2025-02-19T10:09:16.404+0000] {taskinstance.py:3895} INFO - 1 downstream tasks scheduled from follow-on schedule check
[2025-02-19T10:09:16.409+0000] {local_task_job_runner.py:245} INFO - ::endgroup::
