[2025-01-31T09:58:21.369+0000] {local_task_job_runner.py:123} INFO - ::group::Pre task execution logs
[2025-01-31T09:58:21.403+0000] {taskinstance.py:2613} INFO - Dependencies all met for dep_context=non-requeueable deps ti=<TaskInstance: my-first-python-etl-dag.extract scheduled__2025-01-30T00:00:00+00:00 [queued]>
[2025-01-31T09:58:21.421+0000] {taskinstance.py:2613} INFO - Dependencies all met for dep_context=requeueable deps ti=<TaskInstance: my-first-python-etl-dag.extract scheduled__2025-01-30T00:00:00+00:00 [queued]>
[2025-01-31T09:58:21.423+0000] {taskinstance.py:2866} INFO - Starting attempt 1 of 2
[2025-01-31T09:58:21.677+0000] {taskinstance.py:2889} INFO - Executing <Task(PythonOperator): extract> on 2025-01-30 00:00:00+00:00
[2025-01-31T09:58:21.688+0000] {warnings.py:112} WARNING - /home/***/.local/lib/python3.12/site-packages/***/task/task_runner/standard_task_runner.py:70: DeprecationWarning: This process (pid=69) is multi-threaded, use of fork() may lead to deadlocks in the child.
  pid = os.fork()

[2025-01-31T09:58:21.692+0000] {standard_task_runner.py:72} INFO - Started process 73 to run task
[2025-01-31T09:58:21.691+0000] {standard_task_runner.py:104} INFO - Running: ['***', 'tasks', 'run', 'my-first-python-etl-dag', 'extract', 'scheduled__2025-01-30T00:00:00+00:00', '--job-id', '22', '--raw', '--subdir', 'DAGS_FOLDER/my_first_dag.py', '--cfg-path', '/tmp/tmpytqny7e0']
[2025-01-31T09:58:21.694+0000] {standard_task_runner.py:105} INFO - Job 22: Subtask extract
[2025-01-31T09:58:21.793+0000] {task_command.py:467} INFO - Running <TaskInstance: my-first-python-etl-dag.extract scheduled__2025-01-30T00:00:00+00:00 [running]> on host 0d287206d23f
[2025-01-31T09:58:22.010+0000] {taskinstance.py:3132} INFO - Exporting env vars: AIRFLOW_CTX_DAG_EMAIL='olalekanrasaq1331@gmail.com' AIRFLOW_CTX_DAG_OWNER='Akinkunmi' AIRFLOW_CTX_DAG_ID='my-first-python-etl-dag' AIRFLOW_CTX_TASK_ID='extract' AIRFLOW_CTX_EXECUTION_DATE='2025-01-30T00:00:00+00:00' AIRFLOW_CTX_TRY_NUMBER='1' AIRFLOW_CTX_DAG_RUN_ID='scheduled__2025-01-30T00:00:00+00:00'
[2025-01-31T09:58:22.013+0000] {logging_mixin.py:190} INFO - Task instance is in running state
[2025-01-31T09:58:22.014+0000] {logging_mixin.py:190} INFO -  Previous state of the Task instance: queued
[2025-01-31T09:58:22.016+0000] {logging_mixin.py:190} INFO - Current task name:extract state:running start_date:2025-01-31 09:58:21.404804+00:00
[2025-01-31T09:58:22.016+0000] {logging_mixin.py:190} INFO - Dag name:my-first-python-etl-dag and current dag run status:running
[2025-01-31T09:58:22.017+0000] {taskinstance.py:731} INFO - ::endgroup::
[2025-01-31T09:58:22.019+0000] {logging_mixin.py:190} INFO - Inside Extract
[2025-01-31T09:58:22.020+0000] {python.py:240} INFO - Done. Returned value was: None
[2025-01-31T09:58:22.038+0000] {taskinstance.py:340} INFO - ::group::Post task execution logs
[2025-01-31T09:58:22.039+0000] {taskinstance.py:352} INFO - Marking task as SUCCESS. dag_id=my-first-python-etl-dag, task_id=extract, run_id=scheduled__2025-01-30T00:00:00+00:00, execution_date=20250130T000000, start_date=20250131T095821, end_date=20250131T095822
[2025-01-31T09:58:22.059+0000] {logging_mixin.py:190} INFO - Task instance in success state
[2025-01-31T09:58:22.060+0000] {logging_mixin.py:190} INFO -  Previous state of the Task instance: running
[2025-01-31T09:58:22.061+0000] {logging_mixin.py:190} INFO - Dag name:my-first-python-etl-dag queued_at:2025-01-31 09:58:15.887300+00:00
[2025-01-31T09:58:22.062+0000] {logging_mixin.py:190} INFO - Task hostname:0d287206d23f operator:PythonOperator
[2025-01-31T09:58:22.111+0000] {local_task_job_runner.py:266} INFO - Task exited with return code 0
[2025-01-31T09:58:22.160+0000] {taskinstance.py:3895} INFO - 1 downstream tasks scheduled from follow-on schedule check
[2025-01-31T09:58:22.163+0000] {local_task_job_runner.py:245} INFO - ::endgroup::
