[2025-02-03T09:41:26.704+0000] {local_task_job_runner.py:123} INFO - ::group::Pre task execution logs
[2025-02-03T09:41:26.728+0000] {taskinstance.py:2613} INFO - Dependencies all met for dep_context=non-requeueable deps ti=<TaskInstance: fetch_cryptocurrencies_data.fetch_crypto_data manual__2025-02-03T09:36:15.065223+00:00 [queued]>
[2025-02-03T09:41:26.741+0000] {taskinstance.py:2613} INFO - Dependencies all met for dep_context=requeueable deps ti=<TaskInstance: fetch_cryptocurrencies_data.fetch_crypto_data manual__2025-02-03T09:36:15.065223+00:00 [queued]>
[2025-02-03T09:41:26.742+0000] {taskinstance.py:2866} INFO - Starting attempt 2 of 2
[2025-02-03T09:41:26.761+0000] {taskinstance.py:2889} INFO - Executing <Task(PythonOperator): fetch_crypto_data> on 2025-02-03 09:36:15.065223+00:00
[2025-02-03T09:41:26.771+0000] {warnings.py:112} WARNING - /home/***/.local/lib/python3.12/site-packages/***/task/task_runner/standard_task_runner.py:70: DeprecationWarning: This process (pid=761) is multi-threaded, use of fork() may lead to deadlocks in the child.
  pid = os.fork()

[2025-02-03T09:41:26.774+0000] {standard_task_runner.py:104} INFO - Running: ['***', 'tasks', 'run', 'fetch_cryptocurrencies_data', 'fetch_crypto_data', 'manual__2025-02-03T09:36:15.065223+00:00', '--job-id', '60', '--raw', '--subdir', 'DAGS_FOLDER/crypto_coins_dag.py', '--cfg-path', '/tmp/tmpep_b4f4w']
[2025-02-03T09:41:26.785+0000] {standard_task_runner.py:72} INFO - Started process 765 to run task
[2025-02-03T09:41:26.786+0000] {standard_task_runner.py:105} INFO - Job 60: Subtask fetch_crypto_data
[2025-02-03T09:41:26.892+0000] {task_command.py:467} INFO - Running <TaskInstance: fetch_cryptocurrencies_data.fetch_crypto_data manual__2025-02-03T09:36:15.065223+00:00 [running]> on host df376234e961
[2025-02-03T09:41:27.036+0000] {taskinstance.py:3132} INFO - Exporting env vars: AIRFLOW_CTX_DAG_EMAIL='olalekanrasaq1331@gmail.com' AIRFLOW_CTX_DAG_OWNER='Akinkunmi' AIRFLOW_CTX_DAG_ID='fetch_cryptocurrencies_data' AIRFLOW_CTX_TASK_ID='fetch_crypto_data' AIRFLOW_CTX_EXECUTION_DATE='2025-02-03T09:36:15.065223+00:00' AIRFLOW_CTX_TRY_NUMBER='2' AIRFLOW_CTX_DAG_RUN_ID='manual__2025-02-03T09:36:15.065223+00:00'
[2025-02-03T09:41:27.040+0000] {logging_mixin.py:190} INFO - Task instance is in running state
[2025-02-03T09:41:27.041+0000] {logging_mixin.py:190} INFO -  Previous state of the Task instance: queued
[2025-02-03T09:41:27.041+0000] {logging_mixin.py:190} INFO - Current task name:fetch_crypto_data state:running start_date:2025-02-03 09:41:26.729827+00:00
[2025-02-03T09:41:27.042+0000] {logging_mixin.py:190} INFO - Dag name:fetch_cryptocurrencies_data and current dag run status:running
[2025-02-03T09:41:27.043+0000] {taskinstance.py:731} INFO - ::endgroup::
[2025-02-03T09:41:29.522+0000] {logging_mixin.py:190} INFO - Cryptocurrencies data extracted successfully
[2025-02-03T09:41:29.524+0000] {python.py:240} INFO - Done. Returned value was: None
[2025-02-03T09:41:29.536+0000] {taskinstance.py:340} INFO - ::group::Post task execution logs
[2025-02-03T09:41:29.537+0000] {taskinstance.py:352} INFO - Marking task as SUCCESS. dag_id=fetch_cryptocurrencies_data, task_id=fetch_crypto_data, run_id=manual__2025-02-03T09:36:15.065223+00:00, execution_date=20250203T093615, start_date=20250203T094126, end_date=20250203T094129
[2025-02-03T09:41:29.549+0000] {logging_mixin.py:190} INFO - Task instance in success state
[2025-02-03T09:41:29.549+0000] {logging_mixin.py:190} INFO -  Previous state of the Task instance: running
[2025-02-03T09:41:29.550+0000] {logging_mixin.py:190} INFO - Dag name:fetch_cryptocurrencies_data queued_at:2025-02-03 09:36:15.092603+00:00
[2025-02-03T09:41:29.551+0000] {logging_mixin.py:190} INFO - Task hostname:df376234e961 operator:PythonOperator
[2025-02-03T09:41:29.593+0000] {local_task_job_runner.py:266} INFO - Task exited with return code 0
[2025-02-03T09:41:29.627+0000] {taskinstance.py:3895} INFO - 1 downstream tasks scheduled from follow-on schedule check
[2025-02-03T09:41:29.630+0000] {local_task_job_runner.py:245} INFO - ::endgroup::
