[2025-02-18T07:00:15.281+0000] {local_task_job_runner.py:123} INFO - ::group::Pre task execution logs
[2025-02-18T07:00:15.298+0000] {taskinstance.py:2613} INFO - Dependencies all met for dep_context=non-requeueable deps ti=<TaskInstance: fetch_cryptocurrencies_data.create_table manual__2025-02-18T06:59:59.702060+00:00 [queued]>
[2025-02-18T07:00:15.307+0000] {taskinstance.py:2613} INFO - Dependencies all met for dep_context=requeueable deps ti=<TaskInstance: fetch_cryptocurrencies_data.create_table manual__2025-02-18T06:59:59.702060+00:00 [queued]>
[2025-02-18T07:00:15.308+0000] {taskinstance.py:2866} INFO - Starting attempt 1 of 2
[2025-02-18T07:00:15.323+0000] {taskinstance.py:2889} INFO - Executing <Task(PostgresOperator): create_table> on 2025-02-18 06:59:59.702060+00:00
[2025-02-18T07:00:15.331+0000] {warnings.py:112} WARNING - /home/***/.local/lib/python3.12/site-packages/***/task/task_runner/standard_task_runner.py:70: DeprecationWarning: This process (pid=210) is multi-threaded, use of fork() may lead to deadlocks in the child.
  pid = os.fork()

[2025-02-18T07:00:15.332+0000] {standard_task_runner.py:72} INFO - Started process 212 to run task
[2025-02-18T07:00:15.333+0000] {standard_task_runner.py:104} INFO - Running: ['***', 'tasks', 'run', 'fetch_cryptocurrencies_data', 'create_table', 'manual__2025-02-18T06:59:59.702060+00:00', '--job-id', '93', '--raw', '--subdir', 'DAGS_FOLDER/crypto_coins_dag.py', '--cfg-path', '/tmp/tmpqt4r6g4z']
[2025-02-18T07:00:15.334+0000] {standard_task_runner.py:105} INFO - Job 93: Subtask create_table
[2025-02-18T07:00:15.382+0000] {task_command.py:467} INFO - Running <TaskInstance: fetch_cryptocurrencies_data.create_table manual__2025-02-18T06:59:59.702060+00:00 [running]> on host df376234e961
[2025-02-18T07:00:15.474+0000] {taskinstance.py:3132} INFO - Exporting env vars: AIRFLOW_CTX_DAG_EMAIL='olalekanrasaq1331@gmail.com' AIRFLOW_CTX_DAG_OWNER='Akinkunmi' AIRFLOW_CTX_DAG_ID='fetch_cryptocurrencies_data' AIRFLOW_CTX_TASK_ID='create_table' AIRFLOW_CTX_EXECUTION_DATE='2025-02-18T06:59:59.702060+00:00' AIRFLOW_CTX_TRY_NUMBER='1' AIRFLOW_CTX_DAG_RUN_ID='manual__2025-02-18T06:59:59.702060+00:00'
[2025-02-18T07:00:15.479+0000] {logging_mixin.py:190} INFO - Task instance is in running state
[2025-02-18T07:00:15.480+0000] {logging_mixin.py:190} INFO -  Previous state of the Task instance: queued
[2025-02-18T07:00:15.482+0000] {logging_mixin.py:190} INFO - Current task name:create_table state:running start_date:2025-02-18 07:00:15.299003+00:00
[2025-02-18T07:00:15.483+0000] {logging_mixin.py:190} INFO - Dag name:fetch_cryptocurrencies_data and current dag run status:running
[2025-02-18T07:00:15.484+0000] {taskinstance.py:731} INFO - ::endgroup::
[2025-02-18T07:00:15.485+0000] {sql.py:278} INFO - Executing: 
    CREATE TABLE IF NOT EXISTS coins_data (
        id INT PRIMARY KEY,
        name TEXT NOT NULL,
        symbol TEXT,
        price NUMERIC(12,2),
        percent_change_24h NUMERIC(6,2),
        percent_change_7d NUMERIC(6,2),
        percent_change_30d NUMERIC(6,2),
        market_cap NUMERIC(20,2),
        circulating_supply BIGINT
    );
    
[2025-02-18T07:00:15.501+0000] {base.py:84} INFO - Retrieving connection 'Cryptocurrencies_connection'
[2025-02-18T07:00:15.512+0000] {base.py:84} INFO - Retrieving connection 'Cryptocurrencies_connection'
[2025-02-18T07:00:15.517+0000] {sql.py:553} INFO - Running statement: 
    CREATE TABLE IF NOT EXISTS coins_data (
        id INT PRIMARY KEY,
        name TEXT NOT NULL,
        symbol TEXT,
        price NUMERIC(12,2),
        percent_change_24h NUMERIC(6,2),
        percent_change_7d NUMERIC(6,2),
        percent_change_30d NUMERIC(6,2),
        market_cap NUMERIC(20,2),
        circulating_supply BIGINT
    );
    , parameters: None
[2025-02-18T07:00:15.528+0000] {taskinstance.py:340} INFO - ::group::Post task execution logs
[2025-02-18T07:00:15.529+0000] {taskinstance.py:352} INFO - Marking task as SUCCESS. dag_id=fetch_cryptocurrencies_data, task_id=create_table, run_id=manual__2025-02-18T06:59:59.702060+00:00, execution_date=20250218T065959, start_date=20250218T070015, end_date=20250218T070015
[2025-02-18T07:00:15.540+0000] {logging_mixin.py:190} INFO - Task instance in success state
[2025-02-18T07:00:15.541+0000] {logging_mixin.py:190} INFO -  Previous state of the Task instance: running
[2025-02-18T07:00:15.542+0000] {logging_mixin.py:190} INFO - Dag name:fetch_cryptocurrencies_data queued_at:2025-02-18 06:59:59.718188+00:00
[2025-02-18T07:00:15.542+0000] {logging_mixin.py:190} INFO - Task hostname:df376234e961 operator:PostgresOperator
[2025-02-18T07:00:15.589+0000] {local_task_job_runner.py:266} INFO - Task exited with return code 0
[2025-02-18T07:00:15.614+0000] {taskinstance.py:3895} INFO - 1 downstream tasks scheduled from follow-on schedule check
[2025-02-18T07:00:15.620+0000] {local_task_job_runner.py:245} INFO - ::endgroup::
