[2025-02-18T06:54:16.871+0000] {local_task_job_runner.py:123} INFO - ::group::Pre task execution logs
[2025-02-18T06:54:16.922+0000] {taskinstance.py:2613} INFO - Dependencies all met for dep_context=non-requeueable deps ti=<TaskInstance: sales-analysis-dag.read_file scheduled__2025-02-03T00:00:00+00:00 [queued]>
[2025-02-18T06:54:16.942+0000] {taskinstance.py:2613} INFO - Dependencies all met for dep_context=requeueable deps ti=<TaskInstance: sales-analysis-dag.read_file scheduled__2025-02-03T00:00:00+00:00 [queued]>
[2025-02-18T06:54:16.943+0000] {taskinstance.py:2866} INFO - Starting attempt 1 of 2
[2025-02-18T06:54:17.258+0000] {taskinstance.py:2889} INFO - Executing <Task(PythonOperator): read_file> on 2025-02-03 00:00:00+00:00
[2025-02-18T06:54:17.275+0000] {warnings.py:112} WARNING - /home/***/.local/lib/python3.12/site-packages/***/task/task_runner/standard_task_runner.py:70: DeprecationWarning: This process (pid=69) is multi-threaded, use of fork() may lead to deadlocks in the child.
  pid = os.fork()

[2025-02-18T06:54:17.283+0000] {standard_task_runner.py:72} INFO - Started process 82 to run task
[2025-02-18T06:54:17.280+0000] {standard_task_runner.py:104} INFO - Running: ['***', 'tasks', 'run', 'sales-analysis-dag', 'read_file', 'scheduled__2025-02-03T00:00:00+00:00', '--job-id', '77', '--raw', '--subdir', 'DAGS_FOLDER/sales_analysis.py', '--cfg-path', '/tmp/tmpuxuyf3ff']
[2025-02-18T06:54:17.286+0000] {standard_task_runner.py:105} INFO - Job 77: Subtask read_file
[2025-02-18T06:54:17.417+0000] {task_command.py:467} INFO - Running <TaskInstance: sales-analysis-dag.read_file scheduled__2025-02-03T00:00:00+00:00 [running]> on host df376234e961
[2025-02-18T06:54:17.573+0000] {taskinstance.py:3132} INFO - Exporting env vars: AIRFLOW_CTX_DAG_EMAIL='olalekanrasaq1331@gmail.com' AIRFLOW_CTX_DAG_OWNER='Akinkunmi' AIRFLOW_CTX_DAG_ID='sales-analysis-dag' AIRFLOW_CTX_TASK_ID='read_file' AIRFLOW_CTX_EXECUTION_DATE='2025-02-03T00:00:00+00:00' AIRFLOW_CTX_TRY_NUMBER='1' AIRFLOW_CTX_DAG_RUN_ID='scheduled__2025-02-03T00:00:00+00:00'
[2025-02-18T06:54:17.576+0000] {logging_mixin.py:190} INFO - Task instance is in running state
[2025-02-18T06:54:17.577+0000] {logging_mixin.py:190} INFO -  Previous state of the Task instance: queued
[2025-02-18T06:54:17.578+0000] {logging_mixin.py:190} INFO - Current task name:read_file state:running start_date:2025-02-18 06:54:16.923602+00:00
[2025-02-18T06:54:17.581+0000] {logging_mixin.py:190} INFO - Dag name:sales-analysis-dag and current dag run status:running
[2025-02-18T06:54:17.582+0000] {taskinstance.py:731} INFO - ::endgroup::
[2025-02-18T06:54:19.049+0000] {logging_mixin.py:190} INFO - CSV file read successfully.
[2025-02-18T06:54:19.053+0000] {python.py:240} INFO - Done. Returned value was: None
[2025-02-18T06:54:19.070+0000] {taskinstance.py:340} INFO - ::group::Post task execution logs
[2025-02-18T06:54:19.071+0000] {taskinstance.py:352} INFO - Marking task as SUCCESS. dag_id=sales-analysis-dag, task_id=read_file, run_id=scheduled__2025-02-03T00:00:00+00:00, execution_date=20250203T000000, start_date=20250218T065416, end_date=20250218T065419
[2025-02-18T06:54:19.089+0000] {logging_mixin.py:190} INFO - Task instance in success state
[2025-02-18T06:54:19.090+0000] {logging_mixin.py:190} INFO -  Previous state of the Task instance: running
[2025-02-18T06:54:19.090+0000] {logging_mixin.py:190} INFO - Dag name:sales-analysis-dag queued_at:2025-02-18 06:54:13.366566+00:00
[2025-02-18T06:54:19.091+0000] {logging_mixin.py:190} INFO - Task hostname:df376234e961 operator:PythonOperator
[2025-02-18T06:54:19.114+0000] {local_task_job_runner.py:266} INFO - Task exited with return code 0
[2025-02-18T06:54:19.165+0000] {taskinstance.py:3895} INFO - 1 downstream tasks scheduled from follow-on schedule check
[2025-02-18T06:54:19.169+0000] {local_task_job_runner.py:245} INFO - ::endgroup::
