[2025-02-20T08:12:01.452+0000] {local_task_job_runner.py:123} INFO - ::group::Pre task execution logs
[2025-02-20T08:12:01.480+0000] {taskinstance.py:2613} INFO - Dependencies all met for dep_context=non-requeueable deps ti=<TaskInstance: sales-analysis-dag.save_transformed_file scheduled__2025-02-19T00:00:00+00:00 [queued]>
[2025-02-20T08:12:01.495+0000] {taskinstance.py:2613} INFO - Dependencies all met for dep_context=requeueable deps ti=<TaskInstance: sales-analysis-dag.save_transformed_file scheduled__2025-02-19T00:00:00+00:00 [queued]>
[2025-02-20T08:12:01.497+0000] {taskinstance.py:2866} INFO - Starting attempt 1 of 2
[2025-02-20T08:12:01.705+0000] {taskinstance.py:2889} INFO - Executing <Task(PythonOperator): save_transformed_file> on 2025-02-19 00:00:00+00:00
[2025-02-20T08:12:01.718+0000] {warnings.py:112} WARNING - /home/***/.local/lib/python3.12/site-packages/***/task/task_runner/standard_task_runner.py:70: DeprecationWarning: This process (pid=78) is multi-threaded, use of fork() may lead to deadlocks in the child.
  pid = os.fork()

[2025-02-20T08:12:01.721+0000] {standard_task_runner.py:72} INFO - Started process 82 to run task
[2025-02-20T08:12:01.723+0000] {standard_task_runner.py:104} INFO - Running: ['***', 'tasks', 'run', 'sales-analysis-dag', 'save_transformed_file', 'scheduled__2025-02-19T00:00:00+00:00', '--job-id', '119', '--raw', '--subdir', 'DAGS_FOLDER/sales_analysis.py', '--cfg-path', '/tmp/tmp8j4qrfna']
[2025-02-20T08:12:01.725+0000] {standard_task_runner.py:105} INFO - Job 119: Subtask save_transformed_file
[2025-02-20T08:12:01.811+0000] {task_command.py:467} INFO - Running <TaskInstance: sales-analysis-dag.save_transformed_file scheduled__2025-02-19T00:00:00+00:00 [running]> on host df376234e961
[2025-02-20T08:12:01.974+0000] {taskinstance.py:3132} INFO - Exporting env vars: AIRFLOW_CTX_DAG_EMAIL='olalekanrasaq1331@gmail.com' AIRFLOW_CTX_DAG_OWNER='Akinkunmi' AIRFLOW_CTX_DAG_ID='sales-analysis-dag' AIRFLOW_CTX_TASK_ID='save_transformed_file' AIRFLOW_CTX_EXECUTION_DATE='2025-02-19T00:00:00+00:00' AIRFLOW_CTX_TRY_NUMBER='1' AIRFLOW_CTX_DAG_RUN_ID='scheduled__2025-02-19T00:00:00+00:00'
[2025-02-20T08:12:01.977+0000] {logging_mixin.py:190} INFO - Task instance is in running state
[2025-02-20T08:12:01.978+0000] {logging_mixin.py:190} INFO -  Previous state of the Task instance: queued
[2025-02-20T08:12:01.979+0000] {logging_mixin.py:190} INFO - Current task name:save_transformed_file state:running start_date:2025-02-20 08:12:01.481031+00:00
[2025-02-20T08:12:01.979+0000] {logging_mixin.py:190} INFO - Dag name:sales-analysis-dag and current dag run status:running
[2025-02-20T08:12:01.980+0000] {taskinstance.py:731} INFO - ::endgroup::
[2025-02-20T08:12:03.185+0000] {python.py:240} INFO - Done. Returned value was: None
[2025-02-20T08:12:03.199+0000] {taskinstance.py:340} INFO - ::group::Post task execution logs
[2025-02-20T08:12:03.200+0000] {taskinstance.py:352} INFO - Marking task as SUCCESS. dag_id=sales-analysis-dag, task_id=save_transformed_file, run_id=scheduled__2025-02-19T00:00:00+00:00, execution_date=20250219T000000, start_date=20250220T081201, end_date=20250220T081203
[2025-02-20T08:12:03.214+0000] {logging_mixin.py:190} INFO - Task instance in success state
[2025-02-20T08:12:03.215+0000] {logging_mixin.py:190} INFO -  Previous state of the Task instance: running
[2025-02-20T08:12:03.215+0000] {logging_mixin.py:190} INFO - Dag name:sales-analysis-dag queued_at:2025-02-20 08:11:47.161889+00:00
[2025-02-20T08:12:03.216+0000] {logging_mixin.py:190} INFO - Task hostname:df376234e961 operator:PythonOperator
[2025-02-20T08:12:03.261+0000] {local_task_job_runner.py:266} INFO - Task exited with return code 0
[2025-02-20T08:12:03.281+0000] {taskinstance.py:3895} INFO - 0 downstream tasks scheduled from follow-on schedule check
[2025-02-20T08:12:03.284+0000] {local_task_job_runner.py:245} INFO - ::endgroup::
