[2025-02-18T07:04:21.013+0000] {local_task_job_runner.py:123} INFO - ::group::Pre task execution logs
[2025-02-18T07:04:21.031+0000] {taskinstance.py:2613} INFO - Dependencies all met for dep_context=non-requeueable deps ti=<TaskInstance: fetch_cryptocurrencies_data.create_table manual__2025-02-18T07:04:06.240463+00:00 [queued]>
[2025-02-18T07:04:21.039+0000] {taskinstance.py:2613} INFO - Dependencies all met for dep_context=requeueable deps ti=<TaskInstance: fetch_cryptocurrencies_data.create_table manual__2025-02-18T07:04:06.240463+00:00 [queued]>
[2025-02-18T07:04:21.040+0000] {taskinstance.py:2866} INFO - Starting attempt 1 of 2
[2025-02-18T07:04:21.057+0000] {taskinstance.py:2889} INFO - Executing <Task(PostgresOperator): create_table> on 2025-02-18 07:04:06.240463+00:00
[2025-02-18T07:04:21.066+0000] {warnings.py:112} WARNING - /home/***/.local/lib/python3.12/site-packages/***/task/task_runner/standard_task_runner.py:70: DeprecationWarning: This process (pid=283) is multi-threaded, use of fork() may lead to deadlocks in the child.
  pid = os.fork()

[2025-02-18T07:04:21.067+0000] {standard_task_runner.py:72} INFO - Started process 285 to run task
[2025-02-18T07:04:21.068+0000] {standard_task_runner.py:104} INFO - Running: ['***', 'tasks', 'run', 'fetch_cryptocurrencies_data', 'create_table', 'manual__2025-02-18T07:04:06.240463+00:00', '--job-id', '97', '--raw', '--subdir', 'DAGS_FOLDER/crypto_coins_dag.py', '--cfg-path', '/tmp/tmpa5yczh42']
[2025-02-18T07:04:21.069+0000] {standard_task_runner.py:105} INFO - Job 97: Subtask create_table
[2025-02-18T07:04:21.123+0000] {task_command.py:467} INFO - Running <TaskInstance: fetch_cryptocurrencies_data.create_table manual__2025-02-18T07:04:06.240463+00:00 [running]> on host df376234e961
[2025-02-18T07:04:21.234+0000] {taskinstance.py:3132} INFO - Exporting env vars: AIRFLOW_CTX_DAG_EMAIL='olalekanrasaq1331@gmail.com' AIRFLOW_CTX_DAG_OWNER='Akinkunmi' AIRFLOW_CTX_DAG_ID='fetch_cryptocurrencies_data' AIRFLOW_CTX_TASK_ID='create_table' AIRFLOW_CTX_EXECUTION_DATE='2025-02-18T07:04:06.240463+00:00' AIRFLOW_CTX_TRY_NUMBER='1' AIRFLOW_CTX_DAG_RUN_ID='manual__2025-02-18T07:04:06.240463+00:00'
[2025-02-18T07:04:21.236+0000] {logging_mixin.py:190} INFO - Task instance is in running state
[2025-02-18T07:04:21.236+0000] {logging_mixin.py:190} INFO -  Previous state of the Task instance: queued
[2025-02-18T07:04:21.237+0000] {logging_mixin.py:190} INFO - Current task name:create_table state:running start_date:2025-02-18 07:04:21.032179+00:00
[2025-02-18T07:04:21.238+0000] {logging_mixin.py:190} INFO - Dag name:fetch_cryptocurrencies_data and current dag run status:running
[2025-02-18T07:04:21.238+0000] {taskinstance.py:731} INFO - ::endgroup::
[2025-02-18T07:04:21.239+0000] {sql.py:278} INFO - Executing: 
    CREATE TABLE IF NOT EXISTS coins_data (
        id INT,
        name TEXT NOT NULL,
        symbol TEXT,
        price NUMERIC(12,2),
        percent_change_24h NUMERIC(6,2),
        percent_change_7d NUMERIC(6,2),
        percent_change_30d NUMERIC(6,2),
        market_cap NUMERIC(20,2),
        circulating_supply BIGINT
    );
    
[2025-02-18T07:04:21.249+0000] {base.py:84} INFO - Retrieving connection 'Cryptocurrencies_connection'
[2025-02-18T07:04:21.258+0000] {base.py:84} INFO - Retrieving connection 'Cryptocurrencies_connection'
[2025-02-18T07:04:21.263+0000] {sql.py:553} INFO - Running statement: 
    CREATE TABLE IF NOT EXISTS coins_data (
        id INT,
        name TEXT NOT NULL,
        symbol TEXT,
        price NUMERIC(12,2),
        percent_change_24h NUMERIC(6,2),
        percent_change_7d NUMERIC(6,2),
        percent_change_30d NUMERIC(6,2),
        market_cap NUMERIC(20,2),
        circulating_supply BIGINT
    );
    , parameters: None
[2025-02-18T07:04:21.275+0000] {taskinstance.py:340} INFO - ::group::Post task execution logs
[2025-02-18T07:04:21.276+0000] {taskinstance.py:352} INFO - Marking task as SUCCESS. dag_id=fetch_cryptocurrencies_data, task_id=create_table, run_id=manual__2025-02-18T07:04:06.240463+00:00, execution_date=20250218T070406, start_date=20250218T070421, end_date=20250218T070421
[2025-02-18T07:04:21.288+0000] {logging_mixin.py:190} INFO - Task instance in success state
[2025-02-18T07:04:21.288+0000] {logging_mixin.py:190} INFO -  Previous state of the Task instance: running
[2025-02-18T07:04:21.289+0000] {logging_mixin.py:190} INFO - Dag name:fetch_cryptocurrencies_data queued_at:2025-02-18 07:04:06.254692+00:00
[2025-02-18T07:04:21.290+0000] {logging_mixin.py:190} INFO - Task hostname:df376234e961 operator:PostgresOperator
[2025-02-18T07:04:21.324+0000] {local_task_job_runner.py:266} INFO - Task exited with return code 0
[2025-02-18T07:04:21.353+0000] {taskinstance.py:3895} INFO - 1 downstream tasks scheduled from follow-on schedule check
[2025-02-18T07:04:21.356+0000] {local_task_job_runner.py:245} INFO - ::endgroup::
