[2025-01-31T11:24:44.789+0000] {local_task_job_runner.py:123} INFO - ::group::Pre task execution logs
[2025-01-31T11:24:44.841+0000] {taskinstance.py:2613} INFO - Dependencies all met for dep_context=non-requeueable deps ti=<TaskInstance: sales-analysis-dag.read_file manual__2025-01-31T11:24:24.409295+00:00 [queued]>
[2025-01-31T11:24:44.864+0000] {taskinstance.py:2613} INFO - Dependencies all met for dep_context=requeueable deps ti=<TaskInstance: sales-analysis-dag.read_file manual__2025-01-31T11:24:24.409295+00:00 [queued]>
[2025-01-31T11:24:44.866+0000] {taskinstance.py:2866} INFO - Starting attempt 1 of 2
[2025-01-31T11:24:44.916+0000] {taskinstance.py:2889} INFO - Executing <Task(PythonOperator): read_file> on 2025-01-31 11:24:24.409295+00:00
[2025-01-31T11:24:44.939+0000] {warnings.py:112} WARNING - /home/***/.local/lib/python3.12/site-packages/***/task/task_runner/standard_task_runner.py:70: DeprecationWarning: This process (pid=921) is multi-threaded, use of fork() may lead to deadlocks in the child.
  pid = os.fork()

[2025-01-31T11:24:44.944+0000] {standard_task_runner.py:72} INFO - Started process 930 to run task
[2025-01-31T11:24:44.955+0000] {standard_task_runner.py:104} INFO - Running: ['***', 'tasks', 'run', 'sales-analysis-dag', 'read_file', 'manual__2025-01-31T11:24:24.409295+00:00', '--job-id', '31', '--raw', '--subdir', 'DAGS_FOLDER/sales_analysis.py', '--cfg-path', '/tmp/tmpst1z2vyo']
[2025-01-31T11:24:44.960+0000] {standard_task_runner.py:105} INFO - Job 31: Subtask read_file
[2025-01-31T11:24:45.161+0000] {task_command.py:467} INFO - Running <TaskInstance: sales-analysis-dag.read_file manual__2025-01-31T11:24:24.409295+00:00 [running]> on host df376234e961
[2025-01-31T11:24:46.094+0000] {taskinstance.py:3132} INFO - Exporting env vars: AIRFLOW_CTX_DAG_EMAIL='olalekanrasaq1331@gmail.com' AIRFLOW_CTX_DAG_OWNER='Akinkunmi' AIRFLOW_CTX_DAG_ID='sales-analysis-dag' AIRFLOW_CTX_TASK_ID='read_file' AIRFLOW_CTX_EXECUTION_DATE='2025-01-31T11:24:24.409295+00:00' AIRFLOW_CTX_TRY_NUMBER='1' AIRFLOW_CTX_DAG_RUN_ID='manual__2025-01-31T11:24:24.409295+00:00'
[2025-01-31T11:24:46.097+0000] {logging_mixin.py:190} INFO - Task instance is in running state
[2025-01-31T11:24:46.099+0000] {logging_mixin.py:190} INFO -  Previous state of the Task instance: queued
[2025-01-31T11:24:46.100+0000] {logging_mixin.py:190} INFO - Current task name:read_file state:running start_date:2025-01-31 11:24:44.842097+00:00
[2025-01-31T11:24:46.101+0000] {logging_mixin.py:190} INFO - Dag name:sales-analysis-dag and current dag run status:running
[2025-01-31T11:24:46.102+0000] {taskinstance.py:731} INFO - ::endgroup::
[2025-01-31T11:24:48.400+0000] {logging_mixin.py:190} INFO - CSV file read successfully.
[2025-01-31T11:24:48.410+0000] {python.py:240} INFO - Done. Returned value was: None
[2025-01-31T11:24:48.437+0000] {taskinstance.py:340} INFO - ::group::Post task execution logs
[2025-01-31T11:24:48.441+0000] {taskinstance.py:352} INFO - Marking task as SUCCESS. dag_id=sales-analysis-dag, task_id=read_file, run_id=manual__2025-01-31T11:24:24.409295+00:00, execution_date=20250131T112424, start_date=20250131T112444, end_date=20250131T112448
[2025-01-31T11:24:48.476+0000] {logging_mixin.py:190} INFO - Task instance in success state
[2025-01-31T11:24:48.478+0000] {logging_mixin.py:190} INFO -  Previous state of the Task instance: running
[2025-01-31T11:24:48.479+0000] {logging_mixin.py:190} INFO - Dag name:sales-analysis-dag queued_at:2025-01-31 11:24:24.506798+00:00
[2025-01-31T11:24:48.480+0000] {logging_mixin.py:190} INFO - Task hostname:df376234e961 operator:PythonOperator
[2025-01-31T11:24:48.522+0000] {local_task_job_runner.py:266} INFO - Task exited with return code 0
[2025-01-31T11:24:48.610+0000] {taskinstance.py:3895} INFO - 1 downstream tasks scheduled from follow-on schedule check
[2025-01-31T11:24:48.613+0000] {local_task_job_runner.py:245} INFO - ::endgroup::
