[2025-02-03T10:03:06.065+0000] {local_task_job_runner.py:123} INFO - ::group::Pre task execution logs
[2025-02-03T10:03:06.084+0000] {taskinstance.py:2613} INFO - Dependencies all met for dep_context=non-requeueable deps ti=<TaskInstance: fetch_cryptocurrencies_data.insert_coin_data_postgres manual__2025-02-03T10:02:49.379471+00:00 [queued]>
[2025-02-03T10:03:06.093+0000] {taskinstance.py:2613} INFO - Dependencies all met for dep_context=requeueable deps ti=<TaskInstance: fetch_cryptocurrencies_data.insert_coin_data_postgres manual__2025-02-03T10:02:49.379471+00:00 [queued]>
[2025-02-03T10:03:06.094+0000] {taskinstance.py:2866} INFO - Starting attempt 1 of 2
[2025-02-03T10:03:06.111+0000] {taskinstance.py:2889} INFO - Executing <Task(PythonOperator): insert_coin_data_postgres> on 2025-02-03 10:02:49.379471+00:00
[2025-02-03T10:03:06.120+0000] {warnings.py:112} WARNING - /home/***/.local/lib/python3.12/site-packages/***/task/task_runner/standard_task_runner.py:70: DeprecationWarning: This process (pid=1092) is multi-threaded, use of fork() may lead to deadlocks in the child.
  pid = os.fork()

[2025-02-03T10:03:06.123+0000] {standard_task_runner.py:72} INFO - Started process 1094 to run task
[2025-02-03T10:03:06.123+0000] {standard_task_runner.py:104} INFO - Running: ['***', 'tasks', 'run', 'fetch_cryptocurrencies_data', 'insert_coin_data_postgres', 'manual__2025-02-03T10:02:49.379471+00:00', '--job-id', '72', '--raw', '--subdir', 'DAGS_FOLDER/crypto_coins_dag.py', '--cfg-path', '/tmp/tmpt6pc1apg']
[2025-02-03T10:03:06.124+0000] {standard_task_runner.py:105} INFO - Job 72: Subtask insert_coin_data_postgres
[2025-02-03T10:03:06.178+0000] {task_command.py:467} INFO - Running <TaskInstance: fetch_cryptocurrencies_data.insert_coin_data_postgres manual__2025-02-03T10:02:49.379471+00:00 [running]> on host df376234e961
[2025-02-03T10:03:06.266+0000] {taskinstance.py:3132} INFO - Exporting env vars: AIRFLOW_CTX_DAG_EMAIL='olalekanrasaq1331@gmail.com' AIRFLOW_CTX_DAG_OWNER='Akinkunmi' AIRFLOW_CTX_DAG_ID='fetch_cryptocurrencies_data' AIRFLOW_CTX_TASK_ID='insert_coin_data_postgres' AIRFLOW_CTX_EXECUTION_DATE='2025-02-03T10:02:49.379471+00:00' AIRFLOW_CTX_TRY_NUMBER='1' AIRFLOW_CTX_DAG_RUN_ID='manual__2025-02-03T10:02:49.379471+00:00'
[2025-02-03T10:03:06.268+0000] {logging_mixin.py:190} INFO - Task instance is in running state
[2025-02-03T10:03:06.269+0000] {logging_mixin.py:190} INFO -  Previous state of the Task instance: queued
[2025-02-03T10:03:06.269+0000] {logging_mixin.py:190} INFO - Current task name:insert_coin_data_postgres state:running start_date:2025-02-03 10:03:06.085145+00:00
[2025-02-03T10:03:06.270+0000] {logging_mixin.py:190} INFO - Dag name:fetch_cryptocurrencies_data and current dag run status:running
[2025-02-03T10:03:06.271+0000] {taskinstance.py:731} INFO - ::endgroup::
[2025-02-03T10:03:06.296+0000] {base.py:84} INFO - Retrieving connection 'Cryptocurrencies_connection'
[2025-02-03T10:03:06.299+0000] {sql.py:553} INFO - Running statement: 
    INSERT INTO coins_data (id, name, symbol, price, percent_change_24h, percent_change_7d, percent_change_30d, market_cap, circulating_supply)
    VALUES (%s, %s, %s, %s, %s, %s, %s, %s, %s)
    , parameters: (1, 'Bitcoin', 'BTC', 95498.0, -4.16, -3.89, -2.22, 1892679873896.85, 19819053.0)
[2025-02-03T10:03:06.302+0000] {sql.py:562} INFO - Rows affected: 1
[2025-02-03T10:03:06.308+0000] {sql.py:553} INFO - Running statement: 
    INSERT INTO coins_data (id, name, symbol, price, percent_change_24h, percent_change_7d, percent_change_30d, market_cap, circulating_supply)
    VALUES (%s, %s, %s, %s, %s, %s, %s, %s, %s)
    , parameters: (1027, 'Ethereum', 'ETH', 2574.32, -17.24, -16.38, -28.24, 310268878123.11, 120524819.26681878)
[2025-02-03T10:03:06.310+0000] {sql.py:562} INFO - Rows affected: 1
[2025-02-03T10:03:06.315+0000] {sql.py:553} INFO - Running statement: 
    INSERT INTO coins_data (id, name, symbol, price, percent_change_24h, percent_change_7d, percent_change_30d, market_cap, circulating_supply)
    VALUES (%s, %s, %s, %s, %s, %s, %s, %s, %s)
    , parameters: (825, 'Tether USDt', 'USDT', 1.0, 0.14, 0.16, 0.15, 139569788087.01, 139399246306.5365)
[2025-02-03T10:03:06.317+0000] {sql.py:562} INFO - Rows affected: 1
[2025-02-03T10:03:06.324+0000] {sql.py:553} INFO - Running statement: 
    INSERT INTO coins_data (id, name, symbol, price, percent_change_24h, percent_change_7d, percent_change_30d, market_cap, circulating_supply)
    VALUES (%s, %s, %s, %s, %s, %s, %s, %s, %s)
    , parameters: (52, 'XRP', 'XRP', 2.38, -17.67, -15.63, -2.57, 137504127028.44, 57703732191.0)
[2025-02-03T10:03:06.325+0000] {sql.py:562} INFO - Rows affected: 1
[2025-02-03T10:03:06.331+0000] {sql.py:553} INFO - Running statement: 
    INSERT INTO coins_data (id, name, symbol, price, percent_change_24h, percent_change_7d, percent_change_30d, market_cap, circulating_supply)
    VALUES (%s, %s, %s, %s, %s, %s, %s, %s, %s)
    , parameters: (5426, 'Solana', 'SOL', 194.74, -8.88, -13.91, -9.72, 94830252720.51, 486965097.6998267)
[2025-02-03T10:03:06.332+0000] {sql.py:562} INFO - Rows affected: 1
[2025-02-03T10:03:06.339+0000] {sql.py:553} INFO - Running statement: 
    INSERT INTO coins_data (id, name, symbol, price, percent_change_24h, percent_change_7d, percent_change_30d, market_cap, circulating_supply)
    VALUES (%s, %s, %s, %s, %s, %s, %s, %s, %s)
    , parameters: (1839, 'BNB', 'BNB', 574.38, -12.53, -11.91, -19.67, 81838222258.27, 142480509.35)
[2025-02-03T10:03:06.341+0000] {sql.py:562} INFO - Rows affected: 1
[2025-02-03T10:03:06.350+0000] {sql.py:553} INFO - Running statement: 
    INSERT INTO coins_data (id, name, symbol, price, percent_change_24h, percent_change_7d, percent_change_30d, market_cap, circulating_supply)
    VALUES (%s, %s, %s, %s, %s, %s, %s, %s, %s)
    , parameters: (3408, 'USDC', 'USDC', 1.0, -0.02, -0.01, 0.01, 53793604553.01, 53792397609.96184)
[2025-02-03T10:03:06.352+0000] {sql.py:562} INFO - Rows affected: 1
[2025-02-03T10:03:06.358+0000] {sql.py:553} INFO - Running statement: 
    INSERT INTO coins_data (id, name, symbol, price, percent_change_24h, percent_change_7d, percent_change_30d, market_cap, circulating_supply)
    VALUES (%s, %s, %s, %s, %s, %s, %s, %s, %s)
    , parameters: (74, 'Dogecoin', 'DOGE', 0.25, -16.8, -20.14, -35.23, 37158166882.95, 147890356383.7052)
[2025-02-03T10:03:06.360+0000] {sql.py:562} INFO - Rows affected: 1
[2025-02-03T10:03:06.366+0000] {sql.py:553} INFO - Running statement: 
    INSERT INTO coins_data (id, name, symbol, price, percent_change_24h, percent_change_7d, percent_change_30d, market_cap, circulating_supply)
    VALUES (%s, %s, %s, %s, %s, %s, %s, %s, %s)
    , parameters: (2010, 'Cardano', 'ADA', 0.69, -22.52, -22.0, -34.83, 24391602272.7, 35185844017.05827)
[2025-02-03T10:03:06.367+0000] {sql.py:562} INFO - Rows affected: 1
[2025-02-03T10:03:06.374+0000] {sql.py:553} INFO - Running statement: 
    INSERT INTO coins_data (id, name, symbol, price, percent_change_24h, percent_change_7d, percent_change_30d, market_cap, circulating_supply)
    VALUES (%s, %s, %s, %s, %s, %s, %s, %s, %s)
    , parameters: (1958, 'TRON', 'TRX', 0.22, -8.99, -7.25, -17.45, 19037420205.35, 86122930404.58124)
[2025-02-03T10:03:06.375+0000] {sql.py:562} INFO - Rows affected: 1
[2025-02-03T10:03:06.380+0000] {sql.py:553} INFO - Running statement: 
    INSERT INTO coins_data (id, name, symbol, price, percent_change_24h, percent_change_7d, percent_change_30d, market_cap, circulating_supply)
    VALUES (%s, %s, %s, %s, %s, %s, %s, %s, %s)
    , parameters: (1975, 'Chainlink', 'LINK', 18.79, -17.62, -17.22, -18.34, 11986807590.01, 638099970.4527867)
[2025-02-03T10:03:06.382+0000] {sql.py:562} INFO - Rows affected: 1
[2025-02-03T10:03:06.389+0000] {sql.py:553} INFO - Running statement: 
    INSERT INTO coins_data (id, name, symbol, price, percent_change_24h, percent_change_7d, percent_change_30d, market_cap, circulating_supply)
    VALUES (%s, %s, %s, %s, %s, %s, %s, %s, %s)
    , parameters: (5805, 'Avalanche', 'AVAX', 24.87, -20.72, -26.15, -40.08, 10237298558.24, 411705717.0928562)
[2025-02-03T10:03:06.391+0000] {sql.py:562} INFO - Rows affected: 1
[2025-02-03T10:03:06.397+0000] {sql.py:553} INFO - Running statement: 
    INSERT INTO coins_data (id, name, symbol, price, percent_change_24h, percent_change_7d, percent_change_30d, market_cap, circulating_supply)
    VALUES (%s, %s, %s, %s, %s, %s, %s, %s, %s)
    , parameters: (512, 'Stellar', 'XLM', 0.33, -14.11, -11.73, -27.43, 10220325369.34, 30575994998.649002)
[2025-02-03T10:03:06.399+0000] {sql.py:562} INFO - Rows affected: 1
[2025-02-03T10:03:06.406+0000] {sql.py:553} INFO - Running statement: 
    INSERT INTO coins_data (id, name, symbol, price, percent_change_24h, percent_change_7d, percent_change_30d, market_cap, circulating_supply)
    VALUES (%s, %s, %s, %s, %s, %s, %s, %s, %s)
    , parameters: (11419, 'Toncoin', 'TON', 3.95, -14.33, -18.81, -31.24, 9837222971.01, 2489875641.5340385)
[2025-02-03T10:03:06.408+0000] {sql.py:562} INFO - Rows affected: 1
[2025-02-03T10:03:06.418+0000] {sql.py:553} INFO - Running statement: 
    INSERT INTO coins_data (id, name, symbol, price, percent_change_24h, percent_change_7d, percent_change_30d, market_cap, circulating_supply)
    VALUES (%s, %s, %s, %s, %s, %s, %s, %s, %s)
    , parameters: (20947, 'Sui', 'SUI', 3.11, -17.02, -13.94, -38.5, 9600223619.81, 3089707194.508888)
[2025-02-03T10:03:06.420+0000] {sql.py:562} INFO - Rows affected: 1
[2025-02-03T10:03:06.428+0000] {sql.py:553} INFO - Running statement: 
    INSERT INTO coins_data (id, name, symbol, price, percent_change_24h, percent_change_7d, percent_change_30d, market_cap, circulating_supply)
    VALUES (%s, %s, %s, %s, %s, %s, %s, %s, %s)
    , parameters: (4642, 'Hedera', 'HBAR', 0.24, -15.85, -20.77, -22.14, 9060820957.72, 38267523198.79082)
[2025-02-03T10:03:06.430+0000] {sql.py:562} INFO - Rows affected: 1
[2025-02-03T10:03:06.437+0000] {sql.py:553} INFO - Running statement: 
    INSERT INTO coins_data (id, name, symbol, price, percent_change_24h, percent_change_7d, percent_change_30d, market_cap, circulating_supply)
    VALUES (%s, %s, %s, %s, %s, %s, %s, %s, %s)
    , parameters: (3957, 'UNUS SED LEO', 'LEO', 9.7, -0.7, -0.01, 6.7, 8961092826.1, 924188088.9)
[2025-02-03T10:03:06.439+0000] {sql.py:562} INFO - Rows affected: 1
[2025-02-03T10:03:06.446+0000] {sql.py:553} INFO - Running statement: 
    INSERT INTO coins_data (id, name, symbol, price, percent_change_24h, percent_change_7d, percent_change_30d, market_cap, circulating_supply)
    VALUES (%s, %s, %s, %s, %s, %s, %s, %s, %s)
    , parameters: (5994, 'Shiba Inu', 'SHIB', 0.0, -17.64, -19.77, -40.84, 8493338564.72, 589253981366931.5)
[2025-02-03T10:03:06.448+0000] {sql.py:562} INFO - Rows affected: 1
[2025-02-03T10:03:06.455+0000] {sql.py:553} INFO - Running statement: 
    INSERT INTO coins_data (id, name, symbol, price, percent_change_24h, percent_change_7d, percent_change_30d, market_cap, circulating_supply)
    VALUES (%s, %s, %s, %s, %s, %s, %s, %s, %s)
    , parameters: (32196, 'Hyperliquid', 'HYPE', 23.09, 2.9, 8.93, -1.41, 7710847895.15, 333928180.0)
[2025-02-03T10:03:06.457+0000] {sql.py:562} INFO - Rows affected: 1
[2025-02-03T10:03:06.462+0000] {sql.py:553} INFO - Running statement: 
    INSERT INTO coins_data (id, name, symbol, price, percent_change_24h, percent_change_7d, percent_change_30d, market_cap, circulating_supply)
    VALUES (%s, %s, %s, %s, %s, %s, %s, %s, %s)
    , parameters: (11092, 'Bitget Token', 'BGB', 6.19, -7.97, -10.43, 0.82, 7428429390.1, 1200000000.0)
[2025-02-03T10:03:06.464+0000] {sql.py:562} INFO - Rows affected: 1
[2025-02-03T10:03:06.469+0000] {sql.py:553} INFO - Running statement: 
    INSERT INTO coins_data (id, name, symbol, price, percent_change_24h, percent_change_7d, percent_change_30d, market_cap, circulating_supply)
    VALUES (%s, %s, %s, %s, %s, %s, %s, %s, %s)
    , parameters: (2, 'Litecoin', 'LTC', 96.98, -16.95, -10.98, -12.78, 7321334558.57, 75491199.5540892)
[2025-02-03T10:03:06.472+0000] {sql.py:562} INFO - Rows affected: 1
[2025-02-03T10:03:06.478+0000] {sql.py:553} INFO - Running statement: 
    INSERT INTO coins_data (id, name, symbol, price, percent_change_24h, percent_change_7d, percent_change_30d, market_cap, circulating_supply)
    VALUES (%s, %s, %s, %s, %s, %s, %s, %s, %s)
    , parameters: (6636, 'Polkadot', 'DOT', 4.6, -21.22, -19.23, -40.08, 7106053929.42, 1544893718.5485802)
[2025-02-03T10:03:06.480+0000] {sql.py:562} INFO - Rows affected: 1
[2025-02-03T10:03:06.485+0000] {sql.py:553} INFO - Running statement: 
    INSERT INTO coins_data (id, name, symbol, price, percent_change_24h, percent_change_7d, percent_change_30d, market_cap, circulating_supply)
    VALUES (%s, %s, %s, %s, %s, %s, %s, %s, %s)
    , parameters: (1831, 'Bitcoin Cash', 'BCH', 314.17, -21.74, -22.38, -33.45, 6228137437.47, 19824246.875)
[2025-02-03T10:03:06.488+0000] {sql.py:562} INFO - Rows affected: 1
[2025-02-03T10:03:06.494+0000] {sql.py:553} INFO - Running statement: 
    INSERT INTO coins_data (id, name, symbol, price, percent_change_24h, percent_change_7d, percent_change_30d, market_cap, circulating_supply)
    VALUES (%s, %s, %s, %s, %s, %s, %s, %s, %s)
    , parameters: (29470, 'Ethena USDe', 'USDe', 1.0, -0.1, -0.06, 0.1, 6060125867.18, 6063175215.335429)
[2025-02-03T10:03:06.496+0000] {sql.py:562} INFO - Rows affected: 1
[2025-02-03T10:03:06.502+0000] {sql.py:553} INFO - Running statement: 
    INSERT INTO coins_data (id, name, symbol, price, percent_change_24h, percent_change_7d, percent_change_30d, market_cap, circulating_supply)
    VALUES (%s, %s, %s, %s, %s, %s, %s, %s, %s)
    , parameters: (7083, 'Uniswap', 'UNI', 9.03, -15.65, -14.73, -39.19, 5424402146.39, 600518037.71)
[2025-02-03T10:03:06.504+0000] {sql.py:562} INFO - Rows affected: 1
[2025-02-03T10:03:06.510+0000] {sql.py:553} INFO - Running statement: 
    INSERT INTO coins_data (id, name, symbol, price, percent_change_24h, percent_change_7d, percent_change_30d, market_cap, circulating_supply)
    VALUES (%s, %s, %s, %s, %s, %s, %s, %s, %s)
    , parameters: (4943, 'Dai', 'DAI', 1.0, -0.0, 0.0, -0.0, 5365339731.13, 5365382702.664872)
[2025-02-03T10:03:06.512+0000] {sql.py:562} INFO - Rows affected: 1
[2025-02-03T10:03:06.518+0000] {sql.py:553} INFO - Running statement: 
    INSERT INTO coins_data (id, name, symbol, price, percent_change_24h, percent_change_7d, percent_change_30d, market_cap, circulating_supply)
    VALUES (%s, %s, %s, %s, %s, %s, %s, %s, %s)
    , parameters: (6536, 'MANTRA', 'OM', 5.2, 1.45, 11.75, 32.83, 5009907019.61, 963750466.7199999)
[2025-02-03T10:03:06.520+0000] {sql.py:562} INFO - Rows affected: 1
[2025-02-03T10:03:06.527+0000] {sql.py:553} INFO - Running statement: 
    INSERT INTO coins_data (id, name, symbol, price, percent_change_24h, percent_change_7d, percent_change_30d, market_cap, circulating_supply)
    VALUES (%s, %s, %s, %s, %s, %s, %s, %s, %s)
    , parameters: (24478, 'Pepe', 'PEPE', 0.0, -20.68, -23.06, -54.16, 4050250186.64, 420689899999994.8)
[2025-02-03T10:03:06.529+0000] {sql.py:562} INFO - Rows affected: 1
[2025-02-03T10:03:06.534+0000] {sql.py:553} INFO - Running statement: 
    INSERT INTO coins_data (id, name, symbol, price, percent_change_24h, percent_change_7d, percent_change_30d, market_cap, circulating_supply)
    VALUES (%s, %s, %s, %s, %s, %s, %s, %s, %s)
    , parameters: (6535, 'NEAR Protocol', 'NEAR', 3.36, -19.33, -25.38, -41.81, 3955678670.21, 1177563496.0)
[2025-02-03T10:03:06.536+0000] {sql.py:562} INFO - Rows affected: 1
[2025-02-03T10:03:06.544+0000] {sql.py:553} INFO - Running statement: 
    INSERT INTO coins_data (id, name, symbol, price, percent_change_24h, percent_change_7d, percent_change_30d, market_cap, circulating_supply)
    VALUES (%s, %s, %s, %s, %s, %s, %s, %s, %s)
    , parameters: (21159, 'Ondo', 'ONDO', 1.24, -7.65, -4.75, -21.57, 3921829880.94, 3159107529.0)
[2025-02-03T10:03:06.546+0000] {sql.py:562} INFO - Rows affected: 1
[2025-02-03T10:03:06.553+0000] {sql.py:553} INFO - Running statement: 
    INSERT INTO coins_data (id, name, symbol, price, percent_change_24h, percent_change_7d, percent_change_30d, market_cap, circulating_supply)
    VALUES (%s, %s, %s, %s, %s, %s, %s, %s, %s)
    , parameters: (328, 'Monero', 'XMR', 206.07, -10.19, -4.67, 5.86, 3801283785.64, 18446744.07370955)
[2025-02-03T10:03:06.555+0000] {sql.py:562} INFO - Rows affected: 1
[2025-02-03T10:03:06.561+0000] {sql.py:553} INFO - Running statement: 
    INSERT INTO coins_data (id, name, symbol, price, percent_change_24h, percent_change_7d, percent_change_30d, market_cap, circulating_supply)
    VALUES (%s, %s, %s, %s, %s, %s, %s, %s, %s)
    , parameters: (7278, 'Aave', 'AAVE', 239.17, -18.2, -19.26, -30.03, 3601235632.97, 15057064.50236744)
[2025-02-03T10:03:06.563+0000] {sql.py:562} INFO - Rows affected: 1
[2025-02-03T10:03:06.569+0000] {sql.py:553} INFO - Running statement: 
    INSERT INTO coins_data (id, name, symbol, price, percent_change_24h, percent_change_7d, percent_change_30d, market_cap, circulating_supply)
    VALUES (%s, %s, %s, %s, %s, %s, %s, %s, %s)
    , parameters: (27075, 'Mantle', 'MNT', 1.05, -6.81, -5.07, -23.32, 3548179983.65, 3364694382.8368406)
[2025-02-03T10:03:06.572+0000] {sql.py:562} INFO - Rows affected: 1
[2025-02-03T10:03:06.578+0000] {sql.py:553} INFO - Running statement: 
    INSERT INTO coins_data (id, name, symbol, price, percent_change_24h, percent_change_7d, percent_change_30d, market_cap, circulating_supply)
    VALUES (%s, %s, %s, %s, %s, %s, %s, %s, %s)
    , parameters: (35336, 'OFFICIAL TRUMP', 'TRUMP', 17.63, -16.9, -32.63, 171.76, 3525348641.55, 200000000.0)
[2025-02-03T10:03:06.580+0000] {sql.py:562} INFO - Rows affected: 1
[2025-02-03T10:03:06.590+0000] {sql.py:553} INFO - Running statement: 
    INSERT INTO coins_data (id, name, symbol, price, percent_change_24h, percent_change_7d, percent_change_30d, market_cap, circulating_supply)
    VALUES (%s, %s, %s, %s, %s, %s, %s, %s, %s)
    , parameters: (21794, 'Aptos', 'APT', 5.73, -18.81, -19.64, -41.03, 3287512006.05, 574025950.2545015)
[2025-02-03T10:03:06.591+0000] {sql.py:562} INFO - Rows affected: 1
[2025-02-03T10:03:06.600+0000] {sql.py:553} INFO - Running statement: 
    INSERT INTO coins_data (id, name, symbol, price, percent_change_24h, percent_change_7d, percent_change_30d, market_cap, circulating_supply)
    VALUES (%s, %s, %s, %s, %s, %s, %s, %s, %s)
    , parameters: (8916, 'Internet Computer', 'ICP', 6.68, -20.14, -20.48, -45.45, 3205712091.3, 480124541.2441906)
[2025-02-03T10:03:06.602+0000] {sql.py:562} INFO - Rows affected: 1
[2025-02-03T10:03:06.609+0000] {sql.py:553} INFO - Running statement: 
    INSERT INTO coins_data (id, name, symbol, price, percent_change_24h, percent_change_7d, percent_change_30d, market_cap, circulating_supply)
    VALUES (%s, %s, %s, %s, %s, %s, %s, %s, %s)
    , parameters: (1321, 'Ethereum Classic', 'ETC', 19.64, -20.53, -22.06, -30.24, 2957115141.83, 150602234.5963242)
[2025-02-03T10:03:06.610+0000] {sql.py:562} INFO - Rows affected: 1
[2025-02-03T10:03:06.616+0000] {sql.py:553} INFO - Running statement: 
    INSERT INTO coins_data (id, name, symbol, price, percent_change_24h, percent_change_7d, percent_change_30d, market_cap, circulating_supply)
    VALUES (%s, %s, %s, %s, %s, %s, %s, %s, %s)
    , parameters: (3897, 'OKB', 'OKB', 46.87, -7.61, -7.69, -6.83, 2811971138.2, 60000000.0)
[2025-02-03T10:03:06.618+0000] {sql.py:562} INFO - Rows affected: 1
[2025-02-03T10:03:06.625+0000] {sql.py:553} INFO - Running statement: 
    INSERT INTO coins_data (id, name, symbol, price, percent_change_24h, percent_change_7d, percent_change_30d, market_cap, circulating_supply)
    VALUES (%s, %s, %s, %s, %s, %s, %s, %s, %s)
    , parameters: (3635, 'Cronos', 'CRO', 0.1, -13.06, -18.64, -35.49, 2771376295.28, 26571560696.0)
[2025-02-03T10:03:06.627+0000] {sql.py:562} INFO - Rows affected: 1
[2025-02-03T10:03:06.634+0000] {sql.py:553} INFO - Running statement: 
    INSERT INTO coins_data (id, name, symbol, price, percent_change_24h, percent_change_7d, percent_change_30d, market_cap, circulating_supply)
    VALUES (%s, %s, %s, %s, %s, %s, %s, %s, %s)
    , parameters: (29210, 'Jupiter', 'JUP', 0.87, -9.95, -10.69, -9.18, 2727564017.68, 3150612136.820256)
[2025-02-03T10:03:06.637+0000] {sql.py:562} INFO - Rows affected: 1
[2025-02-03T10:03:06.644+0000] {sql.py:553} INFO - Running statement: 
    INSERT INTO coins_data (id, name, symbol, price, percent_change_24h, percent_change_7d, percent_change_30d, market_cap, circulating_supply)
    VALUES (%s, %s, %s, %s, %s, %s, %s, %s, %s)
    , parameters: (3077, 'VeChain', 'VET', 0.03, -22.58, -23.2, -34.92, 2689083783.17, 80985041177.0)
[2025-02-03T10:03:06.646+0000] {sql.py:562} INFO - Rows affected: 1
[2025-02-03T10:03:06.652+0000] {sql.py:553} INFO - Running statement: 
    INSERT INTO coins_data (id, name, symbol, price, percent_change_24h, percent_change_7d, percent_change_30d, market_cap, circulating_supply)
    VALUES (%s, %s, %s, %s, %s, %s, %s, %s, %s)
    , parameters: (22974, 'Bittensor', 'TAO', 322.72, -16.87, -19.46, -42.7, 2651226638.93, 8215232.0)
[2025-02-03T10:03:06.654+0000] {sql.py:562} INFO - Rows affected: 1
[2025-02-03T10:03:06.661+0000] {sql.py:553} INFO - Running statement: 
    INSERT INTO coins_data (id, name, symbol, price, percent_change_24h, percent_change_7d, percent_change_30d, market_cap, circulating_supply)
    VALUES (%s, %s, %s, %s, %s, %s, %s, %s, %s)
    , parameters: (28321, 'POL (prev. MATIC)', 'POL', 0.31, -18.37, -23.39, -40.72, 2637869358.29, 8586528706.958016)
[2025-02-03T10:03:06.662+0000] {sql.py:562} INFO - Rows affected: 1
[2025-02-03T10:03:06.669+0000] {sql.py:553} INFO - Running statement: 
    INSERT INTO coins_data (id, name, symbol, price, percent_change_24h, percent_change_7d, percent_change_30d, market_cap, circulating_supply)
    VALUES (%s, %s, %s, %s, %s, %s, %s, %s, %s)
    , parameters: (20396, 'Kaspa', 'KAS', 0.1, -19.59, -18.65, -22.23, 2527989040.42, 25665848437.237755)
[2025-02-03T10:03:06.672+0000] {sql.py:562} INFO - Rows affected: 1
[2025-02-03T10:03:06.679+0000] {sql.py:553} INFO - Running statement: 
    INSERT INTO coins_data (id, name, symbol, price, percent_change_24h, percent_change_7d, percent_change_30d, market_cap, circulating_supply)
    VALUES (%s, %s, %s, %s, %s, %s, %s, %s, %s)
    , parameters: (4030, 'Algorand', 'ALGO', 0.28, -18.74, -21.78, -32.15, 2333796366.79, 8409872079.833982)
[2025-02-03T10:03:06.681+0000] {sql.py:562} INFO - Rows affected: 1
[2025-02-03T10:03:06.688+0000] {sql.py:553} INFO - Running statement: 
    INSERT INTO coins_data (id, name, symbol, price, percent_change_24h, percent_change_7d, percent_change_30d, market_cap, circulating_supply)
    VALUES (%s, %s, %s, %s, %s, %s, %s, %s, %s)
    , parameters: (5690, 'Render', 'RENDER', 4.36, -17.86, -28.27, -45.55, 2255375881.53, 517716590.05628264)
[2025-02-03T10:03:06.691+0000] {sql.py:562} INFO - Rows affected: 1
[2025-02-03T10:03:06.699+0000] {sql.py:553} INFO - Running statement: 
    INSERT INTO coins_data (id, name, symbol, price, percent_change_24h, percent_change_7d, percent_change_30d, market_cap, circulating_supply)
    VALUES (%s, %s, %s, %s, %s, %s, %s, %s, %s)
    , parameters: (2280, 'Filecoin', 'FIL', 3.16, -26.54, -29.41, -43.69, 1985198148.68, 627523436.0)
[2025-02-03T10:03:06.701+0000] {sql.py:562} INFO - Rows affected: 1
[2025-02-03T10:03:06.708+0000] {sql.py:553} INFO - Running statement: 
    INSERT INTO coins_data (id, name, symbol, price, percent_change_24h, percent_change_7d, percent_change_30d, market_cap, circulating_supply)
    VALUES (%s, %s, %s, %s, %s, %s, %s, %s, %s)
    , parameters: (7326, 'DeXe', 'DEXE', 22.52, 5.24, 12.76, 26.74, 1885390136.55, 83733347.49799643)
[2025-02-03T10:03:06.710+0000] {sql.py:562} INFO - Rows affected: 1
[2025-02-03T10:03:06.717+0000] {sql.py:553} INFO - Running statement: 
    INSERT INTO coins_data (id, name, symbol, price, percent_change_24h, percent_change_7d, percent_change_30d, market_cap, circulating_supply)
    VALUES (%s, %s, %s, %s, %s, %s, %s, %s, %s)
    , parameters: (11841, 'Arbitrum', 'ARB', 0.43, -25.17, -30.9, -48.24, 1871383787.12, 4343862574.0)
[2025-02-03T10:03:06.719+0000] {sql.py:562} INFO - Rows affected: 1
[2025-02-03T10:03:06.726+0000] {sql.py:553} INFO - Running statement: 
    INSERT INTO coins_data (id, name, symbol, price, percent_change_24h, percent_change_7d, percent_change_30d, market_cap, circulating_supply)
    VALUES (%s, %s, %s, %s, %s, %s, %s, %s, %s)
    , parameters: (4269, 'GateToken', 'GT', 20.31, -9.87, -12.86, 14.59, 1802378165.94, 88747397.77823825)
[2025-02-03T10:03:06.728+0000] {sql.py:562} INFO - Rows affected: 1
[2025-02-03T10:03:06.734+0000] {sql.py:553} INFO - Running statement: 
    INSERT INTO coins_data (id, name, symbol, price, percent_change_24h, percent_change_7d, percent_change_30d, market_cap, circulating_supply)
    VALUES (%s, %s, %s, %s, %s, %s, %s, %s, %s)
    , parameters: (30171, 'Ethena', 'ENA', 0.57, -14.58, -20.79, -51.96, 1785891015.33, 3128125000.0)
[2025-02-03T10:03:06.736+0000] {sql.py:562} INFO - Rows affected: 1
[2025-02-03T10:03:06.743+0000] {sql.py:553} INFO - Running statement: 
    INSERT INTO coins_data (id, name, symbol, price, percent_change_24h, percent_change_7d, percent_change_30d, market_cap, circulating_supply)
    VALUES (%s, %s, %s, %s, %s, %s, %s, %s, %s)
    , parameters: (3773, 'Artificial Superintelligence Alliance', 'FET', 0.73, -20.43, -32.31, -50.49, 1779317038.58, 2434560868.2812686)
[2025-02-03T10:03:06.744+0000] {sql.py:562} INFO - Rows affected: 1
[2025-02-03T10:03:06.750+0000] {sql.py:553} INFO - Running statement: 
    INSERT INTO coins_data (id, name, symbol, price, percent_change_24h, percent_change_7d, percent_change_30d, market_cap, circulating_supply)
    VALUES (%s, %s, %s, %s, %s, %s, %s, %s, %s)
    , parameters: (26081, 'First Digital USD', 'FDUSD', 1.0, -0.1, -0.17, 0.06, 1769000223.33, 1771652021.4)
[2025-02-03T10:03:06.752+0000] {sql.py:562} INFO - Rows affected: 1
[2025-02-03T10:03:06.758+0000] {sql.py:553} INFO - Running statement: 
    INSERT INTO coins_data (id, name, symbol, price, percent_change_24h, percent_change_7d, percent_change_30d, market_cap, circulating_supply)
    VALUES (%s, %s, %s, %s, %s, %s, %s, %s, %s)
    , parameters: (3794, 'Cosmos', 'ATOM', 4.28, -24.93, -24.34, -41.06, 1672717600.94, 390934204.0)
[2025-02-03T10:03:06.760+0000] {sql.py:562} INFO - Rows affected: 1
[2025-02-03T10:03:06.766+0000] {sql.py:553} INFO - Running statement: 
    INSERT INTO coins_data (id, name, symbol, price, percent_change_24h, percent_change_7d, percent_change_30d, market_cap, circulating_supply)
    VALUES (%s, %s, %s, %s, %s, %s, %s, %s, %s)
    , parameters: (8526, 'Raydium', 'RAY', 5.29, -14.81, -17.16, -1.08, 1537840246.09, 290866823.959339)
[2025-02-03T10:03:06.767+0000] {sql.py:562} INFO - Rows affected: 1
[2025-02-03T10:03:06.774+0000] {sql.py:553} INFO - Running statement: 
    INSERT INTO coins_data (id, name, symbol, price, percent_change_24h, percent_change_7d, percent_change_30d, market_cap, circulating_supply)
    VALUES (%s, %s, %s, %s, %s, %s, %s, %s, %s)
    , parameters: (2087, 'KuCoin Token', 'KCS', 12.33, -7.38, 0.06, 14.26, 1512154885.57, 122665481.85133564)
[2025-02-03T10:03:06.776+0000] {sql.py:562} INFO - Rows affected: 1
[2025-02-03T10:03:06.781+0000] {sql.py:553} INFO - Running statement: 
    INSERT INTO coins_data (id, name, symbol, price, percent_change_24h, percent_change_7d, percent_change_30d, market_cap, circulating_supply)
    VALUES (%s, %s, %s, %s, %s, %s, %s, %s, %s)
    , parameters: (22861, 'Celestia', 'TIA', 2.93, -25.44, -26.18, -46.36, 1504138371.61, 513087900.287215)
[2025-02-03T10:03:06.783+0000] {sql.py:562} INFO - Rows affected: 1
[2025-02-03T10:03:06.790+0000] {sql.py:553} INFO - Running statement: 
    INSERT INTO coins_data (id, name, symbol, price, percent_change_24h, percent_change_7d, percent_change_30d, market_cap, circulating_supply)
    VALUES (%s, %s, %s, %s, %s, %s, %s, %s, %s)
    , parameters: (11840, 'Optimism', 'OP', 1.09, -17.92, -21.65, -46.52, 1473082468.36, 1351719035.0)
[2025-02-03T10:03:06.791+0000] {sql.py:562} INFO - Rows affected: 1
[2025-02-03T10:03:06.798+0000] {sql.py:553} INFO - Running statement: 
    INSERT INTO coins_data (id, name, symbol, price, percent_change_24h, percent_change_7d, percent_change_30d, market_cap, circulating_supply)
    VALUES (%s, %s, %s, %s, %s, %s, %s, %s, %s)
    , parameters: (8000, 'Lido DAO', 'LDO', 1.64, -17.43, -15.76, -17.7, 1470077819.8, 896046961.4578881)
[2025-02-03T10:03:06.799+0000] {sql.py:562} INFO - Rows affected: 1
[2025-02-03T10:03:06.806+0000] {sql.py:553} INFO - Running statement: 
    INSERT INTO coins_data (id, name, symbol, price, percent_change_24h, percent_change_7d, percent_change_30d, market_cap, circulating_supply)
    VALUES (%s, %s, %s, %s, %s, %s, %s, %s, %s)
    , parameters: (4847, 'Stacks', 'STX', 0.92, -23.47, -25.85, -46.68, 1384259584.19, 1511559580.48141)
[2025-02-03T10:03:06.808+0000] {sql.py:562} INFO - Rows affected: 1
[2025-02-03T10:03:06.814+0000] {sql.py:553} INFO - Running statement: 
    INSERT INTO coins_data (id, name, symbol, price, percent_change_24h, percent_change_7d, percent_change_30d, market_cap, circulating_supply)
    VALUES (%s, %s, %s, %s, %s, %s, %s, %s, %s)
    , parameters: (32452, 'Movement', 'MOVE', 0.6, -13.67, -11.0, -39.0, 1375189561.84, 2300000000.0)
[2025-02-03T10:03:06.816+0000] {sql.py:562} INFO - Rows affected: 1
[2025-02-03T10:03:06.824+0000] {sql.py:553} INFO - Running statement: 
    INSERT INTO coins_data (id, name, symbol, price, percent_change_24h, percent_change_7d, percent_change_30d, market_cap, circulating_supply)
    VALUES (%s, %s, %s, %s, %s, %s, %s, %s, %s)
    , parameters: (2416, 'Theta Network', 'THETA', 1.37, -21.33, -23.21, -44.8, 1374076790.54, 1000000000.0)
[2025-02-03T10:03:06.826+0000] {sql.py:562} INFO - Rows affected: 1
[2025-02-03T10:03:06.832+0000] {sql.py:553} INFO - Running statement: 
    INSERT INTO coins_data (id, name, symbol, price, percent_change_24h, percent_change_7d, percent_change_30d, market_cap, circulating_supply)
    VALUES (%s, %s, %s, %s, %s, %s, %s, %s, %s)
    , parameters: (7226, 'Injective', 'INJ', 13.79, -24.2, -26.82, -39.55, 1364353507.68, 98970935.41)
[2025-02-03T10:03:06.833+0000] {sql.py:562} INFO - Rows affected: 1
[2025-02-03T10:03:06.842+0000] {sql.py:553} INFO - Running statement: 
    INSERT INTO coins_data (id, name, symbol, price, percent_change_24h, percent_change_7d, percent_change_30d, market_cap, circulating_supply)
    VALUES (%s, %s, %s, %s, %s, %s, %s, %s, %s)
    , parameters: (2634, 'XDC Network', 'XDC', 0.09, -12.74, -10.49, 5.19, 1338532465.79, 14932919359.85)
[2025-02-03T10:03:06.844+0000] {sql.py:562} INFO - Rows affected: 1
[2025-02-03T10:03:06.850+0000] {sql.py:553} INFO - Running statement: 
    INSERT INTO coins_data (id, name, symbol, price, percent_change_24h, percent_change_7d, percent_change_30d, market_cap, circulating_supply)
    VALUES (%s, %s, %s, %s, %s, %s, %s, %s, %s)
    , parameters: (10603, 'Immutable', 'IMX', 0.76, -24.54, -29.64, -47.24, 1325456170.01, 1743800322.3898141)
[2025-02-03T10:03:06.854+0000] {sql.py:562} INFO - Rows affected: 1
[2025-02-03T10:03:06.862+0000] {sql.py:553} INFO - Running statement: 
    INSERT INTO coins_data (id, name, symbol, price, percent_change_24h, percent_change_7d, percent_change_30d, market_cap, circulating_supply)
    VALUES (%s, %s, %s, %s, %s, %s, %s, %s, %s)
    , parameters: (23095, 'Bonk', 'BONK', 0.0, -22.45, -31.42, -51.28, 1316698136.56, 76716573605652.78)
[2025-02-03T10:03:06.864+0000] {sql.py:562} INFO - Rows affected: 1
[2025-02-03T10:03:06.870+0000] {sql.py:553} INFO - Running statement: 
    INSERT INTO coins_data (id, name, symbol, price, percent_change_24h, percent_change_7d, percent_change_30d, market_cap, circulating_supply)
    VALUES (%s, %s, %s, %s, %s, %s, %s, %s, %s)
    , parameters: (6719, 'The Graph', 'GRT', 0.13, -19.96, -22.22, -45.03, 1258923829.12, 9548531509.165474)
[2025-02-03T10:03:06.873+0000] {sql.py:562} INFO - Rows affected: 1
[2025-02-03T10:03:06.878+0000] {sql.py:553} INFO - Running statement: 
    INSERT INTO coins_data (id, name, symbol, price, percent_change_24h, percent_change_7d, percent_change_30d, market_cap, circulating_supply)
    VALUES (%s, %s, %s, %s, %s, %s, %s, %s, %s)
    , parameters: (32684, 'Sonic (prev. FTM)', 'S', 0.42, -18.31, -13.17, -50.15, 1206606363.58, 2880000000.0)
[2025-02-03T10:03:06.880+0000] {sql.py:562} INFO - Rows affected: 1
[2025-02-03T10:03:06.885+0000] {sql.py:553} INFO - Running statement: 
    INSERT INTO coins_data (id, name, symbol, price, percent_change_24h, percent_change_7d, percent_change_30d, market_cap, circulating_supply)
    VALUES (%s, %s, %s, %s, %s, %s, %s, %s, %s)
    , parameters: (13502, 'Worldcoin', 'WLD', 1.21, -24.59, -34.61, -49.13, 1193512696.49, 983961207.541712)
[2025-02-03T10:03:06.888+0000] {sql.py:562} INFO - Rows affected: 1
[2025-02-03T10:03:06.894+0000] {sql.py:553} INFO - Running statement: 
    INSERT INTO coins_data (id, name, symbol, price, percent_change_24h, percent_change_7d, percent_change_30d, market_cap, circulating_supply)
    VALUES (%s, %s, %s, %s, %s, %s, %s, %s, %s)
    , parameters: (7950, 'Flare', 'FLR', 0.02, -13.0, -12.51, -26.87, 1173931009.01, 57198145555.1077)
[2025-02-03T10:03:06.895+0000] {sql.py:562} INFO - Rows affected: 1
[2025-02-03T10:03:06.900+0000] {sql.py:553} INFO - Running statement: 
    INSERT INTO coins_data (id, name, symbol, price, percent_change_24h, percent_change_7d, percent_change_30d, market_cap, circulating_supply)
    VALUES (%s, %s, %s, %s, %s, %s, %s, %s, %s)
    , parameters: (8425, 'JasmyCoin', 'JASMY', 0.02, -18.17, -5.62, -36.43, 1160999213.98, 49444999677.16958)
[2025-02-03T10:03:06.901+0000] {sql.py:562} INFO - Rows affected: 1
[2025-02-03T10:03:06.907+0000] {sql.py:553} INFO - Running statement: 
    INSERT INTO coins_data (id, name, symbol, price, percent_change_24h, percent_change_7d, percent_change_30d, market_cap, circulating_supply)
    VALUES (%s, %s, %s, %s, %s, %s, %s, %s, %s)
    , parameters: (3155, 'Quant', 'QNT', 85.16, -17.53, -16.28, -28.44, 1028102123.32, 12072738.0)
[2025-02-03T10:03:06.908+0000] {sql.py:562} INFO - Rows affected: 1
[2025-02-03T10:03:06.913+0000] {sql.py:553} INFO - Running statement: 
    INSERT INTO coins_data (id, name, symbol, price, percent_change_24h, percent_change_7d, percent_change_30d, market_cap, circulating_supply)
    VALUES (%s, %s, %s, %s, %s, %s, %s, %s, %s)
    , parameters: (23149, 'Sei', 'SEI', 0.23, -22.47, -25.11, -49.69, 1017658748.2, 4432638888.0)
[2025-02-03T10:03:06.914+0000] {sql.py:562} INFO - Rows affected: 1
[2025-02-03T10:03:06.919+0000] {sql.py:553} INFO - Running statement: 
    INSERT INTO coins_data (id, name, symbol, price, percent_change_24h, percent_change_7d, percent_change_30d, market_cap, circulating_supply)
    VALUES (%s, %s, %s, %s, %s, %s, %s, %s, %s)
    , parameters: (6210, 'The Sandbox', 'SAND', 0.38, -21.24, -24.24, -40.91, 921866327.96, 2445857126.2233224)
[2025-02-03T10:03:06.921+0000] {sql.py:562} INFO - Rows affected: 1
[2025-02-03T10:03:06.926+0000] {sql.py:553} INFO - Running statement: 
    INSERT INTO coins_data (id, name, symbol, price, percent_change_24h, percent_change_7d, percent_change_30d, market_cap, circulating_supply)
    VALUES (%s, %s, %s, %s, %s, %s, %s, %s, %s)
    , parameters: (13855, 'Ethereum Name Service', 'ENS', 25.32, -19.5, -17.34, -31.86, 896813382.06, 35412446.04313635)
[2025-02-03T10:03:06.928+0000] {sql.py:562} INFO - Rows affected: 1
[2025-02-03T10:03:06.932+0000] {sql.py:553} INFO - Running statement: 
    INSERT INTO coins_data (id, name, symbol, price, percent_change_24h, percent_change_7d, percent_change_30d, market_cap, circulating_supply)
    VALUES (%s, %s, %s, %s, %s, %s, %s, %s, %s)
    , parameters: (1765, 'EOS', 'EOS', 0.58, -21.09, -20.32, -37.32, 888538792.8, 1544192705.5828)
[2025-02-03T10:03:06.934+0000] {sql.py:562} INFO - Rows affected: 1
[2025-02-03T10:03:06.940+0000] {sql.py:553} INFO - Running statement: 
    INSERT INTO coins_data (id, name, symbol, price, percent_change_24h, percent_change_7d, percent_change_30d, market_cap, circulating_supply)
    VALUES (%s, %s, %s, %s, %s, %s, %s, %s, %s)
    , parameters: (29420, 'Virtuals Protocol', 'VIRTUAL', 1.35, -17.86, -31.08, -68.39, 873220983.28, 645847048.586041)
[2025-02-03T10:03:06.942+0000] {sql.py:562} INFO - Rows affected: 1
[2025-02-03T10:03:06.948+0000] {sql.py:553} INFO - Running statement: 
    INSERT INTO coins_data (id, name, symbol, price, percent_change_24h, percent_change_7d, percent_change_30d, market_cap, circulating_supply)
    VALUES (%s, %s, %s, %s, %s, %s, %s, %s, %s)
    , parameters: (10804, 'FLOKI', 'FLOKI', 0.0, -24.69, -25.42, -54.71, 859880248.44, 9607811421756.104)
[2025-02-03T10:03:06.950+0000] {sql.py:562} INFO - Rows affected: 1
[2025-02-03T10:03:06.958+0000] {sql.py:553} INFO - Running statement: 
    INSERT INTO coins_data (id, name, symbol, price, percent_change_24h, percent_change_7d, percent_change_30d, market_cap, circulating_supply)
    VALUES (%s, %s, %s, %s, %s, %s, %s, %s, %s)
    , parameters: (2011, 'Tezos', 'XTZ', 0.83, -17.18, -20.36, -42.36, 848480462.2, 1028182978.413619)
[2025-02-03T10:03:06.959+0000] {sql.py:562} INFO - Rows affected: 1
[2025-02-03T10:03:06.965+0000] {sql.py:553} INFO - Running statement: 
    INSERT INTO coins_data (id, name, symbol, price, percent_change_24h, percent_change_7d, percent_change_30d, market_cap, circulating_supply)
    VALUES (%s, %s, %s, %s, %s, %s, %s, %s, %s)
    , parameters: (2694, 'Nexo', 'NEXO', 1.31, -4.15, -3.83, -6.49, 844716098.37, 646145839.5746847)
[2025-02-03T10:03:06.966+0000] {sql.py:562} INFO - Rows affected: 1
[2025-02-03T10:03:06.973+0000] {sql.py:553} INFO - Running statement: 
    INSERT INTO coins_data (id, name, symbol, price, percent_change_24h, percent_change_7d, percent_change_30d, market_cap, circulating_supply)
    VALUES (%s, %s, %s, %s, %s, %s, %s, %s, %s)
    , parameters: (16086, 'BitTorrent [New]', 'BTT', 0.0, -13.0, -13.94, -24.71, 843636397.97, 986061142857000.0)
[2025-02-03T10:03:06.975+0000] {sql.py:562} INFO - Rows affected: 1
[2025-02-03T10:03:06.980+0000] {sql.py:553} INFO - Running statement: 
    INSERT INTO coins_data (id, name, symbol, price, percent_change_24h, percent_change_7d, percent_change_30d, market_cap, circulating_supply)
    VALUES (%s, %s, %s, %s, %s, %s, %s, %s, %s)
    , parameters: (32880, 'Kaia', 'KAIA', 0.14, -18.12, -24.75, -37.29, 837848093.62, 5935384174.29473)
[2025-02-03T10:03:06.982+0000] {sql.py:562} INFO - Rows affected: 1
[2025-02-03T10:03:06.989+0000] {sql.py:553} INFO - Running statement: 
    INSERT INTO coins_data (id, name, symbol, price, percent_change_24h, percent_change_7d, percent_change_30d, market_cap, circulating_supply)
    VALUES (%s, %s, %s, %s, %s, %s, %s, %s, %s)
    , parameters: (1518, 'Maker', 'MKR', 917.63, -14.87, -20.53, -41.8, 807835935.54, 880349.38112806)
[2025-02-03T10:03:06.991+0000] {sql.py:562} INFO - Rows affected: 1
[2025-02-03T10:03:06.997+0000] {sql.py:553} INFO - Running statement: 
    INSERT INTO coins_data (id, name, symbol, price, percent_change_24h, percent_change_7d, percent_change_30d, market_cap, circulating_supply)
    VALUES (%s, %s, %s, %s, %s, %s, %s, %s, %s)
    , parameters: (18679, 'Onyxcoin', 'XCN', 0.03, -13.28, -29.57, 936.96, 806573992.87, 30790293735.0)
[2025-02-03T10:03:06.998+0000] {sql.py:562} INFO - Rows affected: 1
[2025-02-03T10:03:07.004+0000] {sql.py:553} INFO - Running statement: 
    INSERT INTO coins_data (id, name, symbol, price, percent_change_24h, percent_change_7d, percent_change_30d, market_cap, circulating_supply)
    VALUES (%s, %s, %s, %s, %s, %s, %s, %s, %s)
    , parameters: (28541, 'Jito', 'JTO', 2.71, -11.16, 3.02, -13.86, 785879265.19, 289804206.4)
[2025-02-03T10:03:07.006+0000] {sql.py:562} INFO - Rows affected: 1
[2025-02-03T10:03:07.011+0000] {sql.py:553} INFO - Running statement: 
    INSERT INTO coins_data (id, name, symbol, price, percent_change_24h, percent_change_7d, percent_change_30d, market_cap, circulating_supply)
    VALUES (%s, %s, %s, %s, %s, %s, %s, %s, %s)
    , parameters: (7080, 'Gala', 'GALA', 0.02, -25.14, -24.69, -49.96, 778341132.73, 36881261125.82881)
[2025-02-03T10:03:07.013+0000] {sql.py:562} INFO - Rows affected: 1
[2025-02-03T10:03:07.018+0000] {sql.py:553} INFO - Running statement: 
    INSERT INTO coins_data (id, name, symbol, price, percent_change_24h, percent_change_7d, percent_change_30d, market_cap, circulating_supply)
    VALUES (%s, %s, %s, %s, %s, %s, %s, %s, %s)
    , parameters: (3602, 'Bitcoin SV', 'BSV', 38.82, -15.99, -18.65, -31.51, 769426327.32, 19819968.75)
[2025-02-03T10:03:07.019+0000] {sql.py:562} INFO - Rows affected: 1
[2025-02-03T10:03:07.025+0000] {sql.py:553} INFO - Running statement: 
    INSERT INTO coins_data (id, name, symbol, price, percent_change_24h, percent_change_7d, percent_change_30d, market_cap, circulating_supply)
    VALUES (%s, %s, %s, %s, %s, %s, %s, %s, %s)
    , parameters: (1720, 'IOTA', 'IOTA', 0.21, -22.87, -25.65, -41.31, 760168490.08, 3612259692.0)
[2025-02-03T10:03:07.027+0000] {sql.py:562} INFO - Rows affected: 1
[2025-02-03T10:03:07.032+0000] {sql.py:553} INFO - Running statement: 
    INSERT INTO coins_data (id, name, symbol, price, percent_change_24h, percent_change_7d, percent_change_30d, market_cap, circulating_supply)
    VALUES (%s, %s, %s, %s, %s, %s, %s, %s, %s)
    , parameters: (34466, 'Pudgy Penguins', 'PENGU', 0.01, -14.35, -44.92, -67.11, 746649554.17, 62860396090.04)
[2025-02-03T10:03:07.033+0000] {sql.py:562} INFO - Rows affected: 1
[2025-02-03T10:03:07.040+0000] {sql.py:553} INFO - Running statement: 
    INSERT INTO coins_data (id, name, symbol, price, percent_change_24h, percent_change_7d, percent_change_30d, market_cap, circulating_supply)
    VALUES (%s, %s, %s, %s, %s, %s, %s, %s, %s)
    , parameters: (19891, 'USDD', 'USDD', 1.0, 0.41, 0.29, 0.5, 740457420.68, 740736136.0998013)
[2025-02-03T10:03:07.041+0000] {sql.py:562} INFO - Rows affected: 1
[2025-02-03T10:03:07.046+0000] {sql.py:553} INFO - Running statement: 
    INSERT INTO coins_data (id, name, symbol, price, percent_change_24h, percent_change_7d, percent_change_30d, market_cap, circulating_supply)
    VALUES (%s, %s, %s, %s, %s, %s, %s, %s, %s)
    , parameters: (4558, 'Flow', 'FLOW', 0.47, -19.78, -22.98, -39.78, 739462387.99, 1560781543.7811925)
[2025-02-03T10:03:07.047+0000] {sql.py:562} INFO - Rows affected: 1
[2025-02-03T10:03:07.052+0000] {sql.py:553} INFO - Running statement: 
    INSERT INTO coins_data (id, name, symbol, price, percent_change_24h, percent_change_7d, percent_change_30d, market_cap, circulating_supply)
    VALUES (%s, %s, %s, %s, %s, %s, %s, %s, %s)
    , parameters: (28081, 'SPX6900', 'SPX', 0.79, -25.04, -23.13, -38.71, 738463413.26, 930993090.07)
[2025-02-03T10:03:07.055+0000] {sql.py:562} INFO - Rows affected: 1
[2025-02-03T10:03:07.060+0000] {sql.py:553} INFO - Running statement: 
    INSERT INTO coins_data (id, name, symbol, price, percent_change_24h, percent_change_7d, percent_change_30d, market_cap, circulating_supply)
    VALUES (%s, %s, %s, %s, %s, %s, %s, %s, %s)
    , parameters: (28752, 'dogwifhat', 'WIF', 0.74, -27.07, -33.23, -65.5, 736053974.21, 998841578.770944)
[2025-02-03T10:03:07.062+0000] {sql.py:562} INFO - Rows affected: 1
[2025-02-03T10:03:07.067+0000] {sql.py:553} INFO - Running statement: 
    INSERT INTO coins_data (id, name, symbol, price, percent_change_24h, percent_change_7d, percent_change_30d, market_cap, circulating_supply)
    VALUES (%s, %s, %s, %s, %s, %s, %s, %s, %s)
    , parameters: (1376, 'Neo', 'NEO', 10.08, -22.5, -21.68, -36.93, 711048226.64, 70538831.0)
[2025-02-03T10:03:07.068+0000] {sql.py:562} INFO - Rows affected: 1
[2025-02-03T10:03:07.074+0000] {sql.py:553} INFO - Running statement: 
    INSERT INTO coins_data (id, name, symbol, price, percent_change_24h, percent_change_7d, percent_change_30d, market_cap, circulating_supply)
    VALUES (%s, %s, %s, %s, %s, %s, %s, %s, %s)
    , parameters: (28177, 'Pyth Network', 'PYTH', 0.2, -23.82, -30.0, -49.81, 708734841.37, 3624988061.085188)
[2025-02-03T10:03:07.076+0000] {sql.py:562} INFO - Rows affected: 1
[2025-02-03T10:03:07.081+0000] {sql.py:553} INFO - Running statement: 
    INSERT INTO coins_data (id, name, symbol, price, percent_change_24h, percent_change_7d, percent_change_30d, market_cap, circulating_supply)
    VALUES (%s, %s, %s, %s, %s, %s, %s, %s, %s)
    , parameters: (35347, 'Official Melania Meme', 'MELANIA', 1.44, -12.31, -41.05, -80.4, 694036259.7, 483313460.179942)
[2025-02-03T10:03:07.082+0000] {sql.py:562} INFO - Rows affected: 1
[2025-02-03T10:03:07.089+0000] {sql.py:553} INFO - Running statement: 
    INSERT INTO coins_data (id, name, symbol, price, percent_change_24h, percent_change_7d, percent_change_30d, market_cap, circulating_supply)
    VALUES (%s, %s, %s, %s, %s, %s, %s, %s, %s)
    , parameters: (5176, 'Tether Gold', 'XAUt', 2792.57, -0.16, 1.84, 5.97, 688434295.56, 246524.0)
[2025-02-03T10:03:07.091+0000] {sql.py:562} INFO - Rows affected: 1
[2025-02-03T10:03:07.095+0000] {sql.py:553} INFO - Running statement: 
    INSERT INTO coins_data (id, name, symbol, price, percent_change_24h, percent_change_7d, percent_change_30d, market_cap, circulating_supply)
    VALUES (%s, %s, %s, %s, %s, %s, %s, %s, %s)
    , parameters: (14101, 'Ronin', 'RON', 1.11, -17.35, -24.6, -44.48, 688526613.06, 619389698.9641546)
[2025-02-03T10:03:07.097+0000] {sql.py:562} INFO - Rows affected: 1
[2025-02-03T10:03:07.102+0000] {sql.py:553} INFO - Running statement: 
    INSERT INTO coins_data (id, name, symbol, price, percent_change_24h, percent_change_7d, percent_change_30d, market_cap, circulating_supply)
    VALUES (%s, %s, %s, %s, %s, %s, %s, %s, %s)
    , parameters: (5632, 'Arweave', 'AR', 10.4, -25.13, -19.45, -45.05, 682822358.7, 65652466.0)
[2025-02-03T10:03:07.104+0000] {sql.py:562} INFO - Rows affected: 1
[2025-02-03T10:03:07.110+0000] {sql.py:553} INFO - Running statement: 
    INSERT INTO coins_data (id, name, symbol, price, percent_change_24h, percent_change_7d, percent_change_30d, market_cap, circulating_supply)
    VALUES (%s, %s, %s, %s, %s, %s, %s, %s, %s)
    , parameters: (33597, 'Fartcoin', 'FARTCOIN', 0.67, 4.83, -24.67, -53.86, 667846769.76, 999998256.0)
[2025-02-03T10:03:07.112+0000] {sql.py:562} INFO - Rows affected: 1
[2025-02-03T10:03:07.119+0000] {sql.py:553} INFO - Running statement: 
    INSERT INTO coins_data (id, name, symbol, price, percent_change_24h, percent_change_7d, percent_change_30d, market_cap, circulating_supply)
    VALUES (%s, %s, %s, %s, %s, %s, %s, %s, %s)
    , parameters: (6538, 'Curve DAO Token', 'CRV', 0.5, -25.26, -28.21, -52.26, 642040216.72, 1277991396.0)
[2025-02-03T10:03:07.122+0000] {sql.py:562} INFO - Rows affected: 1
[2025-02-03T10:03:07.128+0000] {sql.py:553} INFO - Running statement: 
    INSERT INTO coins_data (id, name, symbol, price, percent_change_24h, percent_change_7d, percent_change_30d, market_cap, circulating_supply)
    VALUES (%s, %s, %s, %s, %s, %s, %s, %s, %s)
    , parameters: (29270, 'Aerodrome Finance', 'AERO', 0.84, -16.25, -5.74, -46.08, 635095058.21, 758438798.0756812)
[2025-02-03T10:03:07.130+0000] {sql.py:562} INFO - Rows affected: 1
[2025-02-03T10:03:07.136+0000] {sql.py:553} INFO - Running statement: 
    INSERT INTO coins_data (id, name, symbol, price, percent_change_24h, percent_change_7d, percent_change_30d, market_cap, circulating_supply)
    VALUES (%s, %s, %s, %s, %s, %s, %s, %s, %s)
    , parameters: (6783, 'Axie Infinity', 'AXS', 3.95, -19.9, -24.04, -43.55, 625551990.47, 158286750.7690725)
[2025-02-03T10:03:07.138+0000] {sql.py:562} INFO - Rows affected: 1
[2025-02-03T10:03:07.146+0000] {sql.py:553} INFO - Running statement: 
    INSERT INTO coins_data (id, name, symbol, price, percent_change_24h, percent_change_7d, percent_change_30d, market_cap, circulating_supply)
    VALUES (%s, %s, %s, %s, %s, %s, %s, %s, %s)
    , parameters: (22691, 'Starknet', 'STRK', 0.24, -26.88, -29.5, -54.05, 614171224.46, 2582076157.577993)
[2025-02-03T10:03:07.147+0000] {sql.py:562} INFO - Rows affected: 1
[2025-02-03T10:03:07.152+0000] {sql.py:553} INFO - Running statement: 
    INSERT INTO coins_data (id, name, symbol, price, percent_change_24h, percent_change_7d, percent_change_30d, market_cap, circulating_supply)
    VALUES (%s, %s, %s, %s, %s, %s, %s, %s, %s)
    , parameters: (1966, 'Decentraland', 'MANA', 0.32, -22.3, -25.88, -42.0, 614074045.44, 1942255184.1130493)
[2025-02-03T10:03:07.154+0000] {sql.py:562} INFO - Rows affected: 1
[2025-02-03T10:03:07.161+0000] {sql.py:553} INFO - Running statement: 
    INSERT INTO coins_data (id, name, symbol, price, percent_change_24h, percent_change_7d, percent_change_30d, market_cap, circulating_supply)
    VALUES (%s, %s, %s, %s, %s, %s, %s, %s, %s)
    , parameters: (4195, 'FTX Token', 'FTT', 1.86, -6.07, -7.39, -45.7, 612881784.78, 328895103.813207)
[2025-02-03T10:03:07.162+0000] {sql.py:562} INFO - Rows affected: 1
[2025-02-03T10:03:07.167+0000] {sql.py:553} INFO - Running statement: 
    INSERT INTO coins_data (id, name, symbol, price, percent_change_24h, percent_change_7d, percent_change_30d, market_cap, circulating_supply)
    VALUES (%s, %s, %s, %s, %s, %s, %s, %s, %s)
    , parameters: (6892, 'MultiversX', 'EGLD', 21.2, -21.22, -22.83, -44.14, 590038266.26, 27829249.53614646)
[2025-02-03T10:03:07.168+0000] {sql.py:562} INFO - Rows affected: 1
[2025-02-03T10:03:07.174+0000] {sql.py:553} INFO - Running statement: 
    INSERT INTO coins_data (id, name, symbol, price, percent_change_24h, percent_change_7d, percent_change_30d, market_cap, circulating_supply)
    VALUES (%s, %s, %s, %s, %s, %s, %s, %s, %s)
    , parameters: (3890, 'Polygon', 'MATIC', 0.31, -18.2, -23.09, -40.68, 588948998.49, 1913783718.0)
[2025-02-03T10:03:07.176+0000] {sql.py:562} INFO - Rows affected: 1
[2025-02-03T10:03:07.181+0000] {sql.py:553} INFO - Running statement: 
    INSERT INTO coins_data (id, name, symbol, price, percent_change_24h, percent_change_7d, percent_change_30d, market_cap, circulating_supply)
    VALUES (%s, %s, %s, %s, %s, %s, %s, %s, %s)
    , parameters: (33391, 'DeepBook Protocol', 'DEEP', 0.2, -18.36, 2.59, 32.61, 573650265.8, 2872000000.0)
[2025-02-03T10:03:07.183+0000] {sql.py:562} INFO - Rows affected: 1
[2025-02-03T10:03:07.189+0000] {sql.py:553} INFO - Running statement: 
    INSERT INTO coins_data (id, name, symbol, price, percent_change_24h, percent_change_7d, percent_change_30d, market_cap, circulating_supply)
    VALUES (%s, %s, %s, %s, %s, %s, %s, %s, %s)
    , parameters: (4705, 'PAX Gold', 'PAXG', 2812.21, -0.93, 2.2, 6.34, 569138044.28, 202381.004)
[2025-02-03T10:03:07.191+0000] {sql.py:562} INFO - Rows affected: 1
[2025-02-03T10:03:07.196+0000] {sql.py:553} INFO - Running statement: 
    INSERT INTO coins_data (id, name, symbol, price, percent_change_24h, percent_change_7d, percent_change_30d, market_cap, circulating_supply)
    VALUES (%s, %s, %s, %s, %s, %s, %s, %s, %s)
    , parameters: (5665, 'Helium', 'HNT', 3.12, -20.32, -9.58, -52.48, 552895338.16, 177394590.46004692)
[2025-02-03T10:03:07.198+0000] {sql.py:562} INFO - Rows affected: 1
[2025-02-03T10:03:07.203+0000] {sql.py:553} INFO - Running statement: 
    INSERT INTO coins_data (id, name, symbol, price, percent_change_24h, percent_change_7d, percent_change_30d, market_cap, circulating_supply)
    VALUES (%s, %s, %s, %s, %s, %s, %s, %s, %s)
    , parameters: (9104, 'AIOZ Network', 'AIOZ', 0.47, -25.61, -40.45, -45.4, 545048475.85, 1154517812.0262592)
[2025-02-03T10:03:07.206+0000] {sql.py:562} INFO - Rows affected: 1
[2025-02-03T10:03:07.211+0000] {sql.py:553} INFO - Running statement: 
    INSERT INTO coins_data (id, name, symbol, price, percent_change_24h, percent_change_7d, percent_change_30d, market_cap, circulating_supply)
    VALUES (%s, %s, %s, %s, %s, %s, %s, %s, %s)
    , parameters: (28298, 'Beam', 'BEAM', 0.01, -19.7, -28.13, -62.16, 539912896.65, 49466004168.0)
[2025-02-03T10:03:07.213+0000] {sql.py:562} INFO - Rows affected: 1
[2025-02-03T10:03:07.218+0000] {sql.py:553} INFO - Running statement: 
    INSERT INTO coins_data (id, name, symbol, price, percent_change_24h, percent_change_7d, percent_change_30d, market_cap, circulating_supply)
    VALUES (%s, %s, %s, %s, %s, %s, %s, %s, %s)
    , parameters: (7334, 'Conflux', 'CFX', 0.11, -24.71, -23.55, -36.39, 533194377.34, 4830821895.88)
[2025-02-03T10:03:07.219+0000] {sql.py:562} INFO - Rows affected: 1
[2025-02-03T10:03:07.226+0000] {sql.py:553} INFO - Running statement: 
    INSERT INTO coins_data (id, name, symbol, price, percent_change_24h, percent_change_7d, percent_change_30d, market_cap, circulating_supply)
    VALUES (%s, %s, %s, %s, %s, %s, %s, %s, %s)
    , parameters: (29743, 'Brett (Based)', 'BRETT', 0.05, -23.71, -29.68, -64.79, 520113822.38, 9910236395.0)
[2025-02-03T10:03:07.228+0000] {sql.py:562} INFO - Rows affected: 1
[2025-02-03T10:03:07.235+0000] {sql.py:553} INFO - Running statement: 
    INSERT INTO coins_data (id, name, symbol, price, percent_change_24h, percent_change_7d, percent_change_30d, market_cap, circulating_supply)
    VALUES (%s, %s, %s, %s, %s, %s, %s, %s, %s)
    , parameters: (28324, 'dYdX (Native)', 'DYDX', 0.71, -29.32, -31.06, -55.36, 512859588.01, 722239524.2445064)
[2025-02-03T10:03:07.236+0000] {sql.py:562} INFO - Rows affected: 1
[2025-02-03T10:03:07.243+0000] {sql.py:553} INFO - Running statement: 
    INSERT INTO coins_data (id, name, symbol, price, percent_change_24h, percent_change_7d, percent_change_30d, market_cap, circulating_supply)
    VALUES (%s, %s, %s, %s, %s, %s, %s, %s, %s)
    , parameters: (4846, 'Kava', 'KAVA', 0.47, 1.56, 12.36, -15.08, 509236547.29, 1082853819.0)
[2025-02-03T10:03:07.245+0000] {sql.py:562} INFO - Rows affected: 1
[2025-02-03T10:03:07.251+0000] {sql.py:553} INFO - Running statement: 
    INSERT INTO coins_data (id, name, symbol, price, percent_change_24h, percent_change_7d, percent_change_30d, market_cap, circulating_supply)
    VALUES (%s, %s, %s, %s, %s, %s, %s, %s, %s)
    , parameters: (4066, 'Chiliz', 'CHZ', 0.05, -16.39, -18.05, -41.21, 509782155.95, 9382133480.0)
[2025-02-03T10:03:07.253+0000] {sql.py:562} INFO - Rows affected: 1
[2025-02-03T10:03:07.260+0000] {sql.py:553} INFO - Running statement: 
    INSERT INTO coins_data (id, name, symbol, price, percent_change_24h, percent_change_7d, percent_change_30d, market_cap, circulating_supply)
    VALUES (%s, %s, %s, %s, %s, %s, %s, %s, %s)
    , parameters: (1437, 'Zcash', 'ZEC', 31.03, -18.67, -25.97, -47.67, 506593781.69, 16328268.75)
[2025-02-03T10:03:07.261+0000] {sql.py:562} INFO - Rows affected: 1
[2025-02-03T10:03:07.267+0000] {sql.py:553} INFO - Running statement: 
    INSERT INTO coins_data (id, name, symbol, price, percent_change_24h, percent_change_7d, percent_change_30d, market_cap, circulating_supply)
    VALUES (%s, %s, %s, %s, %s, %s, %s, %s, %s)
    , parameters: (29587, 'Wormhole', 'W', 0.18, -27.88, -13.91, -43.97, 499961149.12, 2846584964.0)
[2025-02-03T10:03:07.269+0000] {sql.py:562} INFO - Rows affected: 1
[2025-02-03T10:03:07.277+0000] {sql.py:553} INFO - Running statement: 
    INSERT INTO coins_data (id, name, symbol, price, percent_change_24h, percent_change_7d, percent_change_30d, market_cap, circulating_supply)
    VALUES (%s, %s, %s, %s, %s, %s, %s, %s, %s)
    , parameters: (10791, 'eCash', 'XEC', 0.0, -17.25, -20.16, -32.16, 496529390.73, 19819967172584.0)
[2025-02-03T10:03:07.278+0000] {sql.py:562} INFO - Rows affected: 1
[2025-02-03T10:03:07.285+0000] {sql.py:553} INFO - Running statement: 
    INSERT INTO coins_data (id, name, symbol, price, percent_change_24h, percent_change_7d, percent_change_30d, market_cap, circulating_supply)
    VALUES (%s, %s, %s, %s, %s, %s, %s, %s, %s)
    , parameters: (18876, 'ApeCoin', 'APE', 0.66, -26.7, -25.72, -50.96, 496300384.14, 752651515.0)
[2025-02-03T10:03:07.287+0000] {sql.py:562} INFO - Rows affected: 1
[2025-02-03T10:03:07.294+0000] {sql.py:553} INFO - Running statement: 
    INSERT INTO coins_data (id, name, symbol, price, percent_change_24h, percent_change_7d, percent_change_30d, market_cap, circulating_supply)
    VALUES (%s, %s, %s, %s, %s, %s, %s, %s, %s)
    , parameters: (2563, 'TrueUSD', 'TUSD', 1.0, 0.05, 0.02, -0.13, 494941651.24, 495516083.0)
[2025-02-03T10:03:07.295+0000] {sql.py:562} INFO - Rows affected: 1
[2025-02-03T10:03:07.300+0000] {sql.py:553} INFO - Running statement: 
    INSERT INTO coins_data (id, name, symbol, price, percent_change_24h, percent_change_7d, percent_change_30d, market_cap, circulating_supply)
    VALUES (%s, %s, %s, %s, %s, %s, %s, %s, %s)
    , parameters: (27772, 'PayPal USD', 'PYUSD', 1.0, 0.0, -0.02, 0.0, 487338665.37, 487472887.34391)
[2025-02-03T10:03:07.301+0000] {sql.py:562} INFO - Rows affected: 1
[2025-02-03T10:03:07.308+0000] {sql.py:553} INFO - Running statement: 
    INSERT INTO coins_data (id, name, symbol, price, percent_change_24h, percent_change_7d, percent_change_30d, market_cap, circulating_supply)
    VALUES (%s, %s, %s, %s, %s, %s, %s, %s, %s)
    , parameters: (34104, 'Morpho', 'MORPHO', 2.17, -21.74, -21.79, -33.26, 472413670.75, 217705167.93293655)
[2025-02-03T10:03:07.309+0000] {sql.py:562} INFO - Rows affected: 1
[2025-02-03T10:03:07.314+0000] {sql.py:553} INFO - Running statement: 
    INSERT INTO coins_data (id, name, symbol, price, percent_change_24h, percent_change_7d, percent_change_30d, market_cap, circulating_supply)
    VALUES (%s, %s, %s, %s, %s, %s, %s, %s, %s)
    , parameters: (23254, 'Core', 'CORE', 0.5, -25.2, -28.05, -57.94, 468777260.44, 938253749.2433127)
[2025-02-03T10:03:07.316+0000] {sql.py:562} INFO - Rows affected: 1
[2025-02-03T10:03:07.321+0000] {sql.py:553} INFO - Running statement: 
    INSERT INTO coins_data (id, name, symbol, price, percent_change_24h, percent_change_7d, percent_change_30d, market_cap, circulating_supply)
    VALUES (%s, %s, %s, %s, %s, %s, %s, %s, %s)
    , parameters: (7431, 'Akash Network', 'AKT', 1.88, -18.29, -24.58, -44.43, 467620910.01, 248285794.661141)
[2025-02-03T10:03:07.323+0000] {sql.py:562} INFO - Rows affected: 1
[2025-02-03T10:03:07.328+0000] {sql.py:553} INFO - Running statement: 
    INSERT INTO coins_data (id, name, symbol, price, percent_change_24h, percent_change_7d, percent_change_30d, market_cap, circulating_supply)
    VALUES (%s, %s, %s, %s, %s, %s, %s, %s, %s)
    , parameters: (6945, 'Amp', 'AMP', 0.01, -20.95, -27.22, -32.86, 453845950.4, 84231565354.4628)
[2025-02-03T10:03:07.330+0000] {sql.py:562} INFO - Rows affected: 1
[2025-02-03T10:03:07.335+0000] {sql.py:553} INFO - Running statement: 
    INSERT INTO coins_data (id, name, symbol, price, percent_change_24h, percent_change_7d, percent_change_30d, market_cap, circulating_supply)
    VALUES (%s, %s, %s, %s, %s, %s, %s, %s, %s)
    , parameters: (3964, 'Reserve Rights', 'RSR', 0.01, -27.47, -29.9, -51.44, 451632354.16, 54903938665.0)
[2025-02-03T10:03:07.336+0000] {sql.py:562} INFO - Rows affected: 1
[2025-02-03T10:03:07.342+0000] {sql.py:553} INFO - Running statement: 
    INSERT INTO coins_data (id, name, symbol, price, percent_change_24h, percent_change_7d, percent_change_30d, market_cap, circulating_supply)
    VALUES (%s, %s, %s, %s, %s, %s, %s, %s, %s)
    , parameters: (5692, 'Compound', 'COMP', 50.89, -20.47, -24.02, -39.44, 451379282.1, 8869664.13462817)
[2025-02-03T10:03:07.344+0000] {sql.py:562} INFO - Rows affected: 1
[2025-02-03T10:03:07.349+0000] {sql.py:553} INFO - Running statement: 
    INSERT INTO coins_data (id, name, symbol, price, percent_change_24h, percent_change_7d, percent_change_30d, market_cap, circulating_supply)
    VALUES (%s, %s, %s, %s, %s, %s, %s, %s, %s)
    , parameters: (1659, 'Gnosis', 'GNO', 170.4, -16.21, -18.49, -39.83, 440864715.6, 2587223.56793337)
[2025-02-03T10:03:07.351+0000] {sql.py:562} INFO - Rows affected: 1
[2025-02-03T10:03:07.358+0000] {sql.py:553} INFO - Running statement: 
    INSERT INTO coins_data (id, name, symbol, price, percent_change_24h, percent_change_7d, percent_change_30d, market_cap, circulating_supply)
    VALUES (%s, %s, %s, %s, %s, %s, %s, %s, %s)
    , parameters: (30494, 'EigenLayer', 'EIGEN', 1.85, -28.62, -23.32, -53.49, 434045974.13, 234977760.92)
[2025-02-03T10:03:07.359+0000] {sql.py:562} INFO - Rows affected: 1
[2025-02-03T10:03:07.370+0000] {sql.py:553} INFO - Running statement: 
    INSERT INTO coins_data (id, name, symbol, price, percent_change_24h, percent_change_7d, percent_change_30d, market_cap, circulating_supply)
    VALUES (%s, %s, %s, %s, %s, %s, %s, %s, %s)
    , parameters: (9481, 'Pendle', 'PENDLE', 2.62, -18.04, -23.66, -51.61, 431488235.48, 164858336.29316735)
[2025-02-03T10:03:07.374+0000] {sql.py:562} INFO - Rows affected: 1
[2025-02-03T10:03:07.382+0000] {sql.py:553} INFO - Running statement: 
    INSERT INTO coins_data (id, name, symbol, price, percent_change_24h, percent_change_7d, percent_change_30d, market_cap, circulating_supply)
    VALUES (%s, %s, %s, %s, %s, %s, %s, %s, %s)
    , parameters: (9816, 'APENFT', 'NFT', 0.0, -8.53, -8.78, -21.16, 428114321.01, 999990000000000.0)
[2025-02-03T10:03:07.384+0000] {sql.py:562} INFO - Rows affected: 1
[2025-02-03T10:03:07.391+0000] {sql.py:553} INFO - Running statement: 
    INSERT INTO coins_data (id, name, symbol, price, percent_change_24h, percent_change_7d, percent_change_30d, market_cap, circulating_supply)
    VALUES (%s, %s, %s, %s, %s, %s, %s, %s, %s)
    , parameters: (4157, 'THORChain', 'RUNE', 1.21, -13.87, -49.85, -76.03, 424744348.54, 351544101.0)
[2025-02-03T10:03:07.393+0000] {sql.py:562} INFO - Rows affected: 1
[2025-02-03T10:03:07.400+0000] {sql.py:553} INFO - Running statement: 
    INSERT INTO coins_data (id, name, symbol, price, percent_change_24h, percent_change_7d, percent_change_30d, market_cap, circulating_supply)
    VALUES (%s, %s, %s, %s, %s, %s, %s, %s, %s)
    , parameters: (7186, 'PancakeSwap', 'CAKE', 1.41, -24.16, -24.1, -50.16, 423146225.87, 299546924.1520453)
[2025-02-03T10:03:07.402+0000] {sql.py:562} INFO - Rows affected: 1
[2025-02-03T10:03:07.412+0000] {sql.py:553} INFO - Running statement: 
    INSERT INTO coins_data (id, name, symbol, price, percent_change_24h, percent_change_7d, percent_change_30d, market_cap, circulating_supply)
    VALUES (%s, %s, %s, %s, %s, %s, %s, %s, %s)
    , parameters: (24091, 'ZKsync', 'ZK', 0.11, -20.35, -21.56, -48.69, 397068440.31, 3675000000.0)
[2025-02-03T10:03:07.415+0000] {sql.py:562} INFO - Rows affected: 1
[2025-02-03T10:03:07.424+0000] {sql.py:553} INFO - Running statement: 
    INSERT INTO coins_data (id, name, symbol, price, percent_change_24h, percent_change_7d, percent_change_30d, market_cap, circulating_supply)
    VALUES (%s, %s, %s, %s, %s, %s, %s, %s, %s)
    , parameters: (8646, 'Mina', 'MINA', 0.33, -22.6, -27.9, -49.61, 397086690.55, 1212288500.8400393)
[2025-02-03T10:03:07.427+0000] {sql.py:562} INFO - Rows affected: 1
[2025-02-03T10:03:07.434+0000] {sql.py:553} INFO - Running statement: 
    INSERT INTO coins_data (id, name, symbol, price, percent_change_24h, percent_change_7d, percent_change_30d, market_cap, circulating_supply)
    VALUES (%s, %s, %s, %s, %s, %s, %s, %s, %s)
    , parameters: (34026, 'ai16z', 'AI16Z', 0.36, -18.77, -44.76, -81.6, 390891594.37, 1099999217.0735474)
[2025-02-03T10:03:07.436+0000] {sql.py:562} INFO - Rows affected: 1
[2025-02-03T10:03:07.446+0000] {sql.py:553} INFO - Running statement: 
    INSERT INTO coins_data (id, name, symbol, price, percent_change_24h, percent_change_7d, percent_change_30d, market_cap, circulating_supply)
    VALUES (%s, %s, %s, %s, %s, %s, %s, %s, %s)
    , parameters: (30063, 'Gigachad (gigachadsolana.com)', 'GIGA', 0.04, -20.03, -19.69, -51.45, 382009897.96, 9302411888.0)
[2025-02-03T10:03:07.448+0000] {sql.py:562} INFO - Rows affected: 1
[2025-02-03T10:03:07.456+0000] {sql.py:553} INFO - Running statement: 
    INSERT INTO coins_data (id, name, symbol, price, percent_change_24h, percent_change_7d, percent_change_30d, market_cap, circulating_supply)
    VALUES (%s, %s, %s, %s, %s, %s, %s, %s, %s)
    , parameters: (2586, 'Synthetix', 'SNX', 1.11, -22.33, -21.78, -48.6, 376837590.99, 339466216.9903987)
[2025-02-03T10:03:07.459+0000] {sql.py:562} INFO - Rows affected: 1
[2025-02-03T10:03:07.464+0000] {sql.py:553} INFO - Running statement: 
    INSERT INTO coins_data (id, name, symbol, price, percent_change_24h, percent_change_7d, percent_change_30d, market_cap, circulating_supply)
    VALUES (%s, %s, %s, %s, %s, %s, %s, %s, %s)
    , parameters: (3012, 'VeThor Token', 'VTHO', 0.0, -17.82, -9.09, 50.02, 376537729.21, 85803496204.0)
[2025-02-03T10:03:07.466+0000] {sql.py:562} INFO - Rows affected: 1
[2025-02-03T10:03:07.470+0000] {sql.py:553} INFO - Running statement: 
    INSERT INTO coins_data (id, name, symbol, price, percent_change_24h, percent_change_7d, percent_change_30d, market_cap, circulating_supply)
    VALUES (%s, %s, %s, %s, %s, %s, %s, %s, %s)
    , parameters: (17799, 'Axelar', 'AXL', 0.39, -21.89, -31.64, -46.69, 353716746.02, 908632690.782826)
[2025-02-03T10:03:07.473+0000] {sql.py:562} INFO - Rows affected: 1
[2025-02-03T10:03:07.479+0000] {sql.py:553} INFO - Running statement: 
    INSERT INTO coins_data (id, name, symbol, price, percent_change_24h, percent_change_7d, percent_change_30d, market_cap, circulating_supply)
    VALUES (%s, %s, %s, %s, %s, %s, %s, %s, %s)
    , parameters: (8104, '1inch Network', '1INCH', 0.25, -14.69, -14.98, -40.58, 350044851.06, 1399053704.6147344)
[2025-02-03T10:03:07.480+0000] {sql.py:562} INFO - Rows affected: 1
[2025-02-03T10:03:07.485+0000] {sql.py:553} INFO - Running statement: 
    INSERT INTO coins_data (id, name, symbol, price, percent_change_24h, percent_change_7d, percent_change_30d, market_cap, circulating_supply)
    VALUES (%s, %s, %s, %s, %s, %s, %s, %s, %s)
    , parameters: (8290, 'SuperVerse', 'SUPER', 0.69, -20.88, -21.16, -55.83, 344107173.13, 501860934.41691726)
[2025-02-03T10:03:07.487+0000] {sql.py:562} INFO - Rows affected: 1
[2025-02-03T10:03:07.493+0000] {sql.py:553} INFO - Running statement: 
    INSERT INTO coins_data (id, name, symbol, price, percent_change_24h, percent_change_7d, percent_change_30d, market_cap, circulating_supply)
    VALUES (%s, %s, %s, %s, %s, %s, %s, %s, %s)
    , parameters: (5964, 'Trust Wallet Token', 'TWT', 0.81, -17.56, -19.4, -35.55, 336377828.79, 416649900.0)
[2025-02-03T10:03:07.494+0000] {sql.py:562} INFO - Rows affected: 1
[2025-02-03T10:03:07.499+0000] {sql.py:553} INFO - Running statement: 
    INSERT INTO coins_data (id, name, symbol, price, percent_change_24h, percent_change_7d, percent_change_30d, market_cap, circulating_supply)
    VALUES (%s, %s, %s, %s, %s, %s, %s, %s, %s)
    , parameters: (5198, 'Creditcoin', 'CTC', 0.78, -11.2, -17.84, -33.76, 327352456.53, 422084779.0)
[2025-02-03T10:03:07.500+0000] {sql.py:562} INFO - Rows affected: 1
[2025-02-03T10:03:07.510+0000] {sql.py:553} INFO - Running statement: 
    INSERT INTO coins_data (id, name, symbol, price, percent_change_24h, percent_change_7d, percent_change_30d, market_cap, circulating_supply)
    VALUES (%s, %s, %s, %s, %s, %s, %s, %s, %s)
    , parameters: (3822, 'Theta Fuel', 'TFUEL', 0.05, -16.13, -18.99, -30.62, 319356206.69, 6831749454.0)
[2025-02-03T10:03:07.511+0000] {sql.py:562} INFO - Rows affected: 1
[2025-02-03T10:03:07.516+0000] {sql.py:553} INFO - Running statement: 
    INSERT INTO coins_data (id, name, symbol, price, percent_change_24h, percent_change_7d, percent_change_30d, market_cap, circulating_supply)
    VALUES (%s, %s, %s, %s, %s, %s, %s, %s, %s)
    , parameters: (4172, 'Terra Classic', 'LUNC', 0.0, -19.21, -21.74, -50.96, 318345060.21, 5499880751925.699)
[2025-02-03T10:03:07.518+0000] {sql.py:562} INFO - Rows affected: 1
[2025-02-03T10:03:07.527+0000] {sql.py:553} INFO - Running statement: 
    INSERT INTO coins_data (id, name, symbol, price, percent_change_24h, percent_change_7d, percent_change_30d, market_cap, circulating_supply)
    VALUES (%s, %s, %s, %s, %s, %s, %s, %s, %s)
    , parameters: (27659, 'Mog Coin', 'MOG', 0.0, -22.37, -32.34, -67.07, 317418847.23, 390567526433216.7)
[2025-02-03T10:03:07.530+0000] {sql.py:562} INFO - Rows affected: 1
[2025-02-03T10:03:07.542+0000] {sql.py:553} INFO - Running statement: 
    INSERT INTO coins_data (id, name, symbol, price, percent_change_24h, percent_change_7d, percent_change_30d, market_cap, circulating_supply)
    VALUES (%s, %s, %s, %s, %s, %s, %s, %s, %s)
    , parameters: (5488, 'JUST', 'JST', 0.03, -13.13, -11.16, -21.4, 317673842.66, 9900000000.0)
[2025-02-03T10:03:07.544+0000] {sql.py:562} INFO - Rows affected: 1
[2025-02-03T10:03:07.552+0000] {sql.py:553} INFO - Running statement: 
    INSERT INTO coins_data (id, name, symbol, price, percent_change_24h, percent_change_7d, percent_change_30d, market_cap, circulating_supply)
    VALUES (%s, %s, %s, %s, %s, %s, %s, %s, %s)
    , parameters: (4041, 'MX Token', 'MX', 3.3, -10.07, -10.99, -10.19, 313433173.85, 94954334.0)
[2025-02-03T10:03:07.554+0000] {sql.py:562} INFO - Rows affected: 1
[2025-02-03T10:03:07.563+0000] {sql.py:553} INFO - Running statement: 
    INSERT INTO coins_data (id, name, symbol, price, percent_change_24h, percent_change_7d, percent_change_30d, market_cap, circulating_supply)
    VALUES (%s, %s, %s, %s, %s, %s, %s, %s, %s)
    , parameters: (21585, 'Safe', 'SAFE', 0.58, -19.75, -24.38, -46.27, 304324261.97, 527419089.0)
[2025-02-03T10:03:07.566+0000] {sql.py:562} INFO - Rows affected: 1
[2025-02-03T10:03:07.573+0000] {sql.py:553} INFO - Running statement: 
    INSERT INTO coins_data (id, name, symbol, price, percent_change_24h, percent_change_7d, percent_change_30d, market_cap, circulating_supply)
    VALUES (%s, %s, %s, %s, %s, %s, %s, %s, %s)
    , parameters: (3640, 'Livepeer', 'LPT', 8.0, -22.64, -26.2, -52.22, 302410489.66, 37798452.16070185)
[2025-02-03T10:03:07.576+0000] {sql.py:562} INFO - Rows affected: 1
[2025-02-03T10:03:07.582+0000] {sql.py:553} INFO - Running statement: 
    INSERT INTO coins_data (id, name, symbol, price, percent_change_24h, percent_change_7d, percent_change_30d, market_cap, circulating_supply)
    VALUES (%s, %s, %s, %s, %s, %s, %s, %s, %s)
    , parameters: (8119, 'SafePal', 'SFP', 0.61, -7.88, -7.25, -17.32, 299609402.86, 487500000.0)
[2025-02-03T10:03:07.584+0000] {sql.py:562} INFO - Rows affected: 1
[2025-02-03T10:03:07.591+0000] {sql.py:553} INFO - Running statement: 
    INSERT INTO coins_data (id, name, symbol, price, percent_change_24h, percent_change_7d, percent_change_30d, market_cap, circulating_supply)
    VALUES (%s, %s, %s, %s, %s, %s, %s, %s, %s)
    , parameters: (131, 'Dash', 'DASH', 24.66, -18.36, -22.05, -42.26, 299208643.16, 12132105.44996268)
[2025-02-03T10:03:07.593+0000] {sql.py:562} INFO - Rows affected: 1
[2025-02-03T10:03:07.600+0000] {sql.py:553} INFO - Running statement: 
    INSERT INTO coins_data (id, name, symbol, price, percent_change_24h, percent_change_7d, percent_change_30d, market_cap, circulating_supply)
    VALUES (%s, %s, %s, %s, %s, %s, %s, %s, %s)
    , parameters: (7653, 'Oasis', 'ROSE', 0.04, -25.06, -28.13, -53.0, 296461719.65, 7064132681.0)
[2025-02-03T10:03:07.602+0000] {sql.py:562} INFO - Rows affected: 1
[2025-02-03T10:03:07.611+0000] {sql.py:553} INFO - Running statement: 
    INSERT INTO coins_data (id, name, symbol, price, percent_change_24h, percent_change_7d, percent_change_30d, market_cap, circulating_supply)
    VALUES (%s, %s, %s, %s, %s, %s, %s, %s, %s)
    , parameters: (5034, 'Kusama', 'KSM', 18.47, -22.35, -24.92, -48.68, 296675387.23, 16061146.06099359)
[2025-02-03T10:03:07.613+0000] {sql.py:562} INFO - Rows affected: 1
[2025-02-03T10:03:07.619+0000] {sql.py:553} INFO - Running statement: 
    INSERT INTO coins_data (id, name, symbol, price, percent_change_24h, percent_change_7d, percent_change_30d, market_cap, circulating_supply)
    VALUES (%s, %s, %s, %s, %s, %s, %s, %s, %s)
    , parameters: (27750, 'Toshi', 'TOSHI', 0.0, -10.67, -47.59, 364.03, 293408973.66, 408069300000.0)
[2025-02-03T10:03:07.620+0000] {sql.py:562} INFO - Rows affected: 1
[2025-02-03T10:03:07.629+0000] {sql.py:553} INFO - Running statement: 
    INSERT INTO coins_data (id, name, symbol, price, percent_change_24h, percent_change_7d, percent_change_30d, market_cap, circulating_supply)
    VALUES (%s, %s, %s, %s, %s, %s, %s, %s, %s)
    , parameters: (26997, 'LayerZero', 'ZRO', 2.66, -20.62, -25.09, -52.96, 293067888.84, 110000000.0)
[2025-02-03T10:03:07.631+0000] {sql.py:562} INFO - Rows affected: 1
[2025-02-03T10:03:07.638+0000] {sql.py:553} INFO - Running statement: 
    INSERT INTO coins_data (id, name, symbol, price, percent_change_24h, percent_change_7d, percent_change_30d, market_cap, circulating_supply)
    VALUES (%s, %s, %s, %s, %s, %s, %s, %s, %s)
    , parameters: (6958, 'Alchemy Pay', 'ACH', 0.03, -27.58, 15.41, 22.8, 292691970.87, 8649569539.524195)
[2025-02-03T10:03:07.643+0000] {sql.py:562} INFO - Rows affected: 1
[2025-02-03T10:03:07.650+0000] {sql.py:553} INFO - Running statement: 
    INSERT INTO coins_data (id, name, symbol, price, percent_change_24h, percent_change_7d, percent_change_30d, market_cap, circulating_supply)
    VALUES (%s, %s, %s, %s, %s, %s, %s, %s, %s)
    , parameters: (32956, 'Grass', 'GRASS', 1.18, -18.77, -32.42, -61.34, 288410913.52, 243905091.0)
[2025-02-03T10:03:07.652+0000] {sql.py:562} INFO - Rows affected: 1
[2025-02-03T10:03:07.660+0000] {sql.py:553} INFO - Running statement: 
    INSERT INTO coins_data (id, name, symbol, price, percent_change_24h, percent_change_7d, percent_change_30d, market_cap, circulating_supply)
    VALUES (%s, %s, %s, %s, %s, %s, %s, %s, %s)
    , parameters: (12885, 'Astar', 'ASTR', 0.04, -19.67, -23.43, -42.39, 282701447.32, 7531318635.0)
[2025-02-03T10:03:07.662+0000] {sql.py:562} INFO - Rows affected: 1
[2025-02-03T10:03:07.668+0000] {sql.py:553} INFO - Running statement: 
    INSERT INTO coins_data (id, name, symbol, price, percent_change_24h, percent_change_7d, percent_change_30d, market_cap, circulating_supply)
    VALUES (%s, %s, %s, %s, %s, %s, %s, %s, %s)
    , parameters: (23121, 'Blur', 'BLUR', 0.13, -22.88, -29.12, -52.98, 280675135.58, 2181082165.6202435)
[2025-02-03T10:03:07.670+0000] {sql.py:562} INFO - Rows affected: 1
[2025-02-03T10:03:07.677+0000] {sql.py:553} INFO - Running statement: 
    INSERT INTO coins_data (id, name, symbol, price, percent_change_24h, percent_change_7d, percent_change_30d, market_cap, circulating_supply)
    VALUES (%s, %s, %s, %s, %s, %s, %s, %s, %s)
    , parameters: (1684, 'Qtum', 'QTUM', 2.65, -25.25, -2.48, -23.04, 279306698.11, 105507410.0)
[2025-02-03T10:03:07.679+0000] {sql.py:562} INFO - Rows affected: 1
[2025-02-03T10:03:07.684+0000] {sql.py:553} INFO - Running statement: 
    INSERT INTO coins_data (id, name, symbol, price, percent_change_24h, percent_change_7d, percent_change_30d, market_cap, circulating_supply)
    VALUES (%s, %s, %s, %s, %s, %s, %s, %s, %s)
    , parameters: (23711, 'Echelon Prime', 'PRIME', 7.79, -7.51, -10.76, -49.59, 278570075.34, 35773841.0)
[2025-02-03T10:03:07.686+0000] {sql.py:562} INFO - Rows affected: 1
[2025-02-03T10:03:07.693+0000] {sql.py:553} INFO - Running statement: 
    INSERT INTO coins_data (id, name, symbol, price, percent_change_24h, percent_change_7d, percent_change_30d, market_cap, circulating_supply)
    VALUES (%s, %s, %s, %s, %s, %s, %s, %s, %s)
    , parameters: (4948, 'Nervos Network', 'CKB', 0.01, -21.08, -26.16, -51.7, 277582888.98, 45758337628.8508)
[2025-02-03T10:03:07.696+0000] {sql.py:562} INFO - Rows affected: 1
[2025-02-03T10:03:07.703+0000] {sql.py:553} INFO - Running statement: 
    INSERT INTO coins_data (id, name, symbol, price, percent_change_24h, percent_change_7d, percent_change_30d, market_cap, circulating_supply)
    VALUES (%s, %s, %s, %s, %s, %s, %s, %s, %s)
    , parameters: (28850, 'Notcoin', 'NOT', 0.0, -32.7, -38.07, -60.45, 275313191.0, 102456957529.5639)
[2025-02-03T10:03:07.705+0000] {sql.py:562} INFO - Rows affected: 1
[2025-02-03T10:03:07.713+0000] {sql.py:553} INFO - Running statement: 
    INSERT INTO coins_data (id, name, symbol, price, percent_change_24h, percent_change_7d, percent_change_30d, market_cap, circulating_supply)
    VALUES (%s, %s, %s, %s, %s, %s, %s, %s, %s)
    , parameters: (30126, 'cat in a dogs world', 'MEW', 0.0, -22.26, -27.15, -56.08, 271333023.93, 88888888888.0)
[2025-02-03T10:03:07.715+0000] {sql.py:562} INFO - Rows affected: 1
[2025-02-03T10:03:07.721+0000] {sql.py:553} INFO - Running statement: 
    INSERT INTO coins_data (id, name, symbol, price, percent_change_24h, percent_change_7d, percent_change_30d, market_cap, circulating_supply)
    VALUES (%s, %s, %s, %s, %s, %s, %s, %s, %s)
    , parameters: (2469, 'Zilliqa', 'ZIL', 0.01, -20.4, -25.03, -40.2, 268592727.61, 19484587057.73516)
[2025-02-03T10:03:07.723+0000] {sql.py:562} INFO - Rows affected: 1
[2025-02-03T10:03:07.730+0000] {sql.py:553} INFO - Running statement: 
    INSERT INTO coins_data (id, name, symbol, price, percent_change_24h, percent_change_7d, percent_change_30d, market_cap, circulating_supply)
    VALUES (%s, %s, %s, %s, %s, %s, %s, %s, %s)
    , parameters: (2682, 'Holo', 'HOT', 0.0, -19.27, -23.06, -40.91, 266402345.28, 174967605792.44778)
[2025-02-03T10:03:07.732+0000] {sql.py:562} INFO - Rows affected: 1
[2025-02-03T10:03:07.738+0000] {sql.py:553} INFO - Running statement: 
    INSERT INTO coins_data (id, name, symbol, price, percent_change_24h, percent_change_7d, percent_change_30d, market_cap, circulating_supply)
    VALUES (%s, %s, %s, %s, %s, %s, %s, %s, %s)
    , parameters: (7548, 'WEMIX', 'WEMIX', 0.62, -10.36, -13.0, -25.38, 260144507.64, 416645745.1551715)
[2025-02-03T10:03:07.741+0000] {sql.py:562} INFO - Rows affected: 1
[2025-02-03T10:03:07.746+0000] {sql.py:553} INFO - Running statement: 
    INSERT INTO coins_data (id, name, symbol, price, percent_change_24h, percent_change_7d, percent_change_30d, market_cap, circulating_supply)
    VALUES (%s, %s, %s, %s, %s, %s, %s, %s, %s)
    , parameters: (1697, 'Basic Attention Token', 'BAT', 0.17, -16.07, -19.06, -32.93, 259241444.55, 1495658356.9526057)
[2025-02-03T10:03:07.747+0000] {sql.py:562} INFO - Rows affected: 1
[2025-02-03T10:03:07.753+0000] {sql.py:553} INFO - Running statement: 
    INSERT INTO coins_data (id, name, symbol, price, percent_change_24h, percent_change_7d, percent_change_30d, market_cap, circulating_supply)
    VALUES (%s, %s, %s, %s, %s, %s, %s, %s, %s)
    , parameters: (28194, 'SATS (Ordinals)', 'SATS', 0.0, -0.77, -4.35, -36.65, 257876763.27, 2100000000000000.0)
[2025-02-03T10:03:07.754+0000] {sql.py:562} INFO - Rows affected: 1
[2025-02-03T10:03:07.760+0000] {sql.py:553} INFO - Running statement: 
    INSERT INTO coins_data (id, name, symbol, price, percent_change_24h, percent_change_7d, percent_change_30d, market_cap, circulating_supply)
    VALUES (%s, %s, %s, %s, %s, %s, %s, %s, %s)
    , parameters: (24911, 'Turbo', 'TURBO', 0.0, -25.34, -25.37, -63.42, 255869472.0, 69000000000.0)
[2025-02-03T10:03:07.762+0000] {sql.py:562} INFO - Rows affected: 1
[2025-02-03T10:03:07.768+0000] {sql.py:553} INFO - Running statement: 
    INSERT INTO coins_data (id, name, symbol, price, percent_change_24h, percent_change_7d, percent_change_30d, market_cap, circulating_supply)
    VALUES (%s, %s, %s, %s, %s, %s, %s, %s, %s)
    , parameters: (25028, 'ORDI', 'ORDI', 12.02, -32.45, -31.89, -58.98, 252419217.19, 21000000.0)
[2025-02-03T10:03:07.770+0000] {sql.py:562} INFO - Rows affected: 1
[2025-02-03T10:03:07.777+0000] {sql.py:553} INFO - Running statement: 
    INSERT INTO coins_data (id, name, symbol, price, percent_change_24h, percent_change_7d, percent_change_30d, market_cap, circulating_supply)
    VALUES (%s, %s, %s, %s, %s, %s, %s, %s, %s)
    , parameters: (1896, '0x Protocol', 'ZRX', 0.29, -22.14, -25.82, -45.19, 250136567.43, 848396562.8973439)
[2025-02-03T10:03:07.778+0000] {sql.py:562} INFO - Rows affected: 1
[2025-02-03T10:03:07.784+0000] {sql.py:553} INFO - Running statement: 
    INSERT INTO coins_data (id, name, symbol, price, percent_change_24h, percent_change_7d, percent_change_30d, market_cap, circulating_supply)
    VALUES (%s, %s, %s, %s, %s, %s, %s, %s, %s)
    , parameters: (1455, 'Golem', 'GLM', 0.24, -20.17, -22.26, -37.94, 244798706.62, 1000000000.0)
[2025-02-03T10:03:07.785+0000] {sql.py:562} INFO - Rows affected: 1
[2025-02-03T10:03:07.793+0000] {sql.py:553} INFO - Running statement: 
    INSERT INTO coins_data (id, name, symbol, price, percent_change_24h, percent_change_7d, percent_change_30d, market_cap, circulating_supply)
    VALUES (%s, %s, %s, %s, %s, %s, %s, %s, %s)
    , parameters: (34103, 'aixbt by Virtuals', 'AIXBT', 0.29, -18.76, -42.12, -40.03, 243816890.35, 854527599.3841392)
[2025-02-03T10:03:07.794+0000] {sql.py:562} INFO - Rows affected: 1
[2025-02-03T10:03:07.799+0000] {sql.py:553} INFO - Running statement: 
    INSERT INTO coins_data (id, name, symbol, price, percent_change_24h, percent_change_7d, percent_change_30d, market_cap, circulating_supply)
    VALUES (%s, %s, %s, %s, %s, %s, %s, %s, %s)
    , parameters: (10407, 'Baby Doge Coin', 'BabyDoge', 0.0, -22.16, -23.71, -57.06, 241818066.66, 1.637122581208669e+17)
[2025-02-03T10:03:07.800+0000] {sql.py:562} INFO - Rows affected: 1
[2025-02-03T10:03:07.806+0000] {sql.py:553} INFO - Running statement: 
    INSERT INTO coins_data (id, name, symbol, price, percent_change_24h, percent_change_7d, percent_change_30d, market_cap, circulating_supply)
    VALUES (%s, %s, %s, %s, %s, %s, %s, %s, %s)
    , parameters: (2467, 'OriginTrail', 'TRAC', 0.48, -14.7, -23.18, -48.25, 241283038.79, 499995032.602)
[2025-02-03T10:03:07.808+0000] {sql.py:562} INFO - Rows affected: 1
[2025-02-03T10:03:07.814+0000] {sql.py:553} INFO - Running statement: 
    INSERT INTO coins_data (id, name, symbol, price, percent_change_24h, percent_change_7d, percent_change_30d, market_cap, circulating_supply)
    VALUES (%s, %s, %s, %s, %s, %s, %s, %s, %s)
    , parameters: (8536, 'Mask Network', 'MASK', 2.39, 3.73, 12.8, -25.31, 238549044.57, 100000000.0)
[2025-02-03T10:03:07.815+0000] {sql.py:562} INFO - Rows affected: 1
[2025-02-03T10:03:07.820+0000] {sql.py:553} INFO - Running statement: 
    INSERT INTO coins_data (id, name, symbol, price, percent_change_24h, percent_change_7d, percent_change_30d, market_cap, circulating_supply)
    VALUES (%s, %s, %s, %s, %s, %s, %s, %s, %s)
    , parameters: (31526, 'Moca Network', 'MOCA', 0.15, -23.93, -10.02, -51.99, 238534869.32, 1633865250.43)
[2025-02-03T10:03:07.822+0000] {sql.py:562} INFO - Rows affected: 1
[2025-02-03T10:03:07.828+0000] {sql.py:553} INFO - Running statement: 
    INSERT INTO coins_data (id, name, symbol, price, percent_change_24h, percent_change_7d, percent_change_30d, market_cap, circulating_supply)
    VALUES (%s, %s, %s, %s, %s, %s, %s, %s, %s)
    , parameters: (30083, 'Aethir', 'ATH', 0.04, -18.41, -26.32, -46.41, 236721811.59, 6172170394.0)
[2025-02-03T10:03:07.829+0000] {sql.py:562} INFO - Rows affected: 1
[2025-02-03T10:03:07.835+0000] {sql.py:553} INFO - Running statement: 
    INSERT INTO coins_data (id, name, symbol, price, percent_change_24h, percent_change_7d, percent_change_30d, market_cap, circulating_supply)
    VALUES (%s, %s, %s, %s, %s, %s, %s, %s, %s)
    , parameters: (1785, 'Gas', 'GAS', 3.61, -17.45, -19.23, -28.92, 234897859.97, 64992331.0)
[2025-02-03T10:03:07.836+0000] {sql.py:562} INFO - Rows affected: 1
[2025-02-03T10:03:07.844+0000] {sql.py:553} INFO - Running statement: 
    INSERT INTO coins_data (id, name, symbol, price, percent_change_24h, percent_change_7d, percent_change_30d, market_cap, circulating_supply)
    VALUES (%s, %s, %s, %s, %s, %s, %s, %s, %s)
    , parameters: (5691, 'SKALE', 'SKL', 0.04, -17.38, -13.7, -25.32, 231549309.41, 5775852671.0)
[2025-02-03T10:03:07.845+0000] {sql.py:562} INFO - Rows affected: 1
[2025-02-03T10:03:07.851+0000] {sql.py:553} INFO - Running statement: 
    INSERT INTO coins_data (id, name, symbol, price, percent_change_24h, percent_change_7d, percent_change_30d, market_cap, circulating_supply)
    VALUES (%s, %s, %s, %s, %s, %s, %s, %s, %s)
    , parameters: (29779, 'Polyhedra Network', 'ZKJ', 2.01, 2.74, 5.04, 0.02, 226181167.03, 112502998.79)
[2025-02-03T10:03:07.853+0000] {sql.py:562} INFO - Rows affected: 1
[2025-02-03T10:03:07.860+0000] {sql.py:553} INFO - Running statement: 
    INSERT INTO coins_data (id, name, symbol, price, percent_change_24h, percent_change_7d, percent_change_30d, market_cap, circulating_supply)
    VALUES (%s, %s, %s, %s, %s, %s, %s, %s, %s)
    , parameters: (29814, 'ether.fi', 'ETHFI', 1.02, -28.61, -33.61, -56.78, 224534601.45, 219350836.0)
[2025-02-03T10:03:07.861+0000] {sql.py:562} INFO - Rows affected: 1
[2025-02-03T10:03:07.866+0000] {sql.py:553} INFO - Running statement: 
    INSERT INTO coins_data (id, name, symbol, price, percent_change_24h, percent_change_7d, percent_change_30d, market_cap, circulating_supply)
    VALUES (%s, %s, %s, %s, %s, %s, %s, %s, %s)
    , parameters: (1042, 'Siacoin', 'SC', 0.0, -17.68, -18.94, -29.69, 224355033.48, 55482176265.227165)
[2025-02-03T10:03:07.868+0000] {sql.py:562} INFO - Rows affected: 1
[2025-02-03T10:03:07.873+0000] {sql.py:553} INFO - Running statement: 
    INSERT INTO coins_data (id, name, symbol, price, percent_change_24h, percent_change_7d, percent_change_30d, market_cap, circulating_supply)
    VALUES (%s, %s, %s, %s, %s, %s, %s, %s, %s)
    , parameters: (5567, 'Celo', 'CELO', 0.4, -21.5, -23.94, -44.29, 223622585.3, 562409366.0)
[2025-02-03T10:03:07.876+0000] {sql.py:562} INFO - Rows affected: 1
[2025-02-03T10:03:07.881+0000] {sql.py:553} INFO - Running statement: 
    INSERT INTO coins_data (id, name, symbol, price, percent_change_24h, percent_change_7d, percent_change_30d, market_cap, circulating_supply)
    VALUES (%s, %s, %s, %s, %s, %s, %s, %s, %s)
    , parameters: (6758, 'SushiSwap', 'SUSHI', 0.84, -25.65, -27.13, -52.17, 221082705.87, 263642520.19300985)
[2025-02-03T10:03:07.882+0000] {sql.py:562} INFO - Rows affected: 1
[2025-02-03T10:03:07.887+0000] {sql.py:553} INFO - Running statement: 
    INSERT INTO coins_data (id, name, symbol, price, percent_change_24h, percent_change_7d, percent_change_30d, market_cap, circulating_supply)
    VALUES (%s, %s, %s, %s, %s, %s, %s, %s, %s)
    , parameters: (21846, 'SPACE ID', 'ID', 0.25, -23.73, -26.15, -47.25, 219362222.87, 879627042.1744398)
[2025-02-03T10:03:07.889+0000] {sql.py:562} INFO - Rows affected: 1
[2025-02-03T10:03:07.895+0000] {sql.py:553} INFO - Running statement: 
    INSERT INTO coins_data (id, name, symbol, price, percent_change_24h, percent_change_7d, percent_change_30d, market_cap, circulating_supply)
    VALUES (%s, %s, %s, %s, %s, %s, %s, %s, %s)
    , parameters: (2765, 'XYO', 'XYO', 0.02, -12.08, 5.16, -24.93, 214935456.59, 13476747692.0)
[2025-02-03T10:03:07.896+0000] {sql.py:562} INFO - Rows affected: 1
[2025-02-03T10:03:07.901+0000] {sql.py:553} INFO - Running statement: 
    INSERT INTO coins_data (id, name, symbol, price, percent_change_24h, percent_change_7d, percent_change_30d, market_cap, circulating_supply)
    VALUES (%s, %s, %s, %s, %s, %s, %s, %s, %s)
    , parameters: (29835, 'io.net', 'IO', 1.59, -12.88, -43.14, -56.24, 214792640.62, 135070682.0)
[2025-02-03T10:03:07.903+0000] {sql.py:562} INFO - Rows affected: 1
[2025-02-03T10:03:07.909+0000] {sql.py:553} INFO - Running statement: 
    INSERT INTO coins_data (id, name, symbol, price, percent_change_24h, percent_change_7d, percent_change_30d, market_cap, circulating_supply)
    VALUES (%s, %s, %s, %s, %s, %s, %s, %s, %s)
    , parameters: (17751, 'Threshold', 'T', 0.02, -12.73, -10.48, -28.69, 213443067.19, 10074547970.90936)
[2025-02-03T10:03:07.912+0000] {sql.py:562} INFO - Rows affected: 1
[2025-02-03T10:03:07.919+0000] {sql.py:553} INFO - Running statement: 
    INSERT INTO coins_data (id, name, symbol, price, percent_change_24h, percent_change_7d, percent_change_30d, market_cap, circulating_supply)
    VALUES (%s, %s, %s, %s, %s, %s, %s, %s, %s)
    , parameters: (7501, 'WOO', 'WOO', 0.11, -22.26, -25.69, -53.96, 212538617.26, 1863259199.9822214)
[2025-02-03T10:03:07.921+0000] {sql.py:562} INFO - Rows affected: 1
[2025-02-03T10:03:07.928+0000] {sql.py:553} INFO - Running statement: 
    INSERT INTO coins_data (id, name, symbol, price, percent_change_24h, percent_change_7d, percent_change_30d, market_cap, circulating_supply)
    VALUES (%s, %s, %s, %s, %s, %s, %s, %s, %s)
    , parameters: (2577, 'Ravencoin', 'RVN', 0.01, -15.96, -17.13, -37.72, 212386915.02, 14786236314.182373)
[2025-02-03T10:03:07.930+0000] {sql.py:562} INFO - Rows affected: 1
[2025-02-03T10:03:07.935+0000] {sql.py:553} INFO - Running statement: 
    INSERT INTO coins_data (id, name, symbol, price, percent_change_24h, percent_change_7d, percent_change_30d, market_cap, circulating_supply)
    VALUES (%s, %s, %s, %s, %s, %s, %s, %s, %s)
    , parameters: (28782, 'Popcat (SOL)', 'POPCAT', 0.22, -9.8, -38.41, -76.0, 211495608.83, 979973184.6)
[2025-02-03T10:03:07.937+0000] {sql.py:562} INFO - Rows affected: 1
[2025-02-03T10:03:07.944+0000] {sql.py:553} INFO - Running statement: 
    INSERT INTO coins_data (id, name, symbol, price, percent_change_24h, percent_change_7d, percent_change_30d, market_cap, circulating_supply)
    VALUES (%s, %s, %s, %s, %s, %s, %s, %s, %s)
    , parameters: (3783, 'Ankr', 'ANKR', 0.02, -19.26, -23.07, -45.49, 211070618.22, 10000000000.0)
[2025-02-03T10:03:07.946+0000] {sql.py:562} INFO - Rows affected: 1
[2025-02-03T10:03:07.952+0000] {sql.py:553} INFO - Running statement: 
    INSERT INTO coins_data (id, name, symbol, price, percent_change_24h, percent_change_7d, percent_change_30d, market_cap, circulating_supply)
    VALUES (%s, %s, %s, %s, %s, %s, %s, %s, %s)
    , parameters: (21259, 'ZetaChain', 'ZETA', 0.3, -23.5, -27.19, -49.14, 207927076.41, 683010417.0)
[2025-02-03T10:03:07.953+0000] {sql.py:562} INFO - Rows affected: 1
[2025-02-03T10:03:07.956+0000] {python.py:240} INFO - Done. Returned value was: None
[2025-02-03T10:03:07.967+0000] {taskinstance.py:340} INFO - ::group::Post task execution logs
[2025-02-03T10:03:07.967+0000] {taskinstance.py:352} INFO - Marking task as SUCCESS. dag_id=fetch_cryptocurrencies_data, task_id=insert_coin_data_postgres, run_id=manual__2025-02-03T10:02:49.379471+00:00, execution_date=20250203T100249, start_date=20250203T100306, end_date=20250203T100307
[2025-02-03T10:03:07.984+0000] {logging_mixin.py:190} INFO - Task instance in success state
[2025-02-03T10:03:07.984+0000] {logging_mixin.py:190} INFO -  Previous state of the Task instance: running
[2025-02-03T10:03:07.985+0000] {logging_mixin.py:190} INFO - Dag name:fetch_cryptocurrencies_data queued_at:2025-02-03 10:02:49.402313+00:00
[2025-02-03T10:03:07.985+0000] {logging_mixin.py:190} INFO - Task hostname:df376234e961 operator:PythonOperator
[2025-02-03T10:03:08.026+0000] {local_task_job_runner.py:266} INFO - Task exited with return code 0
[2025-02-03T10:03:08.044+0000] {taskinstance.py:3895} INFO - 0 downstream tasks scheduled from follow-on schedule check
[2025-02-03T10:03:08.048+0000] {local_task_job_runner.py:245} INFO - ::endgroup::
