[2025-02-18T06:54:31.718+0000] {local_task_job_runner.py:123} INFO - ::group::Pre task execution logs
[2025-02-18T06:54:31.809+0000] {taskinstance.py:2613} INFO - Dependencies all met for dep_context=non-requeueable deps ti=<TaskInstance: fetch_cryptocurrencies_data.create_table scheduled__2025-02-04T00:00:00+00:00 [queued]>
[2025-02-18T06:54:31.847+0000] {taskinstance.py:2613} INFO - Dependencies all met for dep_context=requeueable deps ti=<TaskInstance: fetch_cryptocurrencies_data.create_table scheduled__2025-02-04T00:00:00+00:00 [queued]>
[2025-02-18T06:54:31.859+0000] {taskinstance.py:2866} INFO - Starting attempt 1 of 2
[2025-02-18T06:54:31.948+0000] {taskinstance.py:2889} INFO - Executing <Task(PostgresOperator): create_table> on 2025-02-04 00:00:00+00:00
[2025-02-18T06:54:31.986+0000] {warnings.py:112} WARNING - /home/***/.local/lib/python3.12/site-packages/***/task/task_runner/standard_task_runner.py:70: DeprecationWarning: This process (pid=102) is multi-threaded, use of fork() may lead to deadlocks in the child.
  pid = os.fork()

[2025-02-18T06:54:31.995+0000] {standard_task_runner.py:72} INFO - Started process 114 to run task
[2025-02-18T06:54:32.014+0000] {standard_task_runner.py:104} INFO - Running: ['***', 'tasks', 'run', 'fetch_cryptocurrencies_data', 'create_table', 'scheduled__2025-02-04T00:00:00+00:00', '--job-id', '86', '--raw', '--subdir', 'DAGS_FOLDER/crypto_coins_dag.py', '--cfg-path', '/tmp/tmpo2bikmk8']
[2025-02-18T06:54:32.030+0000] {standard_task_runner.py:105} INFO - Job 86: Subtask create_table
[2025-02-18T06:54:32.199+0000] {task_command.py:467} INFO - Running <TaskInstance: fetch_cryptocurrencies_data.create_table scheduled__2025-02-04T00:00:00+00:00 [running]> on host df376234e961
[2025-02-18T06:54:32.493+0000] {taskinstance.py:3132} INFO - Exporting env vars: AIRFLOW_CTX_DAG_EMAIL='olalekanrasaq1331@gmail.com' AIRFLOW_CTX_DAG_OWNER='Akinkunmi' AIRFLOW_CTX_DAG_ID='fetch_cryptocurrencies_data' AIRFLOW_CTX_TASK_ID='create_table' AIRFLOW_CTX_EXECUTION_DATE='2025-02-04T00:00:00+00:00' AIRFLOW_CTX_TRY_NUMBER='1' AIRFLOW_CTX_DAG_RUN_ID='scheduled__2025-02-04T00:00:00+00:00'
[2025-02-18T06:54:32.497+0000] {logging_mixin.py:190} INFO - Task instance is in running state
[2025-02-18T06:54:32.497+0000] {logging_mixin.py:190} INFO -  Previous state of the Task instance: queued
[2025-02-18T06:54:32.498+0000] {logging_mixin.py:190} INFO - Current task name:create_table state:running start_date:2025-02-18 06:54:31.812261+00:00
[2025-02-18T06:54:32.499+0000] {logging_mixin.py:190} INFO - Dag name:fetch_cryptocurrencies_data and current dag run status:running
[2025-02-18T06:54:32.500+0000] {taskinstance.py:731} INFO - ::endgroup::
[2025-02-18T06:54:32.501+0000] {sql.py:278} INFO - Executing: 
    CREATE TABLE IF NOT EXISTS coins_data (
        id INT PRIMARY KEY,
        name TEXT NOT NULL,
        symbol TEXT,
        price NUMERIC(12,2),
        percent_change_24h NUMERIC(6,2),
        percent_change_7d NUMERIC(6,2),
        percent_change_30d NUMERIC(6,2),
        market_cap NUMERIC(20,2),
        circulating_supply BIGINT
    );
    
[2025-02-18T06:54:32.519+0000] {base.py:84} INFO - Retrieving connection 'Cryptocurrencies_connection'
[2025-02-18T06:54:32.535+0000] {base.py:84} INFO - Retrieving connection 'Cryptocurrencies_connection'
[2025-02-18T06:54:32.542+0000] {sql.py:553} INFO - Running statement: 
    CREATE TABLE IF NOT EXISTS coins_data (
        id INT PRIMARY KEY,
        name TEXT NOT NULL,
        symbol TEXT,
        price NUMERIC(12,2),
        percent_change_24h NUMERIC(6,2),
        percent_change_7d NUMERIC(6,2),
        percent_change_30d NUMERIC(6,2),
        market_cap NUMERIC(20,2),
        circulating_supply BIGINT
    );
    , parameters: None
[2025-02-18T06:54:32.575+0000] {taskinstance.py:340} INFO - ::group::Post task execution logs
[2025-02-18T06:54:32.576+0000] {taskinstance.py:352} INFO - Marking task as SUCCESS. dag_id=fetch_cryptocurrencies_data, task_id=create_table, run_id=scheduled__2025-02-04T00:00:00+00:00, execution_date=20250204T000000, start_date=20250218T065431, end_date=20250218T065432
[2025-02-18T06:54:32.625+0000] {logging_mixin.py:190} INFO - Task instance in success state
[2025-02-18T06:54:32.630+0000] {logging_mixin.py:190} INFO -  Previous state of the Task instance: running
[2025-02-18T06:54:32.632+0000] {logging_mixin.py:190} INFO - Dag name:fetch_cryptocurrencies_data queued_at:2025-02-18 06:54:13.670759+00:00
[2025-02-18T06:54:32.634+0000] {logging_mixin.py:190} INFO - Task hostname:df376234e961 operator:PostgresOperator
[2025-02-18T06:54:32.688+0000] {local_task_job_runner.py:266} INFO - Task exited with return code 0
[2025-02-18T06:54:32.724+0000] {taskinstance.py:3895} INFO - 1 downstream tasks scheduled from follow-on schedule check
[2025-02-18T06:54:32.728+0000] {local_task_job_runner.py:245} INFO - ::endgroup::
