[2025-02-18T06:54:22.794+0000] {local_task_job_runner.py:123} INFO - ::group::Pre task execution logs
[2025-02-18T06:54:22.833+0000] {taskinstance.py:2613} INFO - Dependencies all met for dep_context=non-requeueable deps ti=<TaskInstance: sales-analysis-dag.transform scheduled__2025-02-03T00:00:00+00:00 [queued]>
[2025-02-18T06:54:22.853+0000] {taskinstance.py:2613} INFO - Dependencies all met for dep_context=requeueable deps ti=<TaskInstance: sales-analysis-dag.transform scheduled__2025-02-03T00:00:00+00:00 [queued]>
[2025-02-18T06:54:22.855+0000] {taskinstance.py:2866} INFO - Starting attempt 1 of 2
[2025-02-18T06:54:23.158+0000] {taskinstance.py:2889} INFO - Executing <Task(PythonOperator): transform> on 2025-02-03 00:00:00+00:00
[2025-02-18T06:54:23.169+0000] {warnings.py:112} WARNING - /home/***/.local/lib/python3.12/site-packages/***/task/task_runner/standard_task_runner.py:70: DeprecationWarning: This process (pid=85) is multi-threaded, use of fork() may lead to deadlocks in the child.
  pid = os.fork()

[2025-02-18T06:54:23.173+0000] {standard_task_runner.py:104} INFO - Running: ['***', 'tasks', 'run', 'sales-analysis-dag', 'transform', 'scheduled__2025-02-03T00:00:00+00:00', '--job-id', '79', '--raw', '--subdir', 'DAGS_FOLDER/sales_analysis.py', '--cfg-path', '/tmp/tmp7ur3txhp']
[2025-02-18T06:54:23.175+0000] {standard_task_runner.py:72} INFO - Started process 92 to run task
[2025-02-18T06:54:23.175+0000] {standard_task_runner.py:105} INFO - Job 79: Subtask transform
[2025-02-18T06:54:23.265+0000] {task_command.py:467} INFO - Running <TaskInstance: sales-analysis-dag.transform scheduled__2025-02-03T00:00:00+00:00 [running]> on host df376234e961
[2025-02-18T06:54:23.486+0000] {taskinstance.py:3132} INFO - Exporting env vars: AIRFLOW_CTX_DAG_EMAIL='olalekanrasaq1331@gmail.com' AIRFLOW_CTX_DAG_OWNER='Akinkunmi' AIRFLOW_CTX_DAG_ID='sales-analysis-dag' AIRFLOW_CTX_TASK_ID='transform' AIRFLOW_CTX_EXECUTION_DATE='2025-02-03T00:00:00+00:00' AIRFLOW_CTX_TRY_NUMBER='1' AIRFLOW_CTX_DAG_RUN_ID='scheduled__2025-02-03T00:00:00+00:00'
[2025-02-18T06:54:23.488+0000] {logging_mixin.py:190} INFO - Task instance is in running state
[2025-02-18T06:54:23.488+0000] {logging_mixin.py:190} INFO -  Previous state of the Task instance: queued
[2025-02-18T06:54:23.489+0000] {logging_mixin.py:190} INFO - Current task name:transform state:running start_date:2025-02-18 06:54:22.834964+00:00
[2025-02-18T06:54:23.490+0000] {logging_mixin.py:190} INFO - Dag name:sales-analysis-dag and current dag run status:running
[2025-02-18T06:54:23.491+0000] {taskinstance.py:731} INFO - ::endgroup::
[2025-02-18T06:54:25.560+0000] {python.py:240} INFO - Done. Returned value was: None
[2025-02-18T06:54:25.574+0000] {taskinstance.py:340} INFO - ::group::Post task execution logs
[2025-02-18T06:54:25.575+0000] {taskinstance.py:352} INFO - Marking task as SUCCESS. dag_id=sales-analysis-dag, task_id=transform, run_id=scheduled__2025-02-03T00:00:00+00:00, execution_date=20250203T000000, start_date=20250218T065422, end_date=20250218T065425
[2025-02-18T06:54:25.594+0000] {logging_mixin.py:190} INFO - Task instance in success state
[2025-02-18T06:54:25.595+0000] {logging_mixin.py:190} INFO -  Previous state of the Task instance: running
[2025-02-18T06:54:25.595+0000] {logging_mixin.py:190} INFO - Dag name:sales-analysis-dag queued_at:2025-02-18 06:54:13.366566+00:00
[2025-02-18T06:54:25.596+0000] {logging_mixin.py:190} INFO - Task hostname:df376234e961 operator:PythonOperator
[2025-02-18T06:54:25.613+0000] {local_task_job_runner.py:266} INFO - Task exited with return code 0
[2025-02-18T06:54:25.640+0000] {taskinstance.py:3895} INFO - 1 downstream tasks scheduled from follow-on schedule check
[2025-02-18T06:54:25.643+0000] {local_task_job_runner.py:245} INFO - ::endgroup::
