[2025-02-18T06:54:17.068+0000] {local_task_job_runner.py:123} INFO - ::group::Pre task execution logs
[2025-02-18T06:54:17.138+0000] {taskinstance.py:2613} INFO - Dependencies all met for dep_context=non-requeueable deps ti=<TaskInstance: fetch_cryptocurrencies_data.fetch_crypto_data scheduled__2025-02-03T00:00:00+00:00 [queued]>
[2025-02-18T06:54:17.159+0000] {taskinstance.py:2613} INFO - Dependencies all met for dep_context=requeueable deps ti=<TaskInstance: fetch_cryptocurrencies_data.fetch_crypto_data scheduled__2025-02-03T00:00:00+00:00 [queued]>
[2025-02-18T06:54:17.160+0000] {taskinstance.py:2866} INFO - Starting attempt 1 of 2
[2025-02-18T06:54:17.191+0000] {taskinstance.py:2889} INFO - Executing <Task(PythonOperator): fetch_crypto_data> on 2025-02-03 00:00:00+00:00
[2025-02-18T06:54:17.204+0000] {warnings.py:112} WARNING - /home/***/.local/lib/python3.12/site-packages/***/task/task_runner/standard_task_runner.py:70: DeprecationWarning: This process (pid=68) is multi-threaded, use of fork() may lead to deadlocks in the child.
  pid = os.fork()

[2025-02-18T06:54:17.208+0000] {standard_task_runner.py:72} INFO - Started process 76 to run task
[2025-02-18T06:54:17.209+0000] {standard_task_runner.py:104} INFO - Running: ['***', 'tasks', 'run', 'fetch_cryptocurrencies_data', 'fetch_crypto_data', 'scheduled__2025-02-03T00:00:00+00:00', '--job-id', '75', '--raw', '--subdir', 'DAGS_FOLDER/crypto_coins_dag.py', '--cfg-path', '/tmp/tmp91rt65_k']
[2025-02-18T06:54:17.211+0000] {standard_task_runner.py:105} INFO - Job 75: Subtask fetch_crypto_data
[2025-02-18T06:54:17.307+0000] {task_command.py:467} INFO - Running <TaskInstance: fetch_cryptocurrencies_data.fetch_crypto_data scheduled__2025-02-03T00:00:00+00:00 [running]> on host df376234e961
[2025-02-18T06:54:17.469+0000] {taskinstance.py:3132} INFO - Exporting env vars: AIRFLOW_CTX_DAG_EMAIL='olalekanrasaq1331@gmail.com' AIRFLOW_CTX_DAG_OWNER='Akinkunmi' AIRFLOW_CTX_DAG_ID='fetch_cryptocurrencies_data' AIRFLOW_CTX_TASK_ID='fetch_crypto_data' AIRFLOW_CTX_EXECUTION_DATE='2025-02-03T00:00:00+00:00' AIRFLOW_CTX_TRY_NUMBER='1' AIRFLOW_CTX_DAG_RUN_ID='scheduled__2025-02-03T00:00:00+00:00'
[2025-02-18T06:54:17.472+0000] {logging_mixin.py:190} INFO - Task instance is in running state
[2025-02-18T06:54:17.473+0000] {logging_mixin.py:190} INFO -  Previous state of the Task instance: queued
[2025-02-18T06:54:17.473+0000] {logging_mixin.py:190} INFO - Current task name:fetch_crypto_data state:running start_date:2025-02-18 06:54:17.139554+00:00
[2025-02-18T06:54:17.474+0000] {logging_mixin.py:190} INFO - Dag name:fetch_cryptocurrencies_data and current dag run status:running
[2025-02-18T06:54:17.474+0000] {taskinstance.py:731} INFO - ::endgroup::
[2025-02-18T06:54:20.734+0000] {logging_mixin.py:190} INFO - Cryptocurrencies data extracted successfully
[2025-02-18T06:54:20.738+0000] {python.py:240} INFO - Done. Returned value was: None
[2025-02-18T06:54:20.763+0000] {taskinstance.py:340} INFO - ::group::Post task execution logs
[2025-02-18T06:54:20.764+0000] {taskinstance.py:352} INFO - Marking task as SUCCESS. dag_id=fetch_cryptocurrencies_data, task_id=fetch_crypto_data, run_id=scheduled__2025-02-03T00:00:00+00:00, execution_date=20250203T000000, start_date=20250218T065417, end_date=20250218T065420
[2025-02-18T06:54:20.791+0000] {logging_mixin.py:190} INFO - Task instance in success state
[2025-02-18T06:54:20.792+0000] {logging_mixin.py:190} INFO -  Previous state of the Task instance: running
[2025-02-18T06:54:20.793+0000] {logging_mixin.py:190} INFO - Dag name:fetch_cryptocurrencies_data queued_at:2025-02-18 06:54:13.389974+00:00
[2025-02-18T06:54:20.794+0000] {logging_mixin.py:190} INFO - Task hostname:df376234e961 operator:PythonOperator
[2025-02-18T06:54:20.840+0000] {local_task_job_runner.py:266} INFO - Task exited with return code 0
[2025-02-18T06:54:20.892+0000] {taskinstance.py:3895} INFO - 1 downstream tasks scheduled from follow-on schedule check
[2025-02-18T06:54:20.899+0000] {local_task_job_runner.py:245} INFO - ::endgroup::
