[2025-02-18T07:04:09.275+0000] {local_task_job_runner.py:123} INFO - ::group::Pre task execution logs
[2025-02-18T07:04:09.296+0000] {taskinstance.py:2613} INFO - Dependencies all met for dep_context=non-requeueable deps ti=<TaskInstance: fetch_cryptocurrencies_data.fetch_crypto_data manual__2025-02-18T07:04:06.240463+00:00 [queued]>
[2025-02-18T07:04:09.304+0000] {taskinstance.py:2613} INFO - Dependencies all met for dep_context=requeueable deps ti=<TaskInstance: fetch_cryptocurrencies_data.fetch_crypto_data manual__2025-02-18T07:04:06.240463+00:00 [queued]>
[2025-02-18T07:04:09.305+0000] {taskinstance.py:2866} INFO - Starting attempt 1 of 2
[2025-02-18T07:04:09.320+0000] {taskinstance.py:2889} INFO - Executing <Task(PythonOperator): fetch_crypto_data> on 2025-02-18 07:04:06.240463+00:00
[2025-02-18T07:04:09.330+0000] {warnings.py:112} WARNING - /home/***/.local/lib/python3.12/site-packages/***/task/task_runner/standard_task_runner.py:70: DeprecationWarning: This process (pid=268) is multi-threaded, use of fork() may lead to deadlocks in the child.
  pid = os.fork()

[2025-02-18T07:04:09.333+0000] {standard_task_runner.py:72} INFO - Started process 277 to run task
[2025-02-18T07:04:09.333+0000] {standard_task_runner.py:104} INFO - Running: ['***', 'tasks', 'run', 'fetch_cryptocurrencies_data', 'fetch_crypto_data', 'manual__2025-02-18T07:04:06.240463+00:00', '--job-id', '95', '--raw', '--subdir', 'DAGS_FOLDER/crypto_coins_dag.py', '--cfg-path', '/tmp/tmp267c5dk5']
[2025-02-18T07:04:09.335+0000] {standard_task_runner.py:105} INFO - Job 95: Subtask fetch_crypto_data
[2025-02-18T07:04:09.391+0000] {task_command.py:467} INFO - Running <TaskInstance: fetch_cryptocurrencies_data.fetch_crypto_data manual__2025-02-18T07:04:06.240463+00:00 [running]> on host df376234e961
[2025-02-18T07:04:09.499+0000] {taskinstance.py:3132} INFO - Exporting env vars: AIRFLOW_CTX_DAG_EMAIL='olalekanrasaq1331@gmail.com' AIRFLOW_CTX_DAG_OWNER='Akinkunmi' AIRFLOW_CTX_DAG_ID='fetch_cryptocurrencies_data' AIRFLOW_CTX_TASK_ID='fetch_crypto_data' AIRFLOW_CTX_EXECUTION_DATE='2025-02-18T07:04:06.240463+00:00' AIRFLOW_CTX_TRY_NUMBER='1' AIRFLOW_CTX_DAG_RUN_ID='manual__2025-02-18T07:04:06.240463+00:00'
[2025-02-18T07:04:09.501+0000] {logging_mixin.py:190} INFO - Task instance is in running state
[2025-02-18T07:04:09.501+0000] {logging_mixin.py:190} INFO -  Previous state of the Task instance: queued
[2025-02-18T07:04:09.502+0000] {logging_mixin.py:190} INFO - Current task name:fetch_crypto_data state:running start_date:2025-02-18 07:04:09.297169+00:00
[2025-02-18T07:04:09.503+0000] {logging_mixin.py:190} INFO - Dag name:fetch_cryptocurrencies_data and current dag run status:running
[2025-02-18T07:04:09.503+0000] {taskinstance.py:731} INFO - ::endgroup::
[2025-02-18T07:04:15.236+0000] {logging_mixin.py:190} INFO - Cryptocurrencies data extracted successfully
[2025-02-18T07:04:15.238+0000] {python.py:240} INFO - Done. Returned value was: None
[2025-02-18T07:04:15.250+0000] {taskinstance.py:340} INFO - ::group::Post task execution logs
[2025-02-18T07:04:15.251+0000] {taskinstance.py:352} INFO - Marking task as SUCCESS. dag_id=fetch_cryptocurrencies_data, task_id=fetch_crypto_data, run_id=manual__2025-02-18T07:04:06.240463+00:00, execution_date=20250218T070406, start_date=20250218T070409, end_date=20250218T070415
[2025-02-18T07:04:15.266+0000] {logging_mixin.py:190} INFO - Task instance in success state
[2025-02-18T07:04:15.267+0000] {logging_mixin.py:190} INFO -  Previous state of the Task instance: running
[2025-02-18T07:04:15.267+0000] {logging_mixin.py:190} INFO - Dag name:fetch_cryptocurrencies_data queued_at:2025-02-18 07:04:06.254692+00:00
[2025-02-18T07:04:15.268+0000] {logging_mixin.py:190} INFO - Task hostname:df376234e961 operator:PythonOperator
[2025-02-18T07:04:15.283+0000] {local_task_job_runner.py:266} INFO - Task exited with return code 0
[2025-02-18T07:04:15.317+0000] {taskinstance.py:3895} INFO - 1 downstream tasks scheduled from follow-on schedule check
[2025-02-18T07:04:15.320+0000] {local_task_job_runner.py:245} INFO - ::endgroup::
